GSC Origin: Budokai Tenkaichi 3

===== SCENE -1 =====

===== SCENE 1000 =====

===== SCENE -2 =====

[Load TXT PAK]

[Load LPS PAK]

===== SCENE -3 =====

[Scenario Identifier: 1 parameter]
* GSC Name: Enemigos del Pasado - El Misterio del Super Saiyajin 5

[Rewards: 15 parameters]
* Z-Points (Easy): 1000
* Z-Points (Normal): 1500
* Z-Points (Hard): 2000
* Z-Item #1: N/A
* Z-Item #2: N/A
* Z-Item #3: N/A
* Map #1: N/A
* Map #2: N/A
* Map #3: N/A
* Character #1: N/A
* Character #2: N/A
* Character #3: N/A
* Scenario #1: La ira de Goku
* Scenario #2: N/A
* Scenario #3: N/A

[Subtitle Settings]
-> Text Region: 1 parameter
* Region ID: 0
-> Text is Grey: 1 parameter
* Enable Grey Text: False
-> Text Position: 2 parameters
* Position (X): 256
* Position (Y): 428
-> Text Size: 2 parameters
* Width: 0.85
* Height: 0.85
-> Text Scale: 1 parameter
* Coefficient: 1.0
-> Text Color: 4 parameters
* Red: 255
* Green: 255
* Blue: 255
* Opacity: 128
-> Text Padding: 2 parameters
* Padding (Vertical): 2
* Padding (Horizontal): 5
-> Text Alignment: 1 parameter
* Alignment ID: 1
-> Symbol: 1 parameter
* Type: 2
-> Text Outline Size: 2 parameters
* Width: 1
* Height: 2
-> Text Outline Color: 4 parameters
* Red: 0
* Green: 0
* Blue: 0
* Opacity: 64

[Subtitle Settings]
-> Text Region: 1 parameter
* Region ID: 1
-> Text is Grey: 1 parameter
* Enable Grey Text: False
-> Text Position: 2 parameters
* Position (X): 256
* Position (Y): 428
-> Text Size: 2 parameters
* Width: 0.85
* Height: 0.85
-> Text Scale: 1 parameter
* Coefficient: 1.0
-> Text Color: 4 parameters
* Red: 255
* Green: 255
* Blue: 255
* Opacity: 128
-> Text Padding: 2 parameters
* Padding (Vertical): 2
* Padding (Horizontal): 5
-> Text Alignment: 1 parameter
* Alignment ID: 1
-> Symbol: 1 parameter
* Type: 2
-> Text Outline Size: 2 parameters
* Width: 1
* Height: 2
-> Text Outline Color: 4 parameters
* Red: 0
* Green: 0
* Blue: 0
* Opacity: 64

[Subtitle Settings]
-> Text Region: 1 parameter
* Region ID: 2
-> Text is Grey: 1 parameter
* Enable Grey Text: False
-> Text Position: 2 parameters
* Position (X): 256
* Position (Y): 428
-> Text Size: 2 parameters
* Width: 0.85
* Height: 0.85
-> Text Scale: 1 parameter
* Coefficient: 1.0
-> Text Color: 4 parameters
* Red: 255
* Green: 255
* Blue: 255
* Opacity: 128
-> Text Padding: 2 parameters
* Padding (Vertical): 2
* Padding (Horizontal): 5
-> Text Alignment: 1 parameter
* Alignment ID: 1
-> Symbol: 1 parameter
* Type: 2
-> Text Outline Size: 2 parameters
* Width: 1
* Height: 2
-> Text Outline Color: 4 parameters
* Red: 0
* Green: 0
* Blue: 0
* Opacity: 64

[Subtitle Settings]
-> Text Region: 1 parameter
* Region ID: 3
-> Text is Grey: 1 parameter
* Enable Grey Text: False
-> Text Position: 2 parameters
* Position (X): 256
* Position (Y): 428
-> Text Size: 2 parameters
* Width: 0.85
* Height: 0.85
-> Text Scale: 1 parameter
* Coefficient: 1.0
-> Text Color: 4 parameters
* Red: 255
* Green: 255
* Blue: 255
* Opacity: 128
-> Text Padding: 2 parameters
* Padding (Vertical): 2
* Padding (Horizontal): 5
-> Text Alignment: 1 parameter
* Alignment ID: 1
-> Symbol: 1 parameter
* Type: 2
-> Text Outline Size: 2 parameters
* Width: 2
* Height: 2
-> Text Outline Color: 4 parameters
* Red: 32
* Green: 32
* Blue: 32
* Opacity: 128

[Subtitle Settings]
-> Text Region: 1 parameter
* Region ID: 0
-> Text is Grey: 1 parameter
* Enable Grey Text: True
-> Text Position: 2 parameters
* Position (X): 256
* Position (Y): 428
-> Text Size: 2 parameters
* Width: 0.85
* Height: 0.85
-> Text Scale: 1 parameter
* Coefficient: 1.0
-> Text Color: 4 parameters
* Red: 140
* Green: 140
* Blue: 140
* Opacity: 128
-> Text Padding: 2 parameters
* Padding (Vertical): 2
* Padding (Horizontal): 5
-> Text Alignment: 1 parameter
* Alignment ID: 1
-> Symbol: 1 parameter
* Type: 2
-> Text Outline Size: 2 parameters
* Width: 1
* Height: 2
-> Text Outline Color: 4 parameters
* Red: 0
* Green: 0
* Blue: 0
* Opacity: 64

[Subtitle Settings]
-> Text Region: 1 parameter
* Region ID: 1
-> Text is Grey: 1 parameter
* Enable Grey Text: True
-> Text Position: 2 parameters
* Position (X): 256
* Position (Y): 428
-> Text Size: 2 parameters
* Width: 0.85
* Height: 0.85
-> Text Scale: 1 parameter
* Coefficient: 1.0
-> Text Color: 4 parameters
* Red: 140
* Green: 140
* Blue: 140
* Opacity: 128
-> Text Padding: 2 parameters
* Padding (Vertical): 2
* Padding (Horizontal): 5
-> Text Alignment: 1 parameter
* Alignment ID: 1
-> Symbol: 1 parameter
* Type: 2
-> Text Outline Size: 2 parameters
* Width: 1
* Height: 2
-> Text Outline Color: 4 parameters
* Red: 0
* Green: 0
* Blue: 0
* Opacity: 64

[Subtitle Settings]
-> Text Region: 1 parameter
* Region ID: 2
-> Text is Grey: 1 parameter
* Enable Grey Text: True
-> Text Position: 2 parameters
* Position (X): 256
* Position (Y): 428
-> Text Size: 2 parameters
* Width: 0.85
* Height: 0.85
-> Text Scale: 1 parameter
* Coefficient: 1.0
-> Text Color: 4 parameters
* Red: 140
* Green: 140
* Blue: 140
* Opacity: 128
-> Text Padding: 2 parameters
* Padding (Vertical): 2
* Padding (Horizontal): 5
-> Text Alignment: 1 parameter
* Alignment ID: 1
-> Symbol: 1 parameter
* Type: 2
-> Text Outline Size: 2 parameters
* Width: 1
* Height: 2
-> Text Outline Color: 4 parameters
* Red: 0
* Green: 0
* Blue: 0
* Opacity: 64

[Subtitle Settings]
-> Text Region: 1 parameter
* Region ID: 3
-> Text is Grey: 1 parameter
* Enable Grey Text: True
-> Text Position: 2 parameters
* Position (X): 256
* Position (Y): 428
-> Text Size: 2 parameters
* Width: 0.85
* Height: 0.85
-> Text Scale: 1 parameter
* Coefficient: 1.0
-> Text Color: 4 parameters
* Red: 140
* Green: 140
* Blue: 140
* Opacity: 128
-> Text Padding: 2 parameters
* Padding (Vertical): 2
* Padding (Horizontal): 5
-> Text Alignment: 1 parameter
* Alignment ID: 1
-> Symbol: 1 parameter
* Type: 2
-> Text Outline Size: 2 parameters
* Width: 2
* Height: 2
-> Text Outline Color: 4 parameters
* Red: 32
* Green: 32
* Blue: 32
* Opacity: 128

===== SCENE -4 =====

[Battle Settings: 5 parameters]
* Map: B. DE PAPRIKA ANIME - TARDE
* Music: DBZ - Fearsome Ginyu Force
* Battle Time (s): 0
* Referee: Shenron
* Enable Map Destruction: False

[Team Settings: 2 parameters]
* Team Index: 0
* Number of Teammates: 5

[Team Settings: 2 parameters]
* Team Index: 1
* Number of Teammates: 5

[Character Settings: 14 parameters]
* Character Index: 0
* Character: Piccolo (inicio)
* Color: 0
* Damaged: False
* COM Level: 0
* Z-Item #8: Goku Type
* Health (%): 70
* Z-Item #1: Defense -10
* Z-Item #2: Attack -15
* Z-Item #3: N/A
* Z-Item #4: N/A
* Z-Item #5: N/A
* Z-Item #6: N/A
* Z-Item #7: N/A

[Character Settings: 14 parameters]
* Character Index: 1
* Character: Gohan (Niño)
* Color: 1
* Damaged: False
* COM Level: 0
* Z-Item #8: Goku Type
* Health (%): 80
* Z-Item #1: N/A
* Z-Item #2: N/A
* Z-Item #3: N/A
* Z-Item #4: N/A
* Z-Item #5: N/A
* Z-Item #6: N/A
* Z-Item #7: N/A

[Character Settings: 14 parameters]
* Character Index: 2
* Character: Ten Shin Han
* Color: 0
* Damaged: False
* COM Level: 0
* Z-Item #8: Goku Type
* Health (%): 100
* Z-Item #1: Master Roshi's Training
* Z-Item #2: N/A
* Z-Item #3: N/A
* Z-Item #4: N/A
* Z-Item #5: N/A
* Z-Item #6: N/A
* Z-Item #7: N/A

[Character Settings: 14 parameters]
* Character Index: 3
* Character: Yamcha
* Color: 0
* Damaged: False
* COM Level: 0
* Z-Item #8: Goku Type
* Health (%): 100
* Z-Item #1: Master Roshi's Training
* Z-Item #2: Attack +7
* Z-Item #3: N/A
* Z-Item #4: N/A
* Z-Item #5: N/A
* Z-Item #6: N/A
* Z-Item #7: N/A

[Character Settings: 14 parameters]
* Character Index: 4
* Character: Krilin
* Color: 1
* Damaged: False
* COM Level: 0
* Z-Item #8: Goku Type
* Health (%): 100
* Z-Item #1: King Kai's Training
* Z-Item #2: Attack +15
* Z-Item #3: Power of Rage
* Z-Item #4: Ultimate Warrior 1
* Z-Item #5: Ultimate Body
* Z-Item #6: Dragon Crush
* Z-Item #7: Vanishing Rush

[Character Settings: 14 parameters]
* Character Index: 0 (Opp.)
* Character: Vegeta (Explorador)
* Color: 0
* Damaged: False
* COM Level: 9
* Z-Item #8: Broly Type
* Health (%): 100
* Z-Item #1: Defense +45
* Z-Item #2: Attack +15
* Z-Item #3: Strength Enhancement
* Z-Item #4: N/A
* Z-Item #5: N/A
* Z-Item #6: Dragon Break
* Z-Item #7: Vanishing Break

[Character Settings: 14 parameters]
* Character Index: 1 (Opp.)
* Character: Nappa
* Color: 0
* Damaged: False
* COM Level: 9
* Z-Item #8: Goku Type
* Health (%): 100
* Z-Item #1: N/A
* Z-Item #2: N/A
* Z-Item #3: N/A
* Z-Item #4: N/A
* Z-Item #5: N/A
* Z-Item #6: N/A
* Z-Item #7: N/A

[Character Settings: 14 parameters]
* Character Index: 2 (Opp.)
* Character: Saibamen
* Color: 0
* Damaged: False
* COM Level: 4
* Z-Item #8: Goku Type
* Health (%): 100
* Z-Item #1: N/A
* Z-Item #2: N/A
* Z-Item #3: N/A
* Z-Item #4: N/A
* Z-Item #5: N/A
* Z-Item #6: N/A
* Z-Item #7: N/A

[Character Settings: 14 parameters]
* Character Index: 3 (Opp.)
* Character: Saibamen
* Color: 0
* Damaged: False
* COM Level: 9
* Z-Item #8: Goku Type
* Health (%): 200
* Z-Item #1: N/A
* Z-Item #2: N/A
* Z-Item #3: N/A
* Z-Item #4: N/A
* Z-Item #5: N/A
* Z-Item #6: N/A
* Z-Item #7: N/A

[Character Settings: 14 parameters]
* Character Index: 4 (Opp.)
* Character: Saibamen
* Color: 0
* Damaged: False
* COM Level: 9
* Z-Item #8: Goku Type
* Health (%): 100
* Z-Item #1: N/A
* Z-Item #2: N/A
* Z-Item #3: N/A
* Z-Item #4: N/A
* Z-Item #5: N/A
* Z-Item #6: N/A
* Z-Item #7: N/A

===== SCENE -5 =====

[Store Audio-Related Properties]
-> Audio-Related Property: 2 parameters
* Voice Line ID: 0
* Character Index: 0 (Opp.)
-> Audio-Related Property: 2 parameters
* Voice Line ID: 1
* Character Index: 0
-> Audio-Related Property: 2 parameters
* Voice Line ID: 2
* Character Index: 2
-> Audio-Related Property: 2 parameters
* Voice Line ID: 3
* Character Index: 2
-> Audio-Related Property: 2 parameters
* Voice Line ID: 4
* Character Index: 1
-> Audio-Related Property: 2 parameters
* Voice Line ID: 5
* Character Index: 0 (Opp.)
-> Audio-Related Property: 2 parameters
* Voice Line ID: 6
* Character Index: 0 (Opp.)
-> Audio-Related Property: 2 parameters
* Voice Line ID: 7
* Character Index: 2
-> Audio-Related Property: 2 parameters
* Voice Line ID: 8
* Character Index: 2
-> Audio-Related Property: 2 parameters
* Voice Line ID: 10
* Character Index: 0 (Opp.)
-> Audio-Related Property: 2 parameters
* Voice Line ID: 11
* Character Index: 1
-> Audio-Related Property: 2 parameters
* Voice Line ID: 12
* Character Index: 0
-> Audio-Related Property: 2 parameters
* Voice Line ID: 13
* Character Index: 0
-> Audio-Related Property: 2 parameters
* Voice Line ID: 14
* Character Index: 1
-> Audio-Related Property: 2 parameters
* Voice Line ID: 15
* Character Index: 2
-> Audio-Related Property: 2 parameters
* Voice Line ID: 16
* Character Index: 2
-> Audio-Related Property: 2 parameters
* Voice Line ID: 17
* Character Index: 0 (Opp.)
-> Audio-Related Property: 2 parameters
* Voice Line ID: 18
* Character Index: 0 (Opp.)
-> Audio-Related Property: 2 parameters
* Voice Line ID: 19
* Character Index: 0 (Opp.)
-> Audio-Related Property: 2 parameters
* Voice Line ID: 20
* Character Index: 0
-> Audio-Related Property: 2 parameters
* Voice Line ID: 21
* Character Index: 0 (Opp.)
-> Audio-Related Property: 2 parameters
* Voice Line ID: 22
* Character Index: 2
-> Audio-Related Property: 2 parameters
* Voice Line ID: 23
* Character Index: 0
-> Audio-Related Property: 2 parameters
* Voice Line ID: 24
* Character Index: 1 (Opp.)
-> Audio-Related Property: 2 parameters
* Voice Line ID: 26
* Character Index: 2
-> Audio-Related Property: 2 parameters
* Voice Line ID: 27
* Character Index: 0 (Opp.)
-> Audio-Related Property: 2 parameters
* Voice Line ID: 28
* Character Index: 0 (Opp.)
-> Audio-Related Property: 2 parameters
* Voice Line ID: 29
* Character Index: 1
-> Audio-Related Property: 2 parameters
* Voice Line ID: 30
* Character Index: 1
-> Audio-Related Property: 2 parameters
* Voice Line ID: 31
* Character Index: 0 (Opp.)
-> Audio-Related Property: 2 parameters
* Voice Line ID: 32
* Character Index: 0 (Opp.)
-> Audio-Related Property: 2 parameters
* Voice Line ID: 33
* Character Index: 0 (Opp.)
-> Audio-Related Property: 2 parameters
* Voice Line ID: 34
* Character Index: 0 (Opp.)
-> Audio-Related Property: 2 parameters
* Voice Line ID: 35
* Character Index: 2
-> Audio-Related Property: 2 parameters
* Voice Line ID: 36
* Character Index: 1
-> Audio-Related Property: 2 parameters
* Voice Line ID: 37
* Character Index: 1 (Opp.)
-> Audio-Related Property: 2 parameters
* Voice Line ID: 38
* Character Index: 2
-> Audio-Related Property: 2 parameters
* Voice Line ID: 39
* Character Index: 0 (Opp.)
-> Audio-Related Property: 2 parameters
* Voice Line ID: 40
* Character Index: 1
-> Audio-Related Property: 2 parameters
* Voice Line ID: 41
* Character Index: 2
-> Audio-Related Property: 2 parameters
* Voice Line ID: 42
* Character Index: 3
-> Audio-Related Property: 2 parameters
* Voice Line ID: 43
* Character Index: 0 (Opp.)
-> Audio-Related Property: 2 parameters
* Voice Line ID: 44
* Character Index: 2
-> Audio-Related Property: 2 parameters
* Voice Line ID: 45
* Character Index: 2
-> Audio-Related Property: 2 parameters
* Voice Line ID: 46
* Character Index: 3
-> Audio-Related Property: 2 parameters
* Voice Line ID: 47
* Character Index: 0 (Opp.)
-> Audio-Related Property: 2 parameters
* Voice Line ID: 48
* Character Index: 1 (Opp.)
-> Audio-Related Property: 2 parameters
* Voice Line ID: 49
* Character Index: 1 (Opp.)
-> Audio-Related Property: 2 parameters
* Voice Line ID: 50
* Character Index: 0 (Opp.)
-> Audio-Related Property: 2 parameters
* Voice Line ID: 51
* Character Index: 2
-> Audio-Related Property: 2 parameters
* Voice Line ID: 52
* Character Index: 1 (Opp.)
-> Audio-Related Property: 2 parameters
* Voice Line ID: 53
* Character Index: 0 (Opp.)
-> Audio-Related Property: 2 parameters
* Voice Line ID: 54
* Character Index: 3
-> Audio-Related Property: 2 parameters
* Voice Line ID: 55
* Character Index: 3
-> Audio-Related Property: 2 parameters
* Voice Line ID: 56
* Character Index: 2
-> Audio-Related Property: 2 parameters
* Voice Line ID: 57
* Character Index: 0 (Opp.)
-> Audio-Related Property: 2 parameters
* Voice Line ID: 58
* Character Index: 0 (Opp.)
-> Audio-Related Property: 2 parameters
* Voice Line ID: 59
* Character Index: 2
-> Audio-Related Property: 2 parameters
* Voice Line ID: 60
* Character Index: 0 (Opp.)
-> Audio-Related Property: 2 parameters
* Voice Line ID: 61
* Character Index: 0 (Opp.)
-> Audio-Related Property: 2 parameters
* Voice Line ID: 62
* Character Index: 3
-> Audio-Related Property: 2 parameters
* Voice Line ID: 63
* Character Index: 0 (Opp.)
-> Audio-Related Property: 2 parameters
* Voice Line ID: 64
* Character Index: 3
-> Audio-Related Property: 2 parameters
* Voice Line ID: 65
* Character Index: 2
-> Audio-Related Property: 2 parameters
* Voice Line ID: 66
* Character Index: 3
-> Audio-Related Property: 2 parameters
* Voice Line ID: 67
* Character Index: 2
-> Audio-Related Property: 2 parameters
* Voice Line ID: 68
* Character Index: 3
-> Audio-Related Property: 2 parameters
* Voice Line ID: 69
* Character Index: 0 (Opp.)
-> Audio-Related Property: 2 parameters
* Voice Line ID: 70
* Character Index: 2
-> Audio-Related Property: 2 parameters
* Voice Line ID: 71
* Character Index: 2
-> Audio-Related Property: 2 parameters
* Voice Line ID: 72
* Character Index: 2
-> Audio-Related Property: 2 parameters
* Voice Line ID: 73
* Character Index: 2
-> Audio-Related Property: 2 parameters
* Voice Line ID: 74
* Character Index: 2
-> Audio-Related Property: 2 parameters
* Voice Line ID: 75
* Character Index: 3
-> Audio-Related Property: 2 parameters
* Voice Line ID: 76
* Character Index: 0 (Opp.)
-> Audio-Related Property: 2 parameters
* Voice Line ID: 77
* Character Index: 1 (Opp.)
-> Audio-Related Property: 2 parameters
* Voice Line ID: 79
* Character Index: 3
-> Audio-Related Property: 2 parameters
* Voice Line ID: 80
* Character Index: 0 (Opp.)
-> Audio-Related Property: 2 parameters
* Voice Line ID: 82
* Character Index: 1 (Opp.)
-> Audio-Related Property: 2 parameters
* Voice Line ID: 83
* Character Index: 0 (Opp.)
-> Audio-Related Property: 2 parameters
* Voice Line ID: 84
* Character Index: 0 (Opp.)
-> Audio-Related Property: 2 parameters
* Voice Line ID: 85
* Character Index: 4
-> Audio-Related Property: 2 parameters
* Voice Line ID: 86
* Character Index: 0 (Opp.)
-> Audio-Related Property: 2 parameters
* Voice Line ID: 87
* Character Index: 1 (Opp.)
-> Audio-Related Property: 2 parameters
* Voice Line ID: 88
* Character Index: 0 (Opp.)
-> Audio-Related Property: 2 parameters
* Voice Line ID: 89
* Character Index: 1 (Opp.)
-> Audio-Related Property: 2 parameters
* Voice Line ID: 90
* Character Index: 0 (Opp.)
-> Audio-Related Property: 2 parameters
* Voice Line ID: 91
* Character Index: 0 (Opp.)
-> Audio-Related Property: 2 parameters
* Voice Line ID: 92
* Character Index: 0 (Opp.)
-> Audio-Related Property: 2 parameters
* Voice Line ID: 93
* Character Index: 4
-> Audio-Related Property: 2 parameters
* Voice Line ID: 94
* Character Index: 0 (Opp.)
-> Audio-Related Property: 2 parameters
* Voice Line ID: 95
* Character Index: 3
-> Audio-Related Property: 2 parameters
* Voice Line ID: 97
* Character Index: 4
-> Audio-Related Property: 2 parameters
* Voice Line ID: 98
* Character Index: 4
-> Audio-Related Property: 2 parameters
* Voice Line ID: 99
* Character Index: 0 (Opp.)
-> Audio-Related Property: 2 parameters
* Voice Line ID: 100
* Character Index: 4
-> Audio-Related Property: 2 parameters
* Voice Line ID: 101
* Character Index: 4
-> Audio-Related Property: 2 parameters
* Voice Line ID: 102
* Character Index: 0 (Opp.)
-> Audio-Related Property: 2 parameters
* Voice Line ID: 103
* Character Index: 4
-> Audio-Related Property: 2 parameters
* Voice Line ID: 104
* Character Index: 0 (Opp.)
-> Audio-Related Property: 2 parameters
* Voice Line ID: 106
* Character Index: 0 (Opp.)
-> Audio-Related Property: 2 parameters
* Voice Line ID: 107
* Character Index: 1 (Opp.)
-> Audio-Related Property: 2 parameters
* Voice Line ID: 108
* Character Index: 4
-> Audio-Related Property: 2 parameters
* Voice Line ID: 109
* Character Index: 0 (Opp.)
-> Audio-Related Property: 2 parameters
* Voice Line ID: 110
* Character Index: 0 (Opp.)
-> Audio-Related Property: 2 parameters
* Voice Line ID: 111
* Character Index: 4
-> Audio-Related Property: 2 parameters
* Voice Line ID: 112
* Character Index: 0 (Opp.)
-> Audio-Related Property: 2 parameters
* Voice Line ID: 113
* Character Index: 1 (Opp.)
-> Audio-Related Property: 2 parameters
* Voice Line ID: 114
* Character Index: 1 (Opp.)
-> Audio-Related Property: 2 parameters
* Voice Line ID: 115
* Character Index: 0 (Opp.)
-> Audio-Related Property: 2 parameters
* Voice Line ID: 116
* Character Index: 1
-> Audio-Related Property: 2 parameters
* Voice Line ID: 117
* Character Index: 0 (Opp.)
-> Audio-Related Property: 2 parameters
* Voice Line ID: 118
* Character Index: 1
-> Audio-Related Property: 2 parameters
* Voice Line ID: 119
* Character Index: 1
-> Audio-Related Property: 2 parameters
* Voice Line ID: 120
* Character Index: 3
-> Audio-Related Property: 2 parameters
* Voice Line ID: 121
* Character Index: 1
-> Audio-Related Property: 2 parameters
* Voice Line ID: 122
* Character Index: 1
-> Audio-Related Property: 2 parameters
* Voice Line ID: 123
* Character Index: 1
-> Audio-Related Property: 2 parameters
* Voice Line ID: 124
* Character Index: 1
-> Audio-Related Property: 2 parameters
* Voice Line ID: 126
* Character Index: 0 (Opp.)
-> Audio-Related Property: 2 parameters
* Voice Line ID: 128
* Character Index: 2
-> Audio-Related Property: 2 parameters
* Voice Line ID: 129
* Character Index: 2
-> Audio-Related Property: 2 parameters
* Voice Line ID: 130
* Character Index: 3
-> Audio-Related Property: 2 parameters
* Voice Line ID: 132
* Character Index: 2
-> Audio-Related Property: 2 parameters
* Voice Line ID: 133
* Character Index: 2
-> Audio-Related Property: 2 parameters
* Voice Line ID: 134
* Character Index: 3
-> Audio-Related Property: 2 parameters
* Voice Line ID: 135
* Character Index: 3
-> Audio-Related Property: 2 parameters
* Voice Line ID: 136
* Character Index: 0 (Opp.)
-> Audio-Related Property: 2 parameters
* Voice Line ID: 139
* Character Index: 0 (Opp.)
-> Audio-Related Property: 2 parameters
* Voice Line ID: 140
* Character Index: 0 (Opp.)
-> Audio-Related Property: 2 parameters
* Voice Line ID: 141
* Character Index: 0
-> Audio-Related Property: 2 parameters
* Voice Line ID: 142
* Character Index: 0
-> Audio-Related Property: 2 parameters
* Voice Line ID: 143
* Character Index: 2
-> Audio-Related Property: 2 parameters
* Voice Line ID: 144
* Character Index: 0

===== SCENE 10000 =====

[Scene Start]

[Battle End: 1 parameter]
* Battle Outcome ID: -1

[Store Character Positions]

[Assign Character Position & Rotation: 7 parameters]
* Character Index: 0
* Position (X): -51.4
* Position (Y): -0.4
* Position (Z): 61.3
* Rotation (X): 0.0
* Rotation (Y): 140.0
* Rotation (Z): 0.0

[Assign Character Position & Rotation: 7 parameters]
* Character Index: 0 (Opp.)
* Position (X): 51.4
* Position (Y): -1.3
* Position (Z): -61.3
* Rotation (X): 0.0
* Rotation (Y): -40.0
* Rotation (Z): 0.0

[Primary Camera Point: 6 parameters]
* Position (X): 44.542
* Position (Y): -11.529
* Position (Z): -57.028
* Rotation (Y): 23.268
* Rotation (X): 118.49999
* Rotation (Z): 0.0

[Secondary Camera Point]
-> Additional Camera Point: 7 parameters
* Time (s): 7.3
* Position (X): 35.498
* Position (Y): -4.574
* Position (Z): -52.116
* Rotation (Y): 24.094
* Rotation (X): 118.496
* Rotation (Z): 0.0

[Assign Animation: 2 parameters]
* Character Index: 0 (Opp.)
* ANM Name: STAND_LOOP
-> Enable ANM Loop

[Play Character Voice Line: 2 parameters]
* Character Index: 0 (Opp.)
* Voice Line ID: 0
-> Wait until End of Voice Line

[Primary Camera Point: 6 parameters]
* Position (X): -50.057
* Position (Y): -12.279
* Position (Z): 44.370003
* Rotation (Y): 2.345
* Rotation (X): -3.124002
* Rotation (Z): 0.0

[Assign Animation: 2 parameters]
* Character Index: 0
* ANM Name: STAND_LOOP
-> Enable ANM Loop

[Play Character Voice Line: 2 parameters]
* Character Index: 0
* Voice Line ID: 1
-> Wait until End of Voice Line

[Primary Camera Point: 6 parameters]
* Position (X): 43.822
* Position (Y): -14.679
* Position (Z): -57.668
* Rotation (Y): -2.837999
* Rotation (X): 113.21999
* Rotation (Z): 0.0

[Play Character Voice Line: 2 parameters]
* Character Index: 0 (Opp.)
* Voice Line ID: 2
-> Wait until End of Voice Line

[Primary Camera Point: 6 parameters]
* Position (X): 50.542
* Position (Y): -17.639
* Position (Z): -70.577995
* Rotation (Y): -22.657999
* Rotation (X): -11.879996
* Rotation (Z): 0.0

[Secondary Camera Point]
-> Additional Camera Point: 7 parameters
* Time (s): 7.3
* Position (X): 54.118
* Position (Y): -24.504
* Position (Z): -86.636
* Rotation (Y): -19.554
* Rotation (X): -13.455999
* Rotation (Z): 0.0

[Play Character Voice Line: 2 parameters]
* Character Index: 1 (Opp.)
* Voice Line ID: 3
-> Wait until End of Voice Line

[Play Character Voice Line: 2 parameters]
* Character Index: 0 (Opp.)
* Voice Line ID: 4
-> Wait until End of Voice Line

[Primary Camera Point: 6 parameters]
* Position (X): -55.282
* Position (Y): -15.149
* Position (Z): 53.318
* Rotation (Y): -1.767999
* Rotation (X): 29.039995
* Rotation (Z): 0.0

[Assign Animation: 2 parameters]
* Character Index: 0
* ANM Name: SURPRISED
-> Enable ANM Loop

[Play Character Voice Line: 2 parameters]
* Character Index: 0
* Voice Line ID: 5
-> Wait until End of Voice Line

[Primary Camera Point: 6 parameters]
* Position (X): 59.482
* Position (Y): -15.219
* Position (Z): -71.058
* Rotation (Y): -5.227999
* Rotation (X): -49.579994
* Rotation (Z): 0.0

[Secondary Camera Point]
-> Additional Camera Point: 7 parameters
* Time (s): 7.3
* Position (X): 66.108
* Position (Y): -15.214
* Position (Z): -62.206
* Rotation (Y): -5.22
* Rotation (X): -61.856
* Rotation (Z): 0.0

[Play Character Voice Line: 2 parameters]
* Character Index: 0 (Opp.)
* Voice Line ID: 6
-> Wait until End of Voice Line

[Play Character Voice Line: 2 parameters]
* Character Index: 0 (Opp.)
* Voice Line ID: 7
-> Wait until End of Voice Line

[Primary Camera Point: 6 parameters]
* Position (X): 42.342
* Position (Y): -9.789
* Position (Z): -57.497997
* Rotation (Y): 20.627998
* Rotation (X): 109.81
* Rotation (Z): 0.0

[Play Character Voice Line: 2 parameters]
* Character Index: 0 (Opp.)
* Voice Line ID: 8
-> Wait until End of Voice Line

[Store VFX Switches]

[Store Conditional Properties]
-> Scene Link: 2 parameters
* Condition: Immediate
* Scene ID: 10001
-> Scene Link: 2 parameters
* Condition: Win via K.O. (Opp.)
* Scene ID: 10040

[Store Player's Character Changes]

[Store Opponent's Character Changes]

[Post-Cutscene Event: 2 parameters]
* Event ID: Switch with Teammate #2 (Opp.)
* Character ID: N/A

[Scene End & Battle Start]

===== SCENE 10001 =====

[Scene Start]

[Battle End: 1 parameter]
* Battle Outcome ID: -1

[Store Character Positions]

[Assign Character Position & Rotation: 7 parameters]
* Character Index: 0
* Position (X): -51.4
* Position (Y): -0.4
* Position (Z): 61.3
* Rotation (X): 0.0
* Rotation (Y): 140.0
* Rotation (Z): 0.0

[Assign Character Position & Rotation: 7 parameters]
* Character Index: 1 (Opp.)
* Position (X): 51.4
* Position (Y): -1.3
* Position (Z): -61.3
* Rotation (X): 0.0
* Rotation (Y): -40.0
* Rotation (Z): 0.0

[Primary Camera Point: 6 parameters]
* Position (X): 39.022
* Position (Y): -19.519
* Position (Z): -54.857998
* Rotation (Y): -10.107999
* Rotation (X): 118.329994
* Rotation (Z): 0.0

[Assign Animation: 2 parameters]
* Character Index: 1 (Opp.)
* ANM Name: STAND_LOOP
-> Enable ANM Loop

[Play Character Voice Line: 2 parameters]
* Character Index: 0 (Opp.)
* Voice Line ID: 9
-> Wait until End of Voice Line

[Play Character Voice Line: 2 parameters]
* Character Index: 1 (Opp.)
* Voice Line ID: 10
-> Wait until End of Voice Line

[Primary Camera Point: 6 parameters]
* Position (X): -38.577
* Position (Y): -13.499
* Position (Z): 59.65
* Rotation (Y): 7.695
* Rotation (X): -82.634
* Rotation (Z): 0.0

[Assign Animation: 2 parameters]
* Character Index: 0
* ANM Name: STAND_LOOP
-> Enable ANM Loop

[Play Character Voice Line: 2 parameters]
* Character Index: 1
* Voice Line ID: 11
-> Wait until End of Voice Line

[Primary Camera Point: 6 parameters]
* Position (X): 40.996998
* Position (Y): -1.509
* Position (Z): -47.530003
* Rotation (Y): 26.635
* Rotation (X): 141.444
* Rotation (Z): 0.0

[Assign Animation: 2 parameters]
* Character Index: 1 (Opp.)
* ANM Name: SKILL_003_EVENT_1

[Play Character Voice Line: 2 parameters]
* Character Index: 1 (Opp.)
* Voice Line ID: 12
-> Wait until End of Voice Line

[Wait for Period of Time: 1 parameter]
* Time (s): 1.0
-> PROPERTY 119

[Store VFX Switches]

[Store Conditional Properties]
-> Scene Link: 2 parameters
* Condition: Immediate
* Scene ID: 10011
-> Scene Link: 2 parameters
* Condition: Win via K.O. (Opp.)
* Scene ID: 10040

[Store Player's Character Changes]

[Store Opponent's Character Changes]

[Post-Cutscene Event: 2 parameters]
* Event ID: Switch with Teammate #3 (Opp.)
* Character ID: N/A

[Scene End & Battle Start]

===== SCENE 10011 =====

[Scene Start]

[Battle End: 1 parameter]
* Battle Outcome ID: -1

[Store Character Positions]

[Assign Character Position & Rotation: 7 parameters]
* Character Index: 0
* Position (X): -51.4
* Position (Y): -0.4
* Position (Z): 61.3
* Rotation (X): 0.0
* Rotation (Y): 140.0
* Rotation (Z): 0.0

[Assign Character Position & Rotation: 7 parameters]
* Character Index: 2 (Opp.)
* Position (X): 51.4
* Position (Y): 0.0
* Position (Z): -61.3
* Rotation (X): 0.0
* Rotation (Y): -40.0
* Rotation (Z): 0.0

[Primary Camera Point: 6 parameters]
* Position (X): 41.712
* Position (Y): -6.999
* Position (Z): -49.868
* Rotation (Y): -3.837999
* Rotation (X): 138.62
* Rotation (Z): 0.0

[Trigger Camera Shake: 1 parameter]
* Force/Intensity: 1.0

[Assign Animation: 2 parameters]
* Character Index: 2 (Opp.)
* ANM Name: INTRO_IN
-> Wait until End of ANM

[Assign Animation: 2 parameters]
* Character Index: 2 (Opp.)
* ANM Name: INTRO_LOOP
-> Enable ANM Loop

[Play Character Voice Line: 2 parameters]
* Character Index: 2 (Opp.)
* Voice Line ID: 13
-> Wait until End of Voice Line

[Play Character Voice Line: 2 parameters]
* Character Index: 4
* Voice Line ID: 14
-> Wait until End of Voice Line

[Primary Camera Point: 6 parameters]
* Position (X): 16.472
* Position (Y): -6.579
* Position (Z): -82.077995
* Rotation (Y): -2.257999
* Rotation (X): 16.169996
* Rotation (Z): 0.0

[Secondary Camera Point]
-> Additional Camera Point: 7 parameters
* Time (s): 5.3
* Position (X): 43.398
* Position (Y): -6.574
* Position (Z): -82.866
* Rotation (Y): -2.254
* Rotation (X): -11.425999
* Rotation (Z): 0.0

[Assign Animation: 2 parameters]
* Character Index: 1
* ANM Name: SURPRISED
-> Enable ANM Loop

[Play Character Voice Line: 2 parameters]
* Character Index: 0 (Opp.)
* Voice Line ID: 15
-> Wait until End of Voice Line

[Store VFX Switches]

[Store Conditional Properties]
-> Scene Link: 2 parameters
* Condition: Win via K.O.
* Scene ID: 10004
-> Scene Link: 2 parameters
* Condition: Win via K.O. (Opp.)
* Scene ID: 10031
-> Audio Link: 2 parameters
* Condition: Immediate
* Voice Line ID: 16
-> Audio Link: 2 parameters
* Condition: Immediate
* Voice Line ID: 17
-> Audio Link: 2 parameters
* Condition: Immediate
* Voice Line ID: 18
-> Audio Link: 2 parameters
* Condition: Immediate
* Voice Line ID: 19

[Store Player's Character Changes]
-> Assign Properties to Character: 1 parameter
* Character Index: 2

[Store Opponent's Character Changes]
-> Add Health: 1 parameter
* Health (%): 100

[Post-Cutscene Event: 2 parameters]
* Event ID: Switch with Teammate #2
* Character ID: Piccolo (inicio)

[Scene End & Battle Start]

===== SCENE 10004 =====

[Scene Start]

[Battle End: 1 parameter]
* Battle Outcome ID: -1

[Store Character Positions]

[Store VFX Switches]

[Store Conditional Properties]
-> Scene Link: 2 parameters
* Condition: Immediate
* Scene ID: 10005

[Store Player's Character Changes]
-> Assign Properties to Character: 1 parameter
* Character Index: 4

[Store Opponent's Character Changes]
-> Add Health: 1 parameter
* Health (%): 100

[Post-Cutscene Event: 2 parameters]
* Event ID: Switch with Teammate #5
* Character ID: Goku (Inicio)

[Scene End & Battle Start]

===== SCENE 10005 =====

[Scene Start]

[Battle End: 1 parameter]
* Battle Outcome ID: -1

[Store Character Positions]

[Trigger Fade-Out: 1 parameter]
* Time (s): 1.0

[Assign Character Position & Rotation: 7 parameters]
* Character Index: 4
* Position (X): -19.3
* Position (Y): -0.4
* Position (Z): 23.0
* Rotation (X): 0.0
* Rotation (Y): 140.0
* Rotation (Z): 0.0

[Assign Character Position & Rotation: 7 parameters]
* Character Index: 1 (Opp.)
* Position (X): 19.3
* Position (Y): -1.3
* Position (Z): -23.0
* Rotation (X): 0.0
* Rotation (Y): -40.0
* Rotation (Z): 0.0

[Disable Lingering Aura: 1 parameter]
* Character Index: 0

[Primary Camera Point: 6 parameters]
* Position (X): -6.625
* Position (Y): -8.923
* Position (Z): 9.151999
* Rotation (Y): -0.63
* Rotation (X): -43.273006
* Rotation (Z): 0.0

[Assign Animation: 2 parameters]
* Character Index: 4
* ANM Name: INTRO_IN
-> Wait until End of ANM

[Assign Animation: 2 parameters]
* Character Index: 4
* ANM Name: INTRO_LOOP
-> Enable ANM Loop

[Play Character Voice Line: 2 parameters]
* Character Index: 4
* Voice Line ID: 20
-> Wait until End of Voice Line

[Play Character Voice Line: 2 parameters]
* Character Index: 2
* Voice Line ID: 21
-> Wait until End of Voice Line

[Store VFX Switches]

[Store Conditional Properties]
-> Scene Link: 2 parameters
* Condition: Immediate
* Scene ID: 10009

[Store Player's Character Changes]
-> Assign Properties to Character: 1 parameter
* Character Index: 3

[Store Opponent's Character Changes]

[Post-Cutscene Event: 2 parameters]
* Event ID: Switch with Teammate #3
* Character ID: Gohan (Niño)

[Scene End & Battle Start]

===== SCENE 10009 =====

[Scene Start]

[Battle End: 1 parameter]
* Battle Outcome ID: -1

[Store Character Positions]

[Trigger Fade-Out: 1 parameter]
* Time (s): 1.2

[Music Change: 1 parameter]
* Music: DBZ - The 3 Super Saiyans

[Assign Character Position & Rotation: 7 parameters]
* Character Index: 2
* Position (X): -20.0
* Position (Y): 0.0
* Position (Z): -45.0
* Rotation (X): 0.0
* Rotation (Y): 23.4
* Rotation (Z): 0.0

[Assign Character Position & Rotation: 7 parameters]
* Character Index: 2 (Opp.)
* Position (X): 80.0
* Position (Y): 0.0
* Position (Z): 30.0
* Rotation (X): 0.0
* Rotation (Y): -110.4
* Rotation (Z): 0.0

[Primary Camera Point: 6 parameters]
* Position (X): -23.086
* Position (Y): -11.397
* Position (Z): -35.969
* Rotation (Y): 16.151
* Rotation (X): 161.629
* Rotation (Z): 0.0

[Secondary Camera Point]
-> Additional Camera Point: 7 parameters
* Time (s): 8.0
* Position (X): -27.041
* Position (Y): -2.348
* Position (Z): -24.030998
* Rotation (Y): 19.667002
* Rotation (X): 161.626
* Rotation (Z): 0.0

[Assign Animation: 2 parameters]
* Character Index: 2
* ANM Name: STAND_LOOP
-> Enable ANM Loop

[Play Character Voice Line: 2 parameters]
* Character Index: 4
* Voice Line ID: 22
-> Wait until End of Voice Line

[Play Character Voice Line: 2 parameters]
* Character Index: 3
* Voice Line ID: 23
-> Wait until End of Voice Line

[Play Character Voice Line: 2 parameters]
* Character Index: 4
* Voice Line ID: 24
-> Wait until End of Voice Line

[Primary Camera Point: 6 parameters]
* Position (X): 100.102005
* Position (Y): -14.986999
* Position (Z): -41.231003
* Rotation (Y): -12.603
* Rotation (X): -56.995003
* Rotation (Z): 0.0

[Assign Animation: 2 parameters]
* Character Index: 2 (Opp.)
* ANM Name: GROUND
-> Enable ANM Loop

[Play Character Voice Line: 2 parameters]
* Character Index: 3
* Voice Line ID: 25
-> Wait until End of Voice Line

[Primary Camera Point: 6 parameters]
* Position (X): 78.480995
* Position (Y): -6.629
* Position (Z): 18.067
* Rotation (Y): -7.699
* Rotation (X): -2.568002
* Rotation (Z): 0.0

[Play Character Voice Line: 2 parameters]
* Character Index: 0 (Opp.)
* Voice Line ID: 26
-> Wait until End of Voice Line

[Primary Camera Point: 6 parameters]
* Position (X): -11.076
* Position (Y): -13.313
* Position (Z): -19.129
* Rotation (Y): -7.026
* Rotation (X): -157.228
* Rotation (Z): 0.0

[Assign Animation: 2 parameters]
* Character Index: 2
* ANM Name: INTRO_IN
-> Wait until End of ANM

[Enable Ki Charge Aura: 1 parameter]
* Character Index: 2

[Trigger Camera Shake: 1 parameter]
* Force/Intensity: 1.0

[Assign Animation: 2 parameters]
* Character Index: 2
* ANM Name: INTRO_LOOP
-> Enable ANM Loop

[Play Character Voice Line: 2 parameters]
* Character Index: 2
* Voice Line ID: 27
-> Wait until End of Voice Line

[Store VFX Switches]

[Store Conditional Properties]
-> Scene Link: 2 parameters
* Condition: Win via K.O.
* Scene ID: 10010
-> Scene Link: 2 parameters
* Condition: Win via K.O. (Opp.)
* Scene ID: 10031
-> Audio Link: 2 parameters
* Condition: Immediate
* Voice Line ID: 28
-> Audio Link: 2 parameters
* Condition: Immediate
* Voice Line ID: 29
-> Audio Link: 2 parameters
* Condition: Immediate
* Voice Line ID: 30

[Store Player's Character Changes]
-> Assign Properties to Character: 1 parameter
* Character Index: 4

[Store Opponent's Character Changes]
-> Add Health: 1 parameter
* Health (%): 100

[Post-Cutscene Event: 2 parameters]
* Event ID: Battle Finish
* Character ID: Goku (Inicio)

[Scene End & Battle Start]

===== SCENE 10010 =====

[Scene Start]

[Battle End: 1 parameter]
* Battle Outcome ID: -1

[Store Character Positions]

[Trigger Fade-Out: 1 parameter]
* Time (s): 1.2

[Music Change: 1 parameter]
* Music: DBZ - Fearsome Ginyu Force

[Assign Character Position & Rotation: 7 parameters]
* Character Index: 2
* Position (X): -20.0
* Position (Y): 0.0
* Position (Z): -45.0
* Rotation (X): 0.0
* Rotation (Y): 23.4
* Rotation (Z): 0.0

[Assign Character Position & Rotation: 7 parameters]
* Character Index: 2 (Opp.)
* Position (X): 80.0
* Position (Y): 0.0
* Position (Z): 30.0
* Rotation (X): 0.0
* Rotation (Y): -110.4
* Rotation (Z): 0.0

[Primary Camera Point: 6 parameters]
* Position (X): -46.976
* Position (Y): -18.807
* Position (Z): -51.209
* Rotation (Y): -15.791
* Rotation (X): 60.819
* Rotation (Z): 0.0

[Assign Animation: 2 parameters]
* Character Index: 4
* ANM Name: WIN_LOOP

[Assign Animation: 2 parameters]
* Character Index: 2 (Opp.)
* ANM Name: SKILL_002
-> Wait until End of ANM

[Play Character Voice Line: 2 parameters]
* Character Index: 32767
* Voice Line ID: 31
-> Wait until End of Voice Line

[Primary Camera Point: 6 parameters]
* Position (X): -28.292002
* Position (Y): -16.587
* Position (Z): -38.691
* Rotation (Y): -9.773
* Rotation (X): 97.275
* Rotation (Z): 0.0

[Play Character Voice Line: 2 parameters]
* Character Index: 0 (Opp.)
* Voice Line ID: 32

[Store VFX Switches]

[Store Conditional Properties]
-> Scene Link: 2 parameters
* Condition: Immediate
* Scene ID: 10014
-> Scene Link: 2 parameters
* Condition: Win via K.O. (Opp.)
* Scene ID: 10031

[Store Player's Character Changes]

[Store Opponent's Character Changes]

[Post-Cutscene Event: 2 parameters]
* Event ID: Switch with Teammate #4 (Opp.)
* Character ID: N/A

[Scene End & Battle Start]

===== SCENE 10014 =====

[Scene Start]

[Battle End: 1 parameter]
* Battle Outcome ID: -1

[Store Character Positions]

[Assign Character Position & Rotation: 7 parameters]
* Character Index: 4
* Position (X): -51.4
* Position (Y): -0.4
* Position (Z): 61.3
* Rotation (X): 0.0
* Rotation (Y): 140.0
* Rotation (Z): 0.0

[Assign Character Position & Rotation: 7 parameters]
* Character Index: 3 (Opp.)
* Position (X): 51.4
* Position (Y): -1.3
* Position (Z): -61.3
* Rotation (X): 0.0
* Rotation (Y): -40.0
* Rotation (Z): 0.0

[Primary Camera Point: 6 parameters]
* Position (X): -50.124
* Position (Y): -17.854
* Position (Z): 49.690998
* Rotation (Y): -2.482
* Rotation (X): -10.291999
* Rotation (Z): 0.0

[Assign Animation: 2 parameters]
* Character Index: 4
* ANM Name: STAND_LOOP
-> Wait until End of ANM

[Store VFX Switches]

[Store Conditional Properties]
-> Scene Link: 2 parameters
* Condition: Immediate
* Scene ID: 10015

[Store Player's Character Changes]
-> Add Health: 1 parameter
* Health (%): 0

[Store Opponent's Character Changes]
-> Replace Z-Item #7: 1 parameter
* Z-Item #7: N/A

[Post-Cutscene Event: 2 parameters]
* Event ID: Switch with Teammate #5
* Character ID: N/A

[Scene End & Battle Start]

===== SCENE 10015 =====

[Scene Start]

[Battle End: 1 parameter]
* Battle Outcome ID: -1

[Store Character Positions]

[Assign Character Position & Rotation: 7 parameters]
* Character Index: 4
* Position (X): -51.4
* Position (Y): -0.4
* Position (Z): 61.3
* Rotation (X): 0.0
* Rotation (Y): 140.0
* Rotation (Z): 0.0

[Assign Character Position & Rotation: 7 parameters]
* Character Index: 3 (Opp.)
* Position (X): 51.4
* Position (Y): -1.3
* Position (Z): -61.3
* Rotation (X): 0.0
* Rotation (Y): -40.0
* Rotation (Z): 0.0

[Primary Camera Point: 6 parameters]
* Position (X): -50.124
* Position (Y): -10.854001
* Position (Z): 49.690998
* Rotation (Y): -2.482
* Rotation (X): -10.291999
* Rotation (Z): 0.0

[Assign Animation: 2 parameters]
* Character Index: 4
* ANM Name: STAND_LOOP
-> Enable ANM Loop

[Play Character Voice Line: 2 parameters]
* Character Index: 4
* Voice Line ID: 33
-> Wait until End of Voice Line

[Play Character Voice Line: 2 parameters]
* Character Index: 3
* Voice Line ID: 34
-> Wait until End of Voice Line

[Store VFX Switches]

[Store Conditional Properties]
-> Scene Link: 2 parameters
* Condition: Immediate
* Scene ID: 10016

[Store Player's Character Changes]

[Store Opponent's Character Changes]
-> Replace Z-Item #7: 1 parameter
* Z-Item #7: Attack +5

[Post-Cutscene Event: 2 parameters]
* Event ID: Switch with Teammate #4
* Character ID: N/A

[Scene End & Battle Start]

===== SCENE 10016 =====

[Scene Start]

[Battle End: 1 parameter]
* Battle Outcome ID: -1

[Store Character Positions]

[Assign Character Position & Rotation: 7 parameters]
* Character Index: 3
* Position (X): -51.4
* Position (Y): -0.4
* Position (Z): 61.3
* Rotation (X): 0.0
* Rotation (Y): 140.0
* Rotation (Z): 0.0

[Assign Character Position & Rotation: 7 parameters]
* Character Index: 3 (Opp.)
* Position (X): 51.4
* Position (Y): -1.3
* Position (Z): -61.3
* Rotation (X): 0.0
* Rotation (Y): -40.0
* Rotation (Z): 0.0

[Primary Camera Point: 6 parameters]
* Position (X): -44.634
* Position (Y): -14.924001
* Position (Z): 52.990997
* Rotation (Y): 0.182
* Rotation (X): -38.642
* Rotation (Z): 0.0

[Assign Animation: 2 parameters]
* Character Index: 3
* ANM Name: STAND_LOOP
-> Enable ANM Loop

[Play Character Voice Line: 2 parameters]
* Character Index: 3
* Voice Line ID: 35
-> Wait until End of Voice Line

[Primary Camera Point: 6 parameters]
* Position (X): -53.124
* Position (Y): -17.564001
* Position (Z): 50.451
* Rotation (Y): -16.692
* Rotation (X): 11.971999
* Rotation (Z): 0.0

[Assign Animation: 2 parameters]
* Character Index: 3 (Opp.)
* ANM Name: GROUND
-> Enable ANM Loop

[Play Character Voice Line: 2 parameters]
* Character Index: 3
* Voice Line ID: 36
-> Wait until End of Voice Line

[Primary Camera Point: 6 parameters]
* Position (X): 54.764
* Position (Y): -12.084001
* Position (Z): -68.901
* Rotation (Y): -19.392
* Rotation (X): -37.112
* Rotation (Z): 0.0

[Secondary Camera Point]
-> Additional Camera Point: 7 parameters
* Time (s): 1.0
* Position (X): -42.49
* Position (Y): -9.076002
* Position (Z): 47.684
* Rotation (Y): 6.924
* Rotation (X): -37.11
* Rotation (Z): 0.0

[Assign Animation: 2 parameters]
* Character Index: 3
* ANM Name: GROUND
-> Enable ANM Loop

[Play Character Voice Line: 2 parameters]
* Character Index: 3
* Voice Line ID: 37
-> Wait until End of Voice Line

[Music Change: 1 parameter]
* Music: DBZ - Fearsome Ginyu Force

[Store VFX Switches]
-> PROPERTY 119

[Store Conditional Properties]
-> Scene Link: 2 parameters
* Condition: Win via K.O.
* Scene ID: 10002
-> Scene Link: 2 parameters
* Condition: Win via K.O. (Opp.)
* Scene ID: 10031
-> Audio Link: 2 parameters
* Condition: Immediate
* Voice Line ID: 38
-> Audio Link: 2 parameters
* Condition: Wait 10 seconds
* Voice Line ID: 39

[Store Player's Character Changes]

[Store Opponent's Character Changes]

[Post-Cutscene Event: 2 parameters]
* Event ID: Battle Finish
* Character ID: N/A

[Scene End & Battle Start]

===== SCENE 10002 =====

[Scene Start]

[Battle End: 1 parameter]
* Battle Outcome ID: -1

[Store Character Positions]

[Trigger Fade-Out: 1 parameter]
* Time (s): 1.0

[Enable Ki Charge Aura: 1 parameter]
* Character Index: 3

[Assign Character Position & Rotation: 7 parameters]
* Character Index: 3 (Opp.)
* Position (X): -51.4
* Position (Y): -0.4
* Position (Z): 61.3
* Rotation (X): 0.0
* Rotation (Y): 140.0
* Rotation (Z): 0.0

[Assign Character Position & Rotation: 7 parameters]
* Character Index: 3
* Position (X): 107.490005
* Position (Y): -69.89
* Position (Z): -45.05
* Rotation (X): 0.0
* Rotation (Y): -53.57
* Rotation (Z): 0.0

[Primary Camera Point: 6 parameters]
* Position (X): 121.47
* Position (Y): -79.802
* Position (Z): -37.281
* Rotation (Y): -3.01
* Rotation (X): -111.26
* Rotation (Z): 0.0

[Secondary Camera Point]
-> Additional Camera Point: 7 parameters
* Time (s): 2.0
* Position (X): 108.408005
* Position (Y): -79.8
* Position (Z): -27.491999
* Rotation (Y): -3.01
* Rotation (X): -165.65
* Rotation (Z): 0.0
-> Additional Camera Point: 7 parameters
* Time (s): 2.0
* Position (X): 98.938
* Position (Y): -79.8
* Position (Z): -30.261997
* Rotation (Y): -3.017
* Rotation (X): -223.98
* Rotation (Z): 0.0

[Assign Animation: 2 parameters]
* Character Index: 3
* ANM Name: SKILL_003_CHARGE
-> Enable ANM Loop

[Trigger Camera Shake: 1 parameter]
* Force/Intensity: 1.0
-> PROPERTY 119

[Assign Animation: 2 parameters]
* Character Index: 3 (Opp.)
* ANM Name: SURPRISED
-> Wait until End of ANM

[Play Character Voice Line: 2 parameters]
* Character Index: 3
* Voice Line ID: 40
-> Wait until End of Voice Line

[Store VFX Switches]

[Store Conditional Properties]
-> Scene Link: 2 parameters
* Condition: Win via K.O.
* Scene ID: 10003
-> Scene Link: 2 parameters
* Condition: Win via K.O. (Opp.)
* Scene ID: 10031

[Store Player's Character Changes]
-> Add Health: 1 parameter
* Health (%): 50
-> Assign Properties to Character: 1 parameter
* Character Index: 1

[Store Opponent's Character Changes]
-> Add Health: 1 parameter
* Health (%): 10

[Post-Cutscene Event: 2 parameters]
* Event ID: Trigger 1st Blast 2
* Character ID: Piccolo (inicio)

[Scene End & Battle Start]

===== SCENE 10003 =====

[Scene Start]

[Battle End: 1 parameter]
* Battle Outcome ID: -1

[Store Character Positions]

[Assign Character Position & Rotation: 7 parameters]
* Character Index: 3
* Position (X): -131.07
* Position (Y): -0.4
* Position (Z): -18.22
* Rotation (X): 0.0
* Rotation (Y): -55.74
* Rotation (Z): 0.0

[Assign Character Position & Rotation: 7 parameters]
* Character Index: 3 (Opp.)
* Position (X): -138.89
* Position (Y): -1.3
* Position (Z): -10.999999
* Rotation (X): 0.0
* Rotation (Y): 57.09
* Rotation (Z): 0.0

[Primary Camera Point: 6 parameters]
* Position (X): -176.01399
* Position (Y): -4.644001
* Position (Z): -14.370999
* Rotation (Y): 0.252
* Rotation (X): 100.282
* Rotation (Z): 0.0

[Assign Animation: 2 parameters]
* Character Index: 3
* ANM Name: STAND_LOOP

[Assign Animation: 2 parameters]
* Character Index: 3 (Opp.)
* ANM Name: SKILL_002
-> Wait until End of ANM

[Play Character Voice Line: 2 parameters]
* Character Index: 4
* Voice Line ID: 41
-> Wait until End of Voice Line

[Assign Character Position & Rotation: 7 parameters]
* Character Index: 3
* Position (X): -131.07
* Position (Y): -0.4
* Position (Z): -18.22
* Rotation (X): 0.0
* Rotation (Y): 133.75
* Rotation (Z): 0.0

[Primary Camera Point: 6 parameters]
* Position (X): -122.684
* Position (Y): -19.404001
* Position (Z): -25.921
* Rotation (Y): -29.622
* Rotation (X): -49.802
* Rotation (Z): 0.0

[Play Character Voice Line: 2 parameters]
* Character Index: 3
* Voice Line ID: 42
-> Wait until End of Voice Line

[Play Character Voice Line: 2 parameters]
* Character Index: 1
* Voice Line ID: 43
-> Wait until End of Voice Line

[Assign Character Position & Rotation: 7 parameters]
* Character Index: 3 (Opp.)
* Position (X): -138.89
* Position (Y): -1.3
* Position (Z): -10.999999
* Rotation (X): 0.0
* Rotation (Y): 130.61
* Rotation (Z): 0.0

[Primary Camera Point: 6 parameters]
* Position (X): -126.184
* Position (Y): -24.044
* Position (Z): 4.560999
* Rotation (Y): -32.052
* Rotation (X): -162.812
* Rotation (Z): 0.0

[Secondary Camera Point]
-> Additional Camera Point: 7 parameters
* Time (s): 8.0
* Position (X): -121.667
* Position (Y): -33.618
* Position (Z): 19.151
* Rotation (Y): -32.053
* Rotation (X): -162.812
* Rotation (Z): 0.0

[Enable MAX POWER Mode Explosion: 1 parameter]
* Character Index: 3 (Opp.)

[Assign Animation: 2 parameters]
* Character Index: 3 (Opp.)
* ANM Name: GROUND
-> Enable ANM Loop

[Play Character Voice Line: 2 parameters]
* Character Index: 3
* Voice Line ID: 62
-> Wait until End of Voice Line

[Play Character Voice Line: 2 parameters]
* Character Index: 0 (Opp.)
* Voice Line ID: 44
-> Wait until End of Voice Line

[Primary Camera Point: 6 parameters]
* Position (X): -122.754
* Position (Y): -14.924001
* Position (Z): -21.630999
* Rotation (Y): 1.422
* Rotation (X): -66.631996
* Rotation (Z): 0.0

[Play Character Voice Line: 2 parameters]
* Character Index: 3
* Voice Line ID: 45
-> Wait until End of Voice Line

[Music Change: 1 parameter]
* Music: Dragon Ball Z OST - Panic
-> PROPERTY 119

[Store VFX Switches]

[Store Conditional Properties]
-> Scene Link: 2 parameters
* Condition: Win via K.O. (Opp.)
* Scene ID: 10006
-> Audio Link: 2 parameters
* Condition: Immediate
* Voice Line ID: 46

[Store Player's Character Changes]
-> Add Health: 1 parameter
* Health (%): 10

[Store Opponent's Character Changes]
-> Add Health: 1 parameter
* Health (%): 10
-> Replace Z-Item #7: 1 parameter
* Z-Item #7: Go To Hell

[Post-Cutscene Event: 2 parameters]
* Event ID: Trigger Ultimate Blast (Opp.)
* Character ID: N/A

[Scene End & Battle Start]

===== SCENE 10006 =====

[Scene Start]

[Battle End: 1 parameter]
* Battle Outcome ID: -1

[Store Character Positions]

[Trigger Fade-Out: 1 parameter]
* Time (s): 1.0

[Assign Character Position & Rotation: 7 parameters]
* Character Index: 3
* Position (X): -190.7
* Position (Y): -1.4
* Position (Z): 26.759998
* Rotation (X): 0.0
* Rotation (Y): 140.0
* Rotation (Z): 0.0

[Assign Character Position & Rotation: 7 parameters]
* Character Index: 0 (Opp.)
* Position (X): 51.4
* Position (Y): -1.3
* Position (Z): -61.3
* Rotation (X): 0.0
* Rotation (Y): -40.0
* Rotation (Z): 0.0

[Primary Camera Point: 6 parameters]
* Position (X): -41.198
* Position (Y): -13.023
* Position (Z): 53.583
* Rotation (Y): -28.241
* Rotation (X): -54.497
* Rotation (Z): 0.0

[Secondary Camera Point]
-> Additional Camera Point: 7 parameters
* Time (s): 5.0
* Position (X): -164.554
* Position (Y): -25.503
* Position (Z): 63.242
* Rotation (Y): -29.189999
* Rotation (X): -139.917
* Rotation (Z): 0.0

[Assign Animation: 2 parameters]
* Character Index: 3
* ANM Name: SKILL_003_EVENT_1

[Assign Animation: 2 parameters]
* Character Index: 3 (Opp.)
* ANM Name: SKILL_002
-> Wait until End of ANM

[Play Character Voice Line: 2 parameters]
* Character Index: 0 (Opp.)
* Voice Line ID: 47
-> Wait until End of Voice Line

[Primary Camera Point: 6 parameters]
* Position (X): -225.202
* Position (Y): -26.029
* Position (Z): 55.297997
* Rotation (Y): -32.773
* Rotation (X): 119.146
* Rotation (Z): 0.0

[Secondary Camera Point]
-> Additional Camera Point: 7 parameters
* Time (s): 5.0
* Position (X): -237.937
* Position (Y): -26.027
* Position (Z): 27.852
* Rotation (Y): -32.771
* Rotation (X): 96.296
* Rotation (Z): 0.0

[Play Character Voice Line: 2 parameters]
* Character Index: 0
* Voice Line ID: 48
-> Wait until End of Voice Line

[Primary Camera Point: 6 parameters]
* Position (X): -204.676
* Position (Y): -15.509
* Position (Z): 24.289997
* Rotation (Y): -48.799
* Rotation (X): 71.467995
* Rotation (Z): 0.0

[Secondary Camera Point]
-> Additional Camera Point: 7 parameters
* Time (s): 8.0
* Position (X): -212.645
* Position (Y): -25.107
* Position (Z): 21.803001
* Rotation (Y): -48.795
* Rotation (X): 71.467995
* Rotation (Z): 0.0

[Play Character Voice Line: 2 parameters]
* Character Index: 4
* Voice Line ID: 49
-> Wait until End of Voice Line

[Play Character Voice Line: 2 parameters]
* Character Index: 4
* Voice Line ID: 50
-> Wait until End of Voice Line

[Primary Camera Point: 6 parameters]
* Position (X): -195.009
* Position (Y): -92.8022
* Position (Z): 18.351
* Rotation (Y): -86.335
* Rotation (X): 37.272
* Rotation (Z): 0.0

[Play Character Voice Line: 2 parameters]
* Character Index: 1 (Opp.)
* Voice Line ID: 51
-> Wait until End of Voice Line

[Primary Camera Point: 6 parameters]
* Position (X): -204.676
* Position (Y): -15.509
* Position (Z): 24.289997
* Rotation (Y): -48.799
* Rotation (X): 71.467995
* Rotation (Z): 0.0

[Secondary Camera Point]
-> Additional Camera Point: 7 parameters
* Time (s): 8.0
* Position (X): -212.645
* Position (Y): -25.107
* Position (Z): 21.803001
* Rotation (Y): -48.795
* Rotation (X): 71.467995
* Rotation (Z): 0.0

[Play Character Voice Line: 2 parameters]
* Character Index: 4
* Voice Line ID: 63
-> Wait until End of Voice Line

[Primary Camera Point: 6 parameters]
* Position (X): -175.829
* Position (Y): -12.4222
* Position (Z): 29.671
* Rotation (Y): -32.355
* Rotation (X): -93.552
* Rotation (Z): 0.0

[Play Character Voice Line: 2 parameters]
* Character Index: 0 (Opp.)
* Voice Line ID: 52
-> Wait until End of Voice Line

[Store VFX Switches]

[Store Conditional Properties]
-> Scene Link: 2 parameters
* Condition: Win via K.O.
* Scene ID: 10013
-> Scene Link: 2 parameters
* Condition: Win via K.O. (Opp.)
* Scene ID: 10013
-> Scene Link: 2 parameters
* Condition: Immediate
* Scene ID: 10013

[Store Player's Character Changes]

[Store Opponent's Character Changes]
-> Assign Health: 1 parameter
* Health (%): 0

[Post-Cutscene Event: 2 parameters]
* Event ID: Switch with Teammate #5 (Opp.)
* Character ID: N/A

[Scene End & Battle Start]

===== SCENE 10013 =====

[Scene Start]

[Battle End: 1 parameter]
* Battle Outcome ID: -1

[Store Character Positions]

[Music Change: 1 parameter]
* Music: DBZ - Fearsome Ginyu Force
-> PROPERTY 119

[Store VFX Switches]

[Store Conditional Properties]
-> Scene Link: 2 parameters
* Condition: Win via K.O. (Opp.)
* Scene ID: 10031
-> Scene Link: 2 parameters
* Condition: Win via K.O.
* Scene ID: 10007
-> Audio Link: 2 parameters
* Condition: Immediate
* Voice Line ID: 53
-> Audio Link: 2 parameters
* Condition: Immediate
* Voice Line ID: 54

[Store Player's Character Changes]

[Store Opponent's Character Changes]
-> Assign Health: 1 parameter
* Health (%): 50
-> Replace Z-Item #7: 1 parameter
* Z-Item #7: N/A

[Post-Cutscene Event: 2 parameters]
* Event ID: Switch with Teammate #5
* Character ID: N/A

[Scene End & Battle Start]

===== SCENE 10007 =====

[Scene Start]

[Battle End: 1 parameter]
* Battle Outcome ID: -1

[Store Character Positions]

[Trigger Fade-Out: 1 parameter]
* Time (s): 1.0

[Assign Character Position & Rotation: 7 parameters]
* Character Index: 4
* Position (X): -51.4
* Position (Y): -0.4
* Position (Z): 61.3
* Rotation (X): 0.0
* Rotation (Y): 140.0
* Rotation (Z): 0.0

[Assign Character Position & Rotation: 7 parameters]
* Character Index: 4 (Opp.)
* Position (X): 51.4
* Position (Y): -1.3
* Position (Z): -61.3
* Rotation (X): 0.0
* Rotation (Y): -40.0
* Rotation (Z): 0.0

[Primary Camera Point: 6 parameters]
* Position (X): -76.464
* Position (Y): -17.0
* Position (Z): 68.412
* Rotation (Y): -15.186
* Rotation (X): 121.605
* Rotation (Z): 0.0

[Enable Ki Charge Aura: 1 parameter]
* Character Index: 4

[Assign Animation: 2 parameters]
* Character Index: 4
* ANM Name: CHARGE_IN
-> Wait until End of ANM

[Assign Animation: 2 parameters]
* Character Index: 4
* ANM Name: CHARGE_LOOP
-> Enable ANM Loop

[Assign Animation: 2 parameters]
* Character Index: 4 (Opp.)
* ANM Name: SURPRISED
-> Enable ANM Loop

[Play Character Voice Line: 2 parameters]
* Character Index: 4
* Voice Line ID: 64
-> Wait until End of Voice Line

[Enable MAX POWER Mode Explosion: 1 parameter]
* Character Index: 4
-> PROPERTY 119

[Store VFX Switches]

[Store Conditional Properties]
-> Scene Link: 2 parameters
* Condition: Win via K.O.
* Scene ID: 10008
-> Audio Link: 2 parameters
* Condition: Immediate
* Voice Line ID: 55

[Store Player's Character Changes]
-> Replace Z-Item #7: 1 parameter
* Z-Item #7: Go To Hell

[Store Opponent's Character Changes]
-> Add Health: 1 parameter
* Health (%): 50

[Post-Cutscene Event: 2 parameters]
* Event ID: Trigger 2nd Blast 2
* Character ID: Piccolo (inicio)

[Scene End & Battle Start]

===== SCENE 10008 =====

[Scene Start]

[Battle End: 1 parameter]
* Battle Outcome ID: -1

[Store Character Positions]

[Assign Character Position & Rotation: 7 parameters]
* Character Index: 4
* Position (X): -51.4
* Position (Y): -0.400002
* Position (Z): 61.3
* Rotation (X): 0.0
* Rotation (Y): 140.0
* Rotation (Z): 0.0

[Assign Character Position & Rotation: 7 parameters]
* Character Index: 4 (Opp.)
* Position (X): 51.4
* Position (Y): -0.0
* Position (Z): -61.3
* Rotation (X): 0.0
* Rotation (Y): -40.0
* Rotation (Z): 0.0

[Primary Camera Point: 6 parameters]
* Position (X): -73.224
* Position (Y): -12.764001
* Position (Z): 51.361
* Rotation (Y): -22.882
* Rotation (X): 76.902
* Rotation (Z): 0.0

[Secondary Camera Point]
-> Additional Camera Point: 7 parameters
* Time (s): 4.2
* Position (X): -49.59
* Position (Y): -8.556002
* Position (Z): 44.324
* Rotation (Y): -14.514
* Rotation (X): 3.76
* Rotation (Z): 0.0

[Assign Animation: 2 parameters]
* Character Index: 4
* ANM Name: GROUND_TIRED
-> Enable ANM Loop

[Assign Animation: 2 parameters]
* Character Index: 3 (Opp.)
* ANM Name: SKILL_002
-> Wait until End of ANM

[Play Character Voice Line: 2 parameters]
* Character Index: 0
* Voice Line ID: 56
-> Wait until End of Voice Line

[Primary Camera Point: 6 parameters]
* Position (X): -38.093998
* Position (Y): -8.114001
* Position (Z): 51.641
* Rotation (Y): -13.702
* Rotation (X): -62.912
* Rotation (Z): 0.0

[Play Character Voice Line: 2 parameters]
* Character Index: 4
* Voice Line ID: 57
-> Wait until End of Voice Line

[Store VFX Switches]

[Store Conditional Properties]
-> Scene Link: 2 parameters
* Condition: Immediate
* Scene ID: 10018

[Store Player's Character Changes]
-> Replace Z-Item #7: 1 parameter
* Z-Item #7: Go To Hell
-> Assign Properties to Character: 1 parameter
* Character Index: 2

[Store Opponent's Character Changes]
-> Add Health: 1 parameter
* Health (%): 50

[Post-Cutscene Event: 2 parameters]
* Event ID: Switch with Teammate #1
* Character ID: N/A

[Scene End & Battle Start]

===== SCENE 10018 =====

[Scene Start]

[Battle End: 1 parameter]
* Battle Outcome ID: -1

[Store Character Positions]

[Store VFX Switches]

[Store Conditional Properties]
-> Scene Link: 2 parameters
* Condition: Win via K.O.
* Scene ID: 10019

[Store Player's Character Changes]
-> Add Health: 1 parameter
* Health (%): 10
-> Replace Z-Item #2: 1 parameter
* Z-Item #2: Go To Hell

[Store Opponent's Character Changes]

[Post-Cutscene Event: 2 parameters]
* Event ID: Trigger 2nd Blast 2
* Character ID: N/A

[Scene End & Battle Start]

===== SCENE 10019 =====

[Scene Start]

[Battle End: 1 parameter]
* Battle Outcome ID: -1

[Store Character Positions]

[Store VFX Switches]

[Store Conditional Properties]
-> Scene Link: 2 parameters
* Condition: Win via K.O. (Opp.)
* Scene ID: 10031
-> Scene Link: 2 parameters
* Condition: Immediate
* Scene ID: 10030

[Store Player's Character Changes]
-> Add Health: 1 parameter
* Health (%): 10
-> Replace Z-Item #2: 1 parameter
* Z-Item #2: Go To Hell

[Store Opponent's Character Changes]

[Post-Cutscene Event: 2 parameters]
* Event ID: Switch with Teammate #2 (Opp.)
* Character ID: N/A

[Scene End & Battle Start]

===== SCENE 10030 =====

[Scene Start]

[Battle End: 1 parameter]
* Battle Outcome ID: 1

[Store Character Positions]

[Music Change: 1 parameter]
* Music: DBZ - The 3 Super Saiyans

[Assign Character Position & Rotation: 7 parameters]
* Character Index: 0
* Position (X): -51.4
* Position (Y): -0.4
* Position (Z): 61.3
* Rotation (X): 0.0
* Rotation (Y): 140.0
* Rotation (Z): 0.0

[Assign Character Position & Rotation: 7 parameters]
* Character Index: 1 (Opp.)
* Position (X): 51.4
* Position (Y): -1.3
* Position (Z): -61.3
* Rotation (X): 0.0
* Rotation (Y): -40.0
* Rotation (Z): 0.0

[Primary Camera Point: 6 parameters]
* Position (X): 43.127
* Position (Y): -17.449
* Position (Z): -51.93
* Rotation (Y): -1.645
* Rotation (X): 137.574
* Rotation (Z): 0.0

[Assign Animation: 2 parameters]
* Character Index: 0
* ANM Name: INTRO_LOOP

[Assign Animation: 2 parameters]
* Character Index: 1 (Opp.)
* ANM Name: GROUND
-> Enable ANM Loop

[Play Character Voice Line: 2 parameters]
* Character Index: 0 (Opp.)
* Voice Line ID: 59
-> Wait until End of Voice Line

[Play Character Voice Line: 2 parameters]
* Character Index: 1 (Opp.)
* Voice Line ID: 60
-> Wait until End of Voice Line

[Primary Camera Point: 6 parameters]
* Position (X): 40.042
* Position (Y): -3.239
* Position (Z): -34.508
* Rotation (Y): 21.168
* Rotation (X): 156.84
* Rotation (Z): 0.0

[Secondary Camera Point]
-> Additional Camera Point: 7 parameters
* Time (s): 7.3
* Position (X): 44.298
* Position (Y): -15.154
* Position (Z): -50.956
* Rotation (Y): 6.234
* Rotation (X): 139.446
* Rotation (Z): 0.0

[Assign Animation: 2 parameters]
* Character Index: 1 (Opp.)
* ANM Name: INTRO_IN
-> Wait until End of ANM

[Enable Ki Charge Aura: 1 parameter]
* Character Index: 1 (Opp.)

[Trigger Camera Shake: 1 parameter]
* Force/Intensity: 1.0

[Assign Animation: 2 parameters]
* Character Index: 1 (Opp.)
* ANM Name: INTRO_LOOP
-> Enable ANM Loop

[Play Character Voice Line: 2 parameters]
* Character Index: 1 (Opp.)
* Voice Line ID: 61
-> Wait until End of Voice Line

[Store VFX Switches]

[Store Conditional Properties]
-> Scene Link: 2 parameters
* Condition: Win via K.O.
* Scene ID: 10004
-> Scene Link: 2 parameters
* Condition: Win via K.O. (Opp.)
* Scene ID: 10040

[Store Player's Character Changes]

[Store Opponent's Character Changes]

[Post-Cutscene Event: 2 parameters]
* Event ID: Aerial Clash
* Character ID: N/A

[Scene End & Battle Start]

===== SCENE 10031 =====

[Scene Start]

[Battle End: 1 parameter]
* Battle Outcome ID: 1

[Store Character Positions]

[Primary Camera Point: 6 parameters]
* Position (X): -19.883
* Position (Y): -9.574
* Position (Z): -31.318
* Rotation (Y): -3.635
* Rotation (X): 62.219
* Rotation (Z): 0.0

[Assign Character Position & Rotation: 7 parameters]
* Character Index: 0
* Position (X): 4.2
* Position (Y): 0.0
* Position (Z): -26.9
* Rotation (X): 0.0
* Rotation (Y): 23.4
* Rotation (Z): 0.0

[Assign Character Position & Rotation: 7 parameters]
* Character Index: 0 (Opp.)
* Position (X): 55.8
* Position (Y): 0.0
* Position (Z): 11.9
* Rotation (X): 0.0
* Rotation (Y): -110.4
* Rotation (Z): 0.0

[Disable Lingering Aura: 1 parameter]
* Character Index: 0

[Disable Lingering Aura: 1 parameter]
* Character Index: 0 (Opp.)

[Assign Animation: 2 parameters]
* Character Index: 0
* ANM Name: WIN_LOOP
-> Enable ANM Loop

[Assign Animation: 2 parameters]
* Character Index: 2 (Opp.)
* ANM Name: INTRO_IN
-> Wait until End of ANM

[Assign Animation: 2 parameters]
* Character Index: 2 (Opp.)
* ANM Name: INTRO_LOOP
-> Enable ANM Loop

[Play Character Voice Line: 2 parameters]
* Character Index: 2 (Opp.)
* Voice Line ID: 13
-> Wait until End of Voice Line

[Store VFX Switches]

[Store Conditional Properties]

[Store Player's Character Changes]

[Store Opponent's Character Changes]

[Post-Cutscene Event: 2 parameters]
* Event ID: Aerial Clash
* Character ID: N/A

[Scene End & Battle Start]

[Scene End & Battle Start]

===== SCENE 10032 =====

[Scene Start]

[Battle End: 1 parameter]
* Battle Outcome ID: 1

[Store Character Positions]

[Primary Camera Point: 6 parameters]
* Position (X): -19.883
* Position (Y): -9.574
* Position (Z): -31.318
* Rotation (Y): -3.635
* Rotation (X): 62.219
* Rotation (Z): 0.0

[Assign Character Position & Rotation: 7 parameters]
* Character Index: 0
* Position (X): 4.2
* Position (Y): 0.0
* Position (Z): -26.9
* Rotation (X): 0.0
* Rotation (Y): 23.4
* Rotation (Z): 0.0

[Assign Character Position & Rotation: 7 parameters]
* Character Index: 0 (Opp.)
* Position (X): 55.8
* Position (Y): 0.0
* Position (Z): 11.9
* Rotation (X): 0.0
* Rotation (Y): -110.4
* Rotation (Z): 0.0

[Disable Lingering Aura: 1 parameter]
* Character Index: 0

[Disable Lingering Aura: 1 parameter]
* Character Index: 0 (Opp.)

[Assign Animation: 2 parameters]
* Character Index: 0
* ANM Name: WIN_LOOP
-> Enable ANM Loop

[Assign Animation: 2 parameters]
* Character Index: 0 (Opp.)
* ANM Name: LOSE
-> Wait until End of ANM

[Play Character Voice Line: 2 parameters]
* Character Index: 0
* Voice Line ID: 144
-> Wait until End of Voice Line

[Store VFX Switches]

[Store Conditional Properties]

[Store Player's Character Changes]

[Store Opponent's Character Changes]

[Post-Cutscene Event: 2 parameters]
* Event ID: Aerial Clash
* Character ID: N/A

[Scene End & Battle Start]

===== SCENE 10033 =====

[Scene Start]

[Battle End: 1 parameter]
* Battle Outcome ID: 1

[Store Character Positions]

[Primary Camera Point: 6 parameters]
* Position (X): -14.317
* Position (Y): -8.874
* Position (Z): -30.899
* Rotation (Y): -1.998
* Rotation (X): 56.351
* Rotation (Z): 0.0

[Assign Character Position & Rotation: 7 parameters]
* Character Index: 2
* Position (X): 4.2
* Position (Y): 0.0
* Position (Z): -26.9
* Rotation (X): 0.0
* Rotation (Y): 23.4
* Rotation (Z): 0.0

[Assign Character Position & Rotation: 7 parameters]
* Character Index: 0 (Opp.)
* Position (X): 55.8
* Position (Y): 0.0
* Position (Z): 11.9
* Rotation (X): 0.0
* Rotation (Y): -110.4
* Rotation (Z): 0.0

[Disable Lingering Aura: 1 parameter]
* Character Index: 2

[Disable Lingering Aura: 1 parameter]
* Character Index: 0 (Opp.)

[Assign Animation: 2 parameters]
* Character Index: 2
* ANM Name: WIN_LOOP
-> Enable ANM Loop

[Assign Animation: 2 parameters]
* Character Index: 0 (Opp.)
* ANM Name: LOSE
-> Wait until End of ANM

[Play Character Voice Line: 2 parameters]
* Character Index: 2
* Voice Line ID: 133
-> Wait until End of Voice Line

[Store VFX Switches]

[Store Conditional Properties]

[Store Player's Character Changes]

[Store Opponent's Character Changes]

[Post-Cutscene Event: 2 parameters]
* Event ID: Aerial Clash
* Character ID: N/A

[Scene End & Battle Start]

===== SCENE 10034 =====

[Scene Start]

[Battle End: 1 parameter]
* Battle Outcome ID: 1

[Store Character Positions]

[Primary Camera Point: 6 parameters]
* Position (X): -14.317
* Position (Y): -8.874
* Position (Z): -30.899
* Rotation (Y): -1.998
* Rotation (X): 56.351
* Rotation (Z): 0.0

[Assign Character Position & Rotation: 7 parameters]
* Character Index: 3
* Position (X): 4.2
* Position (Y): 0.0
* Position (Z): -26.9
* Rotation (X): 0.0
* Rotation (Y): 23.4
* Rotation (Z): 0.0

[Assign Character Position & Rotation: 7 parameters]
* Character Index: 0 (Opp.)
* Position (X): 55.8
* Position (Y): 0.0
* Position (Z): 11.9
* Rotation (X): 0.0
* Rotation (Y): -110.4
* Rotation (Z): 0.0

[Disable Lingering Aura: 1 parameter]
* Character Index: 3

[Disable Lingering Aura: 1 parameter]
* Character Index: 0 (Opp.)

[Assign Animation: 2 parameters]
* Character Index: 3
* ANM Name: WIN_LOOP
-> Enable ANM Loop

[Assign Animation: 2 parameters]
* Character Index: 0 (Opp.)
* ANM Name: LOSE
-> Wait until End of ANM

[Play Character Voice Line: 2 parameters]
* Character Index: 3
* Voice Line ID: 62
-> Wait until End of Voice Line

[Store VFX Switches]

[Store Conditional Properties]

[Store Player's Character Changes]

[Store Opponent's Character Changes]

[Post-Cutscene Event: 2 parameters]
* Event ID: Aerial Clash
* Character ID: N/A

[Scene End & Battle Start]

===== SCENE 10040 =====

[Scene Start]

[Battle End: 1 parameter]
* Battle Outcome ID: 1

[Store Character Positions]

[Primary Camera Point: 6 parameters]
* Position (X): -14.317
* Position (Y): -8.874
* Position (Z): -30.899
* Rotation (Y): -1.998
* Rotation (X): 56.351
* Rotation (Z): 0.0

[Assign Character Position & Rotation: 7 parameters]
* Character Index: 3
* Position (X): 4.2
* Position (Y): 0.0
* Position (Z): -26.9
* Rotation (X): 0.0
* Rotation (Y): 23.4
* Rotation (Z): 0.0

[Assign Character Position & Rotation: 7 parameters]
* Character Index: 0 (Opp.)
* Position (X): 55.8
* Position (Y): 0.0
* Position (Z): 11.9
* Rotation (X): 0.0
* Rotation (Y): -110.4
* Rotation (Z): 0.0

[Disable Lingering Aura: 1 parameter]
* Character Index: 3

[Disable Lingering Aura: 1 parameter]
* Character Index: 0 (Opp.)

[Assign Animation: 2 parameters]
* Character Index: 3
* ANM Name: WIN_LOOP
-> Enable ANM Loop

[Assign Animation: 2 parameters]
* Character Index: 0 (Opp.)
* ANM Name: LOSE
-> Wait until End of ANM

[Play Character Voice Line: 2 parameters]
* Character Index: 3
* Voice Line ID: 62
-> Wait until End of Voice Line

[Store VFX Switches]

[Store Conditional Properties]

[Store Player's Character Changes]

[Store Opponent's Character Changes]

[Post-Cutscene Event: 2 parameters]
* Event ID: Aerial Clash
* Character ID: N/A

[Scene End & Battle Start]

===== SCENE 10012 =====

[Scene Start]

[Battle End: 1 parameter]
* Battle Outcome ID: -1

[Store Character Positions]

[Store VFX Switches]

[Store Conditional Properties]
-> Scene Link: 2 parameters
* Condition: Win via K.O.
* Scene ID: 10033
-> Scene Link: 2 parameters
* Condition: Win via K.O. (Opp.)
* Scene ID: 10008

[Store Player's Character Changes]

[Store Opponent's Character Changes]
-> Replace Z-Item #7: 1 parameter
* Z-Item #7: Go To Hell

[Post-Cutscene Event: 2 parameters]
* Event ID: Trigger Ultimate Blast (Opp.)
* Character ID: N/A

[Scene End & Battle Start]
