GSC Origin: Budokai Tenkaichi 3

===== SCENE -1 =====

===== SCENE 1000 =====

===== SCENE -2 =====

[Load TXT PAK]

[Load LPS PAK]

===== SCENE -3 =====

[Scenario Identifier: 1 parameter]
* GSC Name: Un final milagroso!

[Rewards: 15 parameters]
* Z-Points (Easy): 500
* Z-Points (Normal): 1000
* Z-Points (Hard): 1500
* Z-Item #1: N/A
* Z-Item #2: N/A
* Z-Item #3: N/A
* Map #1: N/A
* Map #2: N/A
* Map #3: N/A
* Character #1: N/A
* Character #2: N/A
* Character #3: N/A
* Scenario #1: Invalid (Value: 393217)
* Scenario #2: N/A
* Scenario #3: N/A

[Subtitle Settings]
-> Text Region: 1 parameter
* Region ID: 0
-> Text is Grey: 1 parameter
* Enable Grey Text: False
-> Text Position: 2 parameters
* Position (X): 256
* Position (Y): 428
-> Text Size: 2 parameters
* Width: 0.85
* Height: 0.85
-> Text Scale: 1 parameter
* Coefficient: 1.0
-> Text Color: 4 parameters
* Red: 255
* Green: 255
* Blue: 255
* Opacity: 128
-> Text Padding: 2 parameters
* Padding (Vertical): 2
* Padding (Horizontal): 5
-> Text Alignment: 1 parameter
* Alignment ID: 1
-> Symbol: 1 parameter
* Type: 2
-> Text Outline Size: 2 parameters
* Width: 1
* Height: 2
-> Text Outline Color: 4 parameters
* Red: 0
* Green: 0
* Blue: 0
* Opacity: 64

[Subtitle Settings]
-> Text Region: 1 parameter
* Region ID: 1
-> Text is Grey: 1 parameter
* Enable Grey Text: False
-> Text Position: 2 parameters
* Position (X): 256
* Position (Y): 428
-> Text Size: 2 parameters
* Width: 0.85
* Height: 0.85
-> Text Scale: 1 parameter
* Coefficient: 1.0
-> Text Color: 4 parameters
* Red: 255
* Green: 255
* Blue: 255
* Opacity: 128
-> Text Padding: 2 parameters
* Padding (Vertical): 2
* Padding (Horizontal): 5
-> Text Alignment: 1 parameter
* Alignment ID: 1
-> Symbol: 1 parameter
* Type: 2
-> Text Outline Size: 2 parameters
* Width: 1
* Height: 2
-> Text Outline Color: 4 parameters
* Red: 0
* Green: 0
* Blue: 0
* Opacity: 64

[Subtitle Settings]
-> Text Region: 1 parameter
* Region ID: 2
-> Text is Grey: 1 parameter
* Enable Grey Text: False
-> Text Position: 2 parameters
* Position (X): 256
* Position (Y): 428
-> Text Size: 2 parameters
* Width: 0.85
* Height: 0.85
-> Text Scale: 1 parameter
* Coefficient: 1.0
-> Text Color: 4 parameters
* Red: 255
* Green: 255
* Blue: 255
* Opacity: 128
-> Text Padding: 2 parameters
* Padding (Vertical): 2
* Padding (Horizontal): 5
-> Text Alignment: 1 parameter
* Alignment ID: 1
-> Symbol: 1 parameter
* Type: 2
-> Text Outline Size: 2 parameters
* Width: 1
* Height: 2
-> Text Outline Color: 4 parameters
* Red: 0
* Green: 0
* Blue: 0
* Opacity: 64

[Subtitle Settings]
-> Text Region: 1 parameter
* Region ID: 3
-> Text is Grey: 1 parameter
* Enable Grey Text: False
-> Text Position: 2 parameters
* Position (X): 256
* Position (Y): 428
-> Text Size: 2 parameters
* Width: 0.85
* Height: 0.85
-> Text Scale: 1 parameter
* Coefficient: 1.0
-> Text Color: 4 parameters
* Red: 255
* Green: 255
* Blue: 255
* Opacity: 128
-> Text Padding: 2 parameters
* Padding (Vertical): 2
* Padding (Horizontal): 5
-> Text Alignment: 1 parameter
* Alignment ID: 1
-> Symbol: 1 parameter
* Type: 2
-> Text Outline Size: 2 parameters
* Width: 2
* Height: 2
-> Text Outline Color: 4 parameters
* Red: 32
* Green: 32
* Blue: 32
* Opacity: 128

[Subtitle Settings]
-> Text Region: 1 parameter
* Region ID: 0
-> Text is Grey: 1 parameter
* Enable Grey Text: True
-> Text Position: 2 parameters
* Position (X): 256
* Position (Y): 428
-> Text Size: 2 parameters
* Width: 0.85
* Height: 0.85
-> Text Scale: 1 parameter
* Coefficient: 1.0
-> Text Color: 4 parameters
* Red: 140
* Green: 140
* Blue: 140
* Opacity: 128
-> Text Padding: 2 parameters
* Padding (Vertical): 2
* Padding (Horizontal): 5
-> Text Alignment: 1 parameter
* Alignment ID: 1
-> Symbol: 1 parameter
* Type: 2
-> Text Outline Size: 2 parameters
* Width: 1
* Height: 2
-> Text Outline Color: 4 parameters
* Red: 0
* Green: 0
* Blue: 0
* Opacity: 64

[Subtitle Settings]
-> Text Region: 1 parameter
* Region ID: 1
-> Text is Grey: 1 parameter
* Enable Grey Text: True
-> Text Position: 2 parameters
* Position (X): 256
* Position (Y): 428
-> Text Size: 2 parameters
* Width: 0.85
* Height: 0.85
-> Text Scale: 1 parameter
* Coefficient: 1.0
-> Text Color: 4 parameters
* Red: 140
* Green: 140
* Blue: 140
* Opacity: 128
-> Text Padding: 2 parameters
* Padding (Vertical): 2
* Padding (Horizontal): 5
-> Text Alignment: 1 parameter
* Alignment ID: 1
-> Symbol: 1 parameter
* Type: 2
-> Text Outline Size: 2 parameters
* Width: 1
* Height: 2
-> Text Outline Color: 4 parameters
* Red: 0
* Green: 0
* Blue: 0
* Opacity: 64

[Subtitle Settings]
-> Text Region: 1 parameter
* Region ID: 2
-> Text is Grey: 1 parameter
* Enable Grey Text: True
-> Text Position: 2 parameters
* Position (X): 256
* Position (Y): 428
-> Text Size: 2 parameters
* Width: 0.85
* Height: 0.85
-> Text Scale: 1 parameter
* Coefficient: 1.0
-> Text Color: 4 parameters
* Red: 140
* Green: 140
* Blue: 140
* Opacity: 128
-> Text Padding: 2 parameters
* Padding (Vertical): 2
* Padding (Horizontal): 5
-> Text Alignment: 1 parameter
* Alignment ID: 1
-> Symbol: 1 parameter
* Type: 2
-> Text Outline Size: 2 parameters
* Width: 1
* Height: 2
-> Text Outline Color: 4 parameters
* Red: 0
* Green: 0
* Blue: 0
* Opacity: 64

[Subtitle Settings]
-> Text Region: 1 parameter
* Region ID: 3
-> Text is Grey: 1 parameter
* Enable Grey Text: True
-> Text Position: 2 parameters
* Position (X): 256
* Position (Y): 428
-> Text Size: 2 parameters
* Width: 0.85
* Height: 0.85
-> Text Scale: 1 parameter
* Coefficient: 1.0
-> Text Color: 4 parameters
* Red: 140
* Green: 140
* Blue: 140
* Opacity: 128
-> Text Padding: 2 parameters
* Padding (Vertical): 2
* Padding (Horizontal): 5
-> Text Alignment: 1 parameter
* Alignment ID: 1
-> Symbol: 1 parameter
* Type: 2
-> Text Outline Size: 2 parameters
* Width: 2
* Height: 2
-> Text Outline Color: 4 parameters
* Red: 32
* Green: 32
* Blue: 32
* Opacity: 128

===== SCENE -4 =====

[Battle Settings: 5 parameters]
* Map: DESIERTO DE MOLLEJA
* Music: BT3 OST - Dynamite Battle
* Battle Time (s): 0
* Referee: Shenron
* Enable Map Destruction: False

[Team Settings: 2 parameters]
* Team Index: 0
* Number of Teammates: 2

[Team Settings: 2 parameters]
* Team Index: 1
* Number of Teammates: 5

[Character Settings: 14 parameters]
* Character Index: 0
* Character: Zaiko
* Color: 0
* Damaged: False
* COM Level: 0
* Z-Item #8: Broly Type
* Health (%): 100
* Z-Item #1: N/A
* Z-Item #2: Defense +25
* Z-Item #3: Attack -5
* Z-Item #4: Dragon Break
* Z-Item #5: Vanishing Break
* Z-Item #6: Attack +5
* Z-Item #7: N/A

[Character Settings: 14 parameters]
* Character Index: 1
* Character: Lyra Cold - Kaio-shin del Oeste
* Color: 1
* Damaged: False
* COM Level: 0
* Z-Item #8: Defense +10
* Health (%): 150
* Z-Item #1: N/A
* Z-Item #2: N/A
* Z-Item #3: N/A
* Z-Item #4: N/A
* Z-Item #5: N/A
* Z-Item #6: Ultimate Body
* Z-Item #7: N/A

[Character Settings: 14 parameters]
* Character Index: 0 (Opp.)
* Character: Goten GT
* Color: 0
* Damaged: False
* COM Level: 4
* Z-Item #8: N/A
* Health (%): 100
* Z-Item #1: Defense +10
* Z-Item #2: N/A
* Z-Item #3: N/A
* Z-Item #4: N/A
* Z-Item #5: N/A
* Z-Item #6: Ultimate Body
* Z-Item #7: N/A

[Character Settings: 14 parameters]
* Character Index: 1 (Opp.)
* Character: Gohan (GT)
* Color: 0
* Damaged: False
* COM Level: 4
* Z-Item #8: N/A
* Health (%): 100
* Z-Item #1: Defense +10
* Z-Item #2: N/A
* Z-Item #3: N/A
* Z-Item #4: N/A
* Z-Item #5: N/A
* Z-Item #6: Ultimate Body
* Z-Item #7: N/A

[Character Settings: 14 parameters]
* Character Index: 2 (Opp.)
* Character: Vegeta (AF/GT)
* Color: 2
* Damaged: False
* COM Level: 4
* Z-Item #8: N/A
* Health (%): 100
* Z-Item #1: Defense +10
* Z-Item #2: N/A
* Z-Item #3: N/A
* Z-Item #4: N/A
* Z-Item #5: N/A
* Z-Item #6: Ultimate Body
* Z-Item #7: N/A

[Character Settings: 14 parameters]
* Character Index: 3 (Opp.)
* Character: Trunks GT
* Color: 0
* Damaged: False
* COM Level: 4
* Z-Item #8: N/A
* Health (%): 100
* Z-Item #1: Defense +10
* Z-Item #2: N/A
* Z-Item #3: N/A
* Z-Item #4: N/A
* Z-Item #5: N/A
* Z-Item #6: Ultimate Body
* Z-Item #7: N/A

[Character Settings: 14 parameters]
* Character Index: 4 (Opp.)
* Character: Kibitoshin
* Color: 0
* Damaged: False
* COM Level: 4
* Z-Item #8: N/A
* Health (%): 100
* Z-Item #1: Defense +10
* Z-Item #2: N/A
* Z-Item #3: N/A
* Z-Item #4: N/A
* Z-Item #5: N/A
* Z-Item #6: Ultimate Body
* Z-Item #7: N/A

===== SCENE -5 =====

[Store Audio-Related Properties]
-> Audio-Related Property: 2 parameters
* Voice Line ID: 64
* Character Index: 0 (Opp.)
-> Audio-Related Property: 2 parameters
* Voice Line ID: 65
* Character Index: 0
-> Audio-Related Property: 2 parameters
* Voice Line ID: 66
* Character Index: 0 (Opp.)
-> Audio-Related Property: 2 parameters
* Voice Line ID: 67
* Character Index: 0
-> Audio-Related Property: 2 parameters
* Voice Line ID: 68
* Character Index: 0
-> Audio-Related Property: 2 parameters
* Voice Line ID: 69
* Character Index: 0 (Opp.)
-> Audio-Related Property: 2 parameters
* Voice Line ID: 72
* Character Index: 0
-> Audio-Related Property: 2 parameters
* Voice Line ID: 73
* Character Index: 1 (Opp.)
-> Audio-Related Property: 2 parameters
* Voice Line ID: 74
* Character Index: 0
-> Audio-Related Property: 2 parameters
* Voice Line ID: 75
* Character Index: 1 (Opp.)
-> Audio-Related Property: 2 parameters
* Voice Line ID: 76
* Character Index: 0
-> Audio-Related Property: 2 parameters
* Voice Line ID: 77
* Character Index: 1 (Opp.)
-> Audio-Related Property: 2 parameters
* Voice Line ID: 78
* Character Index: 0
-> Audio-Related Property: 2 parameters
* Voice Line ID: 80
* Character Index: 1 (Opp.)
-> Audio-Related Property: 2 parameters
* Voice Line ID: 81
* Character Index: 2 (Opp.)
-> Audio-Related Property: 2 parameters
* Voice Line ID: 82
* Character Index: 0
-> Audio-Related Property: 2 parameters
* Voice Line ID: 83
* Character Index: 0
-> Audio-Related Property: 2 parameters
* Voice Line ID: 84
* Character Index: 0
-> Audio-Related Property: 2 parameters
* Voice Line ID: 85
* Character Index: 1 (Opp.)
-> Audio-Related Property: 2 parameters
* Voice Line ID: 86
* Character Index: 0
-> Audio-Related Property: 2 parameters
* Voice Line ID: 87
* Character Index: 0
-> Audio-Related Property: 2 parameters
* Voice Line ID: 88
* Character Index: 0
-> Audio-Related Property: 2 parameters
* Voice Line ID: 89
* Character Index: 3 (Opp.)
-> Audio-Related Property: 2 parameters
* Voice Line ID: 90
* Character Index: 1 (Opp.)
-> Audio-Related Property: 2 parameters
* Voice Line ID: 96
* Character Index: 0
-> Audio-Related Property: 2 parameters
* Voice Line ID: 97
* Character Index: 0
-> Audio-Related Property: 2 parameters
* Voice Line ID: 130
* Character Index: 2 (Opp.)
-> Audio-Related Property: 2 parameters
* Voice Line ID: 131
* Character Index: 2 (Opp.)

===== SCENE 10000 =====

[Scene Start]

[Battle End: 1 parameter]
* Battle Outcome ID: -1

[Store Character Positions]

[Assign Character Position & Rotation: 7 parameters]
* Character Index: 0
* Position (X): 88.0
* Position (Y): 0.0
* Position (Z): 0.0
* Rotation (X): 0.0
* Rotation (Y): -90.0
* Rotation (Z): 0.0

[Assign Character Position & Rotation: 7 parameters]
* Character Index: 0 (Opp.)
* Position (X): -88.0
* Position (Y): 0.0
* Position (Z): 0.0
* Rotation (X): 0.0
* Rotation (Y): 90.0
* Rotation (Z): 0.0

[Primary Camera Point: 6 parameters]
* Position (X): 95.402
* Position (Y): -17.382
* Position (Z): -5.704
* Rotation (Y): -14.3
* Rotation (X): -68.111
* Rotation (Z): 0.0

[Secondary Camera Point]
-> Additional Camera Point: 7 parameters
* Time (s): 5.0
* Position (X): 103.342
* Position (Y): -14.532
* Position (Z): -8.064
* Rotation (Y): -4.9
* Rotation (X): -69.910995
* Rotation (Z): 0.0

[Assign Animation: 2 parameters]
* Character Index: 0
* ANM Name: STAND_LOOP
-> Enable ANM Loop

[Play Character Voice Line: 2 parameters]
* Character Index: 0
* Voice Line ID: 63
-> Wait until End of Voice Line

[Primary Camera Point: 6 parameters]
* Position (X): -82.461
* Position (Y): -12.172
* Position (Z): 12.18
* Rotation (Y): -0.096
* Rotation (X): -152.841
* Rotation (Z): 0.0

[Secondary Camera Point]
-> Additional Camera Point: 7 parameters
* Time (s): 6.0
* Position (X): -75.25
* Position (Y): -12.172999
* Position (Z): 5.278
* Rotation (Y): -0.095998
* Rotation (X): -112.158
* Rotation (Z): 0.0

[Assign Animation: 2 parameters]
* Character Index: 0 (Opp.)
* ANM Name: INTRO_IN
-> Wait until End of ANM

[Assign Animation: 2 parameters]
* Character Index: 0 (Opp.)
* ANM Name: INTRO_LOOP
-> Enable ANM Loop

[Play Character Voice Line: 2 parameters]
* Character Index: 0 (Opp.)
* Voice Line ID: 1
-> Wait until End of Voice Line

[Primary Camera Point: 6 parameters]
* Position (X): 0.964997
* Position (Y): -9.72
* Position (Z): -0.32
* Rotation (Y): -5.517
* Rotation (X): 89.126
* Rotation (Z): 0.0

[Secondary Camera Point]
-> Additional Camera Point: 7 parameters
* Time (s): 2.0
* Position (X): 78.91003
* Position (Y): -13.531999
* Position (Z): 0.388
* Rotation (Y): 6.213
* Rotation (X): 90.762
* Rotation (Z): 0.0

[Assign Animation: 2 parameters]
* Character Index: 0
* ANM Name: INTRO_IN
-> Wait until End of ANM

[Assign Animation: 2 parameters]
* Character Index: 0
* ANM Name: INTRO_LOOP
-> Enable ANM Loop

[Play Character Voice Line: 2 parameters]
* Character Index: 0
* Voice Line ID: 2
-> Wait until End of Voice Line

[Primary Camera Point: 6 parameters]
* Position (X): 80.126
* Position (Y): -14.17998
* Position (Z): 4.016995
* Rotation (Y): 1.847
* Rotation (X): 125.78
* Rotation (Z): 0.0

[Play Character Voice Line: 2 parameters]
* Character Index: 0
* Voice Line ID: 3
-> Wait until End of Voice Line

[Play Character Voice Line: 2 parameters]
* Character Index: 0
* Voice Line ID: 4
-> Wait until End of Voice Line

[Primary Camera Point: 6 parameters]
* Position (X): -80.321
* Position (Y): -11.377999
* Position (Z): 1.426
* Rotation (Y): 20.369
* Rotation (X): -98.99999
* Rotation (Z): 0.0

[Assign Animation: 2 parameters]
* Character Index: 0 (Opp.)
* ANM Name: INTRO_LOOP
-> Enable ANM Loop

[Play Character Voice Line: 2 parameters]
* Character Index: 0 (Opp.)
* Voice Line ID: 5
-> Wait until End of Voice Line

[Store VFX Switches]

[Store Conditional Properties]
-> Scene Link: 2 parameters
* Condition: Win via K.O.
* Scene ID: 10002
-> Scene Link: 2 parameters
* Condition: Win via K.O. (Opp.)
* Scene ID: 10040
-> Audio Link: 2 parameters
* Condition: Immediate
* Voice Line ID: 0
-> Audio Link: 2 parameters
* Condition: Immediate
* Voice Line ID: 64
-> Audio Link: 2 parameters
* Condition: Immediate
* Voice Line ID: 65
-> Audio Link: 2 parameters
* Condition: Immediate
* Voice Line ID: 66
-> Audio Link: 2 parameters
* Condition: Immediate
* Voice Line ID: 67
-> Audio Link: 2 parameters
* Condition: Immediate
* Voice Line ID: 68
-> Audio Link: 2 parameters
* Condition: Immediate
* Voice Line ID: 69

[Store Player's Character Changes]

[Store Opponent's Character Changes]

[Post-Cutscene Event: 2 parameters]
* Event ID: Battle Finish
* Character ID: Goten GT - Super Saiyajin

[Scene End & Battle Start]
-> PROPERTY 119

[Post-Cutscene Event: 2 parameters]
* Event ID: Assign Transformation (Opp.)
* Character ID: Goten GT - Super Saiyajin

===== SCENE 10001 =====

[Scene Start]

[Battle End: 1 parameter]
* Battle Outcome ID: -1

[Store Character Positions]

[Assign Character Position & Rotation: 7 parameters]
* Character Index: 0
* Position (X): 88.0
* Position (Y): 0.0
* Position (Z): 0.0
* Rotation (X): 0.0
* Rotation (Y): -90.0
* Rotation (Z): 0.0

[Assign Character Position & Rotation: 7 parameters]
* Character Index: 0 (Opp.)
* Position (X): -88.0
* Position (Y): 0.0
* Position (Z): 0.0
* Rotation (X): 0.0
* Rotation (Y): 90.0
* Rotation (Z): 0.0

[Primary Camera Point: 6 parameters]
* Position (X): -72.781
* Position (Y): -14.122001
* Position (Z): -0.3
* Rotation (Y): 0.406
* Rotation (X): -86.241
* Rotation (Z): 0.0

[Assign Animation: 2 parameters]
* Character Index: 1 (Opp.)
* ANM Name: INTRO_IN
-> Wait until End of ANM

[Assign Animation: 2 parameters]
* Character Index: 0
* ANM Name: STAND_LOOP
-> Enable ANM Loop

[Play Character Voice Line: 2 parameters]
* Character Index: 2 (Opp.)
* Voice Line ID: 71
-> Wait until End of Voice Line

[Primary Camera Point: 6 parameters]
* Position (X): -84.161
* Position (Y): -17.212002
* Position (Z): -4.67
* Rotation (Y): -12.066
* Rotation (X): -32.241
* Rotation (Z): 0.0

[Play Character Voice Line: 2 parameters]
* Character Index: 1 (Opp.)
* Voice Line ID: 6
-> Wait until End of Voice Line

[Store VFX Switches]

[Store Conditional Properties]
-> Scene Link: 2 parameters
* Condition: Immediate
* Scene ID: 10003

[Store Player's Character Changes]

[Store Opponent's Character Changes]

[Post-Cutscene Event: 2 parameters]
* Event ID: Switch with Teammate #2
* Character ID: N/A

[Scene End & Battle Start]

===== SCENE 10002 =====

[Scene Start]

[Battle End: 1 parameter]
* Battle Outcome ID: -1

[Store Character Positions]

[Assign Character Position & Rotation: 7 parameters]
* Character Index: 1
* Position (X): -51.4
* Position (Y): -0.4
* Position (Z): 61.3
* Rotation (X): 0.0
* Rotation (Y): 140.0
* Rotation (Z): 0.0

[Assign Character Position & Rotation: 7 parameters]
* Character Index: 0 (Opp.)
* Position (X): 51.4
* Position (Y): -1.3
* Position (Z): -61.3
* Rotation (X): 0.0
* Rotation (Y): -40.0
* Rotation (Z): 0.0

[Disable Lingering Aura: 1 parameter]
* Character Index: 1

[Primary Camera Point: 6 parameters]
* Position (X): 28.625
* Position (Y): -8.101
* Position (Z): -29.093
* Rotation (Y): 7.923
* Rotation (X): 142.813
* Rotation (Z): 0.0

[Secondary Camera Point]
-> Additional Camera Point: 7 parameters
* Time (s): 2.0
* Position (X): 28.625
* Position (Y): -8.101
* Position (Z): -29.093
* Rotation (Y): 7.923
* Rotation (X): 142.813
* Rotation (Z): 0.0
-> Additional Camera Point: 7 parameters
* Time (s): 1.5
* Position (X): -79.479
* Position (Y): -10.618
* Position (Z): 65.737
* Rotation (Y): -5.303
* Rotation (X): 123.85
* Rotation (Z): 0.0

[Assign Animation: 2 parameters]
* Character Index: 0 (Opp.)
* ANM Name: LOSE
-> Wait until End of ANM

[Assign Animation: 2 parameters]
* Character Index: 0
* ANM Name: INTRO_IN

[Play Character Voice Line: 2 parameters]
* Character Index: 0
* Voice Line ID: 70
-> Wait until End of Voice Line

[Primary Camera Point: 6 parameters]
* Position (X): -44.865
* Position (Y): -14.981
* Position (Z): 55.883
* Rotation (Y): -0.943
* Rotation (X): -61.763004
* Rotation (Z): 0.0

[Play Character Voice Line: 2 parameters]
* Character Index: 0
* Voice Line ID: 25
-> Wait until End of Voice Line

[Store VFX Switches]

[Store Conditional Properties]
-> Scene Link: 2 parameters
* Condition: Immediate
* Scene ID: 10001
-> Scene Link: 2 parameters
* Condition: Win via K.O. (Opp.)
* Scene ID: 10041

[Store Player's Character Changes]

[Store Opponent's Character Changes]

[Post-Cutscene Event: 2 parameters]
* Event ID: Switch with Teammate #2 (Opp.)
* Character ID: Goku (Inicio)

[Scene End & Battle Start]

===== SCENE 10003 =====

[Scene Start]

[Battle End: 1 parameter]
* Battle Outcome ID: -1

[Store Character Positions]

[Assign Character Position & Rotation: 7 parameters]
* Character Index: 1
* Position (X): 88.0
* Position (Y): 0.0
* Position (Z): 0.0
* Rotation (X): 0.0
* Rotation (Y): -90.0
* Rotation (Z): 0.0

[Assign Character Position & Rotation: 7 parameters]
* Character Index: 1 (Opp.)
* Position (X): -88.0
* Position (Y): 0.0
* Position (Z): 0.0
* Rotation (X): 0.0
* Rotation (Y): 90.0
* Rotation (Z): 0.0

[Primary Camera Point: 6 parameters]
* Position (X): 97.041
* Position (Y): -11.487999
* Position (Z): 0.636
* Rotation (Y): -6.898999
* Rotation (X): -94.03999
* Rotation (Z): 0.0

[Secondary Camera Point]
-> Additional Camera Point: 7 parameters
* Time (s): 7.0
* Position (X): 95.562004
* Position (Y): -11.482
* Position (Z): 7.03
* Rotation (Y): -6.89
* Rotation (X): -121.601
* Rotation (Z): 0.0

[Music Change: 1 parameter]
* Music: BT2 OST - Lonesome Wild
-> PROPERTY 119

[Assign Animation: 2 parameters]
* Character Index: 1 (Opp.)
* ANM Name: STAND_LOOP
-> Enable ANM Loop

[Play Character Voice Line: 2 parameters]
* Character Index: 1
* Voice Line ID: 11
-> Wait until End of Voice Line

[Primary Camera Point: 6 parameters]
* Position (X): 81.671
* Position (Y): -11.987999
* Position (Z): -5.995997
* Rotation (Y): 2.428999
* Rotation (X): 48.114998
* Rotation (Z): 0.0

[Assign Animation: 2 parameters]
* Character Index: 1
* ANM Name: INTRO_LOOP
-> Wait until End of ANM

[Play Character Voice Line: 2 parameters]
* Character Index: 1
* Voice Line ID: 14
-> Wait until End of Voice Line

[Store VFX Switches]

[Store Conditional Properties]
-> Scene Link: 2 parameters
* Condition: Lose 3 Health Bars (Opp.)
* Scene ID: 10006
-> Scene Link: 2 parameters
* Condition: Win via K.O.
* Scene ID: 10006
-> Scene Link: 2 parameters
* Condition: Win via K.O. (Opp.)
* Scene ID: 10041
-> Audio Link: 2 parameters
* Condition: Immediate
* Voice Line ID: 72
-> Audio Link: 2 parameters
* Condition: Immediate
* Voice Line ID: 73
-> Audio Link: 2 parameters
* Condition: Immediate
* Voice Line ID: 74
-> Audio Link: 2 parameters
* Condition: Immediate
* Voice Line ID: 75
-> Audio Link: 2 parameters
* Condition: Immediate
* Voice Line ID: 76
-> Audio Link: 2 parameters
* Condition: Immediate
* Voice Line ID: 77

[Store Player's Character Changes]

[Store Opponent's Character Changes]

[Post-Cutscene Event: 2 parameters]
* Event ID: Switch with Teammate #1
* Character ID: N/A

[Scene End & Battle Start]

===== SCENE 10004 =====

[Scene Start]

[Battle End: 1 parameter]
* Battle Outcome ID: -1

[Store Character Positions]

[Trigger Fade-Out: 1 parameter]
* Time (s): 1.0

[Assign Character Position & Rotation: 7 parameters]
* Character Index: 0
* Position (X): 88.0
* Position (Y): 0.0
* Position (Z): 0.0
* Rotation (X): 0.0
* Rotation (Y): -90.0
* Rotation (Z): 0.0

[Assign Character Position & Rotation: 7 parameters]
* Character Index: 0 (Opp.)
* Position (X): -88.0
* Position (Y): 0.0
* Position (Z): 0.0
* Rotation (X): 0.0
* Rotation (Y): 90.0
* Rotation (Z): 0.0

[Store VFX Switches]

[Store Conditional Properties]
-> Scene Link: 2 parameters
* Condition: Immediate
* Scene ID: 10003
-> Scene Link: 2 parameters
* Condition: Win via K.O. (Opp.)
* Scene ID: 10007
-> Scene Link: 2 parameters
* Condition: Wait 30 seconds
* Scene ID: 10005

[Store Player's Character Changes]

[Store Opponent's Character Changes]

[Post-Cutscene Event: 2 parameters]
* Event ID: Switch with Teammate #2
* Character ID: N/A

[Scene End & Battle Start]

===== SCENE 10005 =====

[Scene Start]

[Battle End: 1 parameter]
* Battle Outcome ID: -1

[Store Character Positions]

[Trigger Fade-Out: 1 parameter]
* Time (s): 1.0

[Assign Character Position & Rotation: 7 parameters]
* Character Index: 0
* Position (X): 88.0
* Position (Y): 0.0
* Position (Z): 0.0
* Rotation (X): 0.0
* Rotation (Y): -90.0
* Rotation (Z): 0.0

[Assign Character Position & Rotation: 7 parameters]
* Character Index: 0 (Opp.)
* Position (X): -88.0
* Position (Y): 0.0
* Position (Z): 0.0
* Rotation (X): 0.0
* Rotation (Y): 90.0
* Rotation (Z): 0.0

[Store VFX Switches]

[Store Conditional Properties]
-> Scene Link: 2 parameters
* Condition: Win via K.O.
* Scene ID: 10030
-> Scene Link: 2 parameters
* Condition: Win via K.O. (Opp.)
* Scene ID: 10040
-> Scene Link: 2 parameters
* Condition: Immediate
* Scene ID: 10006

[Store Player's Character Changes]
-> Assign Properties to Character: 1 parameter
* Character Index: 1

[Store Opponent's Character Changes]

[Post-Cutscene Event: 2 parameters]
* Event ID: Switch with Teammate #1
* Character ID: Piccolo (inicio)

[Scene End & Battle Start]

===== SCENE 10006 =====

[Scene Start]

[Battle End: 1 parameter]
* Battle Outcome ID: -1

[Store Character Positions]

[Assign Character Position & Rotation: 7 parameters]
* Character Index: 0
* Position (X): 88.0
* Position (Y): 0.0
* Position (Z): 0.0
* Rotation (X): 0.0
* Rotation (Y): -90.0
* Rotation (Z): 0.0

[Assign Character Position & Rotation: 7 parameters]
* Character Index: 0 (Opp.)
* Position (X): -88.0
* Position (Y): 0.0
* Position (Z): 0.0
* Rotation (X): 0.0
* Rotation (Y): 90.0
* Rotation (Z): 0.0

[Store VFX Switches]

[Store Conditional Properties]
-> Scene Link: 2 parameters
* Condition: Win via K.O. (Opp.)
* Scene ID: 10041
-> Scene Link: 2 parameters
* Condition: Immediate
* Scene ID: 10007

[Store Player's Character Changes]
-> Add Health: 1 parameter
* Health (%): 20

[Store Opponent's Character Changes]
-> Add Health: 1 parameter
* Health (%): 100

[Post-Cutscene Event: 2 parameters]
* Event ID: Switch with Teammate #3 (Opp.)
* Character ID: N/A

[Scene End & Battle Start]

===== SCENE 10007 =====

[Scene Start]

[Battle End: 1 parameter]
* Battle Outcome ID: -1

[Store Character Positions]

[Assign Character Position & Rotation: 7 parameters]
* Character Index: 0
* Position (X): 88.0
* Position (Y): 0.0
* Position (Z): 0.0
* Rotation (X): 0.0
* Rotation (Y): -90.0
* Rotation (Z): 0.0

[Assign Character Position & Rotation: 7 parameters]
* Character Index: 2 (Opp.)
* Position (X): -88.0
* Position (Y): 0.0
* Position (Z): 0.0
* Rotation (X): 0.0
* Rotation (Y): 90.0
* Rotation (Z): 0.0

[Primary Camera Point: 6 parameters]
* Position (X): 80.116005
* Position (Y): -14.184998
* Position (Z): 4.457
* Rotation (Y): -1.137
* Rotation (X): 122.51
* Rotation (Z): 0.0

[Secondary Camera Point]
-> Additional Camera Point: 7 parameters
* Time (s): 6.0
* Position (X): 78.55003
* Position (Y): -14.185
* Position (Z): 0.09
* Rotation (Y): -1.13
* Rotation (X): 89.310005
* Rotation (Z): 0.0

[Play Character Voice Line: 2 parameters]
* Character Index: 0
* Voice Line ID: 7
-> Wait until End of Voice Line

[Primary Camera Point: 6 parameters]
* Position (X): -76.04003
* Position (Y): -10.64
* Position (Z): 2.497
* Rotation (Y): -2.807
* Rotation (X): -100.48
* Rotation (Z): 0.0

[Play Character Voice Line: 2 parameters]
* Character Index: 2 (Opp.)
* Voice Line ID: 32
-> Wait until End of Voice Line

[Primary Camera Point: 6 parameters]
* Position (X): 73.44601
* Position (Y): -6.415
* Position (Z): 2.347
* Rotation (Y): 23.887
* Rotation (X): 96.62
* Rotation (Z): 0.0

[Secondary Camera Point]
-> Additional Camera Point: 7 parameters
* Time (s): 5.0
* Position (X): 76.036
* Position (Y): -13.635
* Position (Z): 1.857
* Rotation (Y): -0.137
* Rotation (X): 99.44
* Rotation (Z): 0.0

[Play Character Voice Line: 2 parameters]
* Character Index: 0
* Voice Line ID: 50
-> Wait until End of Voice Line

[Store VFX Switches]

[Store Conditional Properties]
-> Scene Link: 2 parameters
* Condition: Win via K.O.
* Scene ID: 10008
-> Scene Link: 2 parameters
* Condition: Win via K.O. (Opp.)
* Scene ID: 10042
-> Audio Link: 2 parameters
* Condition: Immediate
* Voice Line ID: 78
-> Audio Link: 2 parameters
* Condition: Immediate
* Voice Line ID: 130
-> Audio Link: 2 parameters
* Condition: Immediate
* Voice Line ID: 131

[Store Player's Character Changes]

[Store Opponent's Character Changes]

[Post-Cutscene Event: 2 parameters]
* Event ID: Assign Transformation (Opp.)
* Character ID: Vegeta (AF/GT) - Suoer Saiyajin 4

[Scene End & Battle Start]

===== SCENE 10008 =====

[Scene Start]

[Battle End: 1 parameter]
* Battle Outcome ID: -1

[Store Character Positions]

[Assign Character Position & Rotation: 7 parameters]
* Character Index: 0
* Position (X): 51.4
* Position (Y): -1.3
* Position (Z): -61.3
* Rotation (X): 0.0
* Rotation (Y): -40.0
* Rotation (Z): 0.0

[Assign Character Position & Rotation: 7 parameters]
* Character Index: 2 (Opp.)
* Position (X): 51.4
* Position (Y): -1.3
* Position (Z): -61.3
* Rotation (X): 0.0
* Rotation (Y): -40.0
* Rotation (Z): 0.0

[Disable Lingering Aura: 1 parameter]
* Character Index: 1

[Primary Camera Point: 6 parameters]
* Position (X): 1.385
* Position (Y): -16.52
* Position (Z): -30.083
* Rotation (Y): -8.273
* Rotation (X): 122.61004
* Rotation (Z): 0.0

[Music Change: 1 parameter]
* Music: Multiverse - Kouen
-> PROPERTY 119

[Assign Animation: 2 parameters]
* Character Index: 2 (Opp.)
* ANM Name: SKILL_003_EVENT_1

[Assign Animation: 2 parameters]
* Character Index: 0
* ANM Name: SKILL_003_EVENT_1
-> Wait until End of ANM

[Primary Camera Point: 6 parameters]
* Position (X): 39.35
* Position (Y): -13.301
* Position (Z): -57.663
* Rotation (Y): -23.883
* Rotation (X): 92.43301
* Rotation (Z): 0.0

[Secondary Camera Point]
-> Additional Camera Point: 7 parameters
* Time (s): 3.0
* Position (X): 39.35
* Position (Y): -13.301
* Position (Z): -57.663
* Rotation (Y): 22.073
* Rotation (X): 92.43301
* Rotation (Z): 0.0

[Play Character Voice Line: 2 parameters]
* Character Index: 0
* Voice Line ID: 79
-> Wait until End of Voice Line

[Primary Camera Point: 6 parameters]
* Position (X): 53.565
* Position (Y): -16.96
* Position (Z): -69.613
* Rotation (Y): 2.05
* Rotation (X): -7.043004
* Rotation (Z): 0.0

[Secondary Camera Point]
-> Additional Camera Point: 7 parameters
* Time (s): 5.0
* Position (X): 47.485
* Position (Y): -16.981
* Position (Z): -68.583
* Rotation (Y): 2.05
* Rotation (X): 12.943004
* Rotation (Z): 0.0

[Play Character Voice Line: 2 parameters]
* Character Index: 0
* Voice Line ID: 8
-> Wait until End of Voice Line

[Store VFX Switches]

[Store Conditional Properties]
-> Scene Link: 2 parameters
* Condition: Immediate
* Scene ID: 10009
-> Scene Link: 2 parameters
* Condition: Win via K.O. (Opp.)
* Scene ID: 10041

[Store Player's Character Changes]
-> Add Health: 1 parameter
* Health (%): 10

[Store Opponent's Character Changes]
-> Add Health: 1 parameter
* Health (%): 100

[Post-Cutscene Event: 2 parameters]
* Event ID: Switch with Teammate #2 (Opp.)
* Character ID: Goku (Inicio)

[Scene End & Battle Start]

===== SCENE 10009 =====

[Scene Start]

[Battle End: 1 parameter]
* Battle Outcome ID: -1

[Store Character Positions]

[Assign Character Position & Rotation: 7 parameters]
* Character Index: 0
* Position (X): 88.0
* Position (Y): 0.0
* Position (Z): 0.0
* Rotation (X): 0.0
* Rotation (Y): -90.0
* Rotation (Z): 0.0

[Assign Character Position & Rotation: 7 parameters]
* Character Index: 1 (Opp.)
* Position (X): -88.0
* Position (Y): 0.0
* Position (Z): 0.0
* Rotation (X): 0.0
* Rotation (Y): 90.0
* Rotation (Z): 0.0

[Primary Camera Point: 6 parameters]
* Position (X): 77.401
* Position (Y): -13.767999
* Position (Z): -3.78
* Rotation (Y): -5.518999
* Rotation (X): 68.095
* Rotation (Z): 0.0

[Assign Animation: 2 parameters]
* Character Index: 0
* ANM Name: INTRO_IN
-> Wait until End of ANM

[Assign Animation: 2 parameters]
* Character Index: 0
* ANM Name: INTRO_LOOP
-> Enable ANM Loop

[Play Character Voice Line: 2 parameters]
* Character Index: 0
* Voice Line ID: 9
-> Wait until End of Voice Line

[Primary Camera Point: 6 parameters]
* Position (X): -70.691
* Position (Y): -4.392
* Position (Z): -10.2
* Rotation (Y): 24.006
* Rotation (X): -56.701
* Rotation (Z): 0.0

[Secondary Camera Point]
-> Additional Camera Point: 7 parameters
* Time (s): 7.0
* Position (X): -80.82
* Position (Y): -9.232999
* Position (Z): -5.828
* Rotation (Y): 24.005999
* Rotation (X): -56.708
* Rotation (Z): 0.0

[Assign Animation: 2 parameters]
* Character Index: 1 (Opp.)
* ANM Name: STAND_LOOP
-> Enable ANM Loop

[Play Character Voice Line: 2 parameters]
* Character Index: 1 (Opp.)
* Voice Line ID: 60
-> Wait until End of Voice Line

[Primary Camera Point: 6 parameters]
* Position (X): 78.586006
* Position (Y): -12.604998
* Position (Z): -2.126995
* Rotation (Y): 6.737
* Rotation (X): 74.21
* Rotation (Z): 0.0

[Secondary Camera Point]
-> Additional Camera Point: 7 parameters
* Time (s): 3.2
* Position (X): -103.666
* Position (Y): -2.784998
* Position (Z): -9.176995
* Rotation (Y): 13.48
* Rotation (X): 74.21
* Rotation (Z): 0.0

[Play Character Voice Line: 2 parameters]
* Character Index: 0
* Voice Line ID: 10
-> Wait until End of Voice Line

[Primary Camera Point: 6 parameters]
* Position (X): -94.741
* Position (Y): -14.427999
* Position (Z): -8.79
* Rotation (Y): -8.308999
* Rotation (X): 57.504997
* Rotation (Z): 0.0

[Assign Animation: 2 parameters]
* Character Index: 1 (Opp.)
* ANM Name: GROUND
-> Enable ANM Loop

[Play Character Voice Line: 2 parameters]
* Character Index: 1 (Opp.)
* Voice Line ID: 13
-> Wait until End of Voice Line

[Store VFX Switches]

[Store Conditional Properties]
-> Scene Link: 2 parameters
* Condition: Win via K.O.
* Scene ID: 10010
-> Scene Link: 2 parameters
* Condition: Win via K.O. (Opp.)
* Scene ID: 10041
-> Audio Link: 2 parameters
* Condition: Immediate
* Voice Line ID: 80
-> Audio Link: 2 parameters
* Condition: Immediate
* Voice Line ID: 81

[Store Player's Character Changes]
-> Add Health: 1 parameter
* Health (%): 10

[Store Opponent's Character Changes]
-> Add Health: 1 parameter
* Health (%): 100

[Post-Cutscene Event: 2 parameters]
* Event ID: Assign Transformation (Opp.)
* Character ID: Gohan (GT) - Super Saiyajin 2

[Scene End & Battle Start]

===== SCENE 10010 =====

[Scene Start]

[Battle End: 1 parameter]
* Battle Outcome ID: -1

[Store Character Positions]

[Store VFX Switches]

[Store Conditional Properties]
-> Scene Link: 2 parameters
* Condition: Lose 4 Health Bars (Opp.)
* Scene ID: 10011
-> Scene Link: 2 parameters
* Condition: Win via K.O.
* Scene ID: 10011
-> Scene Link: 2 parameters
* Condition: Win via K.O. (Opp.)
* Scene ID: 10041
-> Audio Link: 2 parameters
* Condition: Immediate
* Voice Line ID: 31
-> Audio Link: 2 parameters
* Condition: Immediate
* Voice Line ID: 82

[Store Player's Character Changes]
-> Assign Properties to Character: 1 parameter
* Character Index: 1

[Store Opponent's Character Changes]
-> Add Health: 1 parameter
* Health (%): 100

[Post-Cutscene Event: 2 parameters]
* Event ID: Assign Transformation (Opp.)
* Character ID: Gohan (GT) - Super Saiyajin 4

[Scene End & Battle Start]

===== SCENE 10011 =====

[Scene Start]

[Battle End: 1 parameter]
* Battle Outcome ID: -1

[Store Character Positions]

[Store VFX Switches]

[Store Conditional Properties]
-> Scene Link: 2 parameters
* Condition: Immediate
* Scene ID: 10012
-> Scene Link: 2 parameters
* Condition: Win via K.O. (Opp.)
* Scene ID: 10041

[Store Player's Character Changes]
-> Assign Properties to Character: 1 parameter
* Character Index: 1

[Store Opponent's Character Changes]
-> Add Health: 1 parameter
* Health (%): 100

[Post-Cutscene Event: 2 parameters]
* Event ID: Switch with Teammate #4 (Opp.)
* Character ID: Goku Joven - Saga Piccoro Jr.

[Scene End & Battle Start]

===== SCENE 10012 =====

[Scene Start]

[Battle End: 1 parameter]
* Battle Outcome ID: -1

[Store Character Positions]

[Store VFX Switches]

[Store Conditional Properties]
-> Scene Link: 2 parameters
* Condition: Win via K.O.
* Scene ID: 10014
-> Scene Link: 2 parameters
* Condition: Win via K.O. (Opp.)
* Scene ID: 10041
-> Audio Link: 2 parameters
* Condition: Immediate
* Voice Line ID: 83
-> Audio Link: 2 parameters
* Condition: Immediate
* Voice Line ID: 84

[Store Player's Character Changes]
-> Assign Properties to Character: 1 parameter
* Character Index: 1

[Store Opponent's Character Changes]
-> Replace Z-Item #2: 1 parameter
* Z-Item #2: Halo

[Post-Cutscene Event: 2 parameters]
* Event ID: Assign Transformation (Opp.)
* Character ID: Trunks GT  - Super Saiyajin

[Scene End & Battle Start]

===== SCENE 10013 =====

[Scene Start]

[Battle End: 1 parameter]
* Battle Outcome ID: -1

[Store Character Positions]

[Store VFX Switches]

[Store Conditional Properties]
-> Scene Link: 2 parameters
* Condition: Win via K.O.
* Scene ID: 10014
-> Scene Link: 2 parameters
* Condition: Win via K.O. (Opp.)
* Scene ID: 10041

[Store Player's Character Changes]
-> Assign Properties to Character: 1 parameter
* Character Index: 1

[Store Opponent's Character Changes]
-> Add Health: 1 parameter
* Health (%): 1

[Post-Cutscene Event: 2 parameters]
* Event ID: Trigger 2nd Blast 2
* Character ID: Trunks GT  - Super Saiyajin

[Scene End & Battle Start]

===== SCENE 10014 =====

[Scene Start]

[Battle End: 1 parameter]
* Battle Outcome ID: -1

[Store Character Positions]

[Assign Character Position & Rotation: 7 parameters]
* Character Index: 1
* Position (X): 51.4
* Position (Y): -1.3
* Position (Z): -61.3
* Rotation (X): 0.0
* Rotation (Y): -40.0
* Rotation (Z): 0.0

[Assign Character Position & Rotation: 7 parameters]
* Character Index: 0 (Opp.)
* Position (X): 51.4
* Position (Y): -1.3
* Position (Z): -61.3
* Rotation (X): 0.0
* Rotation (Y): -40.0
* Rotation (Z): 0.0

[Disable Lingering Aura: 1 parameter]
* Character Index: 1

[Primary Camera Point: 6 parameters]
* Position (X): 37.215
* Position (Y): -8.731
* Position (Z): -61.093
* Rotation (Y): 11.843
* Rotation (X): 51.043003
* Rotation (Z): 0.0

[Secondary Camera Point]
-> Additional Camera Point: 7 parameters
* Time (s): 7.0
* Position (X): 35.185
* Position (Y): -7.691
* Position (Z): -52.073
* Rotation (Y): 11.843
* Rotation (X): 94.233
* Rotation (Z): 0.0

[Assign Animation: 2 parameters]
* Character Index: 3 (Opp.)
* ANM Name: SKILL_003_EVENT_1

[Assign Animation: 2 parameters]
* Character Index: 0
* ANM Name: SKILL_003_EVENT_2
-> Wait until End of ANM

[Play Character Voice Line: 2 parameters]
* Character Index: 0
* Voice Line ID: 18
-> Wait until End of Voice Line

[Store VFX Switches]

[Store Conditional Properties]
-> Scene Link: 2 parameters
* Condition: Win via K.O.
* Scene ID: 10016
-> Scene Link: 2 parameters
* Condition: Win via K.O. (Opp.)
* Scene ID: 10041
-> Audio Link: 2 parameters
* Condition: Immediate
* Voice Line ID: 85
-> Audio Link: 2 parameters
* Condition: Immediate
* Voice Line ID: 86
-> Audio Link: 2 parameters
* Condition: Immediate
* Voice Line ID: 88
-> Audio Link: 2 parameters
* Condition: Immediate
* Voice Line ID: 89
-> Audio Link: 2 parameters
* Condition: Immediate
* Voice Line ID: 90

[Store Player's Character Changes]
-> Add Health: 1 parameter
* Health (%): 10

[Store Opponent's Character Changes]
-> Add Health: 1 parameter
* Health (%): 100

[Post-Cutscene Event: 2 parameters]
* Event ID: Switch with Teammate #2 (Opp.)
* Character ID: Trunks GT  - Super Saiyajin

[Scene End & Battle Start]

===== SCENE 10015 =====

[Scene Start]

[Battle End: 1 parameter]
* Battle Outcome ID: -1

[Store Character Positions]

[Trigger Fade-Out: 1 parameter]
* Time (s): 1.0

[Assign Character Position & Rotation: 7 parameters]
* Character Index: 0
* Position (X): 88.0
* Position (Y): 0.0
* Position (Z): 0.0
* Rotation (X): 0.0
* Rotation (Y): -90.0
* Rotation (Z): 0.0

[Assign Character Position & Rotation: 7 parameters]
* Character Index: 4 (Opp.)
* Position (X): 88.0
* Position (Y): 0.0
* Position (Z): 0.0
* Rotation (X): 0.0
* Rotation (Y): -90.0
* Rotation (Z): 0.0

[Primary Camera Point: 6 parameters]
* Position (X): 83.315994
* Position (Y): -15.103
* Position (Z): -12.70201
* Rotation (Y): -1.147001
* Rotation (X): 39.191
* Rotation (Z): 0.0

[Secondary Camera Point]
-> Additional Camera Point: 7 parameters
* Time (s): 2.5
* Position (X): 79.66599
* Position (Y): -15.153
* Position (Z): -3.65201
* Rotation (Y): -1.147001
* Rotation (X): 74.651
* Rotation (Z): 0.0

[Assign Animation: 2 parameters]
* Character Index: 0
* ANM Name: SKILL_003_EVENT_5

[Assign Animation: 2 parameters]
* Character Index: 4 (Opp.)
* ANM Name: SKILL_003_EVENT_1
-> Wait until End of ANM

[Play Character Voice Line: 2 parameters]
* Character Index: 0
* Voice Line ID: 91
-> Wait until End of Voice Line

[Primary Camera Point: 6 parameters]
* Position (X): 81.226
* Position (Y): -14.963
* Position (Z): -0.21201
* Rotation (Y): -2.877001
* Rotation (X): 80.08001
* Rotation (Z): -14.32

[Play Character Voice Line: 2 parameters]
* Character Index: 0
* Voice Line ID: 92
-> Wait until End of Voice Line

[Primary Camera Point: 6 parameters]
* Position (X): 61.225994
* Position (Y): -8.143
* Position (Z): 4.57201
* Rotation (Y): 5.997001
* Rotation (X): 160.041
* Rotation (Z): 0.0

[Play Character Voice Line: 2 parameters]
* Character Index: 4 (Opp.)
* Voice Line ID: 93
-> Wait until End of Voice Line

[Store VFX Switches]

[Store Conditional Properties]
-> Scene Link: 2 parameters
* Condition: Immediate
* Scene ID: 10018
-> Scene Link: 2 parameters
* Condition: Win via K.O. (Opp.)
* Scene ID: 10041

[Store Player's Character Changes]
-> Assign Properties to Character: 1 parameter
* Character Index: 1

[Store Opponent's Character Changes]
-> Add Health: 1 parameter
* Health (%): 100

[Post-Cutscene Event: 2 parameters]
* Event ID: Switch with Teammate #2
* Character ID: Piccolo (inicio)

[Scene End & Battle Start]

===== SCENE 10016 =====

[Scene Start]

[Battle End: 1 parameter]
* Battle Outcome ID: -1

[Store Character Positions]

[Trigger Fade-Out: 1 parameter]
* Time (s): 1.0

[Assign Character Position & Rotation: 7 parameters]
* Character Index: 0
* Position (X): 88.0
* Position (Y): 0.0
* Position (Z): 0.0
* Rotation (X): 0.0
* Rotation (Y): -90.0
* Rotation (Z): 0.0

[Assign Character Position & Rotation: 7 parameters]
* Character Index: 1 (Opp.)
* Position (X): 88.0
* Position (Y): 0.0
* Position (Z): 0.0
* Rotation (X): 0.0
* Rotation (Y): -90.0
* Rotation (Z): 0.0

[Primary Camera Point: 6 parameters]
* Position (X): 71.12
* Position (Y): -4.121998
* Position (Z): -7.979999
* Rotation (Y): 10.79
* Rotation (X): 54.86997
* Rotation (Z): 0.0

[Music Change: 1 parameter]
* Music: BT1 OST - Thrilling Theme
-> PROPERTY 119

[Assign Animation: 2 parameters]
* Character Index: 1 (Opp.)
* ANM Name: SKILL_003_EVENT_1

[Assign Animation: 2 parameters]
* Character Index: 0
* ANM Name: SKILL_003_EVENT_3
-> Wait until End of ANM

[Play Character Voice Line: 2 parameters]
* Character Index: 0
* Voice Line ID: 87
-> Wait until End of Voice Line

[Primary Camera Point: 6 parameters]
* Position (X): 84.484
* Position (Y): -23.409
* Position (Z): -13.842001
* Rotation (Y): -40.327
* Rotation (X): 1.788999
* Rotation (Z): 0.0

[Secondary Camera Point]
-> Additional Camera Point: 7 parameters
* Time (s): 5.5
* Position (X): 84.484
* Position (Y): -23.409
* Position (Z): -13.842001
* Rotation (Y): -40.327
* Rotation (X): 1.788999
* Rotation (Z): -17.76

[Assign Animation: 2 parameters]
* Character Index: 1 (Opp.)
* ANM Name: SKILL_003_EVENT_2

[Assign Animation: 2 parameters]
* Character Index: 0
* ANM Name: SKILL_003_EVENT_4
-> Wait until End of ANM

[Trigger Camera Shake: 1 parameter]
* Force/Intensity: 1.0

[Enable Ki Charge Aura: 1 parameter]
* Character Index: 0

[Play Character Voice Line: 2 parameters]
* Character Index: 0
* Voice Line ID: 132
-> Wait until End of Voice Line

[Store VFX Switches]

[Store Conditional Properties]
-> Scene Link: 2 parameters
* Condition: Immediate
* Scene ID: 10015
-> Scene Link: 2 parameters
* Condition: Win via K.O. (Opp.)
* Scene ID: 10041

[Store Player's Character Changes]
-> Add Health: 1 parameter
* Health (%): 10

[Store Opponent's Character Changes]
-> Add Health: 1 parameter
* Health (%): 100

[Post-Cutscene Event: 2 parameters]
* Event ID: Switch with Teammate #5 (Opp.)
* Character ID: Piccolo (inicio)

[Scene End & Battle Start]

===== SCENE 10017 =====

[Scene Start]

[Battle End: 1 parameter]
* Battle Outcome ID: -1

[Store Character Positions]

[Trigger Fade-Out: 1 parameter]
* Time (s): 1.0

[Assign Character Position & Rotation: 7 parameters]
* Character Index: 0
* Position (X): 88.0
* Position (Y): 0.0
* Position (Z): 0.0
* Rotation (X): 0.0
* Rotation (Y): -90.0
* Rotation (Z): 0.0

[Assign Character Position & Rotation: 7 parameters]
* Character Index: 0 (Opp.)
* Position (X): -88.0
* Position (Y): 0.0
* Position (Z): 0.0
* Rotation (X): 0.0
* Rotation (Y): 90.0
* Rotation (Z): 0.0

[Store VFX Switches]

[Store Conditional Properties]
-> Scene Link: 2 parameters
* Condition: Immediate
* Scene ID: 10018
-> Scene Link: 2 parameters
* Condition: Win via K.O. (Opp.)
* Scene ID: 10041

[Store Player's Character Changes]
-> Assign Properties to Character: 1 parameter
* Character Index: 1

[Store Opponent's Character Changes]

[Post-Cutscene Event: 2 parameters]
* Event ID: Switch with Teammate #2
* Character ID: Piccolo (inicio)

[Scene End & Battle Start]

===== SCENE 10018 =====

[Scene Start]

[Battle End: 1 parameter]
* Battle Outcome ID: -1

[Store Character Positions]

[Assign Character Position & Rotation: 7 parameters]
* Character Index: 1
* Position (X): 88.0
* Position (Y): 0.0
* Position (Z): 0.0
* Rotation (X): 0.0
* Rotation (Y): -90.0
* Rotation (Z): 0.0

[Assign Character Position & Rotation: 7 parameters]
* Character Index: 4 (Opp.)
* Position (X): -88.0
* Position (Y): 0.0
* Position (Z): 0.0
* Rotation (X): 0.0
* Rotation (Y): 90.0
* Rotation (Z): 0.0

[Primary Camera Point: 6 parameters]
* Position (X): -77.591
* Position (Y): -12.227999
* Position (Z): -2.246
* Rotation (Y): -1.278999
* Rotation (X): -78.845
* Rotation (Z): 0.0

[Music Change: 1 parameter]
* Music: BT2 OST - Dark Half - Extended
-> PROPERTY 119

[Assign Animation: 2 parameters]
* Character Index: 4 (Opp.)
* ANM Name: INTRO_LOOP
-> Enable ANM Loop

[Play Character Voice Line: 2 parameters]
* Character Index: 4 (Opp.)
* Voice Line ID: 20
-> Wait until End of Voice Line

[Primary Camera Point: 6 parameters]
* Position (X): 77.591
* Position (Y): -6.902001
* Position (Z): -2.81
* Rotation (Y): -13.866
* Rotation (X): 73.941
* Rotation (Z): 0.0

[Secondary Camera Point]
-> Additional Camera Point: 7 parameters
* Time (s): 6.0
* Position (X): 77.591
* Position (Y): -13.702001
* Position (Z): -2.81
* Rotation (Y): -13.866
* Rotation (X): 73.941
* Rotation (Z): 0.0

[Assign Animation: 2 parameters]
* Character Index: 1
* ANM Name: INTRO_IN
-> Wait until End of ANM

[Assign Animation: 2 parameters]
* Character Index: 1
* ANM Name: INTRO_LOOP
-> Enable ANM Loop

[Play Character Voice Line: 2 parameters]
* Character Index: 1
* Voice Line ID: 21
-> Wait until End of Voice Line

[Primary Camera Point: 6 parameters]
* Position (X): 83.311005
* Position (Y): -11.787999
* Position (Z): 6.326
* Rotation (Y): -0.378999
* Rotation (X): 141.245
* Rotation (Z): 0.0

[Secondary Camera Point]
-> Additional Camera Point: 7 parameters
* Time (s): 4.5
* Position (X): 79.801
* Position (Y): -11.787999
* Position (Z): 0.316
* Rotation (Y): -0.378999
* Rotation (X): 91.034996
* Rotation (Z): 3.21

[Play Character Voice Line: 2 parameters]
* Character Index: 1
* Voice Line ID: 22
-> Wait until End of Voice Line

[Primary Camera Point: 6 parameters]
* Position (X): 83.046005
* Position (Y): -8.905
* Position (Z): 5.557
* Rotation (Y): 25.727
* Rotation (X): 137.21
* Rotation (Z): 0.0

[Play Character Voice Line: 2 parameters]
* Character Index: 1
* Voice Line ID: 23
-> Wait until End of Voice Line

[Play Character Voice Line: 2 parameters]
* Character Index: 1
* Voice Line ID: 24
-> Wait until End of Voice Line

[Primary Camera Point: 6 parameters]
* Position (X): -81.591
* Position (Y): -12.917999
* Position (Z): -13.276
* Rotation (Y): 1.258999
* Rotation (X): -20.605
* Rotation (Z): 0.0

[Assign Animation: 2 parameters]
* Character Index: 4 (Opp.)
* ANM Name: STAND_LOOP
-> Enable ANM Loop

[Play Character Voice Line: 2 parameters]
* Character Index: 4 (Opp.)
* Voice Line ID: 26
-> Wait until End of Voice Line

[Primary Camera Point: 6 parameters]
* Position (X): 46.151
* Position (Y): -8.837999
* Position (Z): 92.126
* Rotation (Y): -2.358999
* Rotation (X): -165.825
* Rotation (Z): 0.0

[Play Character Voice Line: 2 parameters]
* Character Index: 1
* Voice Line ID: 27
-> Wait until End of Voice Line

[Play Character Voice Line: 2 parameters]
* Character Index: 1
* Voice Line ID: 28
-> Wait until End of Voice Line

[Play Character Voice Line: 2 parameters]
* Character Index: 4 (Opp.)
* Voice Line ID: 29
-> Wait until End of Voice Line

[Music Change: 1 parameter]
* Music: BT - Battle With My Forces
-> PROPERTY 119

[Store VFX Switches]

[Store Conditional Properties]
-> Scene Link: 2 parameters
* Condition: Win via K.O.
* Scene ID: 10022
-> Scene Link: 2 parameters
* Condition: Win via K.O. (Opp.)
* Scene ID: 10041
-> Scene Link: 2 parameters
* Condition: Immediate
* Scene ID: 10022
-> Audio Link: 2 parameters
* Condition: Immediate
* Voice Line ID: 94

[Store Player's Character Changes]

[Store Opponent's Character Changes]

[Post-Cutscene Event: 2 parameters]
* Event ID: Switch with Teammate #1
* Character ID: N/A

[Scene End & Battle Start]
-> PROPERTY 119

[Post-Cutscene Event: 2 parameters]
* Event ID: Switch with Teammate #3 (Opp.)
* Character ID: N/A

===== SCENE 10019 =====

[Scene Start]

[Battle End: 1 parameter]
* Battle Outcome ID: -1

[Store Character Positions]

[Trigger Fade-Out: 1 parameter]
* Time (s): 1.0

[Assign Character Position & Rotation: 7 parameters]
* Character Index: 0
* Position (X): 88.0
* Position (Y): 0.0
* Position (Z): 0.0
* Rotation (X): 0.0
* Rotation (Y): -90.0
* Rotation (Z): 0.0

[Assign Character Position & Rotation: 7 parameters]
* Character Index: 0 (Opp.)
* Position (X): -88.0
* Position (Y): 0.0
* Position (Z): 0.0
* Rotation (X): 0.0
* Rotation (Y): 90.0
* Rotation (Z): 0.0

[Store VFX Switches]

[Store Conditional Properties]
-> Scene Link: 2 parameters
* Condition: Immediate
* Scene ID: 10021
-> Scene Link: 2 parameters
* Condition: Win via K.O. (Opp.)
* Scene ID: 10041

[Store Player's Character Changes]
-> Assign Properties to Character: 1 parameter
* Character Index: 1

[Store Opponent's Character Changes]

[Post-Cutscene Event: 2 parameters]
* Event ID: Switch with Teammate #1
* Character ID: Piccolo (inicio)

[Scene End & Battle Start]

===== SCENE 10021 =====

[Scene Start]

[Battle End: 1 parameter]
* Battle Outcome ID: -1

[Store Character Positions]

[Trigger Fade-Out: 1 parameter]
* Time (s): 1.0

[Assign Character Position & Rotation: 7 parameters]
* Character Index: 0
* Position (X): 88.0
* Position (Y): 0.0
* Position (Z): 0.0
* Rotation (X): 0.0
* Rotation (Y): -90.0
* Rotation (Z): 0.0

[Assign Character Position & Rotation: 7 parameters]
* Character Index: 0 (Opp.)
* Position (X): -88.0
* Position (Y): 0.0
* Position (Z): 0.0
* Rotation (X): 0.0
* Rotation (Y): 90.0
* Rotation (Z): 0.0

[Store VFX Switches]

[Store Conditional Properties]
-> Scene Link: 2 parameters
* Condition: Immediate
* Scene ID: 10022
-> Scene Link: 2 parameters
* Condition: Win via K.O.
* Scene ID: 10022
-> Scene Link: 2 parameters
* Condition: Win via K.O. (Opp.)
* Scene ID: 10041

[Store Player's Character Changes]
-> Assign Properties to Character: 1 parameter
* Character Index: 1

[Store Opponent's Character Changes]

[Post-Cutscene Event: 2 parameters]
* Event ID: Switch with Teammate #3 (Opp.)
* Character ID: Piccolo (inicio)

[Scene End & Battle Start]

===== SCENE 10022 =====

[Scene Start]

[Battle End: 1 parameter]
* Battle Outcome ID: -1

[Store Character Positions]

[Trigger Fade-Out: 1 parameter]
* Time (s): 1.0

[Assign Character Position & Rotation: 7 parameters]
* Character Index: 0
* Position (X): 88.0
* Position (Y): 0.0
* Position (Z): 0.0
* Rotation (X): 0.0
* Rotation (Y): -90.0
* Rotation (Z): 0.0

[Assign Character Position & Rotation: 7 parameters]
* Character Index: 0 (Opp.)
* Position (X): -88.0
* Position (Y): 0.0
* Position (Z): 0.0
* Rotation (X): 0.0
* Rotation (Y): 90.0
* Rotation (Z): 0.0
-> PROPERTY 119

[Enable MAX POWER Mode Explosion: 1 parameter]
* Character Index: 2 (Opp.)
-> PROPERTY 119

[Store VFX Switches]

[Store Conditional Properties]
-> Scene Link: 2 parameters
* Condition: Win via K.O.
* Scene ID: 10023
-> Scene Link: 2 parameters
* Condition: Win via K.O. (Opp.)
* Scene ID: 10041
-> Audio Link: 2 parameters
* Condition: Immediate
* Voice Line ID: 94
-> Audio Link: 2 parameters
* Condition: Immediate
* Voice Line ID: 30
-> Audio Link: 2 parameters
* Condition: Immediate
* Voice Line ID: 36
-> Audio Link: 2 parameters
* Condition: Immediate
* Voice Line ID: 55

[Store Player's Character Changes]
-> Add Health: 1 parameter
* Health (%): 20

[Store Opponent's Character Changes]
-> Add Health: 1 parameter
* Health (%): 100

[Post-Cutscene Event: 2 parameters]
* Event ID: Trigger 1st Blast 2 (Opp.)
* Character ID: Piccolo (inicio)

[Scene End & Battle Start]

===== SCENE 10023 =====

[Scene Start]

[Battle End: 1 parameter]
* Battle Outcome ID: -1

[Store Character Positions]

[Trigger Fade-Out: 1 parameter]
* Time (s): 1.0

[Assign Character Position & Rotation: 7 parameters]
* Character Index: 0
* Position (X): 88.0
* Position (Y): 0.0
* Position (Z): 0.0
* Rotation (X): 0.0
* Rotation (Y): -90.0
* Rotation (Z): 0.0

[Assign Character Position & Rotation: 7 parameters]
* Character Index: 0 (Opp.)
* Position (X): -88.0
* Position (Y): 0.0
* Position (Z): 0.0
* Rotation (X): 0.0
* Rotation (Y): 90.0
* Rotation (Z): 0.0

[Store VFX Switches]

[Store Conditional Properties]
-> Scene Link: 2 parameters
* Condition: Immediate
* Scene ID: 10024
-> Scene Link: 2 parameters
* Condition: Win via K.O.
* Scene ID: 10024
-> Scene Link: 2 parameters
* Condition: Win via K.O. (Opp.)
* Scene ID: 10041

[Store Player's Character Changes]
-> Add Health: 1 parameter
* Health (%): 10

[Store Opponent's Character Changes]

[Post-Cutscene Event: 2 parameters]
* Event ID: Switch with Teammate #4 (Opp.)
* Character ID: Piccolo (inicio)

[Scene End & Battle Start]

===== SCENE 10024 =====

[Scene Start]

[Battle End: 1 parameter]
* Battle Outcome ID: -1

[Store Character Positions]

[Trigger Fade-Out: 1 parameter]
* Time (s): 1.0

[Assign Character Position & Rotation: 7 parameters]
* Character Index: 0
* Position (X): 88.0
* Position (Y): 0.0
* Position (Z): 0.0
* Rotation (X): 0.0
* Rotation (Y): -90.0
* Rotation (Z): 0.0

[Assign Character Position & Rotation: 7 parameters]
* Character Index: 0 (Opp.)
* Position (X): -88.0
* Position (Y): 0.0
* Position (Z): 0.0
* Rotation (X): 0.0
* Rotation (Y): 90.0
* Rotation (Z): 0.0

[Store VFX Switches]

[Store Conditional Properties]
-> Scene Link: 2 parameters
* Condition: Win via K.O.
* Scene ID: 10026
-> Scene Link: 2 parameters
* Condition: Win via K.O. (Opp.)
* Scene ID: 10041
-> Audio Link: 2 parameters
* Condition: Immediate
* Voice Line ID: 95

[Store Player's Character Changes]
-> Add Health: 1 parameter
* Health (%): 10
-> Assign Properties to Character: 1 parameter
* Character Index: 1

[Store Opponent's Character Changes]
-> Add Health: 1 parameter
* Health (%): 100

[Post-Cutscene Event: 2 parameters]
* Event ID: Trigger 1st Blast 2 (Opp.)
* Character ID: Piccolo (inicio)

[Scene End & Battle Start]

===== SCENE 10026 =====

[Scene Start]

[Battle End: 1 parameter]
* Battle Outcome ID: -1

[Store Character Positions]

[Trigger Fade-Out: 1 parameter]
* Time (s): 1.0

[Store VFX Switches]

[Store Conditional Properties]
-> Scene Link: 2 parameters
* Condition: Win via K.O.
* Scene ID: 10027
-> Scene Link: 2 parameters
* Condition: Wait 45 seconds
* Scene ID: 10027
-> Scene Link: 2 parameters
* Condition: Win via K.O. (Opp.)
* Scene ID: 10041
-> Audio Link: 2 parameters
* Condition: Immediate
* Voice Line ID: 96
-> Audio Link: 2 parameters
* Condition: Immediate
* Voice Line ID: 97

[Store Player's Character Changes]
-> Assign Properties to Character: 1 parameter
* Character Index: 1

[Store Opponent's Character Changes]

[Post-Cutscene Event: 2 parameters]
* Event ID: Switch with Teammate #2 (Opp.)
* Character ID: Piccolo (inicio)

[Scene End & Battle Start]

===== SCENE 10027 =====

[Scene Start]

[Battle End: 1 parameter]
* Battle Outcome ID: -1

[Store Character Positions]

[Trigger Fade-Out: 1 parameter]
* Time (s): 1.0

[Enable Ki Charge Aura: 1 parameter]
* Character Index: 1 (Opp.)

[Assign Character Position & Rotation: 7 parameters]
* Character Index: 0
* Position (X): -226.51
* Position (Y): -253.43001
* Position (Z): -215.38
* Rotation (X): 0.0
* Rotation (Y): 36.52
* Rotation (Z): 0.0

[Assign Character Position & Rotation: 7 parameters]
* Character Index: 1 (Opp.)
* Position (X): 88.0
* Position (Y): 0.0
* Position (Z): 0.0
* Rotation (X): 0.0
* Rotation (Y): -90.0
* Rotation (Z): 0.0

[Primary Camera Point: 6 parameters]
* Position (X): 0.408
* Position (Y): -8.123
* Position (Z): 69.486
* Rotation (Y): 0.242
* Rotation (X): 127.831
* Rotation (Z): 0.0

[Trigger Camera Shake: 1 parameter]
* Force/Intensity: 0.5

[Secondary Camera Point]
-> Additional Camera Point: 7 parameters
* Time (s): 4.0
* Position (X): 70.711
* Position (Y): -8.499
* Position (Z): 14.891
* Rotation (Y): 0.242
* Rotation (X): 127.831
* Rotation (Z): 0.0

[Assign Animation: 2 parameters]
* Character Index: 1 (Opp.)
* ANM Name: SKILL_005_CHARGE_D
-> Enable ANM Loop

[Play Character Voice Line: 2 parameters]
* Character Index: 1 (Opp.)
* Voice Line ID: 139
-> Wait until End of Voice Line

[Store VFX Switches]

[Store Conditional Properties]
-> Scene Link: 2 parameters
* Condition: Win via K.O.
* Scene ID: 10020
-> Scene Link: 2 parameters
* Condition: Win via K.O. (Opp.)
* Scene ID: 10020

[Store Player's Character Changes]
-> Add Health: 1 parameter
* Health (%): 30

[Store Opponent's Character Changes]
-> Add Health: 1 parameter
* Health (%): 100
-> Replace Z-Item #2: 1 parameter
* Z-Item #2: Go To Hell

[Post-Cutscene Event: 2 parameters]
* Event ID: Trigger Ultimate Blast (Opp.)
* Character ID: Piccolo (inicio)

[Scene End & Battle Start]

===== SCENE 10020 =====

[Scene Start]

[Battle End: 1 parameter]
* Battle Outcome ID: -1

[Store Character Positions]

[Trigger Fade-Out: 1 parameter]
* Time (s): 1.0

[Assign Character Position & Rotation: 7 parameters]
* Character Index: 0
* Position (X): 88.0
* Position (Y): 0.0
* Position (Z): 0.0
* Rotation (X): 0.0
* Rotation (Y): -90.0
* Rotation (Z): 0.0

[Assign Character Position & Rotation: 7 parameters]
* Character Index: 0 (Opp.)
* Position (X): -88.0
* Position (Y): 0.0
* Position (Z): 0.0
* Rotation (X): 0.0
* Rotation (Y): 90.0
* Rotation (Z): 0.0

[Store VFX Switches]

[Store Conditional Properties]
-> Scene Link: 2 parameters
* Condition: Win via K.O.
* Scene ID: 10025
-> Scene Link: 2 parameters
* Condition: Win via K.O. (Opp.)
* Scene ID: 10041
-> Scene Link: 2 parameters
* Condition: Immediate
* Scene ID: 10025

[Store Player's Character Changes]
-> Add Health: 1 parameter
* Health (%): 100

[Store Opponent's Character Changes]
-> Add Health: 1 parameter
* Health (%): 10
-> Replace Z-Item #2: 1 parameter
* Z-Item #2: N/A

[Post-Cutscene Event: 2 parameters]
* Event ID: Assign Transformation (Opp.)
* Character ID: Gohan (GT)

[Scene End & Battle Start]

===== SCENE 10025 =====

[Scene Start]

[Battle End: 1 parameter]
* Battle Outcome ID: -1

[Store Character Positions]

[Trigger Fade-Out: 1 parameter]
* Time (s): 1.0

[Store VFX Switches]

[Store Conditional Properties]
-> Scene Link: 2 parameters
* Condition: Immediate
* Scene ID: 10029
-> Scene Link: 2 parameters
* Condition: Win via K.O.
* Scene ID: 10029
-> Scene Link: 2 parameters
* Condition: Win via K.O. (Opp.)
* Scene ID: 10041

[Store Player's Character Changes]
-> Assign Properties to Character: 1 parameter
* Character Index: 1

[Store Opponent's Character Changes]
-> Add Health: 1 parameter
* Health (%): 100

[Post-Cutscene Event: 2 parameters]
* Event ID: Switch with Teammate #5 (Opp.)
* Character ID: Piccolo (inicio)

[Scene End & Battle Start]

===== SCENE 10029 =====

[Scene Start]

[Battle End: 1 parameter]
* Battle Outcome ID: -1

[Store Character Positions]

[Assign Character Position & Rotation: 7 parameters]
* Character Index: 0
* Position (X): 88.0
* Position (Y): 0.0
* Position (Z): 0.0
* Rotation (X): 0.0
* Rotation (Y): -90.0
* Rotation (Z): 0.0

[Assign Character Position & Rotation: 7 parameters]
* Character Index: 4 (Opp.)
* Position (X): -88.0
* Position (Y): 0.0
* Position (Z): 0.0
* Rotation (X): 0.0
* Rotation (Y): 90.0
* Rotation (Z): 0.0

[Music Change: 1 parameter]
* Music: BT3 OST - Demon Broly
-> PROPERTY 119

[Primary Camera Point: 6 parameters]
* Position (X): -45.951
* Position (Y): -10.402
* Position (Z): 1.87
* Rotation (Y): 3.766
* Rotation (X): -94.001
* Rotation (Z): 0.0

[Secondary Camera Point]
-> Additional Camera Point: 7 parameters
* Time (s): 1.5
* Position (X): -79.791
* Position (Y): -13.762
* Position (Z): 0.09
* Rotation (Y): 2.326
* Rotation (X): -94.001
* Rotation (Z): 0.0

[Assign Animation: 2 parameters]
* Character Index: 4 (Opp.)
* ANM Name: STAND_LOOP

[Play Character Voice Line: 2 parameters]
* Character Index: 4 (Opp.)
* Voice Line ID: 29
-> Wait until End of Voice Line

[Primary Camera Point: 6 parameters]
* Position (X): 11.291
* Position (Y): -10.132
* Position (Z): 9.36
* Rotation (Y): 1.786
* Rotation (X): 96.561005
* Rotation (Z): 0.0

[Secondary Camera Point]
-> Additional Camera Point: 7 parameters
* Time (s): 2.0
* Position (X): 72.541
* Position (Y): -12.852
* Position (Z): 2.31
* Rotation (Y): 1.78
* Rotation (X): 96.561005
* Rotation (Z): 0.0

[Assign Animation: 2 parameters]
* Character Index: 0
* ANM Name: PARALYSIS
-> Enable ANM Loop

[Play Character Voice Line: 2 parameters]
* Character Index: 0
* Voice Line ID: 99
-> Wait until End of Voice Line

[Store VFX Switches]

[Store Conditional Properties]
-> Scene Link: 2 parameters
* Condition: Immediate
* Scene ID: 10036

[Store Player's Character Changes]

[Store Opponent's Character Changes]
-> Add Health: 1 parameter
* Health (%): 50

[Post-Cutscene Event: 2 parameters]
* Event ID: Switch with Teammate #2
* Character ID: N/A

[Scene End & Battle Start]

===== SCENE 10034 =====

[Scene Start]

[Battle End: 1 parameter]
* Battle Outcome ID: -1

[Store Character Positions]

[Trigger Fade-Out: 1 parameter]
* Time (s): 1.0

[Assign Character Position & Rotation: 7 parameters]
* Character Index: 0
* Position (X): 88.0
* Position (Y): 0.0
* Position (Z): 0.0
* Rotation (X): 0.0
* Rotation (Y): -90.0
* Rotation (Z): 0.0

[Assign Character Position & Rotation: 7 parameters]
* Character Index: 0 (Opp.)
* Position (X): -88.0
* Position (Y): 0.0
* Position (Z): 0.0
* Rotation (X): 0.0
* Rotation (Y): 90.0
* Rotation (Z): 0.0

[Store VFX Switches]

[Store Conditional Properties]
-> Scene Link: 2 parameters
* Condition: Immediate
* Scene ID: 10029
-> Scene Link: 2 parameters
* Condition: Win via K.O.
* Scene ID: 10029
-> Scene Link: 2 parameters
* Condition: Win via K.O. (Opp.)
* Scene ID: 10040

[Store Player's Character Changes]
-> Assign Properties to Character: 1 parameter
* Character Index: 1

[Store Opponent's Character Changes]

[Post-Cutscene Event: 2 parameters]
* Event ID: Switch with Teammate #1
* Character ID: Piccolo (inicio)

[Scene End & Battle Start]

===== SCENE 10035 =====

[Scene Start]

[Battle End: 1 parameter]
* Battle Outcome ID: -1

[Store Character Positions]

[Store VFX Switches]

[Store Conditional Properties]
-> Scene Link: 2 parameters
* Condition: Immediate
* Scene ID: 10036
-> Scene Link: 2 parameters
* Condition: Win via K.O.
* Scene ID: 10036
-> Scene Link: 2 parameters
* Condition: Win via K.O. (Opp.)
* Scene ID: 10040

[Store Player's Character Changes]
-> Assign Properties to Character: 1 parameter
* Character Index: 1

[Store Opponent's Character Changes]

[Post-Cutscene Event: 2 parameters]
* Event ID: Switch with Teammate #2
* Character ID: Piccolo (inicio)

[Scene End & Battle Start]

===== SCENE 10036 =====

[Scene Start]

[Battle End: 1 parameter]
* Battle Outcome ID: -1

[Store Character Positions]

[Trigger Fade-Out: 1 parameter]
* Time (s): 1.0

[Assign Character Position & Rotation: 7 parameters]
* Character Index: 0
* Position (X): 88.0
* Position (Y): 0.0
* Position (Z): 0.0
* Rotation (X): 0.0
* Rotation (Y): -90.0
* Rotation (Z): 0.0

[Assign Character Position & Rotation: 7 parameters]
* Character Index: 0 (Opp.)
* Position (X): -88.0
* Position (Y): 0.0
* Position (Z): 0.0
* Rotation (X): 0.0
* Rotation (Y): 90.0
* Rotation (Z): 0.0

[Store VFX Switches]

[Store Conditional Properties]
-> Scene Link: 2 parameters
* Condition: Win via K.O.
* Scene ID: 10037
-> Scene Link: 2 parameters
* Condition: Win via K.O. (Opp.)
* Scene ID: 10041
-> Audio Link: 2 parameters
* Condition: Immediate
* Voice Line ID: 43
-> Audio Link: 2 parameters
* Condition: Immediate
* Voice Line ID: 44
-> Audio Link: 2 parameters
* Condition: Immediate
* Voice Line ID: 34

[Store Player's Character Changes]
-> Assign Properties to Character: 1 parameter
* Character Index: 1

[Store Opponent's Character Changes]
-> Add Health: 1 parameter
* Health (%): 20

[Post-Cutscene Event: 2 parameters]
* Event ID: Trigger 1st Blast 2
* Character ID: Piccolo (inicio)

[Scene End & Battle Start]

===== SCENE 10037 =====

[Scene Start]

[Battle End: 1 parameter]
* Battle Outcome ID: -1

[Store Character Positions]

[Trigger Fade-Out: 1 parameter]
* Time (s): 1.0

[Assign Character Position & Rotation: 7 parameters]
* Character Index: 0
* Position (X): 88.0
* Position (Y): 0.0
* Position (Z): 0.0
* Rotation (X): 0.0
* Rotation (Y): -90.0
* Rotation (Z): 0.0

[Assign Character Position & Rotation: 7 parameters]
* Character Index: 0 (Opp.)
* Position (X): -88.0
* Position (Y): 0.0
* Position (Z): 0.0
* Rotation (X): 0.0
* Rotation (Y): 90.0
* Rotation (Z): 0.0

[Store VFX Switches]

[Store Conditional Properties]
-> Scene Link: 2 parameters
* Condition: Immediate
* Scene ID: 10038
-> Scene Link: 2 parameters
* Condition: Win via K.O.
* Scene ID: 10038
-> Scene Link: 2 parameters
* Condition: Win via K.O. (Opp.)
* Scene ID: 10041

[Store Player's Character Changes]
-> Assign Properties to Character: 1 parameter
* Character Index: 1

[Store Opponent's Character Changes]

[Post-Cutscene Event: 2 parameters]
* Event ID: Switch with Teammate #2 (Opp.)
* Character ID: Piccolo (inicio)

[Scene End & Battle Start]

===== SCENE 10038 =====

[Scene Start]

[Battle End: 1 parameter]
* Battle Outcome ID: -1

[Store Character Positions]

[Trigger Fade-Out: 1 parameter]
* Time (s): 1.0

[Assign Character Position & Rotation: 7 parameters]
* Character Index: 0
* Position (X): 88.0
* Position (Y): 0.0
* Position (Z): 0.0
* Rotation (X): 0.0
* Rotation (Y): -90.0
* Rotation (Z): 0.0

[Assign Character Position & Rotation: 7 parameters]
* Character Index: 0 (Opp.)
* Position (X): -88.0
* Position (Y): 0.0
* Position (Z): 0.0
* Rotation (X): 0.0
* Rotation (Y): 90.0
* Rotation (Z): 0.0

[Store VFX Switches]

[Store Conditional Properties]
-> Scene Link: 2 parameters
* Condition: Wait 40 seconds
* Scene ID: 10043
-> Scene Link: 2 parameters
* Condition: Win via K.O.
* Scene ID: 10043
-> Scene Link: 2 parameters
* Condition: Win via K.O. (Opp.)
* Scene ID: 10041
-> Audio Link: 2 parameters
* Condition: Immediate
* Voice Line ID: 30
-> Audio Link: 2 parameters
* Condition: Immediate
* Voice Line ID: 60
-> Audio Link: 2 parameters
* Condition: Immediate
* Voice Line ID: 61
-> Audio Link: 2 parameters
* Condition: Immediate
* Voice Line ID: 62

[Store Player's Character Changes]
-> Add Health: 1 parameter
* Health (%): 100

[Store Opponent's Character Changes]

[Post-Cutscene Event: 2 parameters]
* Event ID: Switch with Teammate #1
* Character ID: Piccolo (inicio)

[Scene End & Battle Start]

===== SCENE 10039 =====

[Scene Start]

[Battle End: 1 parameter]
* Battle Outcome ID: -1

[Store Character Positions]

[Trigger Fade-Out: 1 parameter]
* Time (s): 1.0

[Assign Character Position & Rotation: 7 parameters]
* Character Index: 0
* Position (X): 88.0
* Position (Y): 0.0
* Position (Z): 0.0
* Rotation (X): 0.0
* Rotation (Y): -90.0
* Rotation (Z): 0.0

[Assign Character Position & Rotation: 7 parameters]
* Character Index: 0 (Opp.)
* Position (X): -88.0
* Position (Y): 0.0
* Position (Z): 0.0
* Rotation (X): 0.0
* Rotation (Y): 90.0
* Rotation (Z): 0.0

[Store VFX Switches]

[Store Conditional Properties]
-> Scene Link: 2 parameters
* Condition: Immediate
* Scene ID: 10043
-> Scene Link: 2 parameters
* Condition: Win via K.O.
* Scene ID: 10043
-> Scene Link: 2 parameters
* Condition: Win via K.O. (Opp.)
* Scene ID: 10041

[Store Player's Character Changes]
-> Assign Properties to Character: 1 parameter
* Character Index: 1

[Store Opponent's Character Changes]

[Post-Cutscene Event: 2 parameters]
* Event ID: Assign Transformation (Opp.)
* Character ID: Gohan (Fin)

[Scene End & Battle Start]

===== SCENE 10043 =====

[Scene Start]

[Battle End: 1 parameter]
* Battle Outcome ID: -1

[Store Character Positions]

[Assign Character Position & Rotation: 7 parameters]
* Character Index: 0
* Position (X): -88.0
* Position (Y): 0.0
* Position (Z): 0.0
* Rotation (X): 0.0
* Rotation (Y): 90.0
* Rotation (Z): 0.0

[Assign Character Position & Rotation: 7 parameters]
* Character Index: 1 (Opp.)
* Position (X): -88.0
* Position (Y): 0.0
* Position (Z): 0.0
* Rotation (X): 0.0
* Rotation (Y): 90.0
* Rotation (Z): 0.0

[Primary Camera Point: 6 parameters]
* Position (X): -76.701004
* Position (Y): -10.17999
* Position (Z): -4.676
* Rotation (Y): 2.018999
* Rotation (X): -63.454998
* Rotation (Z): 0.0

[Music Change: 1 parameter]
* Music: DB FB - Super Vegito Theme
-> PROPERTY 119

[Assign Animation: 2 parameters]
* Character Index: 1 (Opp.)
* ANM Name: SKILL_003_EVENT_1

[Assign Animation: 2 parameters]
* Character Index: 0
* ANM Name: SKILL_005_EVENT_1
-> Wait until End of ANM

[Play Character Voice Line: 2 parameters]
* Character Index: 0
* Voice Line ID: 100
-> Wait until End of Voice Line

[Primary Camera Point: 6 parameters]
* Position (X): -76.701004
* Position (Y): -10.17999
* Position (Z): -4.676
* Rotation (Y): 2.018999
* Rotation (X): -63.454998
* Rotation (Z): 0.0

[Play Character Voice Line: 2 parameters]
* Character Index: 0
* Voice Line ID: 101
-> Wait until End of Voice Line

[Primary Camera Point: 6 parameters]
* Position (X): -19.921001
* Position (Y): -21.008
* Position (Z): 4.316
* Rotation (Y): -2.318999
* Rotation (X): -94.945
* Rotation (Z): 0.0

[Secondary Camera Point]
-> Additional Camera Point: 7 parameters
* Time (s): 1.5
* Position (X): -73.741
* Position (Y): -18.828
* Position (Z): -0.136
* Rotation (Y): -2.318999
* Rotation (X): -94.945
* Rotation (Z): 0.0

[Enable Ki Charge Aura: 1 parameter]
* Character Index: 0

[Assign Animation: 2 parameters]
* Character Index: 0
* ANM Name: SKILL_003_IN
-> Wait until End of ANM

[Assign Animation: 2 parameters]
* Character Index: 0
* ANM Name: SKILL_003_CHARGE
-> Enable ANM Loop

[Play Character Voice Line: 2 parameters]
* Character Index: 0
* Voice Line ID: 97
-> Wait until End of Voice Line

[Wait for Period of Time: 1 parameter]
* Time (s): 1.0
-> PROPERTY 119

[Primary Camera Point: 6 parameters]
* Position (X): -77.721
* Position (Y): -10.267999
* Position (Z): -0.556
* Rotation (Y): 13.418999
* Rotation (X): -77.924995
* Rotation (Z): 0.0

[Disable Ki Charge Aura: 1 parameter]
* Character Index: 0

[Trigger Camera Shake: 1 parameter]
* Force/Intensity: 1.0

[Assign Animation: 2 parameters]
* Character Index: 0
* ANM Name: PARALYSIS
-> Enable ANM Loop

[Play Character Voice Line: 2 parameters]
* Character Index: 0
* Voice Line ID: 99
-> Wait until End of Voice Line

[Primary Camera Point: 6 parameters]
* Position (X): -62.031002
* Position (Y): -3.247999
* Position (Z): 1.486
* Rotation (Y): -3.038999
* Rotation (X): 97.784996
* Rotation (Z): 0.0

[Secondary Camera Point]
-> Additional Camera Point: 7 parameters
* Time (s): 7.0
* Position (X): -62.031002
* Position (Y): -11.847999
* Position (Z): 1.486
* Rotation (Y): -3.038999
* Rotation (X): 97.784996
* Rotation (Z): 0.0

[Assign Animation: 2 parameters]
* Character Index: 1 (Opp.)
* ANM Name: SKILL_003_EVENT_2
-> Wait until End of ANM

[Wait for Period of Time: 1 parameter]
* Time (s): 8.0
-> PROPERTY 119

[Primary Camera Point: 6 parameters]
* Position (X): -83.461
* Position (Y): -11.117999
* Position (Z): -9.916
* Rotation (Y): 3.278999
* Rotation (X): -23.865
* Rotation (Z): 0.0

[Play Character Voice Line: 2 parameters]
* Character Index: 0
* Voice Line ID: 102
-> Wait until End of Voice Line

[Primary Camera Point: 6 parameters]
* Position (X): -93.981
* Position (Y): -5.517999
* Position (Z): -32.236
* Rotation (Y): 14.798999
* Rotation (X): 32.46999
* Rotation (Z): 0.0

[Assign Animation: 2 parameters]
* Character Index: 1 (Opp.)
* ANM Name: SKILL_003_EVENT_3
-> Wait until End of ANM

[Wait for Period of Time: 1 parameter]
* Time (s): 2.0
-> PROPERTY 119

[Primary Camera Point: 6 parameters]
* Position (X): -113.501
* Position (Y): -8.017999
* Position (Z): -6.436
* Rotation (Y): 8.133999
* Rotation (X): 50.454998
* Rotation (Z): -11.45

[Wait for Period of Time: 1 parameter]
* Time (s): 2.0
-> PROPERTY 119

[Music Change: 1 parameter]
* Music: Unknown (Value: 255)
-> PROPERTY 119
-> PROPERTY 87
-> PROPERTY 119

[Wait for Period of Time: 1 parameter]
* Time (s): 2.0
-> PROPERTY 119

[Store VFX Switches]

[Store Conditional Properties]
-> Scene Link: 2 parameters
* Condition: Immediate
* Scene ID: 10031

[Store Player's Character Changes]

[Store Opponent's Character Changes]
-> Assign Health: 1 parameter
* Health (%): 0

[Post-Cutscene Event: 2 parameters]
* Event ID: Battle Finish
* Character ID: N/A

[Scene End & Battle Start]

===== SCENE 10031 =====

[Scene Start]

[Battle End: 1 parameter]
* Battle Outcome ID: 1

[Store Character Positions]

[Assign Character Position & Rotation: 7 parameters]
* Character Index: 0
* Position (X): -88.0
* Position (Y): -200.0
* Position (Z): 0.0
* Rotation (X): 0.0
* Rotation (Y): 90.0
* Rotation (Z): 0.0

[Assign Character Position & Rotation: 7 parameters]
* Character Index: 1 (Opp.)
* Position (X): -88.0
* Position (Y): 0.0
* Position (Z): 0.0
* Rotation (X): 0.0
* Rotation (Y): 90.0
* Rotation (Z): 0.0

[Disable Lingering Aura: 1 parameter]
* Character Index: 0 (Opp.)

[Disable Lingering Aura: 1 parameter]
* Character Index: 0

[Primary Camera Point: 6 parameters]
* Position (X): -83.077
* Position (Y): -7.979
* Position (Z): 16.748
* Rotation (Y): 0.393
* Rotation (X): 139.766
* Rotation (Z): 0.0

[Assign Animation: 2 parameters]
* Character Index: 1 (Opp.)
* ANM Name: SKILL_003_EVENT_4
-> Wait until End of ANM

[Primary Camera Point: 6 parameters]
* Position (X): -40.797005
* Position (Y): -4.179
* Position (Z): 6.647999
* Rotation (Y): -3.68
* Rotation (X): 24.406006
* Rotation (Z): 0.0

[Secondary Camera Point]
-> Additional Camera Point: 7 parameters
* Time (s): 7.0
* Position (X): -45.854
* Position (Y): -4.962002
* Position (Z): -4.525002
* Rotation (Y): -3.684001
* Rotation (X): 24.405998
* Rotation (Z): 0.0

[Play Character Voice Line: 2 parameters]
* Character Index: 1
* Voice Line ID: 133
-> Wait until End of Voice Line

[Primary Camera Point: 6 parameters]
* Position (X): -77.26003
* Position (Y): -4.859
* Position (Z): 15.817999
* Rotation (Y): -2.923
* Rotation (X): 161.86601
* Rotation (Z): 0.0

[Assign Animation: 2 parameters]
* Character Index: 1 (Opp.)
* ANM Name: LOSE
-> Wait until End of ANM

[Wait for Period of Time: 1 parameter]
* Time (s): 4.0
-> PROPERTY 119

[Primary Camera Point: 6 parameters]
* Position (X): -75.607
* Position (Y): -7.879
* Position (Z): 5.487999
* Rotation (Y): -30.043
* Rotation (X): 130.28601
* Rotation (Z): 0.0

[Secondary Camera Point]
-> Additional Camera Point: 7 parameters
* Time (s): 7.0
* Position (X): -88.164
* Position (Y): -16.432001
* Position (Z): 13.57002
* Rotation (Y): -34.544003
* Rotation (X): 130.286
* Rotation (Z): 0.0

[Play Character Voice Line: 2 parameters]
* Character Index: 1
* Voice Line ID: 134
-> Wait until End of Voice Line

[Play Character Voice Line: 2 parameters]
* Character Index: 1
* Voice Line ID: 138
-> Wait until End of Voice Line

[Primary Camera Point: 6 parameters]
* Position (X): -62.097004
* Position (Y): -1.379
* Position (Z): -9.457999
* Rotation (Y): -2.873
* Rotation (X): -20.206005
* Rotation (Z): 0.0

[Trigger Camera Shake: 1 parameter]
* Force/Intensity: 1.0

[Play Character Voice Line: 2 parameters]
* Character Index: 1
* Voice Line ID: 135
-> Wait until End of Voice Line

[Primary Camera Point: 6 parameters]
* Position (X): -3.177003
* Position (Y): -12.139
* Position (Z): 54.888
* Rotation (Y): -10.613
* Rotation (X): -139.876
* Rotation (Z): 0.0

[Secondary Camera Point]
-> Additional Camera Point: 7 parameters
* Time (s): 12.0
* Position (X): -18.053999
* Position (Y): -3.732002
* Position (Z): 16.33002
* Rotation (Y): -6.384001
* Rotation (X): -139.8876
* Rotation (Z): 0.0

[Assign Animation: 2 parameters]
* Character Index: 1 (Opp.)
* ANM Name: SKILL_003_EVENT_4
-> Wait until End of ANM

[Play Character Voice Line: 2 parameters]
* Character Index: 1
* Voice Line ID: 136
-> Wait until End of Voice Line

[Play Character Voice Line: 2 parameters]
* Character Index: 1
* Voice Line ID: 137
-> Wait until End of Voice Line

[Store VFX Switches]

[Store Conditional Properties]

[Store Player's Character Changes]

[Store Opponent's Character Changes]

[Post-Cutscene Event: 2 parameters]
* Event ID: Aerial Clash
* Character ID: N/A

[Scene End & Battle Start]

===== SCENE 10032 =====

[Scene Start]

[Battle End: 1 parameter]
* Battle Outcome ID: 1

[Store Character Positions]

[Assign Character Position & Rotation: 7 parameters]
* Character Index: 1
* Position (X): -25.7
* Position (Y): -0.4
* Position (Z): 30.6
* Rotation (X): 0.0
* Rotation (Y): 140.0
* Rotation (Z): 0.0

[Assign Character Position & Rotation: 7 parameters]
* Character Index: 0 (Opp.)
* Position (X): 25.7
* Position (Y): 0.2
* Position (Z): -30.6
* Rotation (X): 0.0
* Rotation (Y): -40.0
* Rotation (Z): 0.0

[Assign Animation: 2 parameters]
* Character Index: 1
* ANM Name: STAND_LOOP
-> Enable ANM Loop

[Assign Animation: 2 parameters]
* Character Index: 0 (Opp.)
* ANM Name: GROUND_TIRED
-> Enable ANM Loop

[Disable Lingering Aura: 1 parameter]
* Character Index: 0 (Opp.)

[Disable Lingering Aura: 1 parameter]
* Character Index: 1

[Primary Camera Point: 6 parameters]
* Position (X): -63.029
* Position (Y): -21.782
* Position (Z): 38.014
* Rotation (Y): -15.483
* Rotation (X): 124.487
* Rotation (Z): 0.0

[Secondary Camera Point]
-> Additional Camera Point: 7 parameters
* Time (s): 8.0
* Position (X): -51.772
* Position (Y): -18.036
* Position (Z): 30.533
* Rotation (Y): -15.483
* Rotation (X): 119.608
* Rotation (Z): 0.0

[Play Character Voice Line: 2 parameters]
* Character Index: 0 (Opp.)
* Voice Line ID: 71
-> Wait until End of Voice Line

[Primary Camera Point: 6 parameters]
* Position (X): 1.64
* Position (Y): -15.986
* Position (Z): -15.672
* Rotation (Y): -16.732
* Rotation (X): 114.669
* Rotation (Z): 0.0

[Secondary Camera Point]
-> Additional Camera Point: 7 parameters
* Time (s): 14.0
* Position (X): 14.464
* Position (Y): -9.064
* Position (Z): -21.561
* Rotation (Y): 3.082
* Rotation (X): 114.669
* Rotation (Z): 0.0

[Play Character Voice Line: 2 parameters]
* Character Index: 0 (Opp.)
* Voice Line ID: 72
-> Wait until End of Voice Line

[Primary Camera Point: 6 parameters]
* Position (X): 26.137
* Position (Y): -9.083
* Position (Z): -47.611
* Rotation (Y): -9.38
* Rotation (X): -19.766
* Rotation (Z): 0.0

[Secondary Camera Point]
-> Additional Camera Point: 7 parameters
* Time (s): 6.0
* Position (X): 23.124
* Position (Y): -17.16
* Position (Z): -39.227
* Rotation (Y): -17.231
* Rotation (X): -19.766
* Rotation (Z): 0.0

[Play Character Voice Line: 2 parameters]
* Character Index: 0 (Opp.)
* Voice Line ID: 73
-> Wait until End of Voice Line

[Primary Camera Point: 6 parameters]
* Position (X): -16.525
* Position (Y): -5.664
* Position (Z): 16.764
* Rotation (Y): 36.816
* Rotation (X): -33.179
* Rotation (Z): 0.0

[Secondary Camera Point]
-> Additional Camera Point: 7 parameters
* Time (s): 9.0
* Position (X): -21.366
* Position (Y): -13.273
* Position (Z): 25.029
* Rotation (Y): 40.004
* Rotation (X): -37.313
* Rotation (Z): 0.0

[Play Character Voice Line: 2 parameters]
* Character Index: 0 (Opp.)
* Voice Line ID: 74
-> Wait until End of Voice Line

[Primary Camera Point: 6 parameters]
* Position (X): 7.305
* Position (Y): -14.167
* Position (Z): -19.242
* Rotation (Y): -11.653
* Rotation (X): 113.471
* Rotation (Z): 0.0

[Secondary Camera Point]
-> Additional Camera Point: 7 parameters
* Time (s): 9.0
* Position (X): 19.007
* Position (Y): -13.422
* Position (Z): -23.908
* Rotation (Y): -4.523
* Rotation (X): 116.766
* Rotation (Z): 0.0

[Play Character Voice Line: 2 parameters]
* Character Index: 0 (Opp.)
* Voice Line ID: 75
-> Wait until End of Voice Line

[Primary Camera Point: 6 parameters]
* Position (X): 8.411
* Position (Y): -13.281
* Position (Z): -8.001
* Rotation (Y): -19.619
* Rotation (X): 143.092
* Rotation (Z): 0.0

[Secondary Camera Point]
-> Additional Camera Point: 7 parameters
* Time (s): 5.0
* Position (X): -52.219
* Position (Y): -17.408
* Position (Z): 38.912
* Rotation (Y): -15.808
* Rotation (X): 130.807
* Rotation (Z): 0.0

[Assign Animation: 2 parameters]
* Character Index: 0 (Opp.)
* ANM Name: LOSE
-> Wait until End of ANM

[Play Character Voice Line: 2 parameters]
* Character Index: 1
* Voice Line ID: 77
-> Wait until End of Voice Line

[Store VFX Switches]

[Store Conditional Properties]

[Store Player's Character Changes]

[Store Opponent's Character Changes]

[Post-Cutscene Event: 2 parameters]
* Event ID: Aerial Clash
* Character ID: N/A

[Scene End & Battle Start]

===== SCENE 10040 =====

[Scene Start]

[Battle End: 1 parameter]
* Battle Outcome ID: 0

[Store Character Positions]

[Assign Character Position & Rotation: 7 parameters]
* Character Index: 0
* Position (X): -19.3
* Position (Y): -0.4
* Position (Z): 23.0
* Rotation (X): 0.0
* Rotation (Y): 140.0
* Rotation (Z): 0.0

[Assign Character Position & Rotation: 7 parameters]
* Character Index: 0 (Opp.)
* Position (X): 19.3
* Position (Y): -1.3
* Position (Z): -23.0
* Rotation (X): 0.0
* Rotation (Y): -40.0
* Rotation (Z): 0.0

[Disable Lingering Aura: 1 parameter]
* Character Index: 0 (Opp.)

[Disable Lingering Aura: 1 parameter]
* Character Index: 1

[Assign Animation: 2 parameters]
* Character Index: 0
* ANM Name: LOSE

[Assign Animation: 2 parameters]
* Character Index: 0 (Opp.)
* ANM Name: WIN_LOOP
-> Enable ANM Loop

[Primary Camera Point: 6 parameters]
* Position (X): -11.8
* Position (Y): -22.112
* Position (Z): 34.985
* Rotation (Y): -22.058
* Rotation (X): 163.165
* Rotation (Z): 0.0

[Play Character Voice Line: 2 parameters]
* Character Index: 0 (Opp.)
* Voice Line ID: 6
-> Wait until End of Voice Line

[Store VFX Switches]

[Store Conditional Properties]

[Store Player's Character Changes]

[Store Opponent's Character Changes]

[Post-Cutscene Event: 2 parameters]
* Event ID: Aerial Clash
* Character ID: N/A

[Scene End & Battle Start]

===== SCENE 10042 =====

[Scene Start]

[Battle End: 1 parameter]
* Battle Outcome ID: 0

[Store Character Positions]

[Assign Character Position & Rotation: 7 parameters]
* Character Index: 1
* Position (X): -19.3
* Position (Y): -0.4
* Position (Z): 23.0
* Rotation (X): 0.0
* Rotation (Y): 140.0
* Rotation (Z): 0.0

[Assign Character Position & Rotation: 7 parameters]
* Character Index: 0 (Opp.)
* Position (X): 19.3
* Position (Y): -1.3
* Position (Z): -23.0
* Rotation (X): 0.0
* Rotation (Y): -40.0
* Rotation (Z): 0.0

[Disable Lingering Aura: 1 parameter]
* Character Index: 0 (Opp.)

[Disable Lingering Aura: 1 parameter]
* Character Index: 1

[Assign Animation: 2 parameters]
* Character Index: 1
* ANM Name: LOSE

[Assign Animation: 2 parameters]
* Character Index: 0 (Opp.)
* ANM Name: WIN_LOOP
-> Enable ANM Loop

[Primary Camera Point: 6 parameters]
* Position (X): -11.8
* Position (Y): -22.112
* Position (Z): 34.985
* Rotation (Y): -22.058
* Rotation (X): 163.165
* Rotation (Z): 0.0

[Play Character Voice Line: 2 parameters]
* Character Index: 2 (Opp.)
* Voice Line ID: 122
-> Wait until End of Voice Line

[Store VFX Switches]

[Store Conditional Properties]

[Store Player's Character Changes]

[Store Opponent's Character Changes]

[Post-Cutscene Event: 2 parameters]
* Event ID: Aerial Clash
* Character ID: N/A

[Scene End & Battle Start]

===== SCENE 10041 =====

[Scene Start]

[Battle End: 1 parameter]
* Battle Outcome ID: 0

[Store Character Positions]

[Assign Character Position & Rotation: 7 parameters]
* Character Index: 1
* Position (X): -19.3
* Position (Y): -0.4
* Position (Z): 23.0
* Rotation (X): 0.0
* Rotation (Y): 140.0
* Rotation (Z): 0.0

[Assign Character Position & Rotation: 7 parameters]
* Character Index: 0 (Opp.)
* Position (X): 19.3
* Position (Y): -1.3
* Position (Z): -23.0
* Rotation (X): 0.0
* Rotation (Y): -40.0
* Rotation (Z): 0.0

[Disable Lingering Aura: 1 parameter]
* Character Index: 0 (Opp.)

[Disable Lingering Aura: 1 parameter]
* Character Index: 1

[Assign Animation: 2 parameters]
* Character Index: 1
* ANM Name: LOSE

[Assign Animation: 2 parameters]
* Character Index: 0 (Opp.)
* ANM Name: WIN_LOOP
-> Enable ANM Loop

[Primary Camera Point: 6 parameters]
* Position (X): -11.8
* Position (Y): -22.112
* Position (Z): 34.985
* Rotation (Y): -22.058
* Rotation (X): 163.165
* Rotation (Z): 0.0
-> PROPERTY 119

[Wait for Period of Time: 1 parameter]
* Time (s): 1.5
-> PROPERTY 119

[Store VFX Switches]

[Store Conditional Properties]

[Store Player's Character Changes]

[Store Opponent's Character Changes]

[Post-Cutscene Event: 2 parameters]
* Event ID: Aerial Clash
* Character ID: N/A

[Scene End & Battle Start]
