GSC Origin: Budokai Tenkaichi 3

===== SCENE -1 =====

===== SCENE 1000 =====

===== SCENE -2 =====

[Load TXT PAK]

[Load LPS PAK]

===== SCENE -3 =====

[Scenario Identifier: 1 parameter]
* GSC Name: Adios al guerrero orgulloso

[Rewards: 15 parameters]
* Z-Points (Easy): 1500
* Z-Points (Normal): 2000
* Z-Points (Hard): 2500
* Z-Item #1: N/A
* Z-Item #2: N/A
* Z-Item #3: N/A
* Map #1: N/A
* Map #2: N/A
* Map #3: N/A
* Character #1: N/A
* Character #2: N/A
* Character #3: N/A
* Scenario #1: Invalid (Value: 196611)
* Scenario #2: N/A
* Scenario #3: N/A

[Subtitle Settings]
-> Text Region: 1 parameter
* Region ID: 0
-> Text is Grey: 1 parameter
* Enable Grey Text: False
-> Text Position: 2 parameters
* Position (X): 256
* Position (Y): 428
-> Text Size: 2 parameters
* Width: 0.85
* Height: 0.85
-> Text Scale: 1 parameter
* Coefficient: 1.0
-> Text Color: 4 parameters
* Red: 255
* Green: 255
* Blue: 255
* Opacity: 128
-> Text Padding: 2 parameters
* Padding (Vertical): 2
* Padding (Horizontal): 5
-> Text Alignment: 1 parameter
* Alignment ID: 1
-> Symbol: 1 parameter
* Type: 2
-> Text Outline Size: 2 parameters
* Width: 1
* Height: 2
-> Text Outline Color: 4 parameters
* Red: 0
* Green: 0
* Blue: 0
* Opacity: 64

[Subtitle Settings]
-> Text Region: 1 parameter
* Region ID: 1
-> Text is Grey: 1 parameter
* Enable Grey Text: False
-> Text Position: 2 parameters
* Position (X): 256
* Position (Y): 428
-> Text Size: 2 parameters
* Width: 0.85
* Height: 0.85
-> Text Scale: 1 parameter
* Coefficient: 1.0
-> Text Color: 4 parameters
* Red: 255
* Green: 255
* Blue: 255
* Opacity: 128
-> Text Padding: 2 parameters
* Padding (Vertical): 2
* Padding (Horizontal): 5
-> Text Alignment: 1 parameter
* Alignment ID: 1
-> Symbol: 1 parameter
* Type: 2
-> Text Outline Size: 2 parameters
* Width: 1
* Height: 2
-> Text Outline Color: 4 parameters
* Red: 0
* Green: 0
* Blue: 0
* Opacity: 64

[Subtitle Settings]
-> Text Region: 1 parameter
* Region ID: 2
-> Text is Grey: 1 parameter
* Enable Grey Text: False
-> Text Position: 2 parameters
* Position (X): 256
* Position (Y): 428
-> Text Size: 2 parameters
* Width: 0.85
* Height: 0.85
-> Text Scale: 1 parameter
* Coefficient: 1.0
-> Text Color: 4 parameters
* Red: 255
* Green: 255
* Blue: 255
* Opacity: 128
-> Text Padding: 2 parameters
* Padding (Vertical): 2
* Padding (Horizontal): 5
-> Text Alignment: 1 parameter
* Alignment ID: 1
-> Symbol: 1 parameter
* Type: 2
-> Text Outline Size: 2 parameters
* Width: 1
* Height: 2
-> Text Outline Color: 4 parameters
* Red: 0
* Green: 0
* Blue: 0
* Opacity: 64

[Subtitle Settings]
-> Text Region: 1 parameter
* Region ID: 3
-> Text is Grey: 1 parameter
* Enable Grey Text: False
-> Text Position: 2 parameters
* Position (X): 256
* Position (Y): 428
-> Text Size: 2 parameters
* Width: 0.85
* Height: 0.85
-> Text Scale: 1 parameter
* Coefficient: 1.0
-> Text Color: 4 parameters
* Red: 255
* Green: 255
* Blue: 255
* Opacity: 128
-> Text Padding: 2 parameters
* Padding (Vertical): 2
* Padding (Horizontal): 5
-> Text Alignment: 1 parameter
* Alignment ID: 1
-> Symbol: 1 parameter
* Type: 2
-> Text Outline Size: 2 parameters
* Width: 2
* Height: 2
-> Text Outline Color: 4 parameters
* Red: 32
* Green: 32
* Blue: 32
* Opacity: 128

[Subtitle Settings]
-> Text Region: 1 parameter
* Region ID: 0
-> Text is Grey: 1 parameter
* Enable Grey Text: True
-> Text Position: 2 parameters
* Position (X): 256
* Position (Y): 428
-> Text Size: 2 parameters
* Width: 0.85
* Height: 0.85
-> Text Scale: 1 parameter
* Coefficient: 1.0
-> Text Color: 4 parameters
* Red: 140
* Green: 140
* Blue: 140
* Opacity: 128
-> Text Padding: 2 parameters
* Padding (Vertical): 2
* Padding (Horizontal): 5
-> Text Alignment: 1 parameter
* Alignment ID: 1
-> Symbol: 1 parameter
* Type: 2
-> Text Outline Size: 2 parameters
* Width: 1
* Height: 2
-> Text Outline Color: 4 parameters
* Red: 0
* Green: 0
* Blue: 0
* Opacity: 64

[Subtitle Settings]
-> Text Region: 1 parameter
* Region ID: 1
-> Text is Grey: 1 parameter
* Enable Grey Text: True
-> Text Position: 2 parameters
* Position (X): 256
* Position (Y): 428
-> Text Size: 2 parameters
* Width: 0.85
* Height: 0.85
-> Text Scale: 1 parameter
* Coefficient: 1.0
-> Text Color: 4 parameters
* Red: 140
* Green: 140
* Blue: 140
* Opacity: 128
-> Text Padding: 2 parameters
* Padding (Vertical): 2
* Padding (Horizontal): 5
-> Text Alignment: 1 parameter
* Alignment ID: 1
-> Symbol: 1 parameter
* Type: 2
-> Text Outline Size: 2 parameters
* Width: 1
* Height: 2
-> Text Outline Color: 4 parameters
* Red: 0
* Green: 0
* Blue: 0
* Opacity: 64

[Subtitle Settings]
-> Text Region: 1 parameter
* Region ID: 2
-> Text is Grey: 1 parameter
* Enable Grey Text: True
-> Text Position: 2 parameters
* Position (X): 256
* Position (Y): 428
-> Text Size: 2 parameters
* Width: 0.85
* Height: 0.85
-> Text Scale: 1 parameter
* Coefficient: 1.0
-> Text Color: 4 parameters
* Red: 140
* Green: 140
* Blue: 140
* Opacity: 128
-> Text Padding: 2 parameters
* Padding (Vertical): 2
* Padding (Horizontal): 5
-> Text Alignment: 1 parameter
* Alignment ID: 1
-> Symbol: 1 parameter
* Type: 2
-> Text Outline Size: 2 parameters
* Width: 1
* Height: 2
-> Text Outline Color: 4 parameters
* Red: 0
* Green: 0
* Blue: 0
* Opacity: 64

[Subtitle Settings]
-> Text Region: 1 parameter
* Region ID: 3
-> Text is Grey: 1 parameter
* Enable Grey Text: True
-> Text Position: 2 parameters
* Position (X): 256
* Position (Y): 428
-> Text Size: 2 parameters
* Width: 0.85
* Height: 0.85
-> Text Scale: 1 parameter
* Coefficient: 1.0
-> Text Color: 4 parameters
* Red: 140
* Green: 140
* Blue: 140
* Opacity: 128
-> Text Padding: 2 parameters
* Padding (Vertical): 2
* Padding (Horizontal): 5
-> Text Alignment: 1 parameter
* Alignment ID: 1
-> Symbol: 1 parameter
* Type: 2
-> Text Outline Size: 2 parameters
* Width: 2
* Height: 2
-> Text Outline Color: 4 parameters
* Red: 32
* Green: 32
* Blue: 32
* Opacity: 128

===== SCENE -4 =====

[Battle Settings: 5 parameters]
* Map: DESIERTO DE MOLLEJA
* Music: SButouden2 - Vegeta Theme
* Battle Time (s): 0
* Referee: Shenron
* Enable Map Destruction: False

[Team Settings: 2 parameters]
* Team Index: 0
* Number of Teammates: 5

[Team Settings: 2 parameters]
* Team Index: 1
* Number of Teammates: 1

[Character Settings: 14 parameters]
* Character Index: 0
* Character: Gotenks - Super Saiyajin 3
* Color: 0
* Damaged: False
* COM Level: 0
* Z-Item #8: Goku Type
* Health (%): 100
* Z-Item #1: King Kai's Training
* Z-Item #2: Attack Up 1
* Z-Item #3: Ki Power Up 1
* Z-Item #4: Attack +2
* Z-Item #5: N/A
* Z-Item #6: N/A
* Z-Item #7: N/A

[Character Settings: 14 parameters]
* Character Index: 1
* Character: Gohan (Fin) - Definitivo
* Color: 4
* Damaged: False
* COM Level: 0
* Z-Item #8: Goku Type
* Health (%): 100
* Z-Item #1: Attack +20
* Z-Item #2: Defense +40
* Z-Item #3: Strength Enhancement
* Z-Item #4: Defense +4
* Z-Item #5: Attack +7
* Z-Item #6: Dragon Crush
* Z-Item #7: Vanishing Rush

[Character Settings: 14 parameters]
* Character Index: 2
* Character: Goten (Niño)
* Color: 0
* Damaged: False
* COM Level: 0
* Z-Item #8: Goku Type
* Health (%): 100
* Z-Item #1: N/A
* Z-Item #2: N/A
* Z-Item #3: N/A
* Z-Item #4: N/A
* Z-Item #5: N/A
* Z-Item #6: N/A
* Z-Item #7: N/A

[Character Settings: 14 parameters]
* Character Index: 3
* Character: Son-Goku (Super)
* Color: 1
* Damaged: False
* COM Level: 0
* Z-Item #8: Goku Type
* Health (%): 100
* Z-Item #1: N/A
* Z-Item #2: N/A
* Z-Item #3: N/A
* Z-Item #4: N/A
* Z-Item #5: N/A
* Z-Item #6: N/A
* Z-Item #7: N/A

[Character Settings: 14 parameters]
* Character Index: 4
* Character: Vegeta (Super)
* Color: 1
* Damaged: False
* COM Level: 0
* Z-Item #8: Goku Type
* Health (%): 100
* Z-Item #1: N/A
* Z-Item #2: N/A
* Z-Item #3: N/A
* Z-Item #4: N/A
* Z-Item #5: N/A
* Z-Item #6: N/A
* Z-Item #7: N/A

[Character Settings: 14 parameters]
* Character Index: 0 (Opp.)
* Character: Súper Bu
* Color: 0
* Damaged: False
* COM Level: 9
* Z-Item #8: Goku Type
* Health (%): 100
* Z-Item #1: Attack +20
* Z-Item #2: Defense +40
* Z-Item #3: Strength Enhancement
* Z-Item #4: Defense +3
* Z-Item #5: Attack +3
* Z-Item #6: Dragon Crush
* Z-Item #7: Vanishing Rush

===== SCENE -5 =====

[Store Audio-Related Properties]
-> Audio-Related Property: 2 parameters
* Voice Line ID: 3
* Character Index: 0
-> Audio-Related Property: 2 parameters
* Voice Line ID: 4
* Character Index: 0 (Opp.)
-> Audio-Related Property: 2 parameters
* Voice Line ID: 5
* Character Index: 0
-> Audio-Related Property: 2 parameters
* Voice Line ID: 6
* Character Index: 32767
-> Audio-Related Property: 2 parameters
* Voice Line ID: 7
* Character Index: 3
-> Audio-Related Property: 2 parameters
* Voice Line ID: 8
* Character Index: 3
-> Audio-Related Property: 2 parameters
* Voice Line ID: 9
* Character Index: 3
-> Audio-Related Property: 2 parameters
* Voice Line ID: 10
* Character Index: 3
-> Audio-Related Property: 2 parameters
* Voice Line ID: 11
* Character Index: 32767
-> Audio-Related Property: 2 parameters
* Voice Line ID: 19
* Character Index: 0
-> Audio-Related Property: 2 parameters
* Voice Line ID: 20
* Character Index: 0
-> Audio-Related Property: 2 parameters
* Voice Line ID: 21
* Character Index: 32767
-> Audio-Related Property: 2 parameters
* Voice Line ID: 22
* Character Index: 32767
-> Audio-Related Property: 2 parameters
* Voice Line ID: 23
* Character Index: 3
-> Audio-Related Property: 2 parameters
* Voice Line ID: 24
* Character Index: 32767
-> Audio-Related Property: 2 parameters
* Voice Line ID: 25
* Character Index: 0
-> Audio-Related Property: 2 parameters
* Voice Line ID: 26
* Character Index: 32767
-> Audio-Related Property: 2 parameters
* Voice Line ID: 30
* Character Index: 0
-> Audio-Related Property: 2 parameters
* Voice Line ID: 31
* Character Index: 0
-> Audio-Related Property: 2 parameters
* Voice Line ID: 32
* Character Index: 3
-> Audio-Related Property: 2 parameters
* Voice Line ID: 33
* Character Index: 0
-> Audio-Related Property: 2 parameters
* Voice Line ID: 41
* Character Index: 3
-> Audio-Related Property: 2 parameters
* Voice Line ID: 42
* Character Index: 0 (Opp.)
-> Audio-Related Property: 2 parameters
* Voice Line ID: 43
* Character Index: 0 (Opp.)
-> Audio-Related Property: 2 parameters
* Voice Line ID: 44
* Character Index: 2
-> Audio-Related Property: 2 parameters
* Voice Line ID: 45
* Character Index: 0
-> Audio-Related Property: 2 parameters
* Voice Line ID: 48
* Character Index: 32767
-> Audio-Related Property: 2 parameters
* Voice Line ID: 49
* Character Index: 1
-> Audio-Related Property: 2 parameters
* Voice Line ID: 50
* Character Index: 1
-> Audio-Related Property: 2 parameters
* Voice Line ID: 51
* Character Index: 0 (Opp.)
-> Audio-Related Property: 2 parameters
* Voice Line ID: 56
* Character Index: 3
-> Audio-Related Property: 2 parameters
* Voice Line ID: 57
* Character Index: 0
-> Audio-Related Property: 2 parameters
* Voice Line ID: 58
* Character Index: 0 (Opp.)
-> Audio-Related Property: 2 parameters
* Voice Line ID: 59
* Character Index: 1
-> Audio-Related Property: 2 parameters
* Voice Line ID: 60
* Character Index: 0 (Opp.)
-> Audio-Related Property: 2 parameters
* Voice Line ID: 61
* Character Index: 1
-> Audio-Related Property: 2 parameters
* Voice Line ID: 62
* Character Index: 0 (Opp.)
-> Audio-Related Property: 2 parameters
* Voice Line ID: 65
* Character Index: 2
-> Audio-Related Property: 2 parameters
* Voice Line ID: 66
* Character Index: 0 (Opp.)
-> Audio-Related Property: 2 parameters
* Voice Line ID: 67
* Character Index: 2
-> Audio-Related Property: 2 parameters
* Voice Line ID: 69
* Character Index: 3
-> Audio-Related Property: 2 parameters
* Voice Line ID: 71
* Character Index: 1
-> Audio-Related Property: 2 parameters
* Voice Line ID: 72
* Character Index: 0 (Opp.)
-> Audio-Related Property: 2 parameters
* Voice Line ID: 73
* Character Index: 1
-> Audio-Related Property: 2 parameters
* Voice Line ID: 74
* Character Index: 1
-> Audio-Related Property: 2 parameters
* Voice Line ID: 75
* Character Index: 0 (Opp.)
-> Audio-Related Property: 2 parameters
* Voice Line ID: 76
* Character Index: 1
-> Audio-Related Property: 2 parameters
* Voice Line ID: 81
* Character Index: 3
-> Audio-Related Property: 2 parameters
* Voice Line ID: 82
* Character Index: 32767
-> Audio-Related Property: 2 parameters
* Voice Line ID: 83
* Character Index: 32767
-> Audio-Related Property: 2 parameters
* Voice Line ID: 84
* Character Index: 0 (Opp.)
-> Audio-Related Property: 2 parameters
* Voice Line ID: 85
* Character Index: 1
-> Audio-Related Property: 2 parameters
* Voice Line ID: 86
* Character Index: 0 (Opp.)
-> Audio-Related Property: 2 parameters
* Voice Line ID: 87
* Character Index: 1
-> Audio-Related Property: 2 parameters
* Voice Line ID: 88
* Character Index: 32767
-> Audio-Related Property: 2 parameters
* Voice Line ID: 89
* Character Index: 0 (Opp.)
-> Audio-Related Property: 2 parameters
* Voice Line ID: 90
* Character Index: 0 (Opp.)
-> Audio-Related Property: 2 parameters
* Voice Line ID: 91
* Character Index: 3
-> Audio-Related Property: 2 parameters
* Voice Line ID: 92
* Character Index: 32767
-> Audio-Related Property: 2 parameters
* Voice Line ID: 93
* Character Index: 3
-> Audio-Related Property: 2 parameters
* Voice Line ID: 94
* Character Index: 32767
-> Audio-Related Property: 2 parameters
* Voice Line ID: 95
* Character Index: 32767
-> Audio-Related Property: 2 parameters
* Voice Line ID: 96
* Character Index: 0 (Opp.)
-> Audio-Related Property: 2 parameters
* Voice Line ID: 100
* Character Index: 3
-> Audio-Related Property: 2 parameters
* Voice Line ID: 101
* Character Index: 3
-> Audio-Related Property: 2 parameters
* Voice Line ID: 102
* Character Index: 1
-> Audio-Related Property: 2 parameters
* Voice Line ID: 103
* Character Index: 1
-> Audio-Related Property: 2 parameters
* Voice Line ID: 106
* Character Index: 3
-> Audio-Related Property: 2 parameters
* Voice Line ID: 107
* Character Index: 0 (Opp.)
-> Audio-Related Property: 2 parameters
* Voice Line ID: 108
* Character Index: 0 (Opp.)
-> Audio-Related Property: 2 parameters
* Voice Line ID: 109
* Character Index: 3
-> Audio-Related Property: 2 parameters
* Voice Line ID: 110
* Character Index: 0 (Opp.)
-> Audio-Related Property: 2 parameters
* Voice Line ID: 111
* Character Index: 3
-> Audio-Related Property: 2 parameters
* Voice Line ID: 118
* Character Index: 3
-> Audio-Related Property: 2 parameters
* Voice Line ID: 117
* Character Index: 3
-> Audio-Related Property: 2 parameters
* Voice Line ID: 119
* Character Index: 3
-> Audio-Related Property: 2 parameters
* Voice Line ID: 120
* Character Index: 4
-> Audio-Related Property: 2 parameters
* Voice Line ID: 121
* Character Index: 3
-> Audio-Related Property: 2 parameters
* Voice Line ID: 122
* Character Index: 4
-> Audio-Related Property: 2 parameters
* Voice Line ID: 123
* Character Index: 3
-> Audio-Related Property: 2 parameters
* Voice Line ID: 124
* Character Index: 3
-> Audio-Related Property: 2 parameters
* Voice Line ID: 125
* Character Index: 4
-> Audio-Related Property: 2 parameters
* Voice Line ID: 126
* Character Index: 0 (Opp.)
-> Audio-Related Property: 2 parameters
* Voice Line ID: 127
* Character Index: 3
-> Audio-Related Property: 2 parameters
* Voice Line ID: 128
* Character Index: 64
-> Audio-Related Property: 2 parameters
* Voice Line ID: 129
* Character Index: 4
-> Audio-Related Property: 2 parameters
* Voice Line ID: 130
* Character Index: 4
-> Audio-Related Property: 2 parameters
* Voice Line ID: 131
* Character Index: 4
-> Audio-Related Property: 2 parameters
* Voice Line ID: 132
* Character Index: 0 (Opp.)
-> Audio-Related Property: 2 parameters
* Voice Line ID: 133
* Character Index: 0 (Opp.)
-> Audio-Related Property: 2 parameters
* Voice Line ID: 141
* Character Index: 4
-> Audio-Related Property: 2 parameters
* Voice Line ID: 142
* Character Index: 4
-> Audio-Related Property: 2 parameters
* Voice Line ID: 143
* Character Index: 0 (Opp.)
-> Audio-Related Property: 2 parameters
* Voice Line ID: 144
* Character Index: 4
-> Audio-Related Property: 2 parameters
* Voice Line ID: 145
* Character Index: 0 (Opp.)
-> Audio-Related Property: 2 parameters
* Voice Line ID: 146
* Character Index: 32767
-> Audio-Related Property: 2 parameters
* Voice Line ID: 147
* Character Index: 32767
-> Audio-Related Property: 2 parameters
* Voice Line ID: 148
* Character Index: 0 (Opp.)
-> Audio-Related Property: 2 parameters
* Voice Line ID: 149
* Character Index: 4
-> Audio-Related Property: 2 parameters
* Voice Line ID: 150
* Character Index: 4
-> Audio-Related Property: 2 parameters
* Voice Line ID: 151
* Character Index: 0 (Opp.)
-> Audio-Related Property: 2 parameters
* Voice Line ID: 152
* Character Index: 4
-> Audio-Related Property: 2 parameters
* Voice Line ID: 153
* Character Index: 0 (Opp.)
-> Audio-Related Property: 2 parameters
* Voice Line ID: 154
* Character Index: 4
-> Audio-Related Property: 2 parameters
* Voice Line ID: 156
* Character Index: 4
-> Audio-Related Property: 2 parameters
* Voice Line ID: 157
* Character Index: 4
-> Audio-Related Property: 2 parameters
* Voice Line ID: 158
* Character Index: 32767
-> Audio-Related Property: 2 parameters
* Voice Line ID: 159
* Character Index: 4
-> Audio-Related Property: 2 parameters
* Voice Line ID: 160
* Character Index: 4
-> Audio-Related Property: 2 parameters
* Voice Line ID: 161
* Character Index: 0 (Opp.)
-> Audio-Related Property: 2 parameters
* Voice Line ID: 162
* Character Index: 32767
-> Audio-Related Property: 2 parameters
* Voice Line ID: 163
* Character Index: 4
-> Audio-Related Property: 2 parameters
* Voice Line ID: 164
* Character Index: 0 (Opp.)
-> Audio-Related Property: 2 parameters
* Voice Line ID: 165
* Character Index: 4
-> Audio-Related Property: 2 parameters
* Voice Line ID: 166
* Character Index: 0 (Opp.)
-> Audio-Related Property: 2 parameters
* Voice Line ID: 172
* Character Index: 4
-> Audio-Related Property: 2 parameters
* Voice Line ID: 173
* Character Index: 0 (Opp.)
-> Audio-Related Property: 2 parameters
* Voice Line ID: 175
* Character Index: 32767
-> Audio-Related Property: 2 parameters
* Voice Line ID: 176
* Character Index: 1

===== SCENE 10000 =====

[Scene Start]

[Battle End: 1 parameter]
* Battle Outcome ID: -1

[Store Character Positions]

[Assign Character Position & Rotation: 7 parameters]
* Character Index: 0
* Position (X): 56.9
* Position (Y): 0.0
* Position (Z): -66.2
* Rotation (X): 0.0
* Rotation (Y): -40.8
* Rotation (Z): 0.0

[Assign Character Position & Rotation: 7 parameters]
* Character Index: 0 (Opp.)
* Position (X): -60.8
* Position (Y): -0.7
* Position (Z): 127.5
* Rotation (X): 0.0
* Rotation (Y): 154.6
* Rotation (Z): 0.0

[Assign Animation: 2 parameters]
* Character Index: 0 (Opp.)
* ANM Name: INTRO_LOOP
-> Enable ANM Loop

[Primary Camera Point: 6 parameters]
* Position (X): 49.239
* Position (Y): -8.491
* Position (Z): -61.118
* Rotation (Y): 8.785
* Rotation (X): 122.516
* Rotation (Z): 0.0

[Assign Animation: 2 parameters]
* Character Index: 0
* ANM Name: SURPRISED
-> Enable ANM Loop

[Play Character Voice Line: 2 parameters]
* Character Index: 0
* Voice Line ID: 0
-> Wait until End of Voice Line

[Primary Camera Point: 6 parameters]
* Position (X): -58.24
* Position (Y): -14.842
* Position (Z): 114.772
* Rotation (Y): -0.41
* Rotation (X): -9.156
* Rotation (Z): 0.0

[Secondary Camera Point]
-> Additional Camera Point: 7 parameters
* Time (s): 8.0
* Position (X): -58.24
* Position (Y): -19.441
* Position (Z): 114.772
* Rotation (Y): -0.41
* Rotation (X): -9.156
* Rotation (Z): 0.0

[Wait for Period of Time: 1 parameter]
* Time (s): 4.0

[Play Character Voice Line: 2 parameters]
* Character Index: 0 (Opp.)
* Voice Line ID: 1
-> Wait until End of Voice Line

[Primary Camera Point: 6 parameters]
* Position (X): 40.0
* Position (Y): -7.597
* Position (Z): -45.951
* Rotation (Y): -0.41
* Rotation (X): 140.0
* Rotation (Z): 0.0

[Secondary Camera Point]
-> Additional Camera Point: 7 parameters
* Time (s): 8.0
* Position (X): 50.0
* Position (Y): -7.597
* Position (Z): -58.551
* Rotation (Y): -0.41
* Rotation (X): 140.0
* Rotation (Z): 0.0

[Assign Animation: 2 parameters]
* Character Index: 0
* ANM Name: CHARGE_IN
-> Wait until End of ANM

[Assign Animation: 2 parameters]
* Character Index: 0
* ANM Name: CHARGE_LOOP
-> Enable ANM Loop

[Enable Ki Charge Aura: 1 parameter]
* Character Index: 0

[Play Character Voice Line: 2 parameters]
* Character Index: 0
* Voice Line ID: 2
-> Wait until End of Voice Line

[Enable MAX POWER Mode Explosion: 1 parameter]
* Character Index: 0

[Trigger Camera Shake: 1 parameter]
* Force/Intensity: 0.5

[Wait for Period of Time: 1 parameter]
* Time (s): 0.5

[Store VFX Switches]

[Store Conditional Properties]
-> Scene Link: 2 parameters
* Condition: Lose 2 Health Bars (Opp.)
* Scene ID: 10001
-> Scene Link: 2 parameters
* Condition: Win via K.O.
* Scene ID: 10001
-> Scene Link: 2 parameters
* Condition: Win via K.O. (Opp.)
* Scene ID: 10040
-> Audio Link: 2 parameters
* Condition: Immediate
* Voice Line ID: 3
-> Audio Link: 2 parameters
* Condition: Immediate
* Voice Line ID: 4
-> Audio Link: 2 parameters
* Condition: Immediate
* Voice Line ID: 5
-> Audio Link: 2 parameters
* Condition: Immediate
* Voice Line ID: 6
-> Audio Link: 2 parameters
* Condition: Immediate
* Voice Line ID: 7
-> Audio Link: 2 parameters
* Condition: Immediate
* Voice Line ID: 8
-> Audio Link: 2 parameters
* Condition: Immediate
* Voice Line ID: 9
-> Audio Link: 2 parameters
* Condition: Immediate
* Voice Line ID: 10
-> Audio Link: 2 parameters
* Condition: Immediate
* Voice Line ID: 11

[Store Player's Character Changes]

[Store Opponent's Character Changes]

[Post-Cutscene Event: 2 parameters]
* Event ID: Battle Finish
* Character ID: N/A

[Scene End & Battle Start]

===== SCENE 10001 =====

[Scene Start]

[Battle End: 1 parameter]
* Battle Outcome ID: -1

[Store Character Positions]

[Trigger Fade-Out: 1 parameter]
* Time (s): 1.2

[Assign Character Position & Rotation: 7 parameters]
* Character Index: 1
* Position (X): 56.9
* Position (Y): 0.0
* Position (Z): -66.2
* Rotation (X): 0.0
* Rotation (Y): -40.8
* Rotation (Z): 0.0

[Assign Character Position & Rotation: 7 parameters]
* Character Index: 0 (Opp.)
* Position (X): -60.8
* Position (Y): -0.7
* Position (Z): 127.5
* Rotation (X): 0.0
* Rotation (Y): 154.6
* Rotation (Z): 0.0

[Assign Animation: 2 parameters]
* Character Index: 1
* ANM Name: WIN_LOOP
-> Enable ANM Loop

[Primary Camera Point: 6 parameters]
* Position (X): -61.581
* Position (Y): -19.33
* Position (Z): 114.0
* Rotation (Y): -6.542
* Rotation (X): 20.05
* Rotation (Z): 0.0

[Play Character Voice Line: 2 parameters]
* Character Index: 0 (Opp.)
* Voice Line ID: 12
-> Wait until End of Voice Line

[Primary Camera Point: 6 parameters]
* Position (X): 48.472
* Position (Y): -4.286
* Position (Z): -42.75
* Rotation (Y): 11.382
* Rotation (X): 159.087
* Rotation (Z): 0.0

[Secondary Camera Point]
-> Additional Camera Point: 7 parameters
* Time (s): 6.0
* Position (X): 54.524
* Position (Y): -6.98431
* Position (Z): -58.528
* Rotation (Y): 33.893
* Rotation (X): 160.588
* Rotation (Z): 0.0

[Play Character Voice Line: 2 parameters]
* Character Index: 0
* Voice Line ID: 13
-> Wait until End of Voice Line

[Store VFX Switches]

[Store Conditional Properties]
-> Scene Link: 2 parameters
* Condition: Wait 15 seconds
* Scene ID: 10002
-> Scene Link: 2 parameters
* Condition: Win via K.O.
* Scene ID: 10002
-> Scene Link: 2 parameters
* Condition: Win via K.O. (Opp.)
* Scene ID: 10040

[Store Player's Character Changes]
-> Add Health: 1 parameter
* Health (%): 20

[Store Opponent's Character Changes]
-> Add Health: 1 parameter
* Health (%): 50

[Post-Cutscene Event: 2 parameters]
* Event ID: Aerial Clash
* Character ID: N/A

[Scene End & Battle Start]

===== SCENE 10002 =====

[Scene Start]

[Battle End: 1 parameter]
* Battle Outcome ID: -1

[Store Character Positions]

[Trigger Fade-Out: 1 parameter]
* Time (s): 1.2

[Assign Character Position & Rotation: 7 parameters]
* Character Index: 1
* Position (X): 56.9
* Position (Y): 0.0
* Position (Z): -66.2
* Rotation (X): 0.0
* Rotation (Y): -40.8
* Rotation (Z): 0.0

[Assign Character Position & Rotation: 7 parameters]
* Character Index: 0 (Opp.)
* Position (X): -60.8
* Position (Y): -0.7
* Position (Z): 127.5
* Rotation (X): 0.0
* Rotation (Y): 154.6
* Rotation (Z): 0.0

[Primary Camera Point: 6 parameters]
* Position (X): 56.001
* Position (Y): -4.286
* Position (Z): -46.944
* Rotation (Y): 11.382
* Rotation (X): 173.6166
* Rotation (Z): 0.0

[Secondary Camera Point]
-> Additional Camera Point: 7 parameters
* Time (s): 8.0
* Position (X): 56.001
* Position (Y): -6.951
* Position (Z): -53.944
* Rotation (Y): 11.382
* Rotation (X): 173.6166
* Rotation (Z): 0.0

[Play Character Voice Line: 2 parameters]
* Character Index: 1
* Voice Line ID: 14
-> Wait until End of Voice Line

[Play Character Voice Line: 2 parameters]
* Character Index: 0
* Voice Line ID: 15
-> Wait until End of Voice Line

[Play Character Voice Line: 2 parameters]
* Character Index: 0
* Voice Line ID: 16
-> Wait until End of Voice Line

[Primary Camera Point: 6 parameters]
* Position (X): 56.001
* Position (Y): -7.014
* Position (Z): -86.91
* Rotation (Y): -0.41
* Rotation (X): -9.156
* Rotation (Z): 0.0

[Secondary Camera Point]
-> Additional Camera Point: 7 parameters
* Time (s): 8.0
* Position (X): 56.001
* Position (Y): -7.014
* Position (Z): -80.001
* Rotation (Y): -0.41
* Rotation (X): -9.156
* Rotation (Z): 0.0

[Play Character Voice Line: 2 parameters]
* Character Index: 1
* Voice Line ID: 17
-> Wait until End of Voice Line

[Play Character Voice Line: 2 parameters]
* Character Index: 0
* Voice Line ID: 18
-> Wait until End of Voice Line

[Store VFX Switches]

[Store Conditional Properties]
-> Scene Link: 2 parameters
* Condition: Wait 60 seconds
* Scene ID: 10003
-> Scene Link: 2 parameters
* Condition: Win via K.O.
* Scene ID: 10003
-> Scene Link: 2 parameters
* Condition: Win via K.O. (Opp.)
* Scene ID: 10040
-> Audio Link: 2 parameters
* Condition: Immediate
* Voice Line ID: 19
-> Audio Link: 2 parameters
* Condition: Immediate
* Voice Line ID: 20
-> Audio Link: 2 parameters
* Condition: Immediate
* Voice Line ID: 21
-> Audio Link: 2 parameters
* Condition: Immediate
* Voice Line ID: 22
-> Audio Link: 2 parameters
* Condition: Immediate
* Voice Line ID: 23
-> Audio Link: 2 parameters
* Condition: Immediate
* Voice Line ID: 24
-> Audio Link: 2 parameters
* Condition: Immediate
* Voice Line ID: 25
-> Audio Link: 2 parameters
* Condition: Immediate
* Voice Line ID: 26

[Store Player's Character Changes]
-> Add Health: 1 parameter
* Health (%): 100

[Store Opponent's Character Changes]
-> Add Health: 1 parameter
* Health (%): 100

[Post-Cutscene Event: 2 parameters]
* Event ID: Trigger Ultimate Blast
* Character ID: N/A

[Scene End & Battle Start]

===== SCENE 10003 =====

[Scene Start]

[Battle End: 1 parameter]
* Battle Outcome ID: -1

[Store Character Positions]

[Trigger Fade-Out: 1 parameter]
* Time (s): 1.2

[Assign Character Position & Rotation: 7 parameters]
* Character Index: 0
* Position (X): 56.9
* Position (Y): 0.0
* Position (Z): -66.2
* Rotation (X): 0.0
* Rotation (Y): -40.8
* Rotation (Z): 0.0

[Assign Character Position & Rotation: 7 parameters]
* Character Index: 0 (Opp.)
* Position (X): -60.8
* Position (Y): -0.7
* Position (Z): 127.5
* Rotation (X): 0.0
* Rotation (Y): 154.6
* Rotation (Z): 0.0

[Assign Animation: 2 parameters]
* Character Index: 0
* ANM Name: GROUND
-> Enable ANM Loop

[Primary Camera Point: 6 parameters]
* Position (X): 48.472
* Position (Y): -4.286
* Position (Z): -42.75
* Rotation (Y): 11.382
* Rotation (X): 159.087
* Rotation (Z): 0.0

[Secondary Camera Point]
-> Additional Camera Point: 7 parameters
* Time (s): 12.0
* Position (X): 54.524
* Position (Y): -5.12
* Position (Z): -55.0
* Rotation (Y): 33.893
* Rotation (X): 166.0
* Rotation (Z): 0.0

[Play Character Voice Line: 2 parameters]
* Character Index: 0
* Voice Line ID: 27
-> Wait until End of Voice Line

[Play Character Voice Line: 2 parameters]
* Character Index: 0
* Voice Line ID: 28
-> Wait until End of Voice Line

[Primary Camera Point: 6 parameters]
* Position (X): 50.0
* Position (Y): -4.56
* Position (Z): -58.0
* Rotation (Y): 24.246
* Rotation (X): -225.0
* Rotation (Z): 0.0

[Assign Animation: 2 parameters]
* Character Index: 0
* ANM Name: CHARGE_IN
-> Wait until End of ANM

[Assign Animation: 2 parameters]
* Character Index: 0
* ANM Name: CHARGE_LOOP
-> Enable ANM Loop

[Enable Ki Charge Aura: 1 parameter]
* Character Index: 0

[Play Character Voice Line: 2 parameters]
* Character Index: 0
* Voice Line ID: 29
-> Wait until End of Voice Line

[Store VFX Switches]

[Store Conditional Properties]
-> Scene Link: 2 parameters
* Condition: Wait 25 seconds
* Scene ID: 10004
-> Scene Link: 2 parameters
* Condition: Win via K.O.
* Scene ID: 10004
-> Scene Link: 2 parameters
* Condition: Win via K.O. (Opp.)
* Scene ID: 10040
-> Audio Link: 2 parameters
* Condition: Immediate
* Voice Line ID: 30
-> Audio Link: 2 parameters
* Condition: Immediate
* Voice Line ID: 31
-> Audio Link: 2 parameters
* Condition: Immediate
* Voice Line ID: 32
-> Audio Link: 2 parameters
* Condition: Immediate
* Voice Line ID: 33

[Store Player's Character Changes]

[Store Opponent's Character Changes]
-> Add Health: 1 parameter
* Health (%): 100
-> Replace Z-Item #7: 1 parameter
* Z-Item #7: Absolutely Invincible Body

[Post-Cutscene Event: 2 parameters]
* Event ID: Assign Transformation
* Character ID: Gotenks - Fusión

[Scene End & Battle Start]

===== SCENE 10004 =====

[Scene Start]

[Battle End: 1 parameter]
* Battle Outcome ID: -1

[Store Character Positions]

[Store VFX Switches]

[Store Conditional Properties]
-> Scene Link: 2 parameters
* Condition: Immediate
* Scene ID: 10005
-> Scene Link: 2 parameters
* Condition: Win via K.O.
* Scene ID: 10031
-> Scene Link: 2 parameters
* Condition: Win via K.O. (Opp.)
* Scene ID: 10040

[Store Player's Character Changes]

[Store Opponent's Character Changes]
-> Add Health: 1 parameter
* Health (%): 10

[Post-Cutscene Event: 2 parameters]
* Event ID: Assign Transformation
* Character ID: Trunks (Niño)

[Scene End & Battle Start]

===== SCENE 10005 =====

[Scene Start]

[Battle End: 1 parameter]
* Battle Outcome ID: -1

[Store Character Positions]

[Assign Character Position & Rotation: 7 parameters]
* Character Index: 0
* Position (X): 56.9
* Position (Y): 0.0
* Position (Z): -66.2
* Rotation (X): 0.0
* Rotation (Y): -40.8
* Rotation (Z): 0.0

[Assign Character Position & Rotation: 7 parameters]
* Character Index: 0 (Opp.)
* Position (X): -60.8
* Position (Y): -0.7
* Position (Z): 127.5
* Rotation (X): 0.0
* Rotation (Y): 154.6
* Rotation (Z): 0.0

[Assign Animation: 2 parameters]
* Character Index: 0 (Opp.)
* ANM Name: INTRO_LOOP
-> Enable ANM Loop

[Primary Camera Point: 6 parameters]
* Position (X): 54.013
* Position (Y): -8.491
* Position (Z): -61.118
* Rotation (Y): -0.41
* Rotation (X): 150.0
* Rotation (Z): 0.0

[Assign Animation: 2 parameters]
* Character Index: 0
* ANM Name: SURPRISED
-> Enable ANM Loop

[Play Character Voice Line: 2 parameters]
* Character Index: 0
* Voice Line ID: 34
-> Wait until End of Voice Line

[Music Change: 1 parameter]
* Music: BT1 - Gohan Emerges

[Store VFX Switches]

[Store Conditional Properties]
-> Scene Link: 2 parameters
* Condition: Immediate
* Scene ID: 10006
-> Scene Link: 2 parameters
* Condition: Win via K.O.
* Scene ID: 10031
-> Scene Link: 2 parameters
* Condition: Win via K.O. (Opp.)
* Scene ID: 10040

[Store Player's Character Changes]

[Store Opponent's Character Changes]
-> Replace Z-Item #7: 1 parameter
* Z-Item #7: Attack Up 1

[Post-Cutscene Event: 2 parameters]
* Event ID: Switch with Teammate #2
* Character ID: N/A

[Scene End & Battle Start]

===== SCENE 10006 =====

[Scene Start]

[Battle End: 1 parameter]
* Battle Outcome ID: -1

[Store Character Positions]

[Assign Character Position & Rotation: 7 parameters]
* Character Index: 0
* Position (X): 56.9
* Position (Y): 0.0
* Position (Z): -66.2
* Rotation (X): 0.0
* Rotation (Y): -30.0
* Rotation (Z): 0.0

[Assign Character Position & Rotation: 7 parameters]
* Character Index: 0 (Opp.)
* Position (X): -60.8
* Position (Y): -0.7
* Position (Z): 127.5
* Rotation (X): 0.0
* Rotation (Y): 154.6
* Rotation (Z): 0.0

[Assign Animation: 2 parameters]
* Character Index: 0
* ANM Name: STAND_LOOP
-> Enable ANM Loop

[Assign Animation: 2 parameters]
* Character Index: 0 (Opp.)
* ANM Name: GROUND
-> Enable ANM Loop

[Primary Camera Point: 6 parameters]
* Position (X): 49.239
* Position (Y): -1.035
* Position (Z): -61.118
* Rotation (Y): 8.785
* Rotation (X): 122.516
* Rotation (Z): 0.0

[Secondary Camera Point]
-> Additional Camera Point: 7 parameters
* Time (s): 12.0
* Position (X): 49.239
* Position (Y): -13.91
* Position (Z): -61.118
* Rotation (Y): 8.785
* Rotation (X): 122.516
* Rotation (Z): 0.0

[Music Change: 1 parameter]
* Music: UT OST - Final Disturbance
-> PROPERTY 119

[Play Character Voice Line: 2 parameters]
* Character Index: 0
* Voice Line ID: 35
-> Wait until End of Voice Line

[Play Character Voice Line: 2 parameters]
* Character Index: 0
* Voice Line ID: 36
-> Wait until End of Voice Line

[Play Character Voice Line: 2 parameters]
* Character Index: 1
* Voice Line ID: 37
-> Wait until End of Voice Line

[Primary Camera Point: 6 parameters]
* Position (X): 70.0
* Position (Y): -13.91
* Position (Z): -75.921
* Rotation (Y): 0.0
* Rotation (X): -42.0
* Rotation (Z): 0.0

[Play Character Voice Line: 2 parameters]
* Character Index: 0
* Voice Line ID: 38
-> Wait until End of Voice Line

[Assign Character Position & Rotation: 7 parameters]
* Character Index: 0
* Position (X): -50.41
* Position (Y): -0.7
* Position (Z): 110.414
* Rotation (X): 0.0
* Rotation (Y): -30.0
* Rotation (Z): 0.0

[Primary Camera Point: 6 parameters]
* Position (X): -72.517
* Position (Y): -3.41
* Position (Z): 129.061
* Rotation (Y): -18.919
* Rotation (X): 122.0
* Rotation (Z): 0.0

[Secondary Camera Point]
-> Additional Camera Point: 7 parameters
* Time (s): 12.0
* Position (X): -72.517
* Position (Y): -23.41
* Position (Z): 129.061
* Rotation (Y): -18.919
* Rotation (X): 122.0
* Rotation (Z): 0.0

[Wait for Period of Time: 1 parameter]
* Time (s): 14.0

[Primary Camera Point: 6 parameters]
* Position (X): -40.0
* Position (Y): -18.515
* Position (Z): 123.0
* Rotation (Y): -10.0
* Rotation (X): 250.0
* Rotation (Z): 0.0

[Secondary Camera Point]
-> Additional Camera Point: 7 parameters
* Time (s): 12.0
* Position (X): -10.0
* Position (Y): -12.0
* Position (Z): 132.0
* Rotation (Y): -10.0
* Rotation (X): 250.0
* Rotation (Z): 0.0

[Wait for Period of Time: 1 parameter]
* Time (s): 8.0

[Primary Camera Point: 6 parameters]
* Position (X): -56.0
* Position (Y): -16.0
* Position (Z): 117.1
* Rotation (Y): 18.0
* Rotation (X): -23.0
* Rotation (Z): 0.0

[Play Character Voice Line: 2 parameters]
* Character Index: 0 (Opp.)
* Voice Line ID: 39
-> Wait until End of Voice Line

[Primary Camera Point: 6 parameters]
* Position (X): -54.2
* Position (Y): -16.0
* Position (Z): 116.293
* Rotation (Y): 0.0
* Rotation (X): -210.0
* Rotation (Z): 0.0

[Play Character Voice Line: 2 parameters]
* Character Index: 1
* Voice Line ID: 40
-> Wait until End of Voice Line

[Store VFX Switches]

[Store Conditional Properties]
-> Scene Link: 2 parameters
* Condition: Wait 40 seconds
* Scene ID: 10007
-> Scene Link: 2 parameters
* Condition: Win via K.O.
* Scene ID: 10007
-> Scene Link: 2 parameters
* Condition: Win via K.O. (Opp.)
* Scene ID: 10040
-> Audio Link: 2 parameters
* Condition: Immediate
* Voice Line ID: 41
-> Audio Link: 2 parameters
* Condition: Immediate
* Voice Line ID: 42
-> Audio Link: 2 parameters
* Condition: Immediate
* Voice Line ID: 43
-> Audio Link: 2 parameters
* Condition: Immediate
* Voice Line ID: 44
-> Audio Link: 2 parameters
* Condition: Immediate
* Voice Line ID: 45

[Store Player's Character Changes]

[Store Opponent's Character Changes]

[Post-Cutscene Event: 2 parameters]
* Event ID: Battle Finish
* Character ID: N/A

[Scene End & Battle Start]

===== SCENE 10007 =====

[Scene Start]

[Battle End: 1 parameter]
* Battle Outcome ID: -1

[Store Character Positions]

[Assign Character Position & Rotation: 7 parameters]
* Character Index: 0
* Position (X): 56.9
* Position (Y): 0.0
* Position (Z): -66.2
* Rotation (X): 0.0
* Rotation (Y): -30.0
* Rotation (Z): 0.0

[Assign Character Position & Rotation: 7 parameters]
* Character Index: 0 (Opp.)
* Position (X): -60.8
* Position (Y): -0.7
* Position (Z): 127.5
* Rotation (X): 0.0
* Rotation (Y): 135.0
* Rotation (Z): 0.0

[Assign Animation: 2 parameters]
* Character Index: 0
* ANM Name: STAND_LOOP
-> Enable ANM Loop

[Assign Animation: 2 parameters]
* Character Index: 0 (Opp.)
* ANM Name: GROUND_TIRED
-> Enable ANM Loop

[Primary Camera Point: 6 parameters]
* Position (X): -66.0
* Position (Y): -20.5618
* Position (Z): 136.169
* Rotation (Y): -18.919
* Rotation (X): 140.0
* Rotation (Z): 0.0

[Play Character Voice Line: 2 parameters]
* Character Index: 1
* Voice Line ID: 46
-> Wait until End of Voice Line

[Primary Camera Point: 6 parameters]
* Position (X): -22.0
* Position (Y): -16.0
* Position (Z): 87.0
* Rotation (Y): 18.0
* Rotation (X): -45.0
* Rotation (Z): 0.0

[Secondary Camera Point]
-> Additional Camera Point: 7 parameters
* Time (s): 8.0
* Position (X): -45.93
* Position (Y): -16.0
* Position (Z): 112.519
* Rotation (Y): 18.0
* Rotation (X): -45.0
* Rotation (Z): 0.0

[Assign Animation: 2 parameters]
* Character Index: 0 (Opp.)
* ANM Name: CHARGE_IN
-> Wait until End of ANM

[Assign Animation: 2 parameters]
* Character Index: 0 (Opp.)
* ANM Name: CHARGE_LOOP
-> Enable ANM Loop

[Enable Ki Charge Aura: 1 parameter]
* Character Index: 0 (Opp.)

[Play Character Voice Line: 2 parameters]
* Character Index: 0 (Opp.)
* Voice Line ID: 47
-> Wait until End of Voice Line

[Store VFX Switches]

[Store Conditional Properties]
-> Scene Link: 2 parameters
* Condition: Lose 3 Health Bars (Opp.)
* Scene ID: 10008
-> Scene Link: 2 parameters
* Condition: Win via K.O.
* Scene ID: 10008
-> Scene Link: 2 parameters
* Condition: Win via K.O. (Opp.)
* Scene ID: 10040
-> Audio Link: 2 parameters
* Condition: Immediate
* Voice Line ID: 48
-> Audio Link: 2 parameters
* Condition: Immediate
* Voice Line ID: 49
-> Audio Link: 2 parameters
* Condition: Immediate
* Voice Line ID: 50
-> Audio Link: 2 parameters
* Condition: Immediate
* Voice Line ID: 51

[Store Player's Character Changes]
-> Add Health: 1 parameter
* Health (%): 100

[Store Opponent's Character Changes]
-> Add Health: 1 parameter
* Health (%): 100

[Post-Cutscene Event: 2 parameters]
* Event ID: Normal Clash
* Character ID: N/A

[Scene End & Battle Start]

===== SCENE 10008 =====

[Scene Start]

[Battle End: 1 parameter]
* Battle Outcome ID: -1

[Store Character Positions]

[Trigger Fade-Out: 1 parameter]
* Time (s): 1.2

[Assign Character Position & Rotation: 7 parameters]
* Character Index: 1
* Position (X): 36.2
* Position (Y): 0.0
* Position (Z): -32.1
* Rotation (X): 0.0
* Rotation (Y): -40.8
* Rotation (Z): 0.0

[Assign Character Position & Rotation: 7 parameters]
* Character Index: 0 (Opp.)
* Position (X): -40.0
* Position (Y): -0.7
* Position (Z): 93.3
* Rotation (X): 0.0
* Rotation (Y): 154.6
* Rotation (Z): 0.0

[Assign Animation: 2 parameters]
* Character Index: 1
* ANM Name: STAND_LOOP
-> Enable ANM Loop

[Assign Animation: 2 parameters]
* Character Index: 0 (Opp.)
* ANM Name: SKILL_005_CHARGE_D
-> Enable ANM Loop

[Primary Camera Point: 6 parameters]
* Position (X): -30.0
* Position (Y): -14.41
* Position (Z): 70.0
* Rotation (Y): 4.182
* Rotation (X): -25.0
* Rotation (Z): 0.0

[Secondary Camera Point]
-> Additional Camera Point: 7 parameters
* Time (s): 8.0
* Position (X): -33.0
* Position (Y): -19.58
* Position (Z): 81.0
* Rotation (Y): 4.182
* Rotation (X): -25.0
* Rotation (Z): 0.0

[Enable Ki Charge Aura: 1 parameter]
* Character Index: 0 (Opp.)

[Play Character Voice Line: 2 parameters]
* Character Index: 0 (Opp.)
* Voice Line ID: 52
-> Wait until End of Voice Line

[Primary Camera Point: 6 parameters]
* Position (X): 34.439
* Position (Y): -14.367
* Position (Z): -21.958
* Rotation (Y): 9.888
* Rotation (X): 172.624
* Rotation (Z): 0.0

[Play Character Voice Line: 2 parameters]
* Character Index: 1
* Voice Line ID: 53
-> Wait until End of Voice Line

[Store VFX Switches]

[Store Conditional Properties]
-> Scene Link: 2 parameters
* Condition: Hit with Ultimate Blast (Opp.)
* Scene ID: 10009
-> Scene Link: 2 parameters
* Condition: Win via K.O.
* Scene ID: 10031
-> Scene Link: 2 parameters
* Condition: Win via K.O. (Opp.)
* Scene ID: 10040

[Store Player's Character Changes]
-> Add Health: 1 parameter
* Health (%): 100

[Store Opponent's Character Changes]
-> Add Health: 1 parameter
* Health (%): 100

[Post-Cutscene Event: 2 parameters]
* Event ID: Trigger Ultimate Blast (Opp.)
* Character ID: Vegetto - Fusión

[Scene End & Battle Start]

===== SCENE 10009 =====

[Scene Start]

[Battle End: 1 parameter]
* Battle Outcome ID: -1

[Store Character Positions]

[Store VFX Switches]

[Store Conditional Properties]
-> Scene Link: 2 parameters
* Condition: Win via K.O.
* Scene ID: 10010

[Store Player's Character Changes]

[Store Opponent's Character Changes]
-> Assign Health: 1 parameter
* Health (%): 0

[Post-Cutscene Event: 2 parameters]
* Event ID: Battle Finish (Opp.)
* Character ID: N/A

[Scene End & Battle Start]

===== SCENE 10010 =====

[Scene Start]

[Battle End: 1 parameter]
* Battle Outcome ID: -1

[Store Character Positions]

[Trigger Fade-Out: 1 parameter]
* Time (s): 1.2

[Assign Character Position & Rotation: 7 parameters]
* Character Index: 1
* Position (X): 25.8
* Position (Y): 0.0
* Position (Z): -15.0
* Rotation (X): 0.0
* Rotation (Y): -40.8
* Rotation (Z): 0.0

[Assign Character Position & Rotation: 7 parameters]
* Character Index: 0 (Opp.)
* Position (X): -29.6
* Position (Y): -0.7
* Position (Z): 76.2
* Rotation (X): 0.0
* Rotation (Y): 154.6
* Rotation (Z): 0.0

[Disable Lingering Aura: 1 parameter]
* Character Index: 1

[Disable Lingering Aura: 1 parameter]
* Character Index: 0 (Opp.)

[Assign Animation: 2 parameters]
* Character Index: 1
* ANM Name: STAND_LOOP
-> Enable ANM Loop

[Assign Animation: 2 parameters]
* Character Index: 0 (Opp.)
* ANM Name: STAND_LOOP
-> Enable ANM Loop

[Primary Camera Point: 6 parameters]
* Position (X): -22.4518
* Position (Y): -20.0
* Position (Z): 59.909
* Rotation (Y): 0.638
* Rotation (X): -22.0
* Rotation (Z): 0.0

[Play Character Voice Line: 2 parameters]
* Character Index: 0
* Voice Line ID: 54
-> Wait until End of Voice Line

[Primary Camera Point: 6 parameters]
* Position (X): 6.492
* Position (Y): -5.189
* Position (Z): 19.581
* Rotation (Y): -1.543
* Rotation (X): 151.535
* Rotation (Z): 0.0

[Secondary Camera Point]
-> Additional Camera Point: 7 parameters
* Time (s): 5.0
* Position (X): 21.3221
* Position (Y): -11.135
* Position (Z): -6.938
* Rotation (Y): 22.173
* Rotation (X): 151.535
* Rotation (Z): 0.0

[Play Character Voice Line: 2 parameters]
* Character Index: 1
* Voice Line ID: 55
-> Wait until End of Voice Line

[Store VFX Switches]

[Store Conditional Properties]
-> Scene Link: 2 parameters
* Condition: Wait 60 seconds
* Scene ID: 10011
-> Scene Link: 2 parameters
* Condition: Win via K.O.
* Scene ID: 10031
-> Scene Link: 2 parameters
* Condition: Win via K.O. (Opp.)
* Scene ID: 10040
-> Audio Link: 2 parameters
* Condition: Immediate
* Voice Line ID: 56
-> Audio Link: 2 parameters
* Condition: Immediate
* Voice Line ID: 57
-> Audio Link: 2 parameters
* Condition: Immediate
* Voice Line ID: 58
-> Audio Link: 2 parameters
* Condition: Immediate
* Voice Line ID: 59
-> Audio Link: 2 parameters
* Condition: Immediate
* Voice Line ID: 60
-> Audio Link: 2 parameters
* Condition: Immediate
* Voice Line ID: 61
-> Audio Link: 2 parameters
* Condition: Immediate
* Voice Line ID: 62

[Store Player's Character Changes]
-> Add Health: 1 parameter
* Health (%): 100

[Store Opponent's Character Changes]
-> Add Health: 1 parameter
* Health (%): 100

[Post-Cutscene Event: 2 parameters]
* Event ID: Battle Finish
* Character ID: Vegetto - Fusión

[Scene End & Battle Start]

===== SCENE 10011 =====

[Scene Start]

[Battle End: 1 parameter]
* Battle Outcome ID: -1

[Store Character Positions]

[Music Change: 1 parameter]
* Music: SButouden2 - Vegeta Theme

[Store VFX Switches]

[Store Conditional Properties]
-> Scene Link: 2 parameters
* Condition: Immediate
* Scene ID: 10012

[Store Player's Character Changes]

[Store Opponent's Character Changes]

[Post-Cutscene Event: 2 parameters]
* Event ID: Switch with Teammate #3
* Character ID: N/A

[Scene End & Battle Start]

===== SCENE 10012 =====

[Scene Start]

[Battle End: 1 parameter]
* Battle Outcome ID: -1

[Store Character Positions]

[Trigger Fade-Out: 1 parameter]
* Time (s): 1.2

[Assign Character Position & Rotation: 7 parameters]
* Character Index: 2
* Position (X): 56.9
* Position (Y): 0.0
* Position (Z): -66.2
* Rotation (X): 0.0
* Rotation (Y): -40.8
* Rotation (Z): 0.0

[Assign Character Position & Rotation: 7 parameters]
* Character Index: 0 (Opp.)
* Position (X): -40.0
* Position (Y): -0.7
* Position (Z): 93.3
* Rotation (X): 0.0
* Rotation (Y): 154.6
* Rotation (Z): 0.0

[Assign Animation: 2 parameters]
* Character Index: 1
* ANM Name: STAND_LOOP
-> Enable ANM Loop

[Assign Animation: 2 parameters]
* Character Index: 0 (Opp.)
* ANM Name: SKILL_005_CHARGE_D
-> Enable ANM Loop

[Primary Camera Point: 6 parameters]
* Position (X): 44.0
* Position (Y): -7.84
* Position (Z): -45.951
* Rotation (Y): 8.785
* Rotation (X): 147.0
* Rotation (Z): 0.0

[Secondary Camera Point]
-> Additional Camera Point: 7 parameters
* Time (s): 6.5
* Position (X): 51.981
* Position (Y): -7.84
* Position (Z): -58.88
* Rotation (Y): 8.785
* Rotation (X): 147.0
* Rotation (Z): 0.0

[Play Character Voice Line: 2 parameters]
* Character Index: 2
* Voice Line ID: 63
-> Wait until End of Voice Line

[Play Character Voice Line: 2 parameters]
* Character Index: 0
* Voice Line ID: 64
-> Wait until End of Voice Line

[Store VFX Switches]

[Store Conditional Properties]
-> Scene Link: 2 parameters
* Condition: Wait 30 seconds
* Scene ID: 10013
-> Scene Link: 2 parameters
* Condition: Win via K.O.
* Scene ID: 10013
-> Scene Link: 2 parameters
* Condition: Win via K.O. (Opp.)
* Scene ID: 10040
-> Audio Link: 2 parameters
* Condition: Immediate
* Voice Line ID: 65
-> Audio Link: 2 parameters
* Condition: Immediate
* Voice Line ID: 66
-> Audio Link: 2 parameters
* Condition: Immediate
* Voice Line ID: 67

[Store Player's Character Changes]

[Store Opponent's Character Changes]
-> Add Health: 1 parameter
* Health (%): 100

[Post-Cutscene Event: 2 parameters]
* Event ID: Assign Fusion
* Character ID: Gotenks - Super Saiyajin 3

[Scene End & Battle Start]

===== SCENE 10013 =====

[Scene Start]

[Battle End: 1 parameter]
* Battle Outcome ID: -1

[Store Character Positions]

[Store VFX Switches]

[Store Conditional Properties]
-> Scene Link: 2 parameters
* Condition: Immediate
* Scene ID: 10014

[Store Player's Character Changes]

[Store Opponent's Character Changes]

[Post-Cutscene Event: 2 parameters]
* Event ID: Switch with Teammate #2
* Character ID: N/A

[Scene End & Battle Start]

===== SCENE 10014 =====

[Scene Start]

[Battle End: 1 parameter]
* Battle Outcome ID: -1

[Store Character Positions]

[Store VFX Switches]

[Store Conditional Properties]
-> Scene Link: 2 parameters
* Condition: Transform (Opp.)
* Scene ID: 10015
-> Scene Link: 2 parameters
* Condition: Win via K.O.
* Scene ID: 10031
-> Scene Link: 2 parameters
* Condition: Win via K.O. (Opp.)
* Scene ID: 10040

[Store Player's Character Changes]

[Store Opponent's Character Changes]
-> Add Health: 1 parameter
* Health (%): 100
-> Replace Z-Item #1: 1 parameter
* Z-Item #1: Attack +8
-> Replace Z-Item #2: 1 parameter
* Z-Item #2: Defense +8

[Post-Cutscene Event: 2 parameters]
* Event ID: Assign Transformation (Opp.)
* Character ID: Súper Bu - Gotenks Absorbido

[Scene End & Battle Start]

===== SCENE 10015 =====

[Scene Start]

[Battle End: 1 parameter]
* Battle Outcome ID: -1

[Store Character Positions]

[Assign Character Position & Rotation: 7 parameters]
* Character Index: 0
* Position (X): 56.9
* Position (Y): 0.0
* Position (Z): -66.2
* Rotation (X): 0.0
* Rotation (Y): -40.8
* Rotation (Z): 0.0

[Assign Character Position & Rotation: 7 parameters]
* Character Index: 0 (Opp.)
* Position (X): -60.8
* Position (Y): -0.7
* Position (Z): 127.5
* Rotation (X): 0.0
* Rotation (Y): 154.6
* Rotation (Z): 0.0

[Assign Animation: 2 parameters]
* Character Index: 0 (Opp.)
* ANM Name: INTRO_LOOP
-> Enable ANM Loop

[Primary Camera Point: 6 parameters]
* Position (X): 48.41
* Position (Y): -14.495
* Position (Z): -64.0
* Rotation (Y): 8.785
* Rotation (X): 103.861
* Rotation (Z): 0.0

[Assign Animation: 2 parameters]
* Character Index: 0
* ANM Name: STAND_LOOP
-> Enable ANM Loop

[Play Character Voice Line: 2 parameters]
* Character Index: 1
* Voice Line ID: 68
-> Wait until End of Voice Line

[Primary Camera Point: 6 parameters]
* Position (X): -58.24
* Position (Y): -19.441
* Position (Z): 114.772
* Rotation (Y): -0.41
* Rotation (X): -9.156
* Rotation (Z): 0.0

[Play Character Voice Line: 2 parameters]
* Character Index: 0 (Opp.)
* Voice Line ID: 70
-> Wait until End of Voice Line

[Store VFX Switches]

[Store Conditional Properties]
-> Scene Link: 2 parameters
* Condition: Wait 45 seconds
* Scene ID: 10016
-> Scene Link: 2 parameters
* Condition: Win via K.O.
* Scene ID: 10016
-> Scene Link: 2 parameters
* Condition: Win via K.O. (Opp.)
* Scene ID: 10040
-> Audio Link: 2 parameters
* Condition: Immediate
* Voice Line ID: 69
-> Audio Link: 2 parameters
* Condition: Immediate
* Voice Line ID: 71
-> Audio Link: 2 parameters
* Condition: Immediate
* Voice Line ID: 72
-> Audio Link: 2 parameters
* Condition: Immediate
* Voice Line ID: 73
-> Audio Link: 2 parameters
* Condition: Immediate
* Voice Line ID: 74
-> Audio Link: 2 parameters
* Condition: Immediate
* Voice Line ID: 75
-> Audio Link: 2 parameters
* Condition: Immediate
* Voice Line ID: 76

[Store Player's Character Changes]

[Store Opponent's Character Changes]
-> Add Health: 1 parameter
* Health (%): 10

[Post-Cutscene Event: 2 parameters]
* Event ID: Battle Finish (Opp.)
* Character ID: N/A

[Scene End & Battle Start]

===== SCENE 10016 =====

[Scene Start]

[Battle End: 1 parameter]
* Battle Outcome ID: -1

[Store Character Positions]

[Assign Character Position & Rotation: 7 parameters]
* Character Index: 0
* Position (X): 56.9
* Position (Y): 0.0
* Position (Z): -66.2
* Rotation (X): 0.0
* Rotation (Y): -40.8
* Rotation (Z): 0.0

[Assign Character Position & Rotation: 7 parameters]
* Character Index: 0 (Opp.)
* Position (X): -60.8
* Position (Y): -0.7
* Position (Z): 127.5
* Rotation (X): 0.0
* Rotation (Y): 154.6
* Rotation (Z): 0.0

[Assign Character Position & Rotation: 7 parameters]
* Character Index: 0
* Position (X): 56.9
* Position (Y): 0.0
* Position (Z): -66.2
* Rotation (X): 0.0
* Rotation (Y): -65.0
* Rotation (Z): 0.0

[Primary Camera Point: 6 parameters]
* Position (X): -73.0
* Position (Y): -20.0
* Position (Z): 110.0
* Rotation (Y): 8.785
* Rotation (X): 35.0
* Rotation (Z): 0.0

[Secondary Camera Point]
-> Additional Camera Point: 7 parameters
* Time (s): 12.0
* Position (X): -41.0
* Position (Y): -20.0
* Position (Z): 110.0
* Rotation (Y): 8.785
* Rotation (X): -50.0
* Rotation (Z): 0.0

[Assign Animation: 2 parameters]
* Character Index: 0 (Opp.)
* ANM Name: INTRO_IN
-> Wait until End of ANM

[Assign Animation: 2 parameters]
* Character Index: 0 (Opp.)
* ANM Name: INTRO_LOOP
-> Enable ANM Loop

[Play Character Voice Line: 2 parameters]
* Character Index: 0 (Opp.)
* Voice Line ID: 77
-> Wait until End of Voice Line

[Primary Camera Point: 6 parameters]
* Position (X): 51.932
* Position (Y): -11.04
* Position (Z): -59.961
* Rotation (Y): 23.515
* Rotation (X): 144.0
* Rotation (Z): 0.0

[Assign Animation: 2 parameters]
* Character Index: 0
* ANM Name: STAND_LOOP
-> Enable ANM Loop

[Play Character Voice Line: 2 parameters]
* Character Index: 1
* Voice Line ID: 78
-> Wait until End of Voice Line

[Primary Camera Point: 6 parameters]
* Position (X): 48.0
* Position (Y): -5.61
* Position (Z): -60.0
* Rotation (Y): 6.0
* Rotation (X): 135.0
* Rotation (Z): 0.0

[Secondary Camera Point]
-> Additional Camera Point: 7 parameters
* Time (s): 12.0
* Position (X): 55.0
* Position (Y): -15.692
* Position (Z): -56.732
* Rotation (Y): 10.0
* Rotation (X): 175.0
* Rotation (Z): 0.0

[Assign Animation: 2 parameters]
* Character Index: 1
* ANM Name: INTRO_IN
-> Wait until End of ANM

[Assign Animation: 2 parameters]
* Character Index: 1
* ANM Name: INTRO_LOOP
-> Enable ANM Loop

[Play Character Voice Line: 2 parameters]
* Character Index: 1
* Voice Line ID: 79
-> Wait until End of Voice Line

[Primary Camera Point: 6 parameters]
* Position (X): -58.24
* Position (Y): -24.262
* Position (Z): 114.772
* Rotation (Y): -24.655
* Rotation (X): -9.156
* Rotation (Z): 0.0

[Play Character Voice Line: 2 parameters]
* Character Index: 0 (Opp.)
* Voice Line ID: 80
-> Wait until End of Voice Line

[Store VFX Switches]

[Store Conditional Properties]
-> Scene Link: 2 parameters
* Condition: Wait 90 seconds
* Scene ID: 10017
-> Scene Link: 2 parameters
* Condition: Win via K.O.
* Scene ID: 10017
-> Scene Link: 2 parameters
* Condition: Win via K.O. (Opp.)
* Scene ID: 10040
-> Audio Link: 2 parameters
* Condition: Immediate
* Voice Line ID: 81
-> Audio Link: 2 parameters
* Condition: Immediate
* Voice Line ID: 82
-> Audio Link: 2 parameters
* Condition: Immediate
* Voice Line ID: 83
-> Audio Link: 2 parameters
* Condition: Immediate
* Voice Line ID: 84
-> Audio Link: 2 parameters
* Condition: Immediate
* Voice Line ID: 85
-> Audio Link: 2 parameters
* Condition: Immediate
* Voice Line ID: 86
-> Audio Link: 2 parameters
* Condition: Immediate
* Voice Line ID: 87
-> Audio Link: 2 parameters
* Condition: Immediate
* Voice Line ID: 88
-> Audio Link: 2 parameters
* Condition: Immediate
* Voice Line ID: 89
-> Audio Link: 2 parameters
* Condition: Immediate
* Voice Line ID: 90
-> Audio Link: 2 parameters
* Condition: Immediate
* Voice Line ID: 91
-> Audio Link: 2 parameters
* Condition: Immediate
* Voice Line ID: 92
-> Audio Link: 2 parameters
* Condition: Immediate
* Voice Line ID: 93
-> Audio Link: 2 parameters
* Condition: Immediate
* Voice Line ID: 94
-> Audio Link: 2 parameters
* Condition: Immediate
* Voice Line ID: 95
-> Audio Link: 2 parameters
* Condition: Immediate
* Voice Line ID: 96

[Store Player's Character Changes]
-> Add Health: 1 parameter
* Health (%): 100

[Store Opponent's Character Changes]
-> Add Health: 1 parameter
* Health (%): 100

[Post-Cutscene Event: 2 parameters]
* Event ID: Battle Finish
* Character ID: N/A

[Scene End & Battle Start]

===== SCENE 10017 =====

[Scene Start]

[Battle End: 1 parameter]
* Battle Outcome ID: -1

[Store Character Positions]

[Store VFX Switches]

[Store Conditional Properties]
-> Scene Link: 2 parameters
* Condition: Immediate
* Scene ID: 10018

[Store Player's Character Changes]

[Store Opponent's Character Changes]
-> Add Health: 1 parameter
* Health (%): 100

[Post-Cutscene Event: 2 parameters]
* Event ID: Switch with Teammate #4
* Character ID: N/A

[Scene End & Battle Start]

===== SCENE 10018 =====

[Scene Start]

[Battle End: 1 parameter]
* Battle Outcome ID: -1

[Store Character Positions]

[Assign Character Position & Rotation: 7 parameters]
* Character Index: 0
* Position (X): 56.9
* Position (Y): 0.0
* Position (Z): -66.2
* Rotation (X): 0.0
* Rotation (Y): -40.8
* Rotation (Z): 0.0

[Assign Character Position & Rotation: 7 parameters]
* Character Index: 0 (Opp.)
* Position (X): -60.8
* Position (Y): -0.7
* Position (Z): 127.5
* Rotation (X): 0.0
* Rotation (Y): 154.6
* Rotation (Z): 0.0

[Primary Camera Point: 6 parameters]
* Position (X): 38.0
* Position (Y): -87.0624
* Position (Z): -128.0
* Rotation (Y): -30.94
* Rotation (X): -9.156
* Rotation (Z): 0.0

[Play Character Voice Line: 2 parameters]
* Character Index: 3
* Voice Line ID: 97
-> Wait until End of Voice Line

[Primary Camera Point: 6 parameters]
* Position (X): 50.0
* Position (Y): -11.5415
* Position (Z): -58.551
* Rotation (Y): -0.41
* Rotation (X): 140.0
* Rotation (Z): 0.0

[Play Character Voice Line: 2 parameters]
* Character Index: 3
* Voice Line ID: 98
-> Wait until End of Voice Line

[Primary Camera Point: 6 parameters]
* Position (X): -58.24
* Position (Y): -19.441
* Position (Z): 114.772
* Rotation (Y): -0.41
* Rotation (X): -9.156
* Rotation (Z): 0.0

[Play Character Voice Line: 2 parameters]
* Character Index: 0 (Opp.)
* Voice Line ID: 99
-> Wait until End of Voice Line

[Store VFX Switches]

[Store Conditional Properties]
-> Scene Link: 2 parameters
* Condition: Wait 30 seconds
* Scene ID: 10035
-> Scene Link: 2 parameters
* Condition: Win via K.O.
* Scene ID: 10035
-> Scene Link: 2 parameters
* Condition: Win via K.O. (Opp.)
* Scene ID: 10040
-> Audio Link: 2 parameters
* Condition: Immediate
* Voice Line ID: 100
-> Audio Link: 2 parameters
* Condition: Immediate
* Voice Line ID: 101
-> Audio Link: 2 parameters
* Condition: Immediate
* Voice Line ID: 102
-> Audio Link: 2 parameters
* Condition: Immediate
* Voice Line ID: 103

[Store Player's Character Changes]

[Store Opponent's Character Changes]

[Post-Cutscene Event: 2 parameters]
* Event ID: Assign Transformation
* Character ID: Son-Goku (Super) - Super Saiyajin 3

[Scene End & Battle Start]

===== SCENE 10035 =====

[Scene Start]

[Battle End: 1 parameter]
* Battle Outcome ID: -1

[Store Character Positions]

[Trigger Fade-Out: 1 parameter]
* Time (s): 1.2

[Store VFX Switches]

[Store Conditional Properties]
-> Scene Link: 2 parameters
* Condition: Win via K.O.
* Scene ID: 10019
-> Scene Link: 2 parameters
* Condition: Win via K.O. (Opp.)
* Scene ID: 10040
-> Scene Link: 2 parameters
* Condition: Transform (Opp.)
* Scene ID: 10019
-> Scene Link: 2 parameters
* Condition: Immediate
* Scene ID: 10019

[Store Player's Character Changes]
-> Add Health: 1 parameter
* Health (%): 100

[Store Opponent's Character Changes]
-> Add Health: 1 parameter
* Health (%): 100

[Post-Cutscene Event: 2 parameters]
* Event ID: Assign Transformation (Opp.)
* Character ID: Súper Bu - Gotenks Absorbido

[Scene End & Battle Start]

===== SCENE 10019 =====

[Scene Start]

[Battle End: 1 parameter]
* Battle Outcome ID: -1

[Store Character Positions]

[Trigger Fade-Out: 1 parameter]
* Time (s): 1.2

[Assign Character Position & Rotation: 7 parameters]
* Character Index: 1
* Position (X): 56.9
* Position (Y): 0.0
* Position (Z): -66.2
* Rotation (X): 0.0
* Rotation (Y): -40.8
* Rotation (Z): 0.0

[Assign Character Position & Rotation: 7 parameters]
* Character Index: 0 (Opp.)
* Position (X): -60.8
* Position (Y): -0.7
* Position (Z): 127.5
* Rotation (X): 0.0
* Rotation (Y): 154.6
* Rotation (Z): 0.0

[Assign Animation: 2 parameters]
* Character Index: 0
* ANM Name: STAND_LOOP
-> Enable ANM Loop

[Assign Animation: 2 parameters]
* Character Index: 0 (Opp.)
* ANM Name: STAND_LOOP
-> Enable ANM Loop

[Primary Camera Point: 6 parameters]
* Position (X): 50.0
* Position (Y): -13.0
* Position (Z): -58.85
* Rotation (Y): 11.382
* Rotation (X): 145.0
* Rotation (Z): 0.0

[Play Character Voice Line: 2 parameters]
* Character Index: 3
* Voice Line ID: 104
-> Wait until End of Voice Line

[Primary Camera Point: 6 parameters]
* Position (X): -60.0
* Position (Y): -20.951
* Position (Z): 119.0
* Rotation (Y): -0.41
* Rotation (X): -9.156
* Rotation (Z): 0.0

[Play Character Voice Line: 2 parameters]
* Character Index: 0 (Opp.)
* Voice Line ID: 105
-> Wait until End of Voice Line

[Store VFX Switches]

[Store Conditional Properties]
-> Scene Link: 2 parameters
* Condition: Win via K.O.
* Scene ID: 10020
-> Scene Link: 2 parameters
* Condition: Win via K.O. (Opp.)
* Scene ID: 10040
-> Scene Link: 2 parameters
* Condition: Transform (Opp.)
* Scene ID: 10020
-> Scene Link: 2 parameters
* Condition: Immediate
* Scene ID: 10020

[Store Player's Character Changes]
-> Add Health: 1 parameter
* Health (%): 100

[Store Opponent's Character Changes]
-> Add Health: 1 parameter
* Health (%): 100

[Post-Cutscene Event: 2 parameters]
* Event ID: Assign Transformation (Opp.)
* Character ID: Súper Bu - Gohan Absorbido

[Scene End & Battle Start]

===== SCENE 10020 =====

[Scene Start]

[Battle End: 1 parameter]
* Battle Outcome ID: -1

[Store Character Positions]

[Store VFX Switches]

[Store Conditional Properties]
-> Scene Link: 2 parameters
* Condition: Wait 40 seconds
* Scene ID: 10021
-> Scene Link: 2 parameters
* Condition: Win via K.O.
* Scene ID: 10021
-> Scene Link: 2 parameters
* Condition: Win via K.O. (Opp.)
* Scene ID: 10040
-> Audio Link: 2 parameters
* Condition: Immediate
* Voice Line ID: 106
-> Audio Link: 2 parameters
* Condition: Immediate
* Voice Line ID: 107
-> Audio Link: 2 parameters
* Condition: Immediate
* Voice Line ID: 108
-> Audio Link: 2 parameters
* Condition: Immediate
* Voice Line ID: 109
-> Audio Link: 2 parameters
* Condition: Immediate
* Voice Line ID: 110
-> Audio Link: 2 parameters
* Condition: Immediate
* Voice Line ID: 111

[Store Player's Character Changes]
-> Add Health: 1 parameter
* Health (%): 100

[Store Opponent's Character Changes]
-> Add Health: 1 parameter
* Health (%): 100

[Post-Cutscene Event: 2 parameters]
* Event ID: Assign Transformation
* Character ID: Son-Goku (Super)

[Scene End & Battle Start]

===== SCENE 10021 =====

[Scene Start]

[Battle End: 1 parameter]
* Battle Outcome ID: -1

[Store Character Positions]

[Trigger Fade-Out: 1 parameter]
* Time (s): 1.2

[Assign Character Position & Rotation: 7 parameters]
* Character Index: 1
* Position (X): 56.9
* Position (Y): 0.0
* Position (Z): -66.2
* Rotation (X): 0.0
* Rotation (Y): -40.8
* Rotation (Z): 0.0

[Assign Character Position & Rotation: 7 parameters]
* Character Index: 0 (Opp.)
* Position (X): -60.8
* Position (Y): -0.7
* Position (Z): 127.5
* Rotation (X): 0.0
* Rotation (Y): 154.6
* Rotation (Z): 0.0

[Assign Animation: 2 parameters]
* Character Index: 0
* ANM Name: STAND_LOOP
-> Enable ANM Loop

[Primary Camera Point: 6 parameters]
* Position (X): -33.616
* Position (Y): -19.33
* Position (Z): 114.0
* Rotation (Y): -6.542
* Rotation (X): -60.0
* Rotation (Z): 0.0

[Secondary Camera Point]
-> Additional Camera Point: 7 parameters
* Time (s): 6.0
* Position (X): -53.39
* Position (Y): -19.33
* Position (Z): 119.591
* Rotation (Y): -6.542
* Rotation (X): -60.0
* Rotation (Z): 0.0

[Play Character Voice Line: 2 parameters]
* Character Index: 0 (Opp.)
* Voice Line ID: 112
-> Wait until End of Voice Line

[Primary Camera Point: 6 parameters]
* Position (X): 53.83
* Position (Y): -22.06
* Position (Z): -58.8734
* Rotation (Y): -38.0
* Rotation (X): 159.087
* Rotation (Z): 0.0

[Secondary Camera Point]
-> Additional Camera Point: 7 parameters
* Time (s): 18.0
* Position (X): 53.83
* Position (Y): -12.12
* Position (Z): -58.8734
* Rotation (Y): 22.0
* Rotation (X): 159.087
* Rotation (Z): 0.0

[Play Character Voice Line: 2 parameters]
* Character Index: 3
* Voice Line ID: 113
-> Wait until End of Voice Line

[Play Character Voice Line: 2 parameters]
* Character Index: 3
* Voice Line ID: 114
-> Wait until End of Voice Line

[Primary Camera Point: 6 parameters]
* Position (X): 48.61
* Position (Y): -16.0
* Position (Z): -58.8734
* Rotation (Y): 8.0
* Rotation (X): 159.087
* Rotation (Z): 0.0

[Secondary Camera Point]
-> Additional Camera Point: 7 parameters
* Time (s): 6.0
* Position (X): 55.186
* Position (Y): -16.0
* Position (Z): -58.8734
* Rotation (Y): 8.0
* Rotation (X): 159.087
* Rotation (Z): 0.0

[Assign Animation: 2 parameters]
* Character Index: 0
* ANM Name: SKILL_001
-> Wait until End of ANM

[Play Character Voice Line: 2 parameters]
* Character Index: 3
* Voice Line ID: 115
-> Wait until End of Voice Line

[Primary Camera Point: 6 parameters]
* Position (X): 55.186
* Position (Y): -16.0
* Position (Z): -58.8734
* Rotation (Y): 8.0
* Rotation (X): 173.0
* Rotation (Z): 0.0

[Play Character Voice Line: 2 parameters]
* Character Index: 3
* Voice Line ID: 116
-> Wait until End of Voice Line

[Music Change: 1 parameter]
* Music: RB2 OST - Android Revenge

[Store VFX Switches]

[Store Conditional Properties]
-> Scene Link: 2 parameters
* Condition: Wait 35 seconds
* Scene ID: 10022
-> Scene Link: 2 parameters
* Condition: Win via K.O.
* Scene ID: 10022
-> Scene Link: 2 parameters
* Condition: Win via K.O. (Opp.)
* Scene ID: 10040
-> Audio Link: 2 parameters
* Condition: Immediate
* Voice Line ID: 117
-> Audio Link: 2 parameters
* Condition: Immediate
* Voice Line ID: 118
-> Audio Link: 2 parameters
* Condition: Immediate
* Voice Line ID: 119
-> Audio Link: 2 parameters
* Condition: Immediate
* Voice Line ID: 120
-> Audio Link: 2 parameters
* Condition: Immediate
* Voice Line ID: 121
-> Audio Link: 2 parameters
* Condition: Immediate
* Voice Line ID: 122

[Store Player's Character Changes]

[Store Opponent's Character Changes]
-> Add Health: 1 parameter
* Health (%): 100

[Post-Cutscene Event: 2 parameters]
* Event ID: Switch with Teammate #5
* Character ID: N/A

[Scene End & Battle Start]

===== SCENE 10022 =====

[Scene Start]

[Battle End: 1 parameter]
* Battle Outcome ID: -1

[Store Character Positions]

[Store VFX Switches]

[Store Conditional Properties]
-> Scene Link: 2 parameters
* Condition: Wait 70 seconds
* Scene ID: 10023
-> Scene Link: 2 parameters
* Condition: Win via K.O.
* Scene ID: 10023
-> Scene Link: 2 parameters
* Condition: Win via K.O. (Opp.)
* Scene ID: 10040
-> Audio Link: 2 parameters
* Condition: Immediate
* Voice Line ID: 123
-> Audio Link: 2 parameters
* Condition: Immediate
* Voice Line ID: 124
-> Audio Link: 2 parameters
* Condition: Immediate
* Voice Line ID: 125
-> Audio Link: 2 parameters
* Condition: Immediate
* Voice Line ID: 126
-> Audio Link: 2 parameters
* Condition: Immediate
* Voice Line ID: 127
-> Audio Link: 2 parameters
* Condition: Immediate
* Voice Line ID: 128
-> Audio Link: 2 parameters
* Condition: Immediate
* Voice Line ID: 129
-> Audio Link: 2 parameters
* Condition: Immediate
* Voice Line ID: 130
-> Audio Link: 2 parameters
* Condition: Immediate
* Voice Line ID: 131
-> Audio Link: 2 parameters
* Condition: Immediate
* Voice Line ID: 132
-> Audio Link: 2 parameters
* Condition: Immediate
* Voice Line ID: 133

[Store Player's Character Changes]
-> Add Health: 1 parameter
* Health (%): 100

[Store Opponent's Character Changes]
-> Add Health: 1 parameter
* Health (%): 10

[Post-Cutscene Event: 2 parameters]
* Event ID: Assign Transformation
* Character ID: Vegeta (Super) - Super Saiyajin

[Scene End & Battle Start]

===== SCENE 10023 =====

[Scene Start]

[Battle End: 1 parameter]
* Battle Outcome ID: -1

[Store Character Positions]

[Store VFX Switches]

[Store Conditional Properties]
-> Scene Link: 2 parameters
* Condition: Immediate
* Scene ID: 10024

[Store Player's Character Changes]

[Store Opponent's Character Changes]
-> Add Health: 1 parameter
* Health (%): 20

[Post-Cutscene Event: 2 parameters]
* Event ID: Assign Transformation
* Character ID: Vegeta (Super)

[Scene End & Battle Start]

===== SCENE 10024 =====

[Scene Start]

[Battle End: 1 parameter]
* Battle Outcome ID: -1

[Store Character Positions]

[Trigger Fade-Out: 1 parameter]
* Time (s): 1.2

[Assign Character Position & Rotation: 7 parameters]
* Character Index: 1
* Position (X): 36.2
* Position (Y): 0.0
* Position (Z): -32.1
* Rotation (X): 0.0
* Rotation (Y): -40.8
* Rotation (Z): 0.0

[Assign Character Position & Rotation: 7 parameters]
* Character Index: 0 (Opp.)
* Position (X): -40.0
* Position (Y): -0.7
* Position (Z): 93.3
* Rotation (X): 0.0
* Rotation (Y): 154.6
* Rotation (Z): 0.0

[Assign Animation: 2 parameters]
* Character Index: 1
* ANM Name: GROUND
-> Enable ANM Loop

[Primary Camera Point: 6 parameters]
* Position (X): -29.68
* Position (Y): -11.169
* Position (Z): 70.589
* Rotation (Y): 11.961
* Rotation (X): -30.0
* Rotation (Z): 0.0

[Secondary Camera Point]
-> Additional Camera Point: 7 parameters
* Time (s): 8.0
* Position (X): -30.872
* Position (Y): -16.95
* Position (Z): 80.091
* Rotation (Y): 11.961
* Rotation (X): -30.0
* Rotation (Z): 0.0

[Assign Animation: 2 parameters]
* Character Index: 0 (Opp.)
* ANM Name: INTRO_IN
-> Wait until End of ANM

[Assign Animation: 2 parameters]
* Character Index: 0 (Opp.)
* ANM Name: INTRO_LOOP
-> Enable ANM Loop

[Play Character Voice Line: 2 parameters]
* Character Index: 3
* Voice Line ID: 134
-> Wait until End of Voice Line

[Primary Camera Point: 6 parameters]
* Position (X): 42.819
* Position (Y): -5.432
* Position (Z): -36.0
* Rotation (Y): 4.182
* Rotation (X): -30.0
* Rotation (Z): 0.0

[Secondary Camera Point]
-> Additional Camera Point: 7 parameters
* Time (s): 12.0
* Position (X): 42.819
* Position (Y): -11.951
* Position (Z): -36.0
* Rotation (Y): 4.182
* Rotation (X): -30.0
* Rotation (Z): 0.0

[Play Character Voice Line: 2 parameters]
* Character Index: 4
* Voice Line ID: 135
-> Wait until End of Voice Line

[Play Character Voice Line: 2 parameters]
* Character Index: 0
* Voice Line ID: 136
-> Wait until End of Voice Line

[Primary Camera Point: 6 parameters]
* Position (X): 43.245
* Position (Y): -3.9
* Position (Z): -2.864
* Rotation (Y): 4.182
* Rotation (X): -162.351
* Rotation (Z): 0.0

[Secondary Camera Point]
-> Additional Camera Point: 7 parameters
* Time (s): 8.0
* Position (X): 37.808
* Position (Y): -11.169
* Position (Z): -22.575
* Rotation (Y): -4.056
* Rotation (X): -164.192
* Rotation (Z): 0.0

[Play Character Voice Line: 2 parameters]
* Character Index: 3
* Voice Line ID: 137
-> Wait until End of Voice Line

[Primary Camera Point: 6 parameters]
* Position (X): 33.905
* Position (Y): -20.078
* Position (Z): -19.955
* Rotation (Y): -40.217
* Rotation (X): 167.312
* Rotation (Z): 0.0

[Secondary Camera Point]
-> Additional Camera Point: 7 parameters
* Time (s): 8.0
* Position (X): 34.439
* Position (Y): -10.596
* Position (Z): -21.958
* Rotation (Y): 9.888
* Rotation (X): 172.624
* Rotation (Z): 0.0

[Play Character Voice Line: 2 parameters]
* Character Index: 4
* Voice Line ID: 138
-> Wait until End of Voice Line

[Music Change: 1 parameter]
* Music: DB FB - Super Vegito Theme

[Store VFX Switches]

[Store Conditional Properties]
-> Scene Link: 2 parameters
* Condition: Immediate
* Scene ID: 10025
-> Scene Link: 2 parameters
* Condition: Win via K.O.
* Scene ID: 10025
-> Scene Link: 2 parameters
* Condition: Win via K.O. (Opp.)
* Scene ID: 10040

[Store Player's Character Changes]
-> Add Health: 1 parameter
* Health (%): 100
-> Replace Z-Item #1: 1 parameter
* Z-Item #1: King Kai's Training
-> Replace Z-Item #2: 1 parameter
* Z-Item #2: N/A
-> Replace Z-Item #3: 1 parameter
* Z-Item #3: N/A
-> Replace Z-Item #4: 1 parameter
* Z-Item #4: N/A
-> Replace Z-Item #5: 1 parameter
* Z-Item #5: N/A
-> Replace Z-Item #6: 1 parameter
* Z-Item #6: Dragon Crush
-> Replace Z-Item #7: 1 parameter
* Z-Item #7: Vanishing Rush

[Store Opponent's Character Changes]
-> Assign Health: 1 parameter
* Health (%): 100
-> Replace Z-Item #1: 1 parameter
* Z-Item #1: Strength Enhancement
-> Replace Z-Item #2: 1 parameter
* Z-Item #2: Defense +20
-> Replace Z-Item #3: 1 parameter
* Z-Item #3: Attack +10
-> Replace Z-Item #4: 1 parameter
* Z-Item #4: N/A
-> Replace Z-Item #5: 1 parameter
* Z-Item #5: N/A
-> Replace Z-Item #6: 1 parameter
* Z-Item #6: N/A
-> Replace Z-Item #7: 1 parameter
* Z-Item #7: N/A

[Post-Cutscene Event: 2 parameters]
* Event ID: Assign Fusion
* Character ID: Vegetto - Fusión

[Scene End & Battle Start]

===== SCENE 10025 =====

[Scene Start]

[Battle End: 1 parameter]
* Battle Outcome ID: -1

[Store Character Positions]

[Assign Character Position & Rotation: 7 parameters]
* Character Index: 0
* Position (X): 56.9
* Position (Y): 0.0
* Position (Z): -66.2
* Rotation (X): 0.0
* Rotation (Y): -40.8
* Rotation (Z): 0.0

[Assign Character Position & Rotation: 7 parameters]
* Character Index: 0 (Opp.)
* Position (X): -60.8
* Position (Y): -0.7
* Position (Z): 127.5
* Rotation (X): 0.0
* Rotation (Y): 154.6
* Rotation (Z): 0.0

[Primary Camera Point: 6 parameters]
* Position (X): 43.826
* Position (Y): -14.727
* Position (Z): -46.619
* Rotation (Y): 8.785
* Rotation (X): 145.0
* Rotation (Z): 0.0

[Secondary Camera Point]
-> Additional Camera Point: 7 parameters
* Time (s): 6.0
* Position (X): 50.47
* Position (Y): -14.727
* Position (Z): -58.91
* Rotation (Y): 8.785
* Rotation (X): 145.0
* Rotation (Z): 0.0

[Assign Animation: 2 parameters]
* Character Index: 0
* ANM Name: INTRO_IN
-> Wait until End of ANM

[Assign Animation: 2 parameters]
* Character Index: 0
* ANM Name: INTRO_LOOP
-> Enable ANM Loop

[Play Character Voice Line: 2 parameters]
* Character Index: 4
* Voice Line ID: 140
-> Wait until End of Voice Line

[Store VFX Switches]

[Store Conditional Properties]
-> Scene Link: 2 parameters
* Condition: Wait 70 seconds
* Scene ID: 10026
-> Scene Link: 2 parameters
* Condition: Win via K.O.
* Scene ID: 10026
-> Scene Link: 2 parameters
* Condition: Win via K.O. (Opp.)
* Scene ID: 10040
-> Audio Link: 2 parameters
* Condition: Immediate
* Voice Line ID: 141
-> Audio Link: 2 parameters
* Condition: Immediate
* Voice Line ID: 142
-> Audio Link: 2 parameters
* Condition: Immediate
* Voice Line ID: 143
-> Audio Link: 2 parameters
* Condition: Immediate
* Voice Line ID: 144
-> Audio Link: 2 parameters
* Condition: Immediate
* Voice Line ID: 145
-> Audio Link: 2 parameters
* Condition: Immediate
* Voice Line ID: 146
-> Audio Link: 2 parameters
* Condition: Immediate
* Voice Line ID: 147
-> Audio Link: 2 parameters
* Condition: Immediate
* Voice Line ID: 148
-> Audio Link: 2 parameters
* Condition: Immediate
* Voice Line ID: 149

[Store Player's Character Changes]

[Store Opponent's Character Changes]
-> Add Health: 1 parameter
* Health (%): 100
-> Replace Z-Item #1: 1 parameter
* Z-Item #1: N/A
-> Replace Z-Item #2: 1 parameter
* Z-Item #2: N/A

[Post-Cutscene Event: 2 parameters]
* Event ID: Battle Finish
* Character ID: N/A

[Scene End & Battle Start]

===== SCENE 10026 =====

[Scene Start]

[Battle End: 1 parameter]
* Battle Outcome ID: -1

[Store Character Positions]
-> PROPERTY 119

[Music Change: 1 parameter]
* Music: DB Dokkan - Super Vegito

[Store VFX Switches]

[Store Conditional Properties]
-> Scene Link: 2 parameters
* Condition: Lose 4 Health Bars (Opp.)
* Scene ID: 10027
-> Scene Link: 2 parameters
* Condition: Win via K.O.
* Scene ID: 10027
-> Scene Link: 2 parameters
* Condition: Win via K.O. (Opp.)
* Scene ID: 10040
-> Audio Link: 2 parameters
* Condition: Immediate
* Voice Line ID: 150
-> Audio Link: 2 parameters
* Condition: Unknown (Value: 151)
* Voice Line ID: 20
-> Audio Link: 2 parameters
* Condition: Immediate
* Voice Line ID: 152
-> Audio Link: 2 parameters
* Condition: Immediate
* Voice Line ID: 153
-> Audio Link: 2 parameters
* Condition: Immediate
* Voice Line ID: 154

[Store Player's Character Changes]
-> Replace Z-Item #1: 1 parameter
* Z-Item #1: Attack +15
-> Replace Z-Item #2: 1 parameter
* Z-Item #2: Defense +8

[Store Opponent's Character Changes]
-> Add Health: 1 parameter
* Health (%): 20

[Post-Cutscene Event: 2 parameters]
* Event ID: Assign Transformation
* Character ID: Vegetto - Super Saiyajin

[Scene End & Battle Start]

===== SCENE 10027 =====

[Scene Start]

[Battle End: 1 parameter]
* Battle Outcome ID: -1

[Store Character Positions]

[Trigger Fade-Out: 1 parameter]
* Time (s): 1.2

[Assign Character Position & Rotation: 7 parameters]
* Character Index: 1
* Position (X): 56.9
* Position (Y): 0.0
* Position (Z): -66.2
* Rotation (X): 0.0
* Rotation (Y): -40.8
* Rotation (Z): 0.0

[Assign Character Position & Rotation: 7 parameters]
* Character Index: 0 (Opp.)
* Position (X): -60.8
* Position (Y): -0.7
* Position (Z): 127.5
* Rotation (X): 0.0
* Rotation (Y): 154.6
* Rotation (Z): 0.0

[Assign Animation: 2 parameters]
* Character Index: 1
* ANM Name: GROUND
-> Enable ANM Loop

[Assign Animation: 2 parameters]
* Character Index: 0 (Opp.)
* ANM Name: GROUND_TIRED
-> Enable ANM Loop

[Primary Camera Point: 6 parameters]
* Position (X): 84.989
* Position (Y): -15.264
* Position (Z): -78.39
* Rotation (Y): -10.307
* Rotation (X): -41.576
* Rotation (Z): 0.0

[Secondary Camera Point]
-> Additional Camera Point: 7 parameters
* Time (s): 13.0
* Position (X): 122.427
* Position (Y): -80.516
* Position (Z): -72.053
* Rotation (Y): -38.08
* Rotation (X): -66.266
* Rotation (Z): 0.0

[Play Character Voice Line: 2 parameters]
* Character Index: 4
* Voice Line ID: 155
-> Wait until End of Voice Line

[Store VFX Switches]

[Store Conditional Properties]
-> Scene Link: 2 parameters
* Condition: Win via K.O. (Opp.)
* Scene ID: 10044
-> Scene Link: 2 parameters
* Condition: Win via K.O.
* Scene ID: 10028
-> Audio Link: 2 parameters
* Condition: Immediate
* Voice Line ID: 156
-> Audio Link: 2 parameters
* Condition: Immediate
* Voice Line ID: 157
-> Audio Link: 2 parameters
* Condition: Immediate
* Voice Line ID: 158
-> Audio Link: 2 parameters
* Condition: Immediate
* Voice Line ID: 159
-> Audio Link: 2 parameters
* Condition: Immediate
* Voice Line ID: 160
-> Audio Link: 2 parameters
* Condition: Immediate
* Voice Line ID: 161
-> Audio Link: 2 parameters
* Condition: Immediate
* Voice Line ID: 162
-> Audio Link: 2 parameters
* Condition: Immediate
* Voice Line ID: 163
-> Audio Link: 2 parameters
* Condition: Immediate
* Voice Line ID: 164
-> Audio Link: 2 parameters
* Condition: Immediate
* Voice Line ID: 165
-> Audio Link: 2 parameters
* Condition: Immediate
* Voice Line ID: 166

[Store Player's Character Changes]
-> Add Health: 1 parameter
* Health (%): 100

[Store Opponent's Character Changes]
-> Add Health: 1 parameter
* Health (%): 100

[Post-Cutscene Event: 2 parameters]
* Event ID: Trigger 2nd Blast 2
* Character ID: N/A

[Scene End & Battle Start]

===== SCENE 10028 =====

[Scene Start]

[Battle End: 1 parameter]
* Battle Outcome ID: -1

[Store Character Positions]

[Trigger Fade-Out: 1 parameter]
* Time (s): 1.2

[Assign Character Position & Rotation: 7 parameters]
* Character Index: 1
* Position (X): 56.9
* Position (Y): 0.0
* Position (Z): -66.2
* Rotation (X): 0.0
* Rotation (Y): -40.8
* Rotation (Z): 0.0

[Assign Character Position & Rotation: 7 parameters]
* Character Index: 0 (Opp.)
* Position (X): -60.8
* Position (Y): -0.7
* Position (Z): 127.5
* Rotation (X): 0.0
* Rotation (Y): 154.6
* Rotation (Z): 0.0

[Assign Animation: 2 parameters]
* Character Index: 1
* ANM Name: GROUND
-> Enable ANM Loop

[Assign Animation: 2 parameters]
* Character Index: 0 (Opp.)
* ANM Name: GROUND_TIRED
-> Enable ANM Loop

[Primary Camera Point: 6 parameters]
* Position (X): -55.606
* Position (Y): -15.236
* Position (Z): 111.733
* Rotation (Y): -6.542
* Rotation (X): -21.683
* Rotation (Z): 0.0

[Play Character Voice Line: 2 parameters]
* Character Index: 0 (Opp.)
* Voice Line ID: 167
-> Wait until End of Voice Line

[Primary Camera Point: 6 parameters]
* Position (X): -58.006
* Position (Y): -5.975
* Position (Z): 141.946
* Rotation (Y): 1.57
* Rotation (X): 170.247
* Rotation (Z): 0.0

[Secondary Camera Point]
-> Additional Camera Point: 7 parameters
* Time (s): 7.0
* Position (X): -67.186
* Position (Y): -20.966
* Position (Z): 151.785
* Rotation (Y): -18.919
* Rotation (X): 161.754
* Rotation (Z): 0.0

[Play Character Voice Line: 2 parameters]
* Character Index: 4
* Voice Line ID: 168
-> Wait until End of Voice Line

[Primary Camera Point: 6 parameters]
* Position (X): 48.472
* Position (Y): -4.286
* Position (Z): -42.75
* Rotation (Y): 11.382
* Rotation (X): 159.087
* Rotation (Z): 0.0

[Secondary Camera Point]
-> Additional Camera Point: 7 parameters
* Time (s): 6.0
* Position (X): 54.524
* Position (Y): -10.264
* Position (Z): -58.528
* Rotation (Y): 33.893
* Rotation (X): 160.588
* Rotation (Z): 0.0

[Play Character Voice Line: 2 parameters]
* Character Index: 4
* Voice Line ID: 169
-> Wait until End of Voice Line

[Primary Camera Point: 6 parameters]
* Position (X): 56.484
* Position (Y): -4.56
* Position (Z): -50.895
* Rotation (Y): 24.246
* Rotation (X): -176.521
* Rotation (Z): 0.0

[Secondary Camera Point]
-> Additional Camera Point: 7 parameters
* Time (s): 5.0
* Position (X): 56.3
* Position (Y): -9.246
* Position (Z): -53.922
* Rotation (Y): 23.374
* Rotation (X): -176.521
* Rotation (Z): 0.0

[Play Character Voice Line: 2 parameters]
* Character Index: 4
* Voice Line ID: 171
-> Wait until End of Voice Line

[Store VFX Switches]

[Store Conditional Properties]
-> Scene Link: 2 parameters
* Condition: Wait 50 seconds
* Scene ID: 10029
-> Scene Link: 2 parameters
* Condition: Win via K.O.
* Scene ID: 10029
-> Scene Link: 2 parameters
* Condition: Win via K.O. (Opp.)
* Scene ID: 10040
-> Audio Link: 2 parameters
* Condition: Immediate
* Voice Line ID: 170
-> Audio Link: 2 parameters
* Condition: Immediate
* Voice Line ID: 172
-> Audio Link: 2 parameters
* Condition: Immediate
* Voice Line ID: 173
-> Audio Link: 2 parameters
* Condition: Immediate
* Voice Line ID: 175

[Store Player's Character Changes]
-> Add Health: 1 parameter
* Health (%): 100

[Store Opponent's Character Changes]
-> Add Health: 1 parameter
* Health (%): 100

[Post-Cutscene Event: 2 parameters]
* Event ID: Aerial Clash
* Character ID: N/A

[Scene End & Battle Start]

===== SCENE 10029 =====

[Scene Start]

[Battle End: 1 parameter]
* Battle Outcome ID: -1

[Store Character Positions]

[Assign Character Position & Rotation: 7 parameters]
* Character Index: 1
* Position (X): 56.9
* Position (Y): 0.0
* Position (Z): -66.2
* Rotation (X): 0.0
* Rotation (Y): -40.8
* Rotation (Z): 0.0

[Assign Character Position & Rotation: 7 parameters]
* Character Index: 0 (Opp.)
* Position (X): -60.8
* Position (Y): -0.7
* Position (Z): 127.5
* Rotation (X): 0.0
* Rotation (Y): 154.6
* Rotation (Z): 0.0

[Assign Animation: 2 parameters]
* Character Index: 0 (Opp.)
* ANM Name: GROUND_TIRED
-> Enable ANM Loop

[Assign Animation: 2 parameters]
* Character Index: 1
* ANM Name: WIN_LOOP
-> Enable ANM Loop

[Primary Camera Point: 6 parameters]
* Position (X): 25.895
* Position (Y): -1.543
* Position (Z): -22.56
* Rotation (Y): 4.569
* Rotation (X): 143.97
* Rotation (Z): 0.0

[Secondary Camera Point]
-> Additional Camera Point: 7 parameters
* Time (s): 13.0
* Position (X): 52.443
* Position (Y): -11.924
* Position (Z): -59.524
* Rotation (Y): 22.467
* Rotation (X): 148.812
* Rotation (Z): 0.0

[Play Character Voice Line: 2 parameters]
* Character Index: 4
* Voice Line ID: 176
-> Wait until End of Voice Line

[Play Character Voice Line: 2 parameters]
* Character Index: 4
* Voice Line ID: 177
-> Wait until End of Voice Line

[Primary Camera Point: 6 parameters]
* Position (X): 54.524
* Position (Y): -13.824
* Position (Z): -58.528
* Rotation (Y): 20.0
* Rotation (X): 160.588
* Rotation (Z): 0.0

[Play Character Voice Line: 2 parameters]
* Character Index: 4
* Voice Line ID: 178
-> Wait until End of Voice Line

[Primary Camera Point: 6 parameters]
* Position (X): 49.519
* Position (Y): -13.824
* Position (Z): -57.04
* Rotation (Y): 20.0
* Rotation (X): 133.691
* Rotation (Z): 0.0

[Secondary Camera Point]
-> Additional Camera Point: 7 parameters
* Time (s): 13.0
* Position (X): 52.519
* Position (Y): -13.824
* Position (Z): -62.51
* Rotation (Y): 20.0
* Rotation (X): 133.691
* Rotation (Z): 0.0

[Play Character Voice Line: 2 parameters]
* Character Index: 4
* Voice Line ID: 179
-> Wait until End of Voice Line

[Play Character Voice Line: 2 parameters]
* Character Index: 4
* Voice Line ID: 180
-> Wait until End of Voice Line

[Primary Camera Point: 6 parameters]
* Position (X): 60.44
* Position (Y): -13.519
* Position (Z): -78.39
* Rotation (Y): -10.307
* Rotation (X): -20.0
* Rotation (Z): 0.0

[Secondary Camera Point]
-> Additional Camera Point: 7 parameters
* Time (s): 12.0
* Position (X): 60.44
* Position (Y): -17.79
* Position (Z): -78.39
* Rotation (Y): -10.307
* Rotation (X): -20.0
* Rotation (Z): 0.0

[Play Character Voice Line: 2 parameters]
* Character Index: 4
* Voice Line ID: 181
-> Wait until End of Voice Line

[Play Character Voice Line: 2 parameters]
* Character Index: 4
* Voice Line ID: 182
-> Wait until End of Voice Line

[Primary Camera Point: 6 parameters]
* Position (X): -63.519
* Position (Y): -10.41
* Position (Z): 111.733
* Rotation (Y): 21.519
* Rotation (X): 11.419
* Rotation (Z): 0.0

[Play Character Voice Line: 2 parameters]
* Character Index: 4
* Voice Line ID: 183
-> Wait until End of Voice Line

[Primary Camera Point: 6 parameters]
* Position (X): 52.443
* Position (Y): -8.684
* Position (Z): -59.524
* Rotation (Y): -3.624
* Rotation (X): 148.812
* Rotation (Z): 0.0

[Secondary Camera Point]
-> Additional Camera Point: 7 parameters
* Time (s): 13.0
* Position (X): 52.443
* Position (Y): -17.025
* Position (Z): -59.524
* Rotation (Y): -3.624
* Rotation (X): 148.812
* Rotation (Z): 0.0

[Play Character Voice Line: 2 parameters]
* Character Index: 4
* Voice Line ID: 184
-> Wait until End of Voice Line

[Play Character Voice Line: 2 parameters]
* Character Index: 4
* Voice Line ID: 185
-> Wait until End of Voice Line

[Primary Camera Point: 6 parameters]
* Position (X): 47.489
* Position (Y): -10.69
* Position (Z): -61.993
* Rotation (Y): -4.518
* Rotation (X): 112.418
* Rotation (Z): 0.0

[Secondary Camera Point]
-> Additional Camera Point: 7 parameters
* Time (s): 13.0
* Position (X): 47.489
* Position (Y): -13.96
* Position (Z): -61.993
* Rotation (Y): 22.467
* Rotation (X): 112.418
* Rotation (Z): 0.0

[Play Character Voice Line: 2 parameters]
* Character Index: 4
* Voice Line ID: 186
-> Wait until End of Voice Line

[Play Character Voice Line: 2 parameters]
* Character Index: 0
* Voice Line ID: 187
-> Wait until End of Voice Line

[Primary Camera Point: 6 parameters]
* Position (X): 52.443
* Position (Y): -15.978
* Position (Z): -59.524
* Rotation (Y): -2.95
* Rotation (X): 148.812
* Rotation (Z): 0.0

[Play Character Voice Line: 2 parameters]
* Character Index: 4
* Voice Line ID: 188
-> Wait until End of Voice Line

[Store VFX Switches]

[Store Conditional Properties]
-> Scene Link: 2 parameters
* Condition: Immediate
* Scene ID: 10030

[Store Player's Character Changes]

[Store Opponent's Character Changes]
-> Add Health: 1 parameter
* Health (%): 10

[Post-Cutscene Event: 2 parameters]
* Event ID: Battle Finish
* Character ID: N/A

[Scene End & Battle Start]

===== SCENE 10030 =====

[Scene Start]

[Battle End: 1 parameter]
* Battle Outcome ID: 1

[Store Character Positions]

[Assign Character Position & Rotation: 7 parameters]
* Character Index: 0
* Position (X): 25.8
* Position (Y): 0.0
* Position (Z): -15.0
* Rotation (X): 0.0
* Rotation (Y): -40.8
* Rotation (Z): 0.0

[Assign Character Position & Rotation: 7 parameters]
* Character Index: 0
* Position (X): 56.9
* Position (Y): -180.0
* Position (Z): -66.2
* Rotation (X): 0.0
* Rotation (Y): -40.8
* Rotation (Z): 0.0

[Assign Character Position & Rotation: 7 parameters]
* Character Index: 0 (Opp.)
* Position (X): -60.8
* Position (Y): -0.7
* Position (Z): 127.5
* Rotation (X): 0.0
* Rotation (Y): 154.6
* Rotation (Z): 0.0

[Assign Animation: 2 parameters]
* Character Index: 0 (Opp.)
* ANM Name: INTRO_LOOP
-> Enable ANM Loop

[Primary Camera Point: 6 parameters]
* Position (X): -53.5
* Position (Y): -19.441
* Position (Z): 106.519
* Rotation (Y): -0.41
* Rotation (X): -15.0
* Rotation (Z): 0.0

[Secondary Camera Point]
-> Additional Camera Point: 7 parameters
* Time (s): 18.0
* Position (X): -58.24
* Position (Y): -19.441
* Position (Z): 119.461
* Rotation (Y): -0.41
* Rotation (X): -15.0
* Rotation (Z): 0.0

[Music Change: 1 parameter]
* Music: BT2 ST - Goku Confront Slug
-> PROPERTY 119

[Play Character Voice Line: 2 parameters]
* Character Index: 0 (Opp.)
* Voice Line ID: 189
-> Wait until End of Voice Line

[Play Character Voice Line: 2 parameters]
* Character Index: 0 (Opp.)
* Voice Line ID: 190
-> Wait until End of Voice Line

[Primary Camera Point: 6 parameters]
* Position (X): -54.024
* Position (Y): -5.61
* Position (Z): 118.911
* Rotation (Y): -0.41
* Rotation (X): -53.9
* Rotation (Z): 0.0

[Secondary Camera Point]
-> Additional Camera Point: 7 parameters
* Time (s): 22.0
* Position (X): -54.024
* Position (Y): -20.51
* Position (Z): 118.911
* Rotation (Y): -0.41
* Rotation (X): -53.9
* Rotation (Z): 0.0

[Play Character Voice Line: 2 parameters]
* Character Index: 0
* Voice Line ID: 191
-> Wait until End of Voice Line

[Play Character Voice Line: 2 parameters]
* Character Index: 0
* Voice Line ID: 192
-> Wait until End of Voice Line

[Play Character Voice Line: 2 parameters]
* Character Index: 0
* Voice Line ID: 193
-> Wait until End of Voice Line

[Primary Camera Point: 6 parameters]
* Position (X): -65.381
* Position (Y): -19.441
* Position (Z): 137.351
* Rotation (Y): -0.41
* Rotation (X): 145.0
* Rotation (Z): 0.0

[Secondary Camera Point]
-> Additional Camera Point: 7 parameters
* Time (s): 66.0
* Position (X): -77.541
* Position (Y): -44.515
* Position (Z): 169.61
* Rotation (Y): -0.41
* Rotation (X): 145.0
* Rotation (Z): 0.0

[Play Character Voice Line: 2 parameters]
* Character Index: 0 (Opp.)
* Voice Line ID: 194
-> Wait until End of Voice Line

[Play Character Voice Line: 2 parameters]
* Character Index: 0 (Opp.)
* Voice Line ID: 195
-> Wait until End of Voice Line

[Store VFX Switches]

[Store Conditional Properties]

[Store Player's Character Changes]

[Store Opponent's Character Changes]

[Post-Cutscene Event: 2 parameters]
* Event ID: Aerial Clash
* Character ID: N/A

[Scene End & Battle Start]

===== SCENE 10031 =====

[Scene Start]

[Battle End: 1 parameter]
* Battle Outcome ID: 1

[Store Character Positions]

[Store VFX Switches]

[Store Conditional Properties]

[Store Player's Character Changes]

[Store Opponent's Character Changes]

[Post-Cutscene Event: 2 parameters]
* Event ID: Aerial Clash
* Character ID: N/A

[Scene End & Battle Start]

===== SCENE 10040 =====

[Scene Start]

[Battle End: 1 parameter]
* Battle Outcome ID: 0

[Store Character Positions]

[Store VFX Switches]

[Store Conditional Properties]

[Store Player's Character Changes]

[Store Opponent's Character Changes]

[Post-Cutscene Event: 2 parameters]
* Event ID: Aerial Clash
* Character ID: N/A

[Scene End & Battle Start]

===== SCENE 10049 =====

[Scene Start]

[Battle End: 1 parameter]
* Battle Outcome ID: 0

[Store Character Positions]

[Store VFX Switches]

[Store Conditional Properties]

[Store Player's Character Changes]

[Store Opponent's Character Changes]

[Post-Cutscene Event: 2 parameters]
* Event ID: Aerial Clash
* Character ID: N/A

[Scene End & Battle Start]

===== SCENE 10039 =====

[Scene Start]

[Battle End: 1 parameter]
* Battle Outcome ID: 1

[Store Character Positions]

[Store VFX Switches]

[Store Conditional Properties]

[Store Player's Character Changes]

[Store Opponent's Character Changes]

[Post-Cutscene Event: 2 parameters]
* Event ID: Aerial Clash
* Character ID: N/A

[Scene End & Battle Start]
