GSC Origin: Budokai Tenkaichi 3

===== SCENE -1 =====

===== SCENE 1000 =====

===== SCENE -2 =====

[Load TXT PAK]

[Load LPS PAK]

===== SCENE -3 =====

[Scenario Identifier: 1 parameter]
* GSC Name: Cuerpo perfecto

[Rewards: 15 parameters]
* Z-Points (Easy): 1500
* Z-Points (Normal): 2000
* Z-Points (Hard): 2500
* Z-Item #1: N/A
* Z-Item #2: N/A
* Z-Item #3: N/A
* Map #1: N/A
* Map #2: N/A
* Map #3: N/A
* Character #1: N/A
* Character #2: N/A
* Character #3: N/A
* Scenario #1: Invalid (Value: 131076)
* Scenario #2: N/A
* Scenario #3: N/A

[Subtitle Settings]
-> Text Region: 1 parameter
* Region ID: 0
-> Text is Grey: 1 parameter
* Enable Grey Text: False
-> Text Position: 2 parameters
* Position (X): 256
* Position (Y): 428
-> Text Size: 2 parameters
* Width: 0.85
* Height: 0.85
-> Text Scale: 1 parameter
* Coefficient: 1.0
-> Text Color: 4 parameters
* Red: 255
* Green: 255
* Blue: 255
* Opacity: 128
-> Text Padding: 2 parameters
* Padding (Vertical): 2
* Padding (Horizontal): 5
-> Text Alignment: 1 parameter
* Alignment ID: 1
-> Symbol: 1 parameter
* Type: 2
-> Text Outline Size: 2 parameters
* Width: 1
* Height: 2
-> Text Outline Color: 4 parameters
* Red: 0
* Green: 0
* Blue: 0
* Opacity: 64

[Subtitle Settings]
-> Text Region: 1 parameter
* Region ID: 1
-> Text is Grey: 1 parameter
* Enable Grey Text: False
-> Text Position: 2 parameters
* Position (X): 256
* Position (Y): 428
-> Text Size: 2 parameters
* Width: 0.85
* Height: 0.85
-> Text Scale: 1 parameter
* Coefficient: 1.0
-> Text Color: 4 parameters
* Red: 255
* Green: 255
* Blue: 255
* Opacity: 128
-> Text Padding: 2 parameters
* Padding (Vertical): 2
* Padding (Horizontal): 5
-> Text Alignment: 1 parameter
* Alignment ID: 1
-> Symbol: 1 parameter
* Type: 2
-> Text Outline Size: 2 parameters
* Width: 1
* Height: 2
-> Text Outline Color: 4 parameters
* Red: 0
* Green: 0
* Blue: 0
* Opacity: 64

[Subtitle Settings]
-> Text Region: 1 parameter
* Region ID: 2
-> Text is Grey: 1 parameter
* Enable Grey Text: False
-> Text Position: 2 parameters
* Position (X): 256
* Position (Y): 428
-> Text Size: 2 parameters
* Width: 0.85
* Height: 0.85
-> Text Scale: 1 parameter
* Coefficient: 1.0
-> Text Color: 4 parameters
* Red: 255
* Green: 255
* Blue: 255
* Opacity: 128
-> Text Padding: 2 parameters
* Padding (Vertical): 2
* Padding (Horizontal): 5
-> Text Alignment: 1 parameter
* Alignment ID: 1
-> Symbol: 1 parameter
* Type: 2
-> Text Outline Size: 2 parameters
* Width: 1
* Height: 2
-> Text Outline Color: 4 parameters
* Red: 0
* Green: 0
* Blue: 0
* Opacity: 64

[Subtitle Settings]
-> Text Region: 1 parameter
* Region ID: 3
-> Text is Grey: 1 parameter
* Enable Grey Text: False
-> Text Position: 2 parameters
* Position (X): 256
* Position (Y): 428
-> Text Size: 2 parameters
* Width: 0.85
* Height: 0.85
-> Text Scale: 1 parameter
* Coefficient: 1.0
-> Text Color: 4 parameters
* Red: 255
* Green: 255
* Blue: 255
* Opacity: 128
-> Text Padding: 2 parameters
* Padding (Vertical): 2
* Padding (Horizontal): 5
-> Text Alignment: 1 parameter
* Alignment ID: 1
-> Symbol: 1 parameter
* Type: 2
-> Text Outline Size: 2 parameters
* Width: 2
* Height: 2
-> Text Outline Color: 4 parameters
* Red: 32
* Green: 32
* Blue: 32
* Opacity: 128

[Subtitle Settings]
-> Text Region: 1 parameter
* Region ID: 0
-> Text is Grey: 1 parameter
* Enable Grey Text: True
-> Text Position: 2 parameters
* Position (X): 256
* Position (Y): 428
-> Text Size: 2 parameters
* Width: 0.85
* Height: 0.85
-> Text Scale: 1 parameter
* Coefficient: 1.0
-> Text Color: 4 parameters
* Red: 140
* Green: 140
* Blue: 140
* Opacity: 128
-> Text Padding: 2 parameters
* Padding (Vertical): 2
* Padding (Horizontal): 5
-> Text Alignment: 1 parameter
* Alignment ID: 1
-> Symbol: 1 parameter
* Type: 2
-> Text Outline Size: 2 parameters
* Width: 1
* Height: 2
-> Text Outline Color: 4 parameters
* Red: 0
* Green: 0
* Blue: 0
* Opacity: 64

[Subtitle Settings]
-> Text Region: 1 parameter
* Region ID: 1
-> Text is Grey: 1 parameter
* Enable Grey Text: True
-> Text Position: 2 parameters
* Position (X): 256
* Position (Y): 428
-> Text Size: 2 parameters
* Width: 0.85
* Height: 0.85
-> Text Scale: 1 parameter
* Coefficient: 1.0
-> Text Color: 4 parameters
* Red: 140
* Green: 140
* Blue: 140
* Opacity: 128
-> Text Padding: 2 parameters
* Padding (Vertical): 2
* Padding (Horizontal): 5
-> Text Alignment: 1 parameter
* Alignment ID: 1
-> Symbol: 1 parameter
* Type: 2
-> Text Outline Size: 2 parameters
* Width: 1
* Height: 2
-> Text Outline Color: 4 parameters
* Red: 0
* Green: 0
* Blue: 0
* Opacity: 64

[Subtitle Settings]
-> Text Region: 1 parameter
* Region ID: 2
-> Text is Grey: 1 parameter
* Enable Grey Text: True
-> Text Position: 2 parameters
* Position (X): 256
* Position (Y): 428
-> Text Size: 2 parameters
* Width: 0.85
* Height: 0.85
-> Text Scale: 1 parameter
* Coefficient: 1.0
-> Text Color: 4 parameters
* Red: 140
* Green: 140
* Blue: 140
* Opacity: 128
-> Text Padding: 2 parameters
* Padding (Vertical): 2
* Padding (Horizontal): 5
-> Text Alignment: 1 parameter
* Alignment ID: 1
-> Symbol: 1 parameter
* Type: 2
-> Text Outline Size: 2 parameters
* Width: 1
* Height: 2
-> Text Outline Color: 4 parameters
* Red: 0
* Green: 0
* Blue: 0
* Opacity: 64

[Subtitle Settings]
-> Text Region: 1 parameter
* Region ID: 3
-> Text is Grey: 1 parameter
* Enable Grey Text: True
-> Text Position: 2 parameters
* Position (X): 256
* Position (Y): 428
-> Text Size: 2 parameters
* Width: 0.85
* Height: 0.85
-> Text Scale: 1 parameter
* Coefficient: 1.0
-> Text Color: 4 parameters
* Red: 140
* Green: 140
* Blue: 140
* Opacity: 128
-> Text Padding: 2 parameters
* Padding (Vertical): 2
* Padding (Horizontal): 5
-> Text Alignment: 1 parameter
* Alignment ID: 1
-> Symbol: 1 parameter
* Type: 2
-> Text Outline Size: 2 parameters
* Width: 2
* Height: 2
-> Text Outline Color: 4 parameters
* Red: 32
* Green: 32
* Blue: 32
* Opacity: 128

===== SCENE -4 =====

[Battle Settings: 5 parameters]
* Map: JUEGOS CELULA - MED
* Music: BT3 OST - Cell Fight
* Battle Time (s): 0
* Referee: Shenron
* Enable Map Destruction: False

[Team Settings: 2 parameters]
* Team Index: 0
* Number of Teammates: 3

[Team Settings: 2 parameters]
* Team Index: 1
* Number of Teammates: 1

[Character Settings: 14 parameters]
* Character Index: 0
* Character: Son-Goku (Super) - Super Saiyajin
* Color: 1
* Damaged: False
* COM Level: 0
* Z-Item #8: Goku Type
* Health (%): 100
* Z-Item #1: N/A
* Z-Item #2: Master Roshi's Training
* Z-Item #3: N/A
* Z-Item #4: N/A
* Z-Item #5: N/A
* Z-Item #6: Dragon Crush
* Z-Item #7: Vanishing Rush

[Character Settings: 14 parameters]
* Character Index: 1
* Character: Gohan (Joven) - Super Saiyajin
* Color: 0
* Damaged: False
* COM Level: 0
* Z-Item #8: Goku Type
* Health (%): 100
* Z-Item #1: N/A
* Z-Item #2: Master Roshi's Training
* Z-Item #3: N/A
* Z-Item #4: N/A
* Z-Item #5: N/A
* Z-Item #6: Dragon Crush
* Z-Item #7: Vanishing Rush

[Character Settings: 14 parameters]
* Character Index: 2
* Character: Mr. Satan
* Color: 0
* Damaged: False
* COM Level: 0
* Z-Item #8: Goku Type
* Health (%): 100
* Z-Item #1: N/A
* Z-Item #2: Master Roshi's Training
* Z-Item #3: N/A
* Z-Item #4: N/A
* Z-Item #5: N/A
* Z-Item #6: N/A
* Z-Item #7: N/A

[Character Settings: 14 parameters]
* Character Index: 0 (Opp.)
* Character: Cell - Forma perfecta
* Color: 0
* Damaged: False
* COM Level: 11
* Z-Item #8: Trunks Type
* Health (%): 100
* Z-Item #1: Attack +15
* Z-Item #2: Defense +15
* Z-Item #3: King Kai's Training
* Z-Item #4: Ultimate Body
* Z-Item #5: N/A
* Z-Item #6: Dragon Break
* Z-Item #7: Vanishing Break

===== SCENE -5 =====

[Store Audio-Related Properties]
-> Audio-Related Property: 2 parameters
* Voice Line ID: 1
* Character Index: 0 (Opp.)
-> Audio-Related Property: 2 parameters
* Voice Line ID: 3
* Character Index: 0 (Opp.)
-> Audio-Related Property: 2 parameters
* Voice Line ID: 4
* Character Index: 0 (Opp.)
-> Audio-Related Property: 2 parameters
* Voice Line ID: 5
* Character Index: 0 (Opp.)
-> Audio-Related Property: 2 parameters
* Voice Line ID: 6
* Character Index: 0
-> Audio-Related Property: 2 parameters
* Voice Line ID: 7
* Character Index: 0 (Opp.)
-> Audio-Related Property: 2 parameters
* Voice Line ID: 8
* Character Index: 0
-> Audio-Related Property: 2 parameters
* Voice Line ID: 9
* Character Index: 0
-> Audio-Related Property: 2 parameters
* Voice Line ID: 10
* Character Index: 0 (Opp.)
-> Audio-Related Property: 2 parameters
* Voice Line ID: 11
* Character Index: 0 (Opp.)
-> Audio-Related Property: 2 parameters
* Voice Line ID: 12
* Character Index: 0 (Opp.)
-> Audio-Related Property: 2 parameters
* Voice Line ID: 13
* Character Index: 0 (Opp.)
-> Audio-Related Property: 2 parameters
* Voice Line ID: 14
* Character Index: 0 (Opp.)
-> Audio-Related Property: 2 parameters
* Voice Line ID: 15
* Character Index: 0
-> Audio-Related Property: 2 parameters
* Voice Line ID: 16
* Character Index: 0 (Opp.)
-> Audio-Related Property: 2 parameters
* Voice Line ID: 17
* Character Index: 0
-> Audio-Related Property: 2 parameters
* Voice Line ID: 18
* Character Index: 0
-> Audio-Related Property: 2 parameters
* Voice Line ID: 19
* Character Index: 0 (Opp.)
-> Audio-Related Property: 2 parameters
* Voice Line ID: 20
* Character Index: 0
-> Audio-Related Property: 2 parameters
* Voice Line ID: 21
* Character Index: 0
-> Audio-Related Property: 2 parameters
* Voice Line ID: 22
* Character Index: 0
-> Audio-Related Property: 2 parameters
* Voice Line ID: 24
* Character Index: 0
-> Audio-Related Property: 2 parameters
* Voice Line ID: 25
* Character Index: 0
-> Audio-Related Property: 2 parameters
* Voice Line ID: 26
* Character Index: 0 (Opp.)
-> Audio-Related Property: 2 parameters
* Voice Line ID: 27
* Character Index: 0 (Opp.)
-> Audio-Related Property: 2 parameters
* Voice Line ID: 28
* Character Index: 0 (Opp.)
-> Audio-Related Property: 2 parameters
* Voice Line ID: 29
* Character Index: 0 (Opp.)
-> Audio-Related Property: 2 parameters
* Voice Line ID: 30
* Character Index: 0 (Opp.)
-> Audio-Related Property: 2 parameters
* Voice Line ID: 31
* Character Index: 0 (Opp.)
-> Audio-Related Property: 2 parameters
* Voice Line ID: 32
* Character Index: 0 (Opp.)
-> Audio-Related Property: 2 parameters
* Voice Line ID: 33
* Character Index: 0 (Opp.)
-> Audio-Related Property: 2 parameters
* Voice Line ID: 34
* Character Index: 0 (Opp.)
-> Audio-Related Property: 2 parameters
* Voice Line ID: 35
* Character Index: 0 (Opp.)
-> Audio-Related Property: 2 parameters
* Voice Line ID: 36
* Character Index: 0 (Opp.)
-> Audio-Related Property: 2 parameters
* Voice Line ID: 37
* Character Index: 0
-> Audio-Related Property: 2 parameters
* Voice Line ID: 38
* Character Index: 0
-> Audio-Related Property: 2 parameters
* Voice Line ID: 39
* Character Index: 0
-> Audio-Related Property: 2 parameters
* Voice Line ID: 40
* Character Index: 0 (Opp.)
-> Audio-Related Property: 2 parameters
* Voice Line ID: 41
* Character Index: 0 (Opp.)
-> Audio-Related Property: 2 parameters
* Voice Line ID: 42
* Character Index: 0
-> Audio-Related Property: 2 parameters
* Voice Line ID: 43
* Character Index: 0
-> Audio-Related Property: 2 parameters
* Voice Line ID: 44
* Character Index: 0 (Opp.)
-> Audio-Related Property: 2 parameters
* Voice Line ID: 45
* Character Index: 0
-> Audio-Related Property: 2 parameters
* Voice Line ID: 46
* Character Index: 1
-> Audio-Related Property: 2 parameters
* Voice Line ID: 48
* Character Index: 0 (Opp.)
-> Audio-Related Property: 2 parameters
* Voice Line ID: 49
* Character Index: 0
-> Audio-Related Property: 2 parameters
* Voice Line ID: 50
* Character Index: 1
-> Audio-Related Property: 2 parameters
* Voice Line ID: 51
* Character Index: 0
-> Audio-Related Property: 2 parameters
* Voice Line ID: 52
* Character Index: 0
-> Audio-Related Property: 2 parameters
* Voice Line ID: 53
* Character Index: 0
-> Audio-Related Property: 2 parameters
* Voice Line ID: 54
* Character Index: 0
-> Audio-Related Property: 2 parameters
* Voice Line ID: 56
* Character Index: 0 (Opp.)
-> Audio-Related Property: 2 parameters
* Voice Line ID: 57
* Character Index: 0 (Opp.)
-> Audio-Related Property: 2 parameters
* Voice Line ID: 60
* Character Index: 0 (Opp.)
-> Audio-Related Property: 2 parameters
* Voice Line ID: 61
* Character Index: 0 (Opp.)
-> Audio-Related Property: 2 parameters
* Voice Line ID: 62
* Character Index: 0 (Opp.)
-> Audio-Related Property: 2 parameters
* Voice Line ID: 63
* Character Index: 0 (Opp.)
-> Audio-Related Property: 2 parameters
* Voice Line ID: 64
* Character Index: 0 (Opp.)
-> Audio-Related Property: 2 parameters
* Voice Line ID: 65
* Character Index: 0 (Opp.)
-> Audio-Related Property: 2 parameters
* Voice Line ID: 68
* Character Index: 0 (Opp.)
-> Audio-Related Property: 2 parameters
* Voice Line ID: 69
* Character Index: 0 (Opp.)
-> Audio-Related Property: 2 parameters
* Voice Line ID: 70
* Character Index: 0
-> Audio-Related Property: 2 parameters
* Voice Line ID: 71
* Character Index: 0 (Opp.)
-> Audio-Related Property: 2 parameters
* Voice Line ID: 72
* Character Index: 0 (Opp.)
-> Audio-Related Property: 2 parameters
* Voice Line ID: 73
* Character Index: 1
-> Audio-Related Property: 2 parameters
* Voice Line ID: 74
* Character Index: 0 (Opp.)
-> Audio-Related Property: 2 parameters
* Voice Line ID: 75
* Character Index: 1
-> Audio-Related Property: 2 parameters
* Voice Line ID: 76
* Character Index: 1
-> Audio-Related Property: 2 parameters
* Voice Line ID: 77
* Character Index: 0 (Opp.)
-> Audio-Related Property: 2 parameters
* Voice Line ID: 78
* Character Index: 1
-> Audio-Related Property: 2 parameters
* Voice Line ID: 79
* Character Index: 1
-> Audio-Related Property: 2 parameters
* Voice Line ID: 80
* Character Index: 1
-> Audio-Related Property: 2 parameters
* Voice Line ID: 81
* Character Index: 1
-> Audio-Related Property: 2 parameters
* Voice Line ID: 82
* Character Index: 0 (Opp.)
-> Audio-Related Property: 2 parameters
* Voice Line ID: 83
* Character Index: 1
-> Audio-Related Property: 2 parameters
* Voice Line ID: 84
* Character Index: 0 (Opp.)
-> Audio-Related Property: 2 parameters
* Voice Line ID: 85
* Character Index: 0 (Opp.)
-> Audio-Related Property: 2 parameters
* Voice Line ID: 86
* Character Index: 0 (Opp.)
-> Audio-Related Property: 2 parameters
* Voice Line ID: 88
* Character Index: 0 (Opp.)
-> Audio-Related Property: 2 parameters
* Voice Line ID: 89
* Character Index: 0
-> Audio-Related Property: 2 parameters
* Voice Line ID: 90
* Character Index: 0
-> Audio-Related Property: 2 parameters
* Voice Line ID: 92
* Character Index: 0 (Opp.)
-> Audio-Related Property: 2 parameters
* Voice Line ID: 93
* Character Index: 0 (Opp.)
-> Audio-Related Property: 2 parameters
* Voice Line ID: 94
* Character Index: 0 (Opp.)
-> Audio-Related Property: 2 parameters
* Voice Line ID: 95
* Character Index: 0 (Opp.)
-> Audio-Related Property: 2 parameters
* Voice Line ID: 96
* Character Index: 0 (Opp.)
-> Audio-Related Property: 2 parameters
* Voice Line ID: 97
* Character Index: 0 (Opp.)
-> Audio-Related Property: 2 parameters
* Voice Line ID: 98
* Character Index: 1
-> Audio-Related Property: 2 parameters
* Voice Line ID: 99
* Character Index: 2
-> Audio-Related Property: 2 parameters
* Voice Line ID: 101
* Character Index: 2
-> Audio-Related Property: 2 parameters
* Voice Line ID: 102
* Character Index: 0 (Opp.)
-> Audio-Related Property: 2 parameters
* Voice Line ID: 104
* Character Index: 0 (Opp.)
-> Audio-Related Property: 2 parameters
* Voice Line ID: 105
* Character Index: 0 (Opp.)
-> Audio-Related Property: 2 parameters
* Voice Line ID: 106
* Character Index: 0 (Opp.)
-> Audio-Related Property: 2 parameters
* Voice Line ID: 107
* Character Index: 0 (Opp.)
-> Audio-Related Property: 2 parameters
* Voice Line ID: 108
* Character Index: 2
-> Audio-Related Property: 2 parameters
* Voice Line ID: 110
* Character Index: 0
-> Audio-Related Property: 2 parameters
* Voice Line ID: 111
* Character Index: 0
-> Audio-Related Property: 2 parameters
* Voice Line ID: 112
* Character Index: 0
-> Audio-Related Property: 2 parameters
* Voice Line ID: 113
* Character Index: 0
-> Audio-Related Property: 2 parameters
* Voice Line ID: 114
* Character Index: 0
-> Audio-Related Property: 2 parameters
* Voice Line ID: 115
* Character Index: 0
-> Audio-Related Property: 2 parameters
* Voice Line ID: 116
* Character Index: 0
-> Audio-Related Property: 2 parameters
* Voice Line ID: 117
* Character Index: 0
-> Audio-Related Property: 2 parameters
* Voice Line ID: 118
* Character Index: 0
-> Audio-Related Property: 2 parameters
* Voice Line ID: 119
* Character Index: 0
-> Audio-Related Property: 2 parameters
* Voice Line ID: 120
* Character Index: 0
-> Audio-Related Property: 2 parameters
* Voice Line ID: 121
* Character Index: 0
-> Audio-Related Property: 2 parameters
* Voice Line ID: 122
* Character Index: 1
-> Audio-Related Property: 2 parameters
* Voice Line ID: 123
* Character Index: 1
-> Audio-Related Property: 2 parameters
* Voice Line ID: 124
* Character Index: 1
-> Audio-Related Property: 2 parameters
* Voice Line ID: 125
* Character Index: 1
-> Audio-Related Property: 2 parameters
* Voice Line ID: 126
* Character Index: 1
-> Audio-Related Property: 2 parameters
* Voice Line ID: 127
* Character Index: 1
-> Audio-Related Property: 2 parameters
* Voice Line ID: 128
* Character Index: 1
-> Audio-Related Property: 2 parameters
* Voice Line ID: 129
* Character Index: 1
-> Audio-Related Property: 2 parameters
* Voice Line ID: 130
* Character Index: 1
-> Audio-Related Property: 2 parameters
* Voice Line ID: 131
* Character Index: 1
-> Audio-Related Property: 2 parameters
* Voice Line ID: 132
* Character Index: 1
-> Audio-Related Property: 2 parameters
* Voice Line ID: 133
* Character Index: 1
-> Audio-Related Property: 2 parameters
* Voice Line ID: 134
* Character Index: 1
-> Audio-Related Property: 2 parameters
* Voice Line ID: 135
* Character Index: 1
-> Audio-Related Property: 2 parameters
* Voice Line ID: 155
* Character Index: 0 (Opp.)
-> Audio-Related Property: 2 parameters
* Voice Line ID: 156
* Character Index: 0 (Opp.)
-> Audio-Related Property: 2 parameters
* Voice Line ID: 157
* Character Index: 0 (Opp.)
-> Audio-Related Property: 2 parameters
* Voice Line ID: 158
* Character Index: 0 (Opp.)
-> Audio-Related Property: 2 parameters
* Voice Line ID: 159
* Character Index: 0 (Opp.)
-> Audio-Related Property: 2 parameters
* Voice Line ID: 160
* Character Index: 0 (Opp.)
-> Audio-Related Property: 2 parameters
* Voice Line ID: 161
* Character Index: 0 (Opp.)
-> Audio-Related Property: 2 parameters
* Voice Line ID: 162
* Character Index: 2
-> Audio-Related Property: 2 parameters
* Voice Line ID: 163
* Character Index: 2
-> Audio-Related Property: 2 parameters
* Voice Line ID: 164
* Character Index: 2
-> Audio-Related Property: 2 parameters
* Voice Line ID: 165
* Character Index: 2
-> Audio-Related Property: 2 parameters
* Voice Line ID: 166
* Character Index: 2
-> Audio-Related Property: 2 parameters
* Voice Line ID: 167
* Character Index: 2
-> Audio-Related Property: 2 parameters
* Voice Line ID: 168
* Character Index: 2
-> Audio-Related Property: 2 parameters
* Voice Line ID: 169
* Character Index: 2
-> Audio-Related Property: 2 parameters
* Voice Line ID: 170
* Character Index: 2
-> Audio-Related Property: 2 parameters
* Voice Line ID: 171
* Character Index: 2

===== SCENE 10000 =====

[Scene Start]

[Battle End: 1 parameter]
* Battle Outcome ID: -1

[Store Character Positions]

[Assign Character Position & Rotation: 7 parameters]
* Character Index: 0
* Position (X): 0.0
* Position (Y): -15.0
* Position (Z): -50.0
* Rotation (X): 0.0
* Rotation (Y): 0.0
* Rotation (Z): 0.0

[Assign Character Position & Rotation: 7 parameters]
* Character Index: 0 (Opp.)
* Position (X): 0.0
* Position (Y): -15.0
* Position (Z): 50.0
* Rotation (X): 0.0
* Rotation (Y): -180.0
* Rotation (Z): 0.0

[Assign Animation: 2 parameters]
* Character Index: 0
* ANM Name: STAND_LOOP
-> Enable ANM Loop

[Assign Animation: 2 parameters]
* Character Index: 0 (Opp.)
* ANM Name: STAND_LOOP
-> Enable ANM Loop

[Primary Camera Point: 6 parameters]
* Position (X): -5.914
* Position (Y): -28.737
* Position (Z): -42.13
* Rotation (Y): -44.587
* Rotation (X): 142.416
* Rotation (Z): 0.0

[Secondary Camera Point]
-> Additional Camera Point: 7 parameters
* Time (s): 4.0
* Position (X): -5.914
* Position (Y): -28.737
* Position (Z): -42.13
* Rotation (Y): 12.509
* Rotation (X): 142.416
* Rotation (Z): 0.0
-> Wait until End of Camera

[Wait for Period of Time: 1 parameter]
* Time (s): 1.0

[Primary Camera Point: 6 parameters]
* Position (X): -6.162
* Position (Y): -34.426
* Position (Z): 41.76
* Rotation (Y): -54.505
* Rotation (X): 38.393
* Rotation (Z): 0.0

[Secondary Camera Point]
-> Additional Camera Point: 7 parameters
* Time (s): 4.0
* Position (X): -6.162
* Position (Y): -34.426
* Position (Z): 41.76
* Rotation (Y): -1.734
* Rotation (X): 38.393
* Rotation (Z): 0.0
-> Wait until End of Camera

[Wait for Period of Time: 1 parameter]
* Time (s): 1.0

[Play Character Voice Line: 2 parameters]
* Character Index: 0 (Opp.)
* Voice Line ID: 1
-> Wait until End of Voice Line

[Primary Camera Point: 6 parameters]
* Position (X): -20.326
* Position (Y): -29.571
* Position (Z): -71.191
* Rotation (Y): -6.228
* Rotation (X): 29.417
* Rotation (Z): 0.0

[Assign Animation: 2 parameters]
* Character Index: 0
* ANM Name: GROUND
-> Enable ANM Loop

[Assign Animation: 2 parameters]
* Character Index: 0 (Opp.)
* ANM Name: GROUND
-> Enable ANM Loop

[Play Character Voice Line: 2 parameters]
* Character Index: 0 (Opp.)
* Voice Line ID: 3
-> Wait until End of Voice Line

[Store VFX Switches]

[Store Conditional Properties]
-> Scene Link: 2 parameters
* Condition: Wait 15 seconds
* Scene ID: 10001
-> Scene Link: 2 parameters
* Condition: Win via K.O.
* Scene ID: 10030
-> Scene Link: 2 parameters
* Condition: Win via K.O. (Opp.)
* Scene ID: 10005
-> Audio Link: 2 parameters
* Condition: Immediate
* Voice Line ID: 0
-> Audio Link: 2 parameters
* Condition: Immediate
* Voice Line ID: 2

[Store Player's Character Changes]

[Store Opponent's Character Changes]

[Post-Cutscene Event: 2 parameters]
* Event ID: Battle Finish
* Character ID: N/A

[Scene End & Battle Start]

===== SCENE 10001 =====

[Scene Start]

[Battle End: 1 parameter]
* Battle Outcome ID: -1

[Store Character Positions]

[Trigger Fade-Out: 1 parameter]
* Time (s): 1.2

[Assign Character Position & Rotation: 7 parameters]
* Character Index: 0
* Position (X): 0.0
* Position (Y): -25.0
* Position (Z): -50.0
* Rotation (X): 0.0
* Rotation (Y): 0.0
* Rotation (Z): 0.0

[Assign Character Position & Rotation: 7 parameters]
* Character Index: 0 (Opp.)
* Position (X): 0.0
* Position (Y): -25.5
* Position (Z): 50.0
* Rotation (X): 0.0
* Rotation (Y): -180.0
* Rotation (Z): 0.0

[Assign Animation: 2 parameters]
* Character Index: 0
* ANM Name: FLY
-> Enable ANM Loop

[Assign Animation: 2 parameters]
* Character Index: 0 (Opp.)
* ANM Name: FLY
-> Enable ANM Loop

[Primary Camera Point: 6 parameters]
* Position (X): 123.194
* Position (Y): -42.93
* Position (Z): -35.255
* Rotation (Y): -4.609
* Rotation (X): -75.588
* Rotation (Z): 0.0

[Secondary Camera Point]
-> Additional Camera Point: 7 parameters
* Time (s): 4.5
* Position (X): 88.46
* Position (Y): -40.043
* Position (Z): -26.565
* Rotation (Y): -4.609
* Rotation (X): -76.164
* Rotation (Z): 0.0

[Music Change: 1 parameter]
* Music: High & Scream (Cell Games)
-> PROPERTY 119

[Play Character Voice Line: 2 parameters]
* Character Index: 0 (Opp.)
* Voice Line ID: 4
-> Wait until End of Voice Line

[Primary Camera Point: 6 parameters]
* Position (X): 3.434
* Position (Y): -40.972
* Position (Z): 23.301
* Rotation (Y): -1.012
* Rotation (X): -11.971
* Rotation (Z): 0.0

[Secondary Camera Point]
-> Additional Camera Point: 7 parameters
* Time (s): 4.5
* Position (X): 1.36
* Position (Y): -42.213
* Position (Z): 38.857
* Rotation (Y): 7.246
* Rotation (X): -9.487
* Rotation (Z): 0.0

[Play Character Voice Line: 2 parameters]
* Character Index: 0 (Opp.)
* Voice Line ID: 5
-> Wait until End of Voice Line

[Primary Camera Point: 6 parameters]
* Position (X): 13.908
* Position (Y): -36.17
* Position (Z): -37.688
* Rotation (Y): 3.053
* Rotation (X): -124.576
* Rotation (Z): 0.0

[Secondary Camera Point]
-> Additional Camera Point: 7 parameters
* Time (s): 5.0
* Position (X): 6.471
* Position (Y): -36.652
* Position (Z): -42.814
* Rotation (Y): 10.564
* Rotation (X): -124.576
* Rotation (Z): 0.0

[Play Character Voice Line: 2 parameters]
* Character Index: 0
* Voice Line ID: 6
-> Wait until End of Voice Line

[Primary Camera Point: 6 parameters]
* Position (X): -19.263
* Position (Y): -41.371
* Position (Z): -31.076
* Rotation (Y): -12.621
* Rotation (X): 137.657
* Rotation (Z): 0.0

[Secondary Camera Point]
-> Additional Camera Point: 7 parameters
* Time (s): 1.5
* Position (X): -14.503
* Position (Y): -37.198
* Position (Z): -41.492
* Rotation (Y): -16.822
* Rotation (X): 125.928
* Rotation (Z): 0.0

[Enable Ki Charge Aura: 1 parameter]
* Character Index: 0

[Assign Animation: 2 parameters]
* Character Index: 0
* ANM Name: INTRO_IN

[Wait for Period of Time: 1 parameter]
* Time (s): 1.5

[Primary Camera Point: 6 parameters]
* Position (X): -0.73
* Position (Y): -39.781
* Position (Z): -38.815
* Rotation (Y): -3.136
* Rotation (X): 177.732
* Rotation (Z): 0.0

[Secondary Camera Point]
-> Additional Camera Point: 7 parameters
* Time (s): 1.0
* Position (X): -1.174
* Position (Y): -39.935
* Position (Z): -27.6
* Rotation (Y): -11.727
* Rotation (X): 177.732
* Rotation (Z): 0.0

[Enable MAX POWER Mode Explosion: 1 parameter]
* Character Index: 0

[Assign Animation: 2 parameters]
* Character Index: 0
* ANM Name: INTRO_LOOP
-> Enable ANM Loop

[Trigger Camera Shake: 1 parameter]
* Force/Intensity: 0.5

[Wait for Period of Time: 1 parameter]
* Time (s): 1.2

[Store VFX Switches]

[Store Conditional Properties]
-> Scene Link: 2 parameters
* Condition: Wait 15 seconds
* Scene ID: 10002
-> Scene Link: 2 parameters
* Condition: Win via K.O.
* Scene ID: 10030
-> Scene Link: 2 parameters
* Condition: Win via K.O. (Opp.)
* Scene ID: 10005
-> Audio Link: 2 parameters
* Condition: Immediate
* Voice Line ID: 13

[Store Player's Character Changes]
-> Add Blast Stocks: 1 parameter
* Blast Stock Amount: 3

[Store Opponent's Character Changes]
-> Add Blast Stocks: 1 parameter
* Parameter 0: 3

[Post-Cutscene Event: 2 parameters]
* Event ID: Go to MAX POWER Mode
* Character ID: N/A

[Scene End & Battle Start]

===== SCENE 10002 =====

[Scene Start]

[Battle End: 1 parameter]
* Battle Outcome ID: -1

[Store Character Positions]

[Store VFX Switches]

[Store Conditional Properties]
-> Scene Link: 2 parameters
* Condition: Wait 15 seconds
* Scene ID: 10003
-> Scene Link: 2 parameters
* Condition: Win via K.O.
* Scene ID: 10030
-> Scene Link: 2 parameters
* Condition: Win via K.O. (Opp.)
* Scene ID: 10005
-> Audio Link: 2 parameters
* Condition: Immediate
* Voice Line ID: 7
-> Audio Link: 2 parameters
* Condition: Immediate
* Voice Line ID: 8
-> Audio Link: 2 parameters
* Condition: Hit with Ultimate Blast
* Voice Line ID: 10
-> Audio Link: 2 parameters
* Condition: Hit with 2nd Blast 2 (Opp.)
* Voice Line ID: 12

[Store Player's Character Changes]

[Store Opponent's Character Changes]

[Post-Cutscene Event: 2 parameters]
* Event ID: Battle Finish
* Character ID: N/A

[Scene End & Battle Start]

===== SCENE 10003 =====

[Scene Start]

[Battle End: 1 parameter]
* Battle Outcome ID: -1

[Store Character Positions]

[Trigger Fade-Out: 1 parameter]
* Time (s): 1.2

[Assign Character Position & Rotation: 7 parameters]
* Character Index: 0
* Position (X): 0.0
* Position (Y): -45.0
* Position (Z): -40.2
* Rotation (X): 0.0
* Rotation (Y): 0.0
* Rotation (Z): 0.0

[Assign Character Position & Rotation: 7 parameters]
* Character Index: 0 (Opp.)
* Position (X): 0.0
* Position (Y): -65.0
* Position (Z): 40.2
* Rotation (X): 0.0
* Rotation (Y): -180.0
* Rotation (Z): 0.0

[Assign Animation: 2 parameters]
* Character Index: 0
* ANM Name: FLY
-> Enable ANM Loop

[Assign Animation: 2 parameters]
* Character Index: 0 (Opp.)
* ANM Name: FLY
-> Enable ANM Loop

[Primary Camera Point: 6 parameters]
* Position (X): 13.072
* Position (Y): -71.877
* Position (Z): 61.338
* Rotation (Y): -7.05
* Rotation (X): -165.352
* Rotation (Z): 0.0

[Secondary Camera Point]
-> Additional Camera Point: 7 parameters
* Time (s): 5.0
* Position (X): 9.588
* Position (Y): -89.657
* Position (Z): 52.835
* Rotation (Y): -23.361
* Rotation (X): -160.308
* Rotation (Z): 0.0

[Play Character Voice Line: 2 parameters]
* Character Index: 0 (Opp.)
* Voice Line ID: 14
-> Wait until End of Voice Line

[Primary Camera Point: 6 parameters]
* Position (X): 2.54
* Position (Y): -83.362
* Position (Z): 31.896
* Rotation (Y): 1.745
* Rotation (X): -39.216
* Rotation (Z): 0.0

[Play Character Voice Line: 2 parameters]
* Character Index: 0 (Opp.)
* Voice Line ID: 16
-> Wait until End of Voice Line

[Primary Camera Point: 6 parameters]
* Position (X): 5.269
* Position (Y): -52.724
* Position (Z): -31.66
* Rotation (Y): 35.831
* Rotation (X): -111.369
* Rotation (Z): 0.0

[Play Character Voice Line: 2 parameters]
* Character Index: 0
* Voice Line ID: 20
-> Wait until End of Voice Line

[Store VFX Switches]

[Store Conditional Properties]
-> Scene Link: 2 parameters
* Condition: Win Normal Clash
* Scene ID: 10004
-> Scene Link: 2 parameters
* Condition: Win Normal Clash (Opp.)
* Scene ID: 10007
-> Scene Link: 2 parameters
* Condition: Win via K.O.
* Scene ID: 10030
-> Scene Link: 2 parameters
* Condition: Win via K.O. (Opp.)
* Scene ID: 10005

[Store Player's Character Changes]

[Store Opponent's Character Changes]

[Post-Cutscene Event: 2 parameters]
* Event ID: Normal Clash
* Character ID: N/A

[Scene End & Battle Start]

===== SCENE 10004 =====

[Scene Start]

[Battle End: 1 parameter]
* Battle Outcome ID: -1

[Store Character Positions]

[Assign Character Position & Rotation: 7 parameters]
* Character Index: 0
* Position (X): 0.0
* Position (Y): -30.0
* Position (Z): -50.0
* Rotation (X): 0.0
* Rotation (Y): 0.0
* Rotation (Z): 0.0

[Assign Character Position & Rotation: 7 parameters]
* Character Index: 0 (Opp.)
* Position (X): 0.0
* Position (Y): -30.0
* Position (Z): 50.0
* Rotation (X): 0.0
* Rotation (Y): -180.0
* Rotation (Z): 0.0

[Assign Animation: 2 parameters]
* Character Index: 0
* ANM Name: FLY
-> Enable ANM Loop

[Assign Animation: 2 parameters]
* Character Index: 0 (Opp.)
* ANM Name: FLY
-> Enable ANM Loop

[Primary Camera Point: 6 parameters]
* Position (X): -8.79
* Position (Y): -40.417
* Position (Z): -26.327
* Rotation (Y): 6.429
* Rotation (X): 151.16
* Rotation (Z): 0.0

[Secondary Camera Point]
-> Additional Camera Point: 7 parameters
* Time (s): 1.0
* Position (X): -1.282
* Position (Y): -42.596
* Position (Z): -41.301
* Rotation (Y): 9.29
* Rotation (X): 156.653
* Rotation (Z): 0.0
-> Wait until End of Camera

[Store VFX Switches]

[Store Conditional Properties]
-> Scene Link: 2 parameters
* Condition: Lose 4 Health Bars
* Scene ID: 10005
-> Scene Link: 2 parameters
* Condition: Win via K.O.
* Scene ID: 10030
-> Scene Link: 2 parameters
* Condition: Win via K.O. (Opp.)
* Scene ID: 10005
-> Audio Link: 2 parameters
* Condition: Perform Teleport (Opp.)
* Voice Line ID: 28
-> Audio Link: 2 parameters
* Condition: Perform Ultimate Blast (Opp.)
* Voice Line ID: 29
-> Audio Link: 2 parameters
* Condition: Hit with Ultimate Blast
* Voice Line ID: 30
-> Audio Link: 2 parameters
* Condition: Perform Dragon Smash (Opp.)
* Voice Line ID: 36
-> Audio Link: 2 parameters
* Condition: Hit with 1st Blast 2
* Voice Line ID: 37
-> Audio Link: 2 parameters
* Condition: Hit with 1st Blast 2 (Opp.)
* Voice Line ID: 160
-> Audio Link: 2 parameters
* Condition: Perform Dragon Homing (Opp.)
* Voice Line ID: 113
-> Audio Link: 2 parameters
* Condition: Perform Vanishing Attack (Opp.)
* Voice Line ID: 118
-> Audio Link: 2 parameters
* Condition: Hit with 2nd Blast 2 (Opp.)
* Voice Line ID: 161
-> Audio Link: 2 parameters
* Condition: Fall into ground/water
* Voice Line ID: 120
-> Audio Link: 2 parameters
* Condition: Perform Teleport (Opp.)
* Voice Line ID: 127
-> Audio Link: 2 parameters
* Condition: Perform Z-Counter
* Voice Line ID: 133
-> Audio Link: 2 parameters
* Condition: Perform Sonic Sway (Opp.)
* Voice Line ID: 134
-> Audio Link: 2 parameters
* Condition: Perform Rush Attack (Opp.)
* Voice Line ID: 135
-> Audio Link: 2 parameters
* Condition: Lose 3 Health Bars (Opp.)
* Voice Line ID: 136
-> Audio Link: 2 parameters
* Condition: Lose 4 Health Bars (Opp.)
* Voice Line ID: 137
-> Audio Link: 2 parameters
* Condition: Perform Teleport (Opp.)
* Voice Line ID: 138
-> Audio Link: 2 parameters
* Condition: Fall into ground/water (Opp.)
* Voice Line ID: 139
-> Audio Link: 2 parameters
* Condition: Perform Throw (Opp.)
* Voice Line ID: 140
-> Audio Link: 2 parameters
* Condition: Hit with 2nd Blast 2
* Voice Line ID: 141
-> Audio Link: 2 parameters
* Condition: Perform Hyper Smash
* Voice Line ID: 142
-> Audio Link: 2 parameters
* Condition: Go in MAX POWER Mode (Opp.)
* Voice Line ID: 143
-> Audio Link: 2 parameters
* Condition: Lose 2 Health Bars
* Voice Line ID: 159
-> Audio Link: 2 parameters
* Condition: Perform Z-Counter (Opp.)
* Voice Line ID: 145
-> Audio Link: 2 parameters
* Condition: Perform Rush Attack (Opp.)
* Voice Line ID: 146
-> Audio Link: 2 parameters
* Condition: Perform Fully Charged Left Smash Attack (Opp.)
* Voice Line ID: 147
-> Audio Link: 2 parameters
* Condition: UNKNOWN
* Voice Line ID: 148
-> Audio Link: 2 parameters
* Condition: Perform Fully Charged Up Smash Attack (Opp.)
* Voice Line ID: 149
-> Audio Link: 2 parameters
* Condition: Perform Fully Charged Left Smash Attack
* Voice Line ID: 157

[Store Player's Character Changes]

[Store Opponent's Character Changes]

[Post-Cutscene Event: 2 parameters]
* Event ID: Trigger 2nd Blast 2
* Character ID: N/A

[Scene End & Battle Start]

===== SCENE 10007 =====

[Scene Start]

[Battle End: 1 parameter]
* Battle Outcome ID: -1

[Store Character Positions]

[Assign Character Position & Rotation: 7 parameters]
* Character Index: 0
* Position (X): 0.0
* Position (Y): -30.0
* Position (Z): -50.0
* Rotation (X): 0.0
* Rotation (Y): 0.0
* Rotation (Z): 0.0

[Assign Character Position & Rotation: 7 parameters]
* Character Index: 0 (Opp.)
* Position (X): 0.0
* Position (Y): -30.0
* Position (Z): 50.0
* Rotation (X): 0.0
* Rotation (Y): -180.0
* Rotation (Z): 0.0

[Assign Animation: 2 parameters]
* Character Index: 0
* ANM Name: FLY
-> Enable ANM Loop

[Assign Animation: 2 parameters]
* Character Index: 0 (Opp.)
* ANM Name: FLY
-> Enable ANM Loop

[Primary Camera Point: 6 parameters]
* Position (X): -0.586
* Position (Y): -50.473
* Position (Z): 28.406
* Rotation (Y): -14.493
* Rotation (X): 0.16
* Rotation (Z): 0.0

[Secondary Camera Point]
-> Additional Camera Point: 7 parameters
* Time (s): 1.0
* Position (X): -0.558
* Position (Y): -47.422
* Position (Z): 38.526
* Rotation (Y): 0.108
* Rotation (X): 0.16
* Rotation (Z): 0.0
-> Wait until End of Camera

[Store VFX Switches]

[Store Conditional Properties]
-> Scene Link: 2 parameters
* Condition: Lose 4 Health Bars
* Scene ID: 10008
-> Scene Link: 2 parameters
* Condition: Win via K.O.
* Scene ID: 10030
-> Scene Link: 2 parameters
* Condition: Win via K.O. (Opp.)
* Scene ID: 10008
-> Audio Link: 2 parameters
* Condition: Perform Teleport (Opp.)
* Voice Line ID: 28
-> Audio Link: 2 parameters
* Condition: Perform Ultimate Blast (Opp.)
* Voice Line ID: 29
-> Audio Link: 2 parameters
* Condition: Hit with Ultimate Blast
* Voice Line ID: 30
-> Audio Link: 2 parameters
* Condition: Perform Dragon Smash (Opp.)
* Voice Line ID: 36
-> Audio Link: 2 parameters
* Condition: Hit with 1st Blast 2
* Voice Line ID: 37
-> Audio Link: 2 parameters
* Condition: Perform Hyper Smash (Opp.)
* Voice Line ID: 160
-> Audio Link: 2 parameters
* Condition: Perform Dragon Homing (Opp.)
* Voice Line ID: 113
-> Audio Link: 2 parameters
* Condition: Perform Vanishing Attack (Opp.)
* Voice Line ID: 118
-> Audio Link: 2 parameters
* Condition: Hit with 2nd Blast 2 (Opp.)
* Voice Line ID: 161
-> Audio Link: 2 parameters
* Condition: Fall into ground/water
* Voice Line ID: 120
-> Audio Link: 2 parameters
* Condition: Perform Teleport (Opp.)
* Voice Line ID: 127
-> Audio Link: 2 parameters
* Condition: Perform Z-Counter
* Voice Line ID: 133
-> Audio Link: 2 parameters
* Condition: Perform Sonic Sway (Opp.)
* Voice Line ID: 134
-> Audio Link: 2 parameters
* Condition: Perform Rush Attack (Opp.)
* Voice Line ID: 135
-> Audio Link: 2 parameters
* Condition: Lose 4 Health Bars (Opp.)
* Voice Line ID: 137
-> Audio Link: 2 parameters
* Condition: Perform Teleport (Opp.)
* Voice Line ID: 138
-> Audio Link: 2 parameters
* Condition: Fall into ground/water (Opp.)
* Voice Line ID: 139
-> Audio Link: 2 parameters
* Condition: Perform Throw (Opp.)
* Voice Line ID: 140
-> Audio Link: 2 parameters
* Condition: Hit with 2nd Blast 2
* Voice Line ID: 141
-> Audio Link: 2 parameters
* Condition: Perform Hyper Smash
* Voice Line ID: 142
-> Audio Link: 2 parameters
* Condition: Go in MAX POWER Mode (Opp.)
* Voice Line ID: 143
-> Audio Link: 2 parameters
* Condition: Lose 2 Health Bars
* Voice Line ID: 159
-> Audio Link: 2 parameters
* Condition: Perform Z-Counter (Opp.)
* Voice Line ID: 145
-> Audio Link: 2 parameters
* Condition: Perform Rush Attack (Opp.)
* Voice Line ID: 146
-> Audio Link: 2 parameters
* Condition: Perform Fully Charged Left Smash Attack (Opp.)
* Voice Line ID: 147
-> Audio Link: 2 parameters
* Condition: UNKNOWN
* Voice Line ID: 148
-> Audio Link: 2 parameters
* Condition: Perform Fully Charged Up Smash Attack (Opp.)
* Voice Line ID: 149
-> Audio Link: 2 parameters
* Condition: Perform Fully Charged Left Smash Attack
* Voice Line ID: 157

[Store Player's Character Changes]

[Store Opponent's Character Changes]

[Post-Cutscene Event: 2 parameters]
* Event ID: Trigger 1st Blast 2 (Opp.)
* Character ID: N/A

[Scene End & Battle Start]

===== SCENE 10005 =====

[Scene Start]

[Battle End: 1 parameter]
* Battle Outcome ID: -1

[Store Character Positions]

[Trigger Fade-Out: 1 parameter]
* Time (s): 1.2

[Assign Character Position & Rotation: 7 parameters]
* Character Index: 0
* Position (X): 0.0
* Position (Y): -45.0
* Position (Z): -40.2
* Rotation (X): 0.0
* Rotation (Y): 0.0
* Rotation (Z): 0.0

[Assign Character Position & Rotation: 7 parameters]
* Character Index: 0 (Opp.)
* Position (X): 0.0
* Position (Y): -65.0
* Position (Z): 40.2
* Rotation (X): 0.0
* Rotation (Y): -180.0
* Rotation (Z): 0.0

[Assign Animation: 2 parameters]
* Character Index: 0
* ANM Name: FLY_TIRED
-> Enable ANM Loop

[Assign Animation: 2 parameters]
* Character Index: 0 (Opp.)
* ANM Name: FLY
-> Enable ANM Loop

[Primary Camera Point: 6 parameters]
* Position (X): 8.381
* Position (Y): -62.787
* Position (Z): -13.6
* Rotation (Y): -16.438
* Rotation (X): -164.675
* Rotation (Z): 0.0

[Secondary Camera Point]
-> Additional Camera Point: 7 parameters
* Time (s): 7.0
* Position (X): 9.256
* Position (Y): -99.938
* Position (Z): 52.145
* Rotation (Y): -43.999
* Rotation (X): -161.185
* Rotation (Z): 0.0

[Play Character Voice Line: 2 parameters]
* Character Index: 0 (Opp.)
* Voice Line ID: 31
-> Wait until End of Voice Line

[Assign Animation: 2 parameters]
* Character Index: 0
* ANM Name: STAND_LOOP
-> Enable ANM Loop

[Primary Camera Point: 6 parameters]
* Position (X): 0.978
* Position (Y): -46.735
* Position (Z): -18.617
* Rotation (Y): 34.467
* Rotation (X): -177.044
* Rotation (Z): 0.0

[Wait for Period of Time: 1 parameter]
* Time (s): 1.0

[Secondary Camera Point]
-> Additional Camera Point: 7 parameters
* Time (s): 1.0
* Position (X): 0.3
* Position (Y): -55.753
* Position (Z): -31.738
* Rotation (Y): 34.467
* Rotation (X): -177.044
* Rotation (Z): 0.0

[Play Character Voice Line: 2 parameters]
* Character Index: 0
* Voice Line ID: 38
-> Wait until End of Voice Line

[Primary Camera Point: 6 parameters]
* Position (X): -7.897
* Position (Y): -63.399
* Position (Z): -28.392
* Rotation (Y): -18.893
* Rotation (X): 145.947
* Rotation (Z): 0.0

[Play Character Voice Line: 2 parameters]
* Character Index: 0
* Voice Line ID: 39
-> Wait until End of Voice Line

[Primary Camera Point: 6 parameters]
* Position (X): -1.158
* Position (Y): -79.416
* Position (Z): 32.125
* Rotation (Y): 33.163
* Rotation (X): 11.214
* Rotation (Z): 0.0

[Play Character Voice Line: 2 parameters]
* Character Index: 0 (Opp.)
* Voice Line ID: 40
-> Wait until End of Voice Line

[Primary Camera Point: 6 parameters]
* Position (X): 9.289
* Position (Y): -56.217
* Position (Z): -53.133
* Rotation (Y): 13.924
* Rotation (X): -22.443
* Rotation (Z): 0.0

[Play Character Voice Line: 2 parameters]
* Character Index: 0
* Voice Line ID: 42
-> Wait until End of Voice Line

[Store VFX Switches]

[Store Conditional Properties]
-> Scene Link: 2 parameters
* Condition: Wait 40 seconds
* Scene ID: 10006
-> Scene Link: 2 parameters
* Condition: Win via K.O.
* Scene ID: 10031
-> Scene Link: 2 parameters
* Condition: Win via K.O. (Opp.)
* Scene ID: 10040
-> Audio Link: 2 parameters
* Condition: Immediate
* Voice Line ID: 43
-> Audio Link: 2 parameters
* Condition: Immediate
* Voice Line ID: 44
-> Audio Link: 2 parameters
* Condition: Immediate
* Voice Line ID: 47
-> Audio Link: 2 parameters
* Condition: Immediate
* Voice Line ID: 48
-> Audio Link: 2 parameters
* Condition: Immediate
* Voice Line ID: 49
-> Audio Link: 2 parameters
* Condition: Perform Dragon Smash
* Voice Line ID: 58
-> Audio Link: 2 parameters
* Condition: Perform 1st Blast 2
* Voice Line ID: 59
-> Audio Link: 2 parameters
* Condition: Fall into ground/water (Opp.)
* Voice Line ID: 60
-> Audio Link: 2 parameters
* Condition: Perform Dragon Smash (Opp.)
* Voice Line ID: 62
-> Audio Link: 2 parameters
* Condition: Go in MAX POWER Mode
* Voice Line ID: 63
-> Audio Link: 2 parameters
* Condition: Perform 1st Blast 2 (Opp.)
* Voice Line ID: 64
-> Audio Link: 2 parameters
* Condition: Perform 2nd Blast 2 (Opp.)
* Voice Line ID: 65
-> Audio Link: 2 parameters
* Condition: Perform Throw (Opp.)
* Voice Line ID: 66
-> Audio Link: 2 parameters
* Condition: UNKNOWN
* Voice Line ID: 67
-> Audio Link: 2 parameters
* Condition: Hit with Ultimate Blast (Opp.)
* Voice Line ID: 68
-> Audio Link: 2 parameters
* Condition: Perform Fully Charged Right Smash Attack (Opp.)
* Voice Line ID: 69
-> Audio Link: 2 parameters
* Condition: Perform Vanishing Attack
* Voice Line ID: 70
-> Audio Link: 2 parameters
* Condition: Perform Teleport
* Voice Line ID: 71
-> Audio Link: 2 parameters
* Condition: Lose 2 Health Bars
* Voice Line ID: 72
-> Audio Link: 2 parameters
* Condition: Perform Fully Charged Down Smash Attack (Opp.)
* Voice Line ID: 73
-> Audio Link: 2 parameters
* Condition: Block 1st Blast 2
* Voice Line ID: 75
-> Audio Link: 2 parameters
* Condition: Perform 1st Blast 1 (Opp.)
* Voice Line ID: 77

[Store Player's Character Changes]
-> Assign Properties to Character: 1 parameter
* Character Index: 1

[Store Opponent's Character Changes]
-> Add Health: 1 parameter
* Health (%): 100
-> Replace Z-Item #1: 1 parameter
* Z-Item #1: N/A
-> Replace Z-Item #2: 1 parameter
* Z-Item #2: N/A
-> Replace Z-Item #4: 1 parameter
* Z-Item #4: N/A
-> Replace Z-Item #5: 1 parameter
* Z-Item #5: N/A
-> Replace Z-Item #6: 1 parameter
* Z-Item #6: N/A
-> Replace Z-Item #7: 1 parameter
* Z-Item #7: N/A

[Post-Cutscene Event: 2 parameters]
* Event ID: Switch with Teammate #2
* Character ID: Gohan (Joven) - Super Saiyajin

[Scene End & Battle Start]

===== SCENE 10006 =====

[Scene Start]

[Battle End: 1 parameter]
* Battle Outcome ID: -1

[Store Character Positions]

[Trigger Fade-Out: 1 parameter]
* Time (s): 1.2

[Assign Character Position & Rotation: 7 parameters]
* Character Index: 1
* Position (X): 0.0
* Position (Y): -15.0
* Position (Z): -50.0
* Rotation (X): 0.0
* Rotation (Y): 0.0
* Rotation (Z): 0.0

[Assign Character Position & Rotation: 7 parameters]
* Character Index: 0 (Opp.)
* Position (X): 0.0
* Position (Y): -15.5
* Position (Z): 50.0
* Rotation (X): 0.0
* Rotation (Y): -180.0
* Rotation (Z): 0.0

[Assign Animation: 2 parameters]
* Character Index: 1
* ANM Name: FLY
-> Enable ANM Loop

[Assign Animation: 2 parameters]
* Character Index: 0 (Opp.)
* ANM Name: FLY
-> Enable ANM Loop

[Primary Camera Point: 6 parameters]
* Position (X): 12.401
* Position (Y): -17.06
* Position (Z): -37.982
* Rotation (Y): 28.429
* Rotation (X): -133.891
* Rotation (Z): 0.0

[Secondary Camera Point]
-> Additional Camera Point: 7 parameters
* Time (s): 7.0
* Position (X): 5.274
* Position (Y): -22.413
* Position (Z): -44.838
* Rotation (Y): 28.429
* Rotation (X): -133.891
* Rotation (Z): 0.0

[Music Change: 1 parameter]
* Music: SButouden3 - Goku Theme
-> PROPERTY 119

[Play Character Voice Line: 2 parameters]
* Character Index: 1
* Voice Line ID: 78
-> Wait until End of Voice Line

[Primary Camera Point: 6 parameters]
* Position (X): -0.156
* Position (Y): -28.081
* Position (Z): -36.744
* Rotation (Y): -12.085
* Rotation (X): 177.119
* Rotation (Z): 0.0

[Secondary Camera Point]
-> Additional Camera Point: 7 parameters
* Time (s): 8.0
* Position (X): 0.136
* Position (Y): -26.879
* Position (Z): -42.542
* Rotation (Y): -10.769
* Rotation (X): 177.119
* Rotation (Z): 0.0

[Play Character Voice Line: 2 parameters]
* Character Index: 1
* Voice Line ID: 79
-> Wait until End of Voice Line

[Play Character Voice Line: 2 parameters]
* Character Index: 1
* Voice Line ID: 80
-> Wait until End of Voice Line

[Primary Camera Point: 6 parameters]
* Position (X): 0.84
* Position (Y): -18.294
* Position (Z): -38.839
* Rotation (Y): 35.654
* Rotation (X): -174.994
* Rotation (Z): 0.0

[Play Character Voice Line: 2 parameters]
* Character Index: 1
* Voice Line ID: 81
-> Wait until End of Voice Line

[Primary Camera Point: 6 parameters]
* Position (X): -2.162
* Position (Y): -32.306
* Position (Z): 45.598
* Rotation (Y): 24.543
* Rotation (X): 34.972
* Rotation (Z): 0.0

[Wait for Period of Time: 1 parameter]
* Time (s): 1.0

[Secondary Camera Point]
-> Additional Camera Point: 7 parameters
* Time (s): 5.0
* Position (X): -6.626
* Position (Y): -28.75
* Position (Z): 39.216
* Rotation (Y): 24.543
* Rotation (X): 34.972
* Rotation (Z): 0.0

[Play Character Voice Line: 2 parameters]
* Character Index: 0 (Opp.)
* Voice Line ID: 84
-> Wait until End of Voice Line

[Primary Camera Point: 6 parameters]
* Position (X): 0.577
* Position (Y): -26.705
* Position (Z): 39.333
* Rotation (Y): 34.754
* Rotation (X): -4.846
* Rotation (Z): 0.0

[Secondary Camera Point]
-> Additional Camera Point: 7 parameters
* Time (s): 3.0
* Position (X): 0.28
* Position (Y): -31.459
* Position (Z): 42.832
* Rotation (Y): 34.406
* Rotation (X): -4.846
* Rotation (Z): 0.0

[Play Character Voice Line: 2 parameters]
* Character Index: 0 (Opp.)
* Voice Line ID: 85
-> Wait until End of Voice Line

[Store VFX Switches]

[Store Conditional Properties]
-> Scene Link: 2 parameters
* Condition: Win via K.O.
* Scene ID: 10032
-> Scene Link: 2 parameters
* Condition: Win via K.O. (Opp.)
* Scene ID: 10040
-> Audio Link: 2 parameters
* Condition: Immediate
* Voice Line ID: 86
-> Audio Link: 2 parameters
* Condition: Fall into ground/water (Opp.)
* Voice Line ID: 87
-> Audio Link: 2 parameters
* Condition: Perform Throw (Opp.)
* Voice Line ID: 88
-> Audio Link: 2 parameters
* Condition: Lose 2 Health Bars
* Voice Line ID: 89
-> Audio Link: 2 parameters
* Condition: Perform 1st Blast 2 (Opp.)
* Voice Line ID: 91
-> Audio Link: 2 parameters
* Condition: Hit with 2nd Blast 2 (Opp.)
* Voice Line ID: 92
-> Audio Link: 2 parameters
* Condition: Perform Fully Charged Right Smash Attack (Opp.)
* Voice Line ID: 93
-> Audio Link: 2 parameters
* Condition: Perform Fully Charged Up Smash Attack (Opp.)
* Voice Line ID: 95
-> Audio Link: 2 parameters
* Condition: Perform Fully Charged Down Smash Attack (Opp.)
* Voice Line ID: 124
-> Audio Link: 2 parameters
* Condition: Perform 1st Blast 2
* Voice Line ID: 130
-> Audio Link: 2 parameters
* Condition: Perform Rush Attack (Opp.)
* Voice Line ID: 152
-> Audio Link: 2 parameters
* Condition: Fall into ground/water
* Voice Line ID: 153
-> Audio Link: 2 parameters
* Condition: Perform Dragon Homing
* Voice Line ID: 157
-> Audio Link: 2 parameters
* Condition: Go in MAX POWER Mode (Opp.)
* Voice Line ID: 159
-> Audio Link: 2 parameters
* Condition: Perform Throw (Opp.)
* Voice Line ID: 161
-> Audio Link: 2 parameters
* Condition: Perform Dragon Homing (Opp.)
* Voice Line ID: 191
-> Audio Link: 2 parameters
* Condition: Perform Z-Counter (Opp.)
* Voice Line ID: 195
-> Audio Link: 2 parameters
* Condition: Perform Fully Charged Left Smash Attack (Opp.)
* Voice Line ID: 196
-> Audio Link: 2 parameters
* Condition: Perform Vanishing Attack (Opp.)
* Voice Line ID: 185

[Store Player's Character Changes]

[Store Opponent's Character Changes]
-> PROPERTY 108: 1 parameter
* Parameter 0: 9

[Post-Cutscene Event: 2 parameters]
* Event ID: Battle Finish
* Character ID: N/A

[Scene End & Battle Start]

===== SCENE 10008 =====

[Scene Start]

[Battle End: 1 parameter]
* Battle Outcome ID: -1

[Store Character Positions]

[Trigger Fade-Out: 1 parameter]
* Time (s): 1.2

[Assign Character Position & Rotation: 7 parameters]
* Character Index: 0
* Position (X): 0.0
* Position (Y): -45.0
* Position (Z): -40.2
* Rotation (X): 0.0
* Rotation (Y): 0.0
* Rotation (Z): 0.0

[Assign Character Position & Rotation: 7 parameters]
* Character Index: 0 (Opp.)
* Position (X): 0.0
* Position (Y): -65.0
* Position (Z): 40.2
* Rotation (X): 0.0
* Rotation (Y): -180.0
* Rotation (Z): 0.0

[Assign Animation: 2 parameters]
* Character Index: 0
* ANM Name: FLY_TIRED
-> Enable ANM Loop

[Assign Animation: 2 parameters]
* Character Index: 0 (Opp.)
* ANM Name: FLY
-> Enable ANM Loop

[Primary Camera Point: 6 parameters]
* Position (X): 8.381
* Position (Y): -62.787
* Position (Z): -13.6
* Rotation (Y): -16.438
* Rotation (X): -164.675
* Rotation (Z): 0.0

[Secondary Camera Point]
-> Additional Camera Point: 7 parameters
* Time (s): 7.0
* Position (X): 9.256
* Position (Y): -99.938
* Position (Z): 52.145
* Rotation (Y): -43.999
* Rotation (X): -161.185
* Rotation (Z): 0.0

[Play Character Voice Line: 2 parameters]
* Character Index: 0 (Opp.)
* Voice Line ID: 31
-> Wait until End of Voice Line

[Assign Animation: 2 parameters]
* Character Index: 0
* ANM Name: STAND_LOOP
-> Enable ANM Loop

[Primary Camera Point: 6 parameters]
* Position (X): 0.978
* Position (Y): -46.735
* Position (Z): -18.617
* Rotation (Y): 34.467
* Rotation (X): -177.044
* Rotation (Z): 0.0

[Wait for Period of Time: 1 parameter]
* Time (s): 1.0

[Secondary Camera Point]
-> Additional Camera Point: 7 parameters
* Time (s): 1.0
* Position (X): 0.3
* Position (Y): -55.753
* Position (Z): -31.738
* Rotation (Y): 34.467
* Rotation (X): -177.044
* Rotation (Z): 0.0

[Play Character Voice Line: 2 parameters]
* Character Index: 0
* Voice Line ID: 38
-> Wait until End of Voice Line

[Primary Camera Point: 6 parameters]
* Position (X): -7.897
* Position (Y): -63.399
* Position (Z): -28.392
* Rotation (Y): -18.893
* Rotation (X): 145.947
* Rotation (Z): 0.0

[Play Character Voice Line: 2 parameters]
* Character Index: 0
* Voice Line ID: 39
-> Wait until End of Voice Line

[Primary Camera Point: 6 parameters]
* Position (X): -1.158
* Position (Y): -79.416
* Position (Z): 32.125
* Rotation (Y): 33.163
* Rotation (X): 11.214
* Rotation (Z): 0.0

[Play Character Voice Line: 2 parameters]
* Character Index: 0 (Opp.)
* Voice Line ID: 40
-> Wait until End of Voice Line

[Primary Camera Point: 6 parameters]
* Position (X): 9.289
* Position (Y): -56.217
* Position (Z): -53.133
* Rotation (Y): 13.924
* Rotation (X): -22.443
* Rotation (Z): 0.0

[Play Character Voice Line: 2 parameters]
* Character Index: 0
* Voice Line ID: 42
-> Wait until End of Voice Line

[Store VFX Switches]

[Store Conditional Properties]
-> Scene Link: 2 parameters
* Condition: Win via K.O.
* Scene ID: 10033
-> Scene Link: 2 parameters
* Condition: Win via K.O. (Opp.)
* Scene ID: 10009
-> Audio Link: 2 parameters
* Condition: Immediate
* Voice Line ID: 99
-> Audio Link: 2 parameters
* Condition: Immediate
* Voice Line ID: 100
-> Audio Link: 2 parameters
* Condition: Immediate
* Voice Line ID: 101
-> Audio Link: 2 parameters
* Condition: Perform 2nd Blast 2
* Voice Line ID: 102
-> Audio Link: 2 parameters
* Condition: Hit with 1st Blast 2
* Voice Line ID: 103
-> Audio Link: 2 parameters
* Condition: Perform Fully Charged Neutral Smash Attack (Opp.)
* Voice Line ID: 104
-> Audio Link: 2 parameters
* Condition: Fall into ground/water
* Voice Line ID: 162
-> Audio Link: 2 parameters
* Condition: Hit with 1st Blast 2
* Voice Line ID: 163
-> Audio Link: 2 parameters
* Condition: Hit with 2nd Blast 2
* Voice Line ID: 164
-> Audio Link: 2 parameters
* Condition: Wait 30 seconds
* Voice Line ID: 172
-> Audio Link: 2 parameters
* Condition: Fall into ground/water
* Voice Line ID: 173
-> Audio Link: 2 parameters
* Condition: Perform Dragon Homing
* Voice Line ID: 174
-> Audio Link: 2 parameters
* Condition: Hit with 1st Blast 2 (Opp.)
* Voice Line ID: 175
-> Audio Link: 2 parameters
* Condition: Perform Vanishing Attack
* Voice Line ID: 174
-> Audio Link: 2 parameters
* Condition: Hit with 2nd Blast 2 (Opp.)
* Voice Line ID: 178

[Store Player's Character Changes]
-> Assign Properties to Character: 1 parameter
* Character Index: 2

[Store Opponent's Character Changes]

[Post-Cutscene Event: 2 parameters]
* Event ID: Switch with Teammate #3
* Character ID: Mr. Satan

[Scene End & Battle Start]

===== SCENE 10009 =====

[Scene Start]

[Battle End: 1 parameter]
* Battle Outcome ID: -1

[Store Character Positions]

[Assign Character Position & Rotation: 7 parameters]
* Character Index: 2
* Position (X): 0.0
* Position (Y): -15.0
* Position (Z): -50.0
* Rotation (X): 0.0
* Rotation (Y): 0.0
* Rotation (Z): 0.0

[Assign Character Position & Rotation: 7 parameters]
* Character Index: 0 (Opp.)
* Position (X): 0.0
* Position (Y): -15.0
* Position (Z): 50.0
* Rotation (X): 0.0
* Rotation (Y): -180.0
* Rotation (Z): 0.0

[Primary Camera Point: 6 parameters]
* Position (X): -19.564
* Position (Y): -36.842
* Position (Z): -54.445
* Rotation (Y): -16.877
* Rotation (X): 31.542
* Rotation (Z): 0.0

[Secondary Camera Point]
-> Additional Camera Point: 7 parameters
* Time (s): 5.0
* Position (X): -39.902
* Position (Y): -48.636
* Position (Z): -87.579
* Rotation (Y): -16.877
* Rotation (X): 31.542
* Rotation (Z): 0.0

[Assign Animation: 2 parameters]
* Character Index: 2
* ANM Name: LOSE

[Assign Animation: 2 parameters]
* Character Index: 0 (Opp.)
* ANM Name: GROUND
-> Enable ANM Loop

[Store VFX Switches]

[Store Conditional Properties]
-> Scene Link: 2 parameters
* Condition: Wait 40 seconds
* Scene ID: 10006
-> Scene Link: 2 parameters
* Condition: Win via K.O.
* Scene ID: 10031
-> Scene Link: 2 parameters
* Condition: Win via K.O. (Opp.)
* Scene ID: 10040
-> Audio Link: 2 parameters
* Condition: Immediate
* Voice Line ID: 43
-> Audio Link: 2 parameters
* Condition: Immediate
* Voice Line ID: 44
-> Audio Link: 2 parameters
* Condition: Immediate
* Voice Line ID: 47
-> Audio Link: 2 parameters
* Condition: Immediate
* Voice Line ID: 48
-> Audio Link: 2 parameters
* Condition: Immediate
* Voice Line ID: 49
-> Audio Link: 2 parameters
* Condition: Perform Dragon Smash
* Voice Line ID: 58
-> Audio Link: 2 parameters
* Condition: Perform 1st Blast 2
* Voice Line ID: 59
-> Audio Link: 2 parameters
* Condition: Fall into ground/water (Opp.)
* Voice Line ID: 60
-> Audio Link: 2 parameters
* Condition: Perform Dragon Smash (Opp.)
* Voice Line ID: 62
-> Audio Link: 2 parameters
* Condition: Go in MAX POWER Mode
* Voice Line ID: 63
-> Audio Link: 2 parameters
* Condition: Perform 1st Blast 2 (Opp.)
* Voice Line ID: 64
-> Audio Link: 2 parameters
* Condition: Perform 2nd Blast 2 (Opp.)
* Voice Line ID: 65
-> Audio Link: 2 parameters
* Condition: Lose 3 Health Bars
* Voice Line ID: 66
-> Audio Link: 2 parameters
* Condition: UNKNOWN
* Voice Line ID: 67
-> Audio Link: 2 parameters
* Condition: Hit with Ultimate Blast (Opp.)
* Voice Line ID: 68
-> Audio Link: 2 parameters
* Condition: Perform Fully Charged Right Smash Attack (Opp.)
* Voice Line ID: 69
-> Audio Link: 2 parameters
* Condition: Perform Vanishing Attack
* Voice Line ID: 70
-> Audio Link: 2 parameters
* Condition: Perform Teleport
* Voice Line ID: 71
-> Audio Link: 2 parameters
* Condition: Lose 2 Health Bars
* Voice Line ID: 72
-> Audio Link: 2 parameters
* Condition: Perform Fully Charged Down Smash Attack (Opp.)
* Voice Line ID: 73
-> Audio Link: 2 parameters
* Condition: Block 1st Blast 2
* Voice Line ID: 75
-> Audio Link: 2 parameters
* Condition: Perform 1st Blast 1 (Opp.)
* Voice Line ID: 77

[Store Player's Character Changes]
-> Assign Properties to Character: 1 parameter
* Character Index: 1

[Store Opponent's Character Changes]
-> Add Health: 1 parameter
* Health (%): 100
-> Replace Z-Item #1: 1 parameter
* Z-Item #1: N/A
-> Replace Z-Item #2: 1 parameter
* Z-Item #2: N/A
-> Replace Z-Item #4: 1 parameter
* Z-Item #4: N/A
-> Replace Z-Item #5: 1 parameter
* Z-Item #5: N/A
-> Replace Z-Item #6: 1 parameter
* Z-Item #6: N/A
-> Replace Z-Item #7: 1 parameter
* Z-Item #7: N/A

[Post-Cutscene Event: 2 parameters]
* Event ID: Switch with Teammate #2
* Character ID: Gohan (Joven) - Super Saiyajin

[Scene End & Battle Start]

===== SCENE 10030 =====

[Scene Start]

[Battle End: 1 parameter]
* Battle Outcome ID: 1

[Store Character Positions]

[Assign Character Position & Rotation: 7 parameters]
* Character Index: 0
* Position (X): 0.0
* Position (Y): -30.0
* Position (Z): -50.0
* Rotation (X): 0.0
* Rotation (Y): 0.0
* Rotation (Z): 0.0

[Assign Character Position & Rotation: 7 parameters]
* Character Index: 0 (Opp.)
* Position (X): 0.0
* Position (Y): -30.0
* Position (Z): 50.0
* Rotation (X): 0.0
* Rotation (Y): -180.0
* Rotation (Z): 0.0

[Assign Animation: 2 parameters]
* Character Index: 0
* ANM Name: FLY
-> Enable ANM Loop

[Assign Animation: 2 parameters]
* Character Index: 0 (Opp.)
* ANM Name: FLY_TIRED
-> Enable ANM Loop

[Disable Lingering Aura: 1 parameter]
* Character Index: 0

[Disable Lingering Aura: 1 parameter]
* Character Index: 0 (Opp.)

[Primary Camera Point: 6 parameters]
* Position (X): -9.968
* Position (Y): -35.924
* Position (Z): -69.723
* Rotation (Y): 2.867
* Rotation (X): 6.08
* Rotation (Z): 0.0

[Secondary Camera Point]
-> Additional Camera Point: 7 parameters
* Time (s): 6.0
* Position (X): -2.433
* Position (Y): -37.419
* Position (Z): 27.6
* Rotation (Y): 15.198
* Rotation (X): 6.331
* Rotation (Z): 0.0

[Play Character Voice Line: 2 parameters]
* Character Index: 0
* Voice Line ID: 37
-> Wait until End of Voice Line

[Store VFX Switches]

[Store Conditional Properties]

[Store Player's Character Changes]

[Store Opponent's Character Changes]

[Post-Cutscene Event: 2 parameters]
* Event ID: Aerial Clash
* Character ID: N/A

[Scene End & Battle Start]

===== SCENE 10031 =====

[Scene Start]

[Battle End: 1 parameter]
* Battle Outcome ID: 1

[Store Character Positions]

[Assign Character Position & Rotation: 7 parameters]
* Character Index: 1
* Position (X): 0.0
* Position (Y): -30.0
* Position (Z): -50.0
* Rotation (X): 0.0
* Rotation (Y): 0.0
* Rotation (Z): 0.0

[Assign Character Position & Rotation: 7 parameters]
* Character Index: 0 (Opp.)
* Position (X): 0.0
* Position (Y): -30.0
* Position (Z): 50.0
* Rotation (X): 0.0
* Rotation (Y): -180.0
* Rotation (Z): 0.0

[Assign Animation: 2 parameters]
* Character Index: 1
* ANM Name: FLY
-> Enable ANM Loop

[Assign Animation: 2 parameters]
* Character Index: 0 (Opp.)
* ANM Name: FLY_TIRED
-> Enable ANM Loop

[Disable Lingering Aura: 1 parameter]
* Character Index: 1

[Disable Lingering Aura: 1 parameter]
* Character Index: 0 (Opp.)

[Primary Camera Point: 6 parameters]
* Position (X): -7.784
* Position (Y): -49.793
* Position (Z): -70.435
* Rotation (Y): -27.135
* Rotation (X): 3.216
* Rotation (Z): 0.0

[Secondary Camera Point]
-> Additional Camera Point: 7 parameters
* Time (s): 5.0
* Position (X): -2.596
* Position (Y): -28.798
* Position (Z): 21.885
* Rotation (Y): 18.332
* Rotation (X): 3.216
* Rotation (Z): 0.0

[Play Character Voice Line: 2 parameters]
* Character Index: 0 (Opp.)
* Voice Line ID: 158
-> Wait until End of Voice Line

[Primary Camera Point: 6 parameters]
* Position (X): -0.205
* Position (Y): -40.066
* Position (Z): -38.232
* Rotation (Y): 0.994
* Rotation (X): 177.897
* Rotation (Z): 0.0

[Play Character Voice Line: 2 parameters]
* Character Index: 1
* Voice Line ID: 131
-> Wait until End of Voice Line

[Store VFX Switches]

[Store Conditional Properties]

[Store Player's Character Changes]

[Store Opponent's Character Changes]

[Post-Cutscene Event: 2 parameters]
* Event ID: Aerial Clash
* Character ID: N/A

[Scene End & Battle Start]

===== SCENE 10032 =====

[Scene Start]

[Battle End: 1 parameter]
* Battle Outcome ID: 1

[Store Character Positions]

[Assign Character Position & Rotation: 7 parameters]
* Character Index: 1
* Position (X): 0.0
* Position (Y): -30.0
* Position (Z): -50.0
* Rotation (X): 0.0
* Rotation (Y): 0.0
* Rotation (Z): 0.0

[Assign Character Position & Rotation: 7 parameters]
* Character Index: 0 (Opp.)
* Position (X): 0.0
* Position (Y): -30.0
* Position (Z): 50.0
* Rotation (X): 0.0
* Rotation (Y): -180.0
* Rotation (Z): 0.0

[Assign Animation: 2 parameters]
* Character Index: 1
* ANM Name: FLY
-> Enable ANM Loop

[Assign Animation: 2 parameters]
* Character Index: 0 (Opp.)
* ANM Name: FLY_TIRED
-> Enable ANM Loop

[Disable Lingering Aura: 1 parameter]
* Character Index: 1

[Disable Lingering Aura: 1 parameter]
* Character Index: 0 (Opp.)

[Primary Camera Point: 6 parameters]
* Position (X): -7.784
* Position (Y): -49.793
* Position (Z): -70.435
* Rotation (Y): -27.135
* Rotation (X): 3.216
* Rotation (Z): 0.0

[Secondary Camera Point]
-> Additional Camera Point: 7 parameters
* Time (s): 7.0
* Position (X): -2.596
* Position (Y): -28.798
* Position (Z): 21.885
* Rotation (Y): 18.332
* Rotation (X): 3.216
* Rotation (Z): 0.0

[Play Character Voice Line: 2 parameters]
* Character Index: 0 (Opp.)
* Voice Line ID: 96
-> Wait until End of Voice Line

[Primary Camera Point: 6 parameters]
* Position (X): 1.774
* Position (Y): -48.585
* Position (Z): 40.094
* Rotation (Y): -21.264
* Rotation (X): -24.956
* Rotation (Z): 0.0

[Play Character Voice Line: 2 parameters]
* Character Index: 0 (Opp.)
* Voice Line ID: 97
-> Wait until End of Voice Line

[Primary Camera Point: 6 parameters]
* Position (X): -0.205
* Position (Y): -40.066
* Position (Z): -38.232
* Rotation (Y): 0.994
* Rotation (X): 177.897
* Rotation (Z): 0.0

[Play Character Voice Line: 2 parameters]
* Character Index: 1
* Voice Line ID: 98
-> Wait until End of Voice Line

[Store VFX Switches]

[Store Conditional Properties]

[Store Player's Character Changes]

[Store Opponent's Character Changes]

[Post-Cutscene Event: 2 parameters]
* Event ID: Aerial Clash
* Character ID: N/A

[Scene End & Battle Start]

===== SCENE 10033 =====

[Scene Start]

[Battle End: 1 parameter]
* Battle Outcome ID: 1

[Store Character Positions]

[Assign Character Position & Rotation: 7 parameters]
* Character Index: 2
* Position (X): 0.0
* Position (Y): -15.0
* Position (Z): -60.0
* Rotation (X): 0.0
* Rotation (Y): 0.0
* Rotation (Z): 0.0

[Assign Character Position & Rotation: 7 parameters]
* Character Index: 0 (Opp.)
* Position (X): 0.0
* Position (Y): -15.5
* Position (Z): 60.0
* Rotation (X): 0.0
* Rotation (Y): -180.0
* Rotation (Z): 0.0

[Assign Animation: 2 parameters]
* Character Index: 2
* ANM Name: FLY
-> Enable ANM Loop

[Assign Animation: 2 parameters]
* Character Index: 0 (Opp.)
* ANM Name: FLY_TIRED
-> Enable ANM Loop

[Disable Lingering Aura: 1 parameter]
* Character Index: 2

[Disable Lingering Aura: 1 parameter]
* Character Index: 0 (Opp.)

[Primary Camera Point: 6 parameters]
* Position (X): -11.029
* Position (Y): -24.67
* Position (Z): -84.61
* Rotation (Y): -4.324
* Rotation (X): 7.206
* Rotation (Z): 0.0

[Secondary Camera Point]
-> Additional Camera Point: 7 parameters
* Time (s): 5.0
* Position (X): -3.788
* Position (Y): -20.432
* Position (Z): 38.118
* Rotation (Y): 16.298
* Rotation (X): 5.874
* Rotation (Z): 0.0

[Play Character Voice Line: 2 parameters]
* Character Index: 0 (Opp.)
* Voice Line ID: 107
-> Wait until End of Voice Line

[Play Character Voice Line: 2 parameters]
* Character Index: 2
* Voice Line ID: 108
-> Wait until End of Voice Line

[Primary Camera Point: 6 parameters]
* Position (X): 7.207
* Position (Y): -17.333
* Position (Z): -41.659
* Rotation (Y): 19.923
* Rotation (X): -157.929
* Rotation (Z): 0.0

[Secondary Camera Point]
-> Additional Camera Point: 7 parameters
* Time (s): 5.0
* Position (X): 1.092
* Position (Y): -21.525
* Position (Z): -47.713
* Rotation (Y): 30.265
* Rotation (X): -175.535
* Rotation (Z): 0.0

[Play Character Voice Line: 2 parameters]
* Character Index: 32767
* Voice Line ID: 109
-> Wait until End of Voice Line

[Store VFX Switches]

[Store Conditional Properties]

[Store Player's Character Changes]

[Store Opponent's Character Changes]

[Post-Cutscene Event: 2 parameters]
* Event ID: Aerial Clash
* Character ID: N/A

[Scene End & Battle Start]

===== SCENE 10040 =====

[Scene Start]

[Battle End: 1 parameter]
* Battle Outcome ID: 0

[Store Character Positions]

[Assign Character Position & Rotation: 7 parameters]
* Character Index: 1
* Position (X): 0.0
* Position (Y): -30.0
* Position (Z): -50.0
* Rotation (X): 0.0
* Rotation (Y): 0.0
* Rotation (Z): 0.0

[Assign Character Position & Rotation: 7 parameters]
* Character Index: 0 (Opp.)
* Position (X): 0.0
* Position (Y): -30.0
* Position (Z): 50.0
* Rotation (X): 0.0
* Rotation (Y): -180.0
* Rotation (Z): 0.0

[Disable Lingering Aura: 1 parameter]
* Character Index: 1

[Disable Lingering Aura: 1 parameter]
* Character Index: 0 (Opp.)

[Assign Animation: 2 parameters]
* Character Index: 1
* ANM Name: FLY_TIRED
-> Enable ANM Loop

[Assign Animation: 2 parameters]
* Character Index: 0 (Opp.)
* ANM Name: FLY
-> Enable ANM Loop

[Primary Camera Point: 6 parameters]
* Position (X): 8.699
* Position (Y): -36.143
* Position (Z): -41.581
* Rotation (Y): -1.975
* Rotation (X): -112.652
* Rotation (Z): 0.0

[Play Character Voice Line: 2 parameters]
* Character Index: 1
* Voice Line ID: 132
-> Wait until End of Voice Line

[Primary Camera Point: 6 parameters]
* Position (X): 4.994
* Position (Y): -34.78
* Position (Z): -2.286
* Rotation (Y): -1.975
* Rotation (X): -7.132
* Rotation (Z): 0.0

[Secondary Camera Point]
-> Additional Camera Point: 7 parameters
* Time (s): 4.0
* Position (X): 0.858
* Position (Y): -44.87
* Position (Z): 40.609
* Rotation (Y): 32.787
* Rotation (X): -7.812
* Rotation (Z): 0.0

[Play Character Voice Line: 2 parameters]
* Character Index: 0 (Opp.)
* Voice Line ID: 161
-> Wait until End of Voice Line

[Store VFX Switches]

[Store Conditional Properties]

[Store Player's Character Changes]

[Store Opponent's Character Changes]

[Post-Cutscene Event: 2 parameters]
* Event ID: Aerial Clash
* Character ID: N/A

[Scene End & Battle Start]
