GSC Origin: Budokai Tenkaichi 3

===== SCENE -1 =====

===== SCENE 1000 =====

===== SCENE -2 =====

[Load TXT PAK]

[Load LPS PAK]

===== SCENE -3 =====

[Scenario Identifier: 1 parameter]
* GSC Name: Monstruo inmortal

[Rewards: 15 parameters]
* Z-Points (Easy): 1500
* Z-Points (Normal): 2000
* Z-Points (Hard): 2500
* Z-Item #1: N/A
* Z-Item #2: N/A
* Z-Item #3: N/A
* Map #1: N/A
* Map #2: N/A
* Map #3: N/A
* Character #1: Goku (GT) - Super Saiyan 3
* Character #2: Goku (GT) - Super Saiyan 4
* Character #3: Súper Androide 17
* Scenario #1: Invalid (Value: 327682)
* Scenario #2: N/A
* Scenario #3: N/A

[Subtitle Settings]
-> Text Region: 1 parameter
* Region ID: 0
-> Text is Grey: 1 parameter
* Enable Grey Text: False
-> Text Position: 2 parameters
* Position (X): 256
* Position (Y): 428
-> Text Size: 2 parameters
* Width: 0.85
* Height: 0.85
-> Text Scale: 1 parameter
* Coefficient: 1.0
-> Text Color: 4 parameters
* Red: 255
* Green: 255
* Blue: 255
* Opacity: 128
-> Text Padding: 2 parameters
* Padding (Vertical): 2
* Padding (Horizontal): 5
-> Text Alignment: 1 parameter
* Alignment ID: 1
-> Symbol: 1 parameter
* Type: 2
-> Text Outline Size: 2 parameters
* Width: 1
* Height: 2
-> Text Outline Color: 4 parameters
* Red: 0
* Green: 0
* Blue: 0
* Opacity: 64

[Subtitle Settings]
-> Text Region: 1 parameter
* Region ID: 1
-> Text is Grey: 1 parameter
* Enable Grey Text: False
-> Text Position: 2 parameters
* Position (X): 256
* Position (Y): 428
-> Text Size: 2 parameters
* Width: 0.85
* Height: 0.85
-> Text Scale: 1 parameter
* Coefficient: 1.0
-> Text Color: 4 parameters
* Red: 255
* Green: 255
* Blue: 255
* Opacity: 128
-> Text Padding: 2 parameters
* Padding (Vertical): 2
* Padding (Horizontal): 5
-> Text Alignment: 1 parameter
* Alignment ID: 1
-> Symbol: 1 parameter
* Type: 2
-> Text Outline Size: 2 parameters
* Width: 1
* Height: 2
-> Text Outline Color: 4 parameters
* Red: 0
* Green: 0
* Blue: 0
* Opacity: 64

[Subtitle Settings]
-> Text Region: 1 parameter
* Region ID: 2
-> Text is Grey: 1 parameter
* Enable Grey Text: False
-> Text Position: 2 parameters
* Position (X): 256
* Position (Y): 428
-> Text Size: 2 parameters
* Width: 0.85
* Height: 0.85
-> Text Scale: 1 parameter
* Coefficient: 1.0
-> Text Color: 4 parameters
* Red: 255
* Green: 255
* Blue: 255
* Opacity: 128
-> Text Padding: 2 parameters
* Padding (Vertical): 2
* Padding (Horizontal): 5
-> Text Alignment: 1 parameter
* Alignment ID: 1
-> Symbol: 1 parameter
* Type: 2
-> Text Outline Size: 2 parameters
* Width: 1
* Height: 2
-> Text Outline Color: 4 parameters
* Red: 0
* Green: 0
* Blue: 0
* Opacity: 64

[Subtitle Settings]
-> Text Region: 1 parameter
* Region ID: 3
-> Text is Grey: 1 parameter
* Enable Grey Text: False
-> Text Position: 2 parameters
* Position (X): 256
* Position (Y): 428
-> Text Size: 2 parameters
* Width: 0.85
* Height: 0.85
-> Text Scale: 1 parameter
* Coefficient: 1.0
-> Text Color: 4 parameters
* Red: 255
* Green: 255
* Blue: 255
* Opacity: 128
-> Text Padding: 2 parameters
* Padding (Vertical): 2
* Padding (Horizontal): 5
-> Text Alignment: 1 parameter
* Alignment ID: 1
-> Symbol: 1 parameter
* Type: 2
-> Text Outline Size: 2 parameters
* Width: 2
* Height: 2
-> Text Outline Color: 4 parameters
* Red: 32
* Green: 32
* Blue: 32
* Opacity: 128

[Subtitle Settings]
-> Text Region: 1 parameter
* Region ID: 0
-> Text is Grey: 1 parameter
* Enable Grey Text: True
-> Text Position: 2 parameters
* Position (X): 256
* Position (Y): 428
-> Text Size: 2 parameters
* Width: 0.85
* Height: 0.85
-> Text Scale: 1 parameter
* Coefficient: 1.0
-> Text Color: 4 parameters
* Red: 140
* Green: 140
* Blue: 140
* Opacity: 128
-> Text Padding: 2 parameters
* Padding (Vertical): 2
* Padding (Horizontal): 5
-> Text Alignment: 1 parameter
* Alignment ID: 1
-> Symbol: 1 parameter
* Type: 2
-> Text Outline Size: 2 parameters
* Width: 1
* Height: 2
-> Text Outline Color: 4 parameters
* Red: 0
* Green: 0
* Blue: 0
* Opacity: 64

[Subtitle Settings]
-> Text Region: 1 parameter
* Region ID: 1
-> Text is Grey: 1 parameter
* Enable Grey Text: True
-> Text Position: 2 parameters
* Position (X): 256
* Position (Y): 428
-> Text Size: 2 parameters
* Width: 0.85
* Height: 0.85
-> Text Scale: 1 parameter
* Coefficient: 1.0
-> Text Color: 4 parameters
* Red: 140
* Green: 140
* Blue: 140
* Opacity: 128
-> Text Padding: 2 parameters
* Padding (Vertical): 2
* Padding (Horizontal): 5
-> Text Alignment: 1 parameter
* Alignment ID: 1
-> Symbol: 1 parameter
* Type: 2
-> Text Outline Size: 2 parameters
* Width: 1
* Height: 2
-> Text Outline Color: 4 parameters
* Red: 0
* Green: 0
* Blue: 0
* Opacity: 64

[Subtitle Settings]
-> Text Region: 1 parameter
* Region ID: 2
-> Text is Grey: 1 parameter
* Enable Grey Text: True
-> Text Position: 2 parameters
* Position (X): 256
* Position (Y): 428
-> Text Size: 2 parameters
* Width: 0.85
* Height: 0.85
-> Text Scale: 1 parameter
* Coefficient: 1.0
-> Text Color: 4 parameters
* Red: 140
* Green: 140
* Blue: 140
* Opacity: 128
-> Text Padding: 2 parameters
* Padding (Vertical): 2
* Padding (Horizontal): 5
-> Text Alignment: 1 parameter
* Alignment ID: 1
-> Symbol: 1 parameter
* Type: 2
-> Text Outline Size: 2 parameters
* Width: 1
* Height: 2
-> Text Outline Color: 4 parameters
* Red: 0
* Green: 0
* Blue: 0
* Opacity: 64

[Subtitle Settings]
-> Text Region: 1 parameter
* Region ID: 3
-> Text is Grey: 1 parameter
* Enable Grey Text: True
-> Text Position: 2 parameters
* Position (X): 256
* Position (Y): 428
-> Text Size: 2 parameters
* Width: 0.85
* Height: 0.85
-> Text Scale: 1 parameter
* Coefficient: 1.0
-> Text Color: 4 parameters
* Red: 140
* Green: 140
* Blue: 140
* Opacity: 128
-> Text Padding: 2 parameters
* Padding (Vertical): 2
* Padding (Horizontal): 5
-> Text Alignment: 1 parameter
* Alignment ID: 1
-> Symbol: 1 parameter
* Type: 2
-> Text Outline Size: 2 parameters
* Width: 2
* Height: 2
-> Text Outline Color: 4 parameters
* Red: 32
* Green: 32
* Blue: 32
* Opacity: 128

===== SCENE -4 =====

[Battle Settings: 5 parameters]
* Map: ZONA MONTANOSA - MED.
* Music: Dragon Ball GT Song
* Battle Time (s): 0
* Referee: Shenron
* Enable Map Destruction: False

[Team Settings: 2 parameters]
* Team Index: 0
* Number of Teammates: 3

[Team Settings: 2 parameters]
* Team Index: 1
* Number of Teammates: 1

[Character Settings: 14 parameters]
* Character Index: 0
* Character: Vegeta (AF/GT)
* Color: 3
* Damaged: False
* COM Level: 0
* Z-Item #8: Goku Type
* Health (%): 100
* Z-Item #1: Master Roshi's Training
* Z-Item #2: N/A
* Z-Item #3: N/A
* Z-Item #4: N/A
* Z-Item #5: N/A
* Z-Item #6: Dragon Crush
* Z-Item #7: Vanishing Rush

[Character Settings: 14 parameters]
* Character Index: 1
* Character: Goku (GT)
* Color: 0
* Damaged: False
* COM Level: 0
* Z-Item #8: Goku Type
* Health (%): 100
* Z-Item #1: Master Roshi's Training
* Z-Item #2: N/A
* Z-Item #3: N/A
* Z-Item #4: N/A
* Z-Item #5: N/A
* Z-Item #6: Dragon Crush
* Z-Item #7: Vanishing Rush

[Character Settings: 14 parameters]
* Character Index: 2
* Character: Androide no18
* Color: 3
* Damaged: True
* COM Level: 0
* Z-Item #8: Goku Type
* Health (%): 70
* Z-Item #1: Master Roshi's Training
* Z-Item #2: N/A
* Z-Item #3: N/A
* Z-Item #4: N/A
* Z-Item #5: N/A
* Z-Item #6: Dragon Crush
* Z-Item #7: Vanishing Rush

[Character Settings: 14 parameters]
* Character Index: 0 (Opp.)
* Character: Súper Androide 17
* Color: 0
* Damaged: False
* COM Level: 10
* Z-Item #8: Yajirobe Type
* Health (%): 100
* Z-Item #1: N/A
* Z-Item #2: Strength Enhancement
* Z-Item #3: Ultimate Body
* Z-Item #4: Attack +20
* Z-Item #5: Defense +20
* Z-Item #6: Dragon Crush
* Z-Item #7: Vanishing Rush

===== SCENE -5 =====

[Store Audio-Related Properties]
-> Audio-Related Property: 2 parameters
* Voice Line ID: 0
* Character Index: 1
-> Audio-Related Property: 2 parameters
* Voice Line ID: 1
* Character Index: 0 (Opp.)
-> Audio-Related Property: 2 parameters
* Voice Line ID: 2
* Character Index: 0 (Opp.)
-> Audio-Related Property: 2 parameters
* Voice Line ID: 3
* Character Index: 1
-> Audio-Related Property: 2 parameters
* Voice Line ID: 4
* Character Index: 1
-> Audio-Related Property: 2 parameters
* Voice Line ID: 5
* Character Index: 1
-> Audio-Related Property: 2 parameters
* Voice Line ID: 6
* Character Index: 1
-> Audio-Related Property: 2 parameters
* Voice Line ID: 7
* Character Index: 0 (Opp.)
-> Audio-Related Property: 2 parameters
* Voice Line ID: 8
* Character Index: 0 (Opp.)
-> Audio-Related Property: 2 parameters
* Voice Line ID: 9
* Character Index: 1
-> Audio-Related Property: 2 parameters
* Voice Line ID: 10
* Character Index: 1
-> Audio-Related Property: 2 parameters
* Voice Line ID: 11
* Character Index: 1
-> Audio-Related Property: 2 parameters
* Voice Line ID: 12
* Character Index: 0 (Opp.)
-> Audio-Related Property: 2 parameters
* Voice Line ID: 13
* Character Index: 0 (Opp.)
-> Audio-Related Property: 2 parameters
* Voice Line ID: 14
* Character Index: 1
-> Audio-Related Property: 2 parameters
* Voice Line ID: 15
* Character Index: 1
-> Audio-Related Property: 2 parameters
* Voice Line ID: 16
* Character Index: 1
-> Audio-Related Property: 2 parameters
* Voice Line ID: 17
* Character Index: 1
-> Audio-Related Property: 2 parameters
* Voice Line ID: 18
* Character Index: 1
-> Audio-Related Property: 2 parameters
* Voice Line ID: 19
* Character Index: 0 (Opp.)
-> Audio-Related Property: 2 parameters
* Voice Line ID: 20
* Character Index: 1
-> Audio-Related Property: 2 parameters
* Voice Line ID: 21
* Character Index: 1
-> Audio-Related Property: 2 parameters
* Voice Line ID: 22
* Character Index: 1
-> Audio-Related Property: 2 parameters
* Voice Line ID: 23
* Character Index: 1
-> Audio-Related Property: 2 parameters
* Voice Line ID: 24
* Character Index: 1
-> Audio-Related Property: 2 parameters
* Voice Line ID: 25
* Character Index: 1
-> Audio-Related Property: 2 parameters
* Voice Line ID: 26
* Character Index: 0 (Opp.)
-> Audio-Related Property: 2 parameters
* Voice Line ID: 27
* Character Index: 1
-> Audio-Related Property: 2 parameters
* Voice Line ID: 28
* Character Index: 1
-> Audio-Related Property: 2 parameters
* Voice Line ID: 29
* Character Index: 1
-> Audio-Related Property: 2 parameters
* Voice Line ID: 30
* Character Index: 0 (Opp.)
-> Audio-Related Property: 2 parameters
* Voice Line ID: 31
* Character Index: 0 (Opp.)
-> Audio-Related Property: 2 parameters
* Voice Line ID: 32
* Character Index: 0 (Opp.)
-> Audio-Related Property: 2 parameters
* Voice Line ID: 33
* Character Index: 1
-> Audio-Related Property: 2 parameters
* Voice Line ID: 34
* Character Index: 1
-> Audio-Related Property: 2 parameters
* Voice Line ID: 35
* Character Index: 1
-> Audio-Related Property: 2 parameters
* Voice Line ID: 36
* Character Index: 1
-> Audio-Related Property: 2 parameters
* Voice Line ID: 37
* Character Index: 0 (Opp.)
-> Audio-Related Property: 2 parameters
* Voice Line ID: 38
* Character Index: 0
-> Audio-Related Property: 2 parameters
* Voice Line ID: 39
* Character Index: 0 (Opp.)
-> Audio-Related Property: 2 parameters
* Voice Line ID: 40
* Character Index: 1
-> Audio-Related Property: 2 parameters
* Voice Line ID: 41
* Character Index: 1
-> Audio-Related Property: 2 parameters
* Voice Line ID: 42
* Character Index: 1
-> Audio-Related Property: 2 parameters
* Voice Line ID: 43
* Character Index: 0 (Opp.)
-> Audio-Related Property: 2 parameters
* Voice Line ID: 44
* Character Index: 1
-> Audio-Related Property: 2 parameters
* Voice Line ID: 63
* Character Index: 0
-> Audio-Related Property: 2 parameters
* Voice Line ID: 58
* Character Index: 0
-> Audio-Related Property: 2 parameters
* Voice Line ID: 55
* Character Index: 0
-> Audio-Related Property: 2 parameters
* Voice Line ID: 56
* Character Index: 0
-> Audio-Related Property: 2 parameters
* Voice Line ID: 62
* Character Index: 0
-> Audio-Related Property: 2 parameters
* Voice Line ID: 59
* Character Index: 2
-> Audio-Related Property: 2 parameters
* Voice Line ID: 60
* Character Index: 2
-> Audio-Related Property: 2 parameters
* Voice Line ID: 49
* Character Index: 2
-> Audio-Related Property: 2 parameters
* Voice Line ID: 64
* Character Index: 0
-> Audio-Related Property: 2 parameters
* Voice Line ID: 45
* Character Index: 0
-> Audio-Related Property: 2 parameters
* Voice Line ID: 46
* Character Index: 0
-> Audio-Related Property: 2 parameters
* Voice Line ID: 47
* Character Index: 0
-> Audio-Related Property: 2 parameters
* Voice Line ID: 50
* Character Index: 2
-> Audio-Related Property: 2 parameters
* Voice Line ID: 51
* Character Index: 0
-> Audio-Related Property: 2 parameters
* Voice Line ID: 52
* Character Index: 0
-> Audio-Related Property: 2 parameters
* Voice Line ID: 53
* Character Index: 2
-> Audio-Related Property: 2 parameters
* Voice Line ID: 54
* Character Index: 0
-> Audio-Related Property: 2 parameters
* Voice Line ID: 70
* Character Index: 1
-> Audio-Related Property: 2 parameters
* Voice Line ID: 71
* Character Index: 2
-> Audio-Related Property: 2 parameters
* Voice Line ID: 72
* Character Index: 0 (Opp.)
-> Audio-Related Property: 2 parameters
* Voice Line ID: 73
* Character Index: 2
-> Audio-Related Property: 2 parameters
* Voice Line ID: 74
* Character Index: 1
-> Audio-Related Property: 2 parameters
* Voice Line ID: 75
* Character Index: 2
-> Audio-Related Property: 2 parameters
* Voice Line ID: 76
* Character Index: 1
-> Audio-Related Property: 2 parameters
* Voice Line ID: 77
* Character Index: 1

===== SCENE 10000 =====

[Scene Start]

[Battle End: 1 parameter]
* Battle Outcome ID: -1

[Store Character Positions]

[Assign Character Position & Rotation: 7 parameters]
* Character Index: 0
* Position (X): 41.4
* Position (Y): 0.0
* Position (Z): -40.6
* Rotation (X): 0.0
* Rotation (Y): -40.8
* Rotation (Z): 0.0

[Assign Character Position & Rotation: 7 parameters]
* Character Index: 0 (Opp.)
* Position (X): -45.2
* Position (Y): -0.7
* Position (Z): 101.9
* Rotation (X): 0.0
* Rotation (Y): 154.6
* Rotation (Z): 0.0

[Assign Animation: 2 parameters]
* Character Index: 0
* ANM Name: GROUND
-> Enable ANM Loop

[Disable Lingering Aura: 1 parameter]
* Character Index: 0

[Primary Camera Point: 6 parameters]
* Position (X): -38.566
* Position (Y): -3.706
* Position (Z): 81.332
* Rotation (Y): 21.678
* Rotation (X): -21.074
* Rotation (Z): 0.0

[Secondary Camera Point]
-> Additional Camera Point: 7 parameters
* Time (s): 22.0
* Position (X): -41.046
* Position (Y): -31.771
* Position (Z): 92.97
* Rotation (Y): -7.359
* Rotation (X): -20.578
* Rotation (Z): 0.0

[Assign Animation: 2 parameters]
* Character Index: 0 (Opp.)
* ANM Name: INTRO_IN
-> Wait until End of ANM

[Assign Animation: 2 parameters]
* Character Index: 0 (Opp.)
* ANM Name: INTRO_LOOP
-> Enable ANM Loop

[Play Character Voice Line: 2 parameters]
* Character Index: 0 (Opp.)
* Voice Line ID: 63
-> Wait until End of Voice Line

[Primary Camera Point: 6 parameters]
* Position (X): 30.841
* Position (Y): -0.8
* Position (Z): -11.757
* Rotation (Y): 9.755
* Rotation (X): 160.164
* Rotation (Z): 0.0

[Secondary Camera Point]
-> Additional Camera Point: 7 parameters
* Time (s): 5.0
* Position (X): 32.612
* Position (Y): -8.329
* Position (Z): -27.453
* Rotation (Y): 9.419
* Rotation (X): 144.007
* Rotation (Z): 0.0

[Assign Animation: 2 parameters]
* Character Index: 0
* ANM Name: GROUND
-> Enable ANM Loop

[Play Character Voice Line: 2 parameters]
* Character Index: 0
* Voice Line ID: 58
-> Wait until End of Voice Line

[Store VFX Switches]

[Store Conditional Properties]
-> Scene Link: 2 parameters
* Condition: Wait 30 seconds
* Scene ID: 10002
-> Scene Link: 2 parameters
* Condition: Win via K.O.
* Scene ID: 10032
-> Scene Link: 2 parameters
* Condition: Win via K.O. (Opp.)
* Scene ID: 10040
-> Audio Link: 2 parameters
* Condition: Immediate
* Voice Line ID: 59
-> Audio Link: 2 parameters
* Condition: Immediate
* Voice Line ID: 60
-> Audio Link: 2 parameters
* Condition: Immediate
* Voice Line ID: 49

[Store Player's Character Changes]

[Store Opponent's Character Changes]

[Post-Cutscene Event: 2 parameters]
* Event ID: Battle Finish
* Character ID: N/A

[Scene End & Battle Start]

===== SCENE 10001 =====

[Scene Start]

[Battle End: 1 parameter]
* Battle Outcome ID: -1

[Store Character Positions]

[Trigger Fade-Out: 1 parameter]
* Time (s): 1.2

[Assign Character Position & Rotation: 7 parameters]
* Character Index: 0
* Position (X): 56.9
* Position (Y): 0.0
* Position (Z): -66.2
* Rotation (X): 0.0
* Rotation (Y): -31.3
* Rotation (Z): 0.0

[Assign Character Position & Rotation: 7 parameters]
* Character Index: 0 (Opp.)
* Position (X): -60.8
* Position (Y): -0.7
* Position (Z): 127.5
* Rotation (X): 0.0
* Rotation (Y): 148.7
* Rotation (Z): 0.0

[Primary Camera Point: 6 parameters]
* Position (X): 58.04
* Position (Y): -3.387
* Position (Z): -53.977
* Rotation (Y): 19.004
* Rotation (X): -170.951
* Rotation (Z): 0.0

[Secondary Camera Point]
-> Additional Camera Point: 7 parameters
* Time (s): 8.0
* Position (X): 58.738
* Position (Y): -1.858
* Position (Z): -49.592
* Rotation (Y): 19.004
* Rotation (X): -170.951
* Rotation (Z): 0.0

[Assign Animation: 2 parameters]
* Character Index: 0
* ANM Name: CHARGE_IN
-> Wait until End of ANM

[Assign Animation: 2 parameters]
* Character Index: 0
* ANM Name: CHARGE_LOOP
-> Enable ANM Loop

[Play Character Voice Line: 2 parameters]
* Character Index: 1
* Voice Line ID: 17
-> Wait until End of Voice Line

[Store VFX Switches]

[Store Conditional Properties]
-> Scene Link: 2 parameters
* Condition: Lose 5 Health Bars (Opp.)
* Scene ID: 10006
-> Scene Link: 2 parameters
* Condition: Win via K.O.
* Scene ID: 10031
-> Scene Link: 2 parameters
* Condition: Win via K.O. (Opp.)
* Scene ID: 10041
-> Audio Link: 2 parameters
* Condition: Block 1st Blast 2
* Voice Line ID: 14
-> Audio Link: 2 parameters
* Condition: Win Normal Clash (Opp.)
* Voice Line ID: 25
-> Audio Link: 2 parameters
* Condition: Perform Emergency Blaster Wave (Opp.)
* Voice Line ID: 30
-> Audio Link: 2 parameters
* Condition: Go in MAX POWER Mode (Opp.)
* Voice Line ID: 32
-> Audio Link: 2 parameters
* Condition: Fall into ground/water
* Voice Line ID: 33
-> Audio Link: 2 parameters
* Condition: Hit with Ultimate Blast (Opp.)
* Voice Line ID: 36
-> Audio Link: 2 parameters
* Condition: Perform 1st Blast 2 (Opp.)
* Voice Line ID: 37
-> Audio Link: 2 parameters
* Condition: Go in MAX POWER Mode
* Voice Line ID: 38
-> Audio Link: 2 parameters
* Condition: Perform Dash Smash (Opp.)
* Voice Line ID: 39
-> Audio Link: 2 parameters
* Condition: Fall into ground/water (Opp.)
* Voice Line ID: 40
-> Audio Link: 2 parameters
* Condition: Hit with 1st Blast 2 (Opp.)
* Voice Line ID: 41
-> Audio Link: 2 parameters
* Condition: Perform 2nd Blast 2 (Opp.)
* Voice Line ID: 37
-> Audio Link: 2 parameters
* Condition: Perform Ultimate Blast (Opp.)
* Voice Line ID: 39
-> Audio Link: 2 parameters
* Condition: Immediate
* Voice Line ID: 20

[Store Player's Character Changes]
-> Add Health: 1 parameter
* Health (%): 100

[Store Opponent's Character Changes]
-> PROPERTY 108: 1 parameter
* Parameter 0: 8
-> Add Health: 1 parameter
* Health (%): 100
-> Replace Z-Item #3: 1 parameter
* Z-Item #3: N/A
-> Replace Z-Item #4: 1 parameter
* Z-Item #4: N/A
-> Replace Z-Item #5: 1 parameter
* Z-Item #5: N/A
-> Replace Z-Item #6: 1 parameter
* Z-Item #6: N/A
-> Replace Z-Item #7: 1 parameter
* Z-Item #7: N/A

[Post-Cutscene Event: 2 parameters]
* Event ID: Assign Transformation
* Character ID: Goku (GT) - Super Saiyan 4

[Scene End & Battle Start]

===== SCENE 10002 =====

[Scene Start]

[Battle End: 1 parameter]
* Battle Outcome ID: -1

[Store Character Positions]

[Store VFX Switches]

[Store Conditional Properties]
-> Scene Link: 2 parameters
* Condition: Wait 60 seconds
* Scene ID: 10003
-> Scene Link: 2 parameters
* Condition: Win via K.O.
* Scene ID: 10032
-> Scene Link: 2 parameters
* Condition: Win via K.O. (Opp.)
* Scene ID: 10040
-> Audio Link: 2 parameters
* Condition: Immediate
* Voice Line ID: 64
-> Audio Link: 2 parameters
* Condition: Immediate
* Voice Line ID: 45
-> Audio Link: 2 parameters
* Condition: Immediate
* Voice Line ID: 46
-> Audio Link: 2 parameters
* Condition: Immediate
* Voice Line ID: 47
-> Audio Link: 2 parameters
* Condition: Immediate
* Voice Line ID: 50
-> Audio Link: 2 parameters
* Condition: Immediate
* Voice Line ID: 51
-> Audio Link: 2 parameters
* Condition: Immediate
* Voice Line ID: 52
-> Audio Link: 2 parameters
* Condition: Immediate
* Voice Line ID: 53
-> Audio Link: 2 parameters
* Condition: Immediate
* Voice Line ID: 54

[Store Player's Character Changes]
-> Add Health: 1 parameter
* Health (%): 100

[Store Opponent's Character Changes]

[Post-Cutscene Event: 2 parameters]
* Event ID: Assign Transformation
* Character ID: Vegeta (AF/GT) - Super Saiyayin

[Scene End & Battle Start]

===== SCENE 10003 =====

[Scene Start]

[Battle End: 1 parameter]
* Battle Outcome ID: -1

[Store Character Positions]

[Store VFX Switches]

[Store Conditional Properties]
-> Scene Link: 2 parameters
* Condition: Immediate
* Scene ID: 10004

[Store Player's Character Changes]

[Store Opponent's Character Changes]

[Post-Cutscene Event: 2 parameters]
* Event ID: Switch with Teammate #2
* Character ID: Goku (GT)

[Scene End & Battle Start]

===== SCENE 10004 =====

[Scene Start]

[Battle End: 1 parameter]
* Battle Outcome ID: -1

[Store Character Positions]

[Trigger Fade-Out: 1 parameter]
* Time (s): 1.2

[Assign Character Position & Rotation: 7 parameters]
* Character Index: 1
* Position (X): 41.4
* Position (Y): 0.0
* Position (Z): -40.6
* Rotation (X): 0.0
* Rotation (Y): -40.8
* Rotation (Z): 0.0

[Assign Character Position & Rotation: 7 parameters]
* Character Index: 0 (Opp.)
* Position (X): -45.2
* Position (Y): -0.7
* Position (Z): 101.9
* Rotation (X): 0.0
* Rotation (Y): 154.6
* Rotation (Z): 0.0

[Assign Animation: 2 parameters]
* Character Index: 1
* ANM Name: GROUND
-> Enable ANM Loop

[Assign Animation: 2 parameters]
* Character Index: 0 (Opp.)
* ANM Name: GROUND
-> Enable ANM Loop

[Primary Camera Point: 6 parameters]
* Position (X): 40.789
* Position (Y): -11.527
* Position (Z): -51.45
* Rotation (Y): -6.639
* Rotation (X): -19.45
* Rotation (Z): 0.0

[Secondary Camera Point]
-> Additional Camera Point: 7 parameters
* Time (s): 4.0
* Position (X): 41.071
* Position (Y): -13.759
* Position (Z): -56.053
* Rotation (Y): -15.505
* Rotation (X): -16.767
* Rotation (Z): 0.0

[Play Character Voice Line: 2 parameters]
* Character Index: 0
* Voice Line ID: 55
-> Wait until End of Voice Line

[Primary Camera Point: 6 parameters]
* Position (X): 35.586
* Position (Y): -2.684
* Position (Z): -31.64
* Rotation (Y): 8.032
* Rotation (X): 147.448
* Rotation (Z): 0.0

[Secondary Camera Point]
-> Additional Camera Point: 7 parameters
* Time (s): 6.0
* Position (X): 35.586
* Position (Y): -5.00625
* Position (Z): -31.64
* Rotation (Y): 8.032
* Rotation (X): 147.448
* Rotation (Z): 0.0

[Play Character Voice Line: 2 parameters]
* Character Index: 1
* Voice Line ID: 56
-> Wait until End of Voice Line

[Primary Camera Point: 6 parameters]
* Position (X): 32.135
* Position (Y): -12.52
* Position (Z): -34.704
* Rotation (Y): -14.809
* Rotation (X): 103.99
* Rotation (Z): 0.0

[Secondary Camera Point]
-> Additional Camera Point: 7 parameters
* Time (s): 6.0
* Position (X): 33.563
* Position (Y): -7.50725
* Position (Z): -35.06
* Rotation (Y): -6.477
* Rotation (X): 103.99
* Rotation (Z): 0.0

[Play Character Voice Line: 2 parameters]
* Character Index: 0
* Voice Line ID: 62
-> Wait until End of Voice Line

[Store VFX Switches]

[Store Conditional Properties]
-> Scene Link: 2 parameters
* Condition: Immediate
* Scene ID: 10005

[Store Player's Character Changes]

[Store Opponent's Character Changes]

[Post-Cutscene Event: 2 parameters]
* Event ID: Assign Transformation
* Character ID: Goku (GT) - Super Sayajin

[Scene End & Battle Start]

===== SCENE 10005 =====

[Scene Start]

[Battle End: 1 parameter]
* Battle Outcome ID: -1

[Store Character Positions]

[Assign Character Position & Rotation: 7 parameters]
* Character Index: 0
* Position (X): 88.0
* Position (Y): 0.0
* Position (Z): 0.0
* Rotation (X): 0.0
* Rotation (Y): -90.0
* Rotation (Z): 0.0

[Assign Character Position & Rotation: 7 parameters]
* Character Index: 0 (Opp.)
* Position (X): -55.0
* Position (Y): 0.0
* Position (Z): 0.0
* Rotation (X): 0.0
* Rotation (Y): 90.0
* Rotation (Z): 0.0

[Primary Camera Point: 6 parameters]
* Position (X): 79.687
* Position (Y): -5.748
* Position (Z): 2.482
* Rotation (Y): 20.479
* Rotation (X): 107.216
* Rotation (Z): 0.0

[Secondary Camera Point]
-> Additional Camera Point: 7 parameters
* Time (s): 7.0
* Position (X): 69.027
* Position (Y): -1.58
* Position (Z): 5.785
* Rotation (Y): 20.479
* Rotation (X): 107.216
* Rotation (Z): 0.0

[Enable Lingering Aura: 1 parameter]
* Character Index: 0

[Assign Animation: 2 parameters]
* Character Index: 0
* ANM Name: SKILL_005_CHARGE
-> Enable ANM Loop

[Play Character Voice Line: 2 parameters]
* Character Index: 1
* Voice Line ID: 0
-> Wait until End of Voice Line

[Primary Camera Point: 6 parameters]
* Position (X): 1.434
* Position (Y): -4.155
* Position (Z): 19.785
* Rotation (Y): 8.013
* Rotation (X): -112.026
* Rotation (Z): 0.0

[Secondary Camera Point]
-> Additional Camera Point: 7 parameters
* Time (s): 5.0
* Position (X): -37.717
* Position (Y): -13.903
* Position (Z): -0.38
* Rotation (Y): 10.281
* Rotation (X): -83.834
* Rotation (Z): 0.0

[Assign Animation: 2 parameters]
* Character Index: 0 (Opp.)
* ANM Name: INTRO_IN
-> Wait until End of ANM

[Assign Animation: 2 parameters]
* Character Index: 0 (Opp.)
* ANM Name: INTRO_LOOP
-> Enable ANM Loop

[Play Character Voice Line: 2 parameters]
* Character Index: 0 (Opp.)
* Voice Line ID: 1
-> Wait until End of Voice Line

[Store VFX Switches]

[Store Conditional Properties]
-> Scene Link: 2 parameters
* Condition: Win via K.O.
* Scene ID: 10030
-> Scene Link: 2 parameters
* Condition: Win via K.O. (Opp.)
* Scene ID: 10040
-> Scene Link: 2 parameters
* Condition: Wait 60 seconds
* Scene ID: 10001
-> Audio Link: 2 parameters
* Condition: Immediate
* Voice Line ID: 2
-> Audio Link: 2 parameters
* Condition: Immediate
* Voice Line ID: 3
-> Audio Link: 2 parameters
* Condition: Perform Dragon Homing
* Voice Line ID: 4
-> Audio Link: 2 parameters
* Condition: Block 1st Blast 2 (Opp.)
* Voice Line ID: 5
-> Audio Link: 2 parameters
* Condition: Fall into ground/water (Opp.)
* Voice Line ID: 6
-> Audio Link: 2 parameters
* Condition: Go in MAX POWER Mode (Opp.)
* Voice Line ID: 8
-> Audio Link: 2 parameters
* Condition: Perform Z-Counter (Opp.)
* Voice Line ID: 9
-> Audio Link: 2 parameters
* Condition: Block 2nd Blast 2 (Opp.)
* Voice Line ID: 10
-> Audio Link: 2 parameters
* Condition: Perform 1st Blast 2 (Opp.)
* Voice Line ID: 12
-> Audio Link: 2 parameters
* Condition: Fall into ground/water
* Voice Line ID: 13
-> Audio Link: 2 parameters
* Condition: Lose 1 Health Bar (Opp.)
* Voice Line ID: 14
-> Audio Link: 2 parameters
* Condition: Lose 2 Health Bars
* Voice Line ID: 15
-> Audio Link: 2 parameters
* Condition: Lose 3 Health Bars
* Voice Line ID: 16
-> Audio Link: 2 parameters
* Condition: Perform Vanishing Attack
* Voice Line ID: 4
-> Audio Link: 2 parameters
* Condition: Block 2nd Blast 2 (Opp.)
* Voice Line ID: 5
-> Audio Link: 2 parameters
* Condition: Hit with Charged Ki Blast
* Voice Line ID: 6
-> Audio Link: 2 parameters
* Condition: Perform 1st Blast 2 (Opp.)
* Voice Line ID: 12

[Store Player's Character Changes]

[Store Opponent's Character Changes]

[Post-Cutscene Event: 2 parameters]
* Event ID: Battle Finish
* Character ID: N/A

[Scene End & Battle Start]

===== SCENE 10006 =====

[Scene Start]

[Battle End: 1 parameter]
* Battle Outcome ID: -1

[Store Character Positions]

[Store VFX Switches]

[Store Conditional Properties]
-> Scene Link: 2 parameters
* Condition: Immediate
* Scene ID: 10007

[Store Player's Character Changes]

[Store Opponent's Character Changes]

[Post-Cutscene Event: 2 parameters]
* Event ID: Assign Transformation
* Character ID: Goku (GT)

[Scene End & Battle Start]

===== SCENE 10007 =====

[Scene Start]

[Battle End: 1 parameter]
* Battle Outcome ID: -1

[Store Character Positions]

[Trigger Fade-Out: 1 parameter]
* Time (s): 1.2

[Assign Character Position & Rotation: 7 parameters]
* Character Index: 0
* Position (X): 88.0
* Position (Y): 0.0
* Position (Z): 0.0
* Rotation (X): 0.0
* Rotation (Y): -90.0
* Rotation (Z): 0.0

[Assign Character Position & Rotation: 7 parameters]
* Character Index: 0 (Opp.)
* Position (X): -55.0
* Position (Y): 0.0
* Position (Z): 0.0
* Rotation (X): 0.0
* Rotation (Y): 90.0
* Rotation (Z): 0.0

[Primary Camera Point: 6 parameters]
* Position (X): 85.088
* Position (Y): -4.007
* Position (Z): -11.201
* Rotation (Y): 1.996
* Rotation (X): -3.864
* Rotation (Z): 0.0

[Secondary Camera Point]
-> Additional Camera Point: 7 parameters
* Time (s): 8.0
* Position (X): 73.374
* Position (Y): -4.329
* Position (Z): -2.987
* Rotation (Y): 1.996
* Rotation (X): 72.284
* Rotation (Z): 0.0

[Assign Animation: 2 parameters]
* Character Index: 0
* ANM Name: GROUND_TIRED
-> Enable ANM Loop

[Play Character Voice Line: 2 parameters]
* Character Index: 1
* Voice Line ID: 83
-> Wait until End of Voice Line

[Store VFX Switches]

[Store Conditional Properties]
-> Scene Link: 2 parameters
* Condition: Immediate
* Scene ID: 10008

[Store Player's Character Changes]

[Store Opponent's Character Changes]
-> Add Health: 1 parameter
* Health (%): 100

[Post-Cutscene Event: 2 parameters]
* Event ID: Switch with Teammate #3
* Character ID: Androide no18

[Scene End & Battle Start]

===== SCENE 10008 =====

[Scene Start]

[Battle End: 1 parameter]
* Battle Outcome ID: -1

[Store Character Positions]

[Trigger Fade-Out: 1 parameter]
* Time (s): 1.2

[Assign Character Position & Rotation: 7 parameters]
* Character Index: 0
* Position (X): 41.4
* Position (Y): 0.0
* Position (Z): -40.6
* Rotation (X): 0.0
* Rotation (Y): -40.8
* Rotation (Z): 0.0

[Assign Character Position & Rotation: 7 parameters]
* Character Index: 0 (Opp.)
* Position (X): -45.2
* Position (Y): -0.7
* Position (Z): 101.9
* Rotation (X): 0.0
* Rotation (Y): 154.6
* Rotation (Z): 0.0

[Assign Animation: 2 parameters]
* Character Index: 0
* ANM Name: GROUND_TIRED
-> Enable ANM Loop

[Assign Animation: 2 parameters]
* Character Index: 0 (Opp.)
* ANM Name: GROUND
-> Enable ANM Loop

[Disable Lingering Aura: 1 parameter]
* Character Index: 0

[Primary Camera Point: 6 parameters]
* Position (X): -41.06
* Position (Y): -1.473
* Position (Z): 90.846
* Rotation (Y): 45.298
* Rotation (X): -26.386
* Rotation (Z): 0.0

[Secondary Camera Point]
-> Additional Camera Point: 7 parameters
* Time (s): 1.0
* Position (X): -39.047
* Position (Y): -18.085
* Position (Z): 91.509
* Rotation (Y): 16.095
* Rotation (X): -31.519
* Rotation (Z): 0.0

[Play Character Voice Line: 2 parameters]
* Character Index: 0 (Opp.)
* Voice Line ID: 67
-> Wait until End of Voice Line

[Primary Camera Point: 6 parameters]
* Position (X): 44.823
* Position (Y): -7.907
* Position (Z): -56.766
* Rotation (Y): -6.326
* Rotation (X): -27.831
* Rotation (Z): 0.0

[Secondary Camera Point]
-> Additional Camera Point: 7 parameters
* Time (s): 22.0
* Position (X): 43.995
* Position (Y): -23.893
* Position (Z): -55.199
* Rotation (Y): -22.214
* Rotation (X): -27.831
* Rotation (Z): 0.0

[Play Character Voice Line: 2 parameters]
* Character Index: 1
* Voice Line ID: 68
-> Wait until End of Voice Line

[Primary Camera Point: 6 parameters]
* Position (X): 37.044
* Position (Y): -4.826
* Position (Z): -30.192
* Rotation (Y): 39.724
* Rotation (X): 156.692
* Rotation (Z): 0.0

[Play Character Voice Line: 2 parameters]
* Character Index: 2
* Voice Line ID: 69
-> Wait until End of Voice Line

[Primary Camera Point: 6 parameters]
* Position (X): 34.568
* Position (Y): -11.875
* Position (Z): -35.018
* Rotation (Y): -7.702
* Rotation (X): 101.869
* Rotation (Z): 0.0

[Play Character Voice Line: 2 parameters]
* Character Index: 2
* Voice Line ID: 82
-> Wait until End of Voice Line

[Store VFX Switches]

[Store Conditional Properties]
-> Scene Link: 2 parameters
* Condition: Wait 60 seconds
* Scene ID: 10009
-> Scene Link: 2 parameters
* Condition: Win via K.O.
* Scene ID: 10033
-> Scene Link: 2 parameters
* Condition: Win via K.O. (Opp.)
* Scene ID: 10040
-> Audio Link: 2 parameters
* Condition: Immediate
* Voice Line ID: 70
-> Audio Link: 2 parameters
* Condition: Immediate
* Voice Line ID: 71
-> Audio Link: 2 parameters
* Condition: Immediate
* Voice Line ID: 72
-> Audio Link: 2 parameters
* Condition: Immediate
* Voice Line ID: 73
-> Audio Link: 2 parameters
* Condition: Immediate
* Voice Line ID: 74
-> Audio Link: 2 parameters
* Condition: Immediate
* Voice Line ID: 75
-> Audio Link: 2 parameters
* Condition: Immediate
* Voice Line ID: 76
-> Audio Link: 2 parameters
* Condition: Immediate
* Voice Line ID: 77

[Store Player's Character Changes]

[Store Opponent's Character Changes]

[Post-Cutscene Event: 2 parameters]
* Event ID: Battle Finish
* Character ID: N/A

[Scene End & Battle Start]

===== SCENE 10009 =====

[Scene Start]

[Battle End: 1 parameter]
* Battle Outcome ID: -1

[Store Character Positions]

[Store VFX Switches]

[Store Conditional Properties]
-> Scene Link: 2 parameters
* Condition: Immediate
* Scene ID: 10010

[Store Player's Character Changes]

[Store Opponent's Character Changes]

[Post-Cutscene Event: 2 parameters]
* Event ID: Switch with Teammate #2
* Character ID: Goku (GT)

[Scene End & Battle Start]

===== SCENE 10010 =====

[Scene Start]

[Battle End: 1 parameter]
* Battle Outcome ID: -1

[Store Character Positions]

[Trigger Fade-Out: 1 parameter]
* Time (s): 1.2

[Assign Character Position & Rotation: 7 parameters]
* Character Index: 0
* Position (X): 56.9
* Position (Y): 0.0
* Position (Z): -66.2
* Rotation (X): 0.0
* Rotation (Y): -31.3
* Rotation (Z): 0.0

[Assign Character Position & Rotation: 7 parameters]
* Character Index: 0 (Opp.)
* Position (X): -60.8
* Position (Y): -0.7
* Position (Z): 127.5
* Rotation (X): 0.0
* Rotation (Y): 148.7
* Rotation (Z): 0.0

[Primary Camera Point: 6 parameters]
* Position (X): 58.04
* Position (Y): -3.387
* Position (Z): -53.977
* Rotation (Y): 19.004
* Rotation (X): -170.951
* Rotation (Z): 0.0

[Secondary Camera Point]
-> Additional Camera Point: 7 parameters
* Time (s): 8.0
* Position (X): 58.738
* Position (Y): -1.858
* Position (Z): -49.592
* Rotation (Y): 19.004
* Rotation (X): -170.951
* Rotation (Z): 0.0

[Assign Animation: 2 parameters]
* Character Index: 0
* ANM Name: CHARGE_IN
-> Wait until End of ANM

[Assign Animation: 2 parameters]
* Character Index: 0
* ANM Name: CHARGE_LOOP
-> Enable ANM Loop

[Play Character Voice Line: 2 parameters]
* Character Index: 1
* Voice Line ID: 84
-> Wait until End of Voice Line

[Store VFX Switches]

[Store Conditional Properties]
-> Scene Link: 2 parameters
* Condition: Win via K.O.
* Scene ID: 10030
-> Scene Link: 2 parameters
* Condition: Win via K.O. (Opp.)
* Scene ID: 10040

[Store Player's Character Changes]
-> Replace Z-Item #7: 1 parameter
* Z-Item #7: Go To Hell

[Store Opponent's Character Changes]

[Post-Cutscene Event: 2 parameters]
* Event ID: Trigger 2nd Blast 2
* Character ID: N/A

[Scene End & Battle Start]

===== SCENE 10030 =====

[Scene Start]

[Battle End: 1 parameter]
* Battle Outcome ID: 1

[Store Character Positions]

[Trigger Fade-Out: 1 parameter]
* Time (s): 1.2

[Assign Character Position & Rotation: 7 parameters]
* Character Index: 0 (Opp.)
* Position (X): -14.1
* Position (Y): -0.7
* Position (Z): 50.6
* Rotation (X): 0.0
* Rotation (Y): 154.6
* Rotation (Z): 0.0

[Assign Character Position & Rotation: 7 parameters]
* Character Index: 0
* Position (X): 10.2
* Position (Y): 0.0
* Position (Z): 10.7
* Rotation (X): 0.0
* Rotation (Y): -40.8
* Rotation (Z): 0.0

[Disable Lingering Aura: 1 parameter]
* Character Index: 0

[Disable Lingering Aura: 1 parameter]
* Character Index: 0 (Opp.)

[Primary Camera Point: 6 parameters]
* Position (X): 4.585
* Position (Y): -18.677
* Position (Z): 33.79
* Rotation (Y): -17.508
* Rotation (X): 169.07
* Rotation (Z): 0.0

[Secondary Camera Point]
-> Additional Camera Point: 7 parameters
* Time (s): 5.0
* Position (X): 3.324
* Position (Y): -5.299
* Position (Z): 20.518
* Rotation (Y): 9.17
* Rotation (X): 148.757
* Rotation (Z): 0.0

[Assign Animation: 2 parameters]
* Character Index: 0 (Opp.)
* ANM Name: LOSE

[Assign Animation: 2 parameters]
* Character Index: 0
* ANM Name: WIN_IN
-> Wait until End of ANM

[Assign Animation: 2 parameters]
* Character Index: 0
* ANM Name: WIN_LOOP
-> Enable ANM Loop

[Play Character Voice Line: 2 parameters]
* Character Index: 0
* Voice Line ID: 80
-> Wait until End of Voice Line

[Store VFX Switches]

[Store Conditional Properties]

[Store Player's Character Changes]

[Store Opponent's Character Changes]

[Post-Cutscene Event: 2 parameters]
* Event ID: Aerial Clash
* Character ID: N/A

[Scene End & Battle Start]

===== SCENE 10031 =====

[Scene Start]

[Battle End: 1 parameter]
* Battle Outcome ID: 1

[Store Character Positions]

[Trigger Fade-Out: 1 parameter]
* Time (s): 1.2

[Assign Character Position & Rotation: 7 parameters]
* Character Index: 0 (Opp.)
* Position (X): -14.1
* Position (Y): -0.7
* Position (Z): 50.6
* Rotation (X): 0.0
* Rotation (Y): 154.6
* Rotation (Z): 0.0

[Assign Character Position & Rotation: 7 parameters]
* Character Index: 0
* Position (X): 10.2
* Position (Y): 0.0
* Position (Z): 10.7
* Rotation (X): 0.0
* Rotation (Y): -40.8
* Rotation (Z): 0.0

[Disable Lingering Aura: 1 parameter]
* Character Index: 0

[Disable Lingering Aura: 1 parameter]
* Character Index: 0 (Opp.)

[Primary Camera Point: 6 parameters]
* Position (X): 34.72
* Position (Y): -13.756
* Position (Z): 15.02
* Rotation (Y): -6.831
* Rotation (X): -74.414
* Rotation (Z): 0.0

[Assign Animation: 2 parameters]
* Character Index: 0 (Opp.)
* ANM Name: LOSE
-> Wait until End of ANM

[Primary Camera Point: 6 parameters]
* Position (X): 4.585
* Position (Y): -18.677
* Position (Z): 33.79
* Rotation (Y): -17.508
* Rotation (X): 169.07
* Rotation (Z): 0.0

[Secondary Camera Point]
-> Additional Camera Point: 7 parameters
* Time (s): 6.0
* Position (X): 0.603
* Position (Y): -17.816
* Position (Z): 20.902
* Rotation (Y): -17.508
* Rotation (X): 134.175
* Rotation (Z): 0.0

[Assign Animation: 2 parameters]
* Character Index: 0
* ANM Name: WIN_IN
-> Wait until End of ANM

[Assign Animation: 2 parameters]
* Character Index: 0
* ANM Name: WIN_LOOP
-> Enable ANM Loop

[Play Character Voice Line: 2 parameters]
* Character Index: 1
* Voice Line ID: 44
-> Wait until End of Voice Line

[Store VFX Switches]

[Store Conditional Properties]

[Store Player's Character Changes]

[Store Opponent's Character Changes]

[Post-Cutscene Event: 2 parameters]
* Event ID: Aerial Clash
* Character ID: N/A

[Scene End & Battle Start]

===== SCENE 10032 =====

[Scene Start]

[Battle End: 1 parameter]
* Battle Outcome ID: 1

[Store Character Positions]

[Assign Character Position & Rotation: 7 parameters]
* Character Index: 1
* Position (X): 10.2
* Position (Y): 0.0
* Position (Z): 10.7
* Rotation (X): 0.0
* Rotation (Y): -40.8
* Rotation (Z): 0.0

[Assign Character Position & Rotation: 7 parameters]
* Character Index: 0 (Opp.)
* Position (X): -14.1
* Position (Y): -0.7
* Position (Z): 50.6
* Rotation (X): 0.0
* Rotation (Y): 154.6
* Rotation (Z): 0.0

[Disable Lingering Aura: 1 parameter]
* Character Index: 1

[Disable Lingering Aura: 1 parameter]
* Character Index: 0 (Opp.)

[Assign Animation: 2 parameters]
* Character Index: 1
* ANM Name: STAND_LOOP
-> Enable ANM Loop

[Assign Animation: 2 parameters]
* Character Index: 0 (Opp.)
* ANM Name: GROUND_TIRED
-> Enable ANM Loop

[Primary Camera Point: 6 parameters]
* Position (X): -3.908
* Position (Y): -13.957
* Position (Z): 63.838
* Rotation (Y): -7.601
* Rotation (X): 176.777
* Rotation (Z): 0.0

[Assign Animation: 2 parameters]
* Character Index: 0 (Opp.)
* ANM Name: LOSE
-> Wait until End of ANM

[Secondary Camera Point]
-> Additional Camera Point: 7 parameters
* Time (s): 4.0
* Position (X): 3.574
* Position (Y): -11.067
* Position (Z): 21.883
* Rotation (Y): -0.777
* Rotation (X): 148.499
* Rotation (Z): 0.0

[Play Character Voice Line: 2 parameters]
* Character Index: 0
* Voice Line ID: 65
-> Wait until End of Voice Line

[Primary Camera Point: 6 parameters]
* Position (X): 3.956
* Position (Y): -16.216
* Position (Z): 15.544
* Rotation (Y): -18.195
* Rotation (X): 126.164
* Rotation (Z): 0.0

[Secondary Camera Point]
-> Additional Camera Point: 7 parameters
* Time (s): 6.0
* Position (X): -93.443
* Position (Y): -55.869
* Position (Z): 86.736
* Rotation (Y): -18.195
* Rotation (X): 126.164
* Rotation (Z): 0.0

[Assign Animation: 2 parameters]
* Character Index: 1
* ANM Name: WIN_IN
-> Wait until End of ANM

[Assign Animation: 2 parameters]
* Character Index: 1
* ANM Name: WIN_LOOP
-> Enable ANM Loop

[Play Character Voice Line: 2 parameters]
* Character Index: 0
* Voice Line ID: 66
-> Wait until End of Voice Line

[Wait for Period of Time: 1 parameter]
* Time (s): 1.5

[Store VFX Switches]

[Store Conditional Properties]

[Store Player's Character Changes]

[Store Opponent's Character Changes]

[Post-Cutscene Event: 2 parameters]
* Event ID: Aerial Clash
* Character ID: N/A

[Scene End & Battle Start]

===== SCENE 10033 =====

[Scene Start]

[Battle End: 1 parameter]
* Battle Outcome ID: 1

[Store Character Positions]

[Assign Character Position & Rotation: 7 parameters]
* Character Index: 1
* Position (X): 10.2
* Position (Y): 0.0
* Position (Z): 10.7
* Rotation (X): 0.0
* Rotation (Y): -40.8
* Rotation (Z): 0.0

[Assign Character Position & Rotation: 7 parameters]
* Character Index: 0 (Opp.)
* Position (X): -14.1
* Position (Y): -0.7
* Position (Z): 50.6
* Rotation (X): 0.0
* Rotation (Y): 154.6
* Rotation (Z): 0.0

[Disable Lingering Aura: 1 parameter]
* Character Index: 1

[Disable Lingering Aura: 1 parameter]
* Character Index: 0 (Opp.)

[Assign Animation: 2 parameters]
* Character Index: 1
* ANM Name: STAND_LOOP
-> Enable ANM Loop

[Assign Animation: 2 parameters]
* Character Index: 0 (Opp.)
* ANM Name: GROUND_TIRED
-> Enable ANM Loop

[Primary Camera Point: 6 parameters]
* Position (X): -3.908
* Position (Y): -13.957
* Position (Z): 63.838
* Rotation (Y): -7.601
* Rotation (X): 176.777
* Rotation (Z): 0.0

[Assign Animation: 2 parameters]
* Character Index: 0 (Opp.)
* ANM Name: LOSE
-> Wait until End of ANM

[Secondary Camera Point]
-> Additional Camera Point: 7 parameters
* Time (s): 4.0
* Position (X): 3.574
* Position (Y): -11.067
* Position (Z): 21.883
* Rotation (Y): -0.777
* Rotation (X): 148.499
* Rotation (Z): 0.0

[Play Character Voice Line: 2 parameters]
* Character Index: 2
* Voice Line ID: 78
-> Wait until End of Voice Line

[Primary Camera Point: 6 parameters]
* Position (X): 3.956
* Position (Y): -16.216
* Position (Z): 15.544
* Rotation (Y): -18.195
* Rotation (X): 126.164
* Rotation (Z): 0.0

[Secondary Camera Point]
-> Additional Camera Point: 7 parameters
* Time (s): 6.0
* Position (X): -93.443
* Position (Y): -55.869
* Position (Z): 86.736
* Rotation (Y): -18.195
* Rotation (X): 126.164
* Rotation (Z): 0.0

[Assign Animation: 2 parameters]
* Character Index: 1
* ANM Name: WIN_IN
-> Wait until End of ANM

[Assign Animation: 2 parameters]
* Character Index: 1
* ANM Name: WIN_LOOP
-> Enable ANM Loop

[Play Character Voice Line: 2 parameters]
* Character Index: 1
* Voice Line ID: 81
-> Wait until End of Voice Line

[Wait for Period of Time: 1 parameter]
* Time (s): 1.5

[Store VFX Switches]

[Store Conditional Properties]

[Store Player's Character Changes]

[Store Opponent's Character Changes]

[Post-Cutscene Event: 2 parameters]
* Event ID: Aerial Clash
* Character ID: N/A

[Scene End & Battle Start]

===== SCENE 10040 =====

[Scene Start]

[Battle End: 1 parameter]
* Battle Outcome ID: 0

[Store Character Positions]

[Assign Character Position & Rotation: 7 parameters]
* Character Index: 0
* Position (X): 24.7
* Position (Y): 0.0
* Position (Z): -13.3
* Rotation (X): 0.0
* Rotation (Y): -40.8
* Rotation (Z): 0.0

[Assign Character Position & Rotation: 7 parameters]
* Character Index: 0 (Opp.)
* Position (X): -28.6
* Position (Y): -0.7
* Position (Z): 74.5
* Rotation (X): 0.0
* Rotation (Y): 154.6
* Rotation (Z): 0.0

[Disable Lingering Aura: 1 parameter]
* Character Index: 0

[Disable Lingering Aura: 1 parameter]
* Character Index: 0 (Opp.)

[Primary Camera Point: 6 parameters]
* Position (X): 19.475
* Position (Y): -5.199
* Position (Z): -26.48
* Rotation (Y): 0.232
* Rotation (X): -13.774
* Rotation (Z): 0.0

[Secondary Camera Point]
-> Additional Camera Point: 7 parameters
* Time (s): 7.0
* Position (X): -23.195
* Position (Y): -21.345
* Position (Z): 58.383
* Rotation (Y): -13.237
* Rotation (X): -13.502
* Rotation (Z): 0.0

[Assign Animation: 2 parameters]
* Character Index: 0
* ANM Name: LOSE

[Assign Animation: 2 parameters]
* Character Index: 0 (Opp.)
* ANM Name: WIN_IN
-> Wait until End of ANM

[Assign Animation: 2 parameters]
* Character Index: 0 (Opp.)
* ANM Name: WIN_LOOP
-> Enable ANM Loop

[Play Character Voice Line: 2 parameters]
* Character Index: 0 (Opp.)
* Voice Line ID: 19
-> Wait until End of Voice Line

[Store VFX Switches]

[Store Conditional Properties]

[Store Player's Character Changes]

[Store Opponent's Character Changes]

[Post-Cutscene Event: 2 parameters]
* Event ID: Aerial Clash
* Character ID: N/A

[Scene End & Battle Start]

===== SCENE 10041 =====

[Scene Start]

[Battle End: 1 parameter]
* Battle Outcome ID: 0

[Store Character Positions]

[Assign Character Position & Rotation: 7 parameters]
* Character Index: 0
* Position (X): 24.7
* Position (Y): 0.0
* Position (Z): -13.3
* Rotation (X): 0.0
* Rotation (Y): -40.8
* Rotation (Z): 0.0

[Assign Character Position & Rotation: 7 parameters]
* Character Index: 0 (Opp.)
* Position (X): -28.6
* Position (Y): -0.7
* Position (Z): 74.5
* Rotation (X): 0.0
* Rotation (Y): 154.6
* Rotation (Z): 0.0

[Disable Lingering Aura: 1 parameter]
* Character Index: 0

[Disable Lingering Aura: 1 parameter]
* Character Index: 0 (Opp.)

[Primary Camera Point: 6 parameters]
* Position (X): 19.475
* Position (Y): -5.199
* Position (Z): -26.48
* Rotation (Y): 0.232
* Rotation (X): -13.774
* Rotation (Z): 0.0

[Secondary Camera Point]
-> Additional Camera Point: 7 parameters
* Time (s): 7.0
* Position (X): -23.195
* Position (Y): -21.345
* Position (Z): 58.383
* Rotation (Y): -13.237
* Rotation (X): -13.502
* Rotation (Z): 0.0

[Assign Animation: 2 parameters]
* Character Index: 0
* ANM Name: LOSE

[Assign Animation: 2 parameters]
* Character Index: 0 (Opp.)
* ANM Name: WIN_IN
-> Wait until End of ANM

[Assign Animation: 2 parameters]
* Character Index: 0 (Opp.)
* ANM Name: WIN_LOOP
-> Enable ANM Loop

[Play Character Voice Line: 2 parameters]
* Character Index: 0 (Opp.)
* Voice Line ID: 43
-> Wait until End of Voice Line

[Store VFX Switches]

[Store Conditional Properties]

[Store Player's Character Changes]

[Store Opponent's Character Changes]

[Post-Cutscene Event: 2 parameters]
* Event ID: Aerial Clash
* Character ID: N/A

[Scene End & Battle Start]
