GSC Origin: Budokai Tenkaichi 3

===== SCENE -1 =====

===== SCENE 1000 =====

===== SCENE -2 =====

[Load TXT PAK]

[Load LPS PAK]

===== SCENE -3 =====

[Scenario Identifier: 1 parameter]
* GSC Name: La Victoria Imposible!

[Rewards: 15 parameters]
* Z-Points (Easy): 500
* Z-Points (Normal): 10000
* Z-Points (Hard): 15000
* Z-Item #1: N/A
* Z-Item #2: N/A
* Z-Item #3: N/A
* Map #1: N/A
* Map #2: N/A
* Map #3: N/A
* Character #1: Son-Goku (Super) - Super Saiyajin Blue Kaiokenx20
* Character #2: N/A
* Character #3: N/A
* Scenario #1: N/A
* Scenario #2: N/A
* Scenario #3: N/A

[Subtitle Settings]
-> Text Region: 1 parameter
* Region ID: 0
-> Text is Grey: 1 parameter
* Enable Grey Text: False
-> Text Position: 2 parameters
* Position (X): 256
* Position (Y): 428
-> Text Size: 2 parameters
* Width: 0.85
* Height: 0.85
-> Text Scale: 1 parameter
* Coefficient: 1.0
-> Text Color: 4 parameters
* Red: 255
* Green: 255
* Blue: 255
* Opacity: 128
-> Text Padding: 2 parameters
* Padding (Vertical): 2
* Padding (Horizontal): 5
-> Text Alignment: 1 parameter
* Alignment ID: 1
-> Symbol: 1 parameter
* Type: 2
-> Text Outline Size: 2 parameters
* Width: 1
* Height: 2
-> Text Outline Color: 4 parameters
* Red: 0
* Green: 0
* Blue: 0
* Opacity: 64

[Subtitle Settings]
-> Text Region: 1 parameter
* Region ID: 1
-> Text is Grey: 1 parameter
* Enable Grey Text: False
-> Text Position: 2 parameters
* Position (X): 256
* Position (Y): 428
-> Text Size: 2 parameters
* Width: 0.85
* Height: 0.85
-> Text Scale: 1 parameter
* Coefficient: 1.0
-> Text Color: 4 parameters
* Red: 255
* Green: 255
* Blue: 255
* Opacity: 128
-> Text Padding: 2 parameters
* Padding (Vertical): 2
* Padding (Horizontal): 5
-> Text Alignment: 1 parameter
* Alignment ID: 1
-> Symbol: 1 parameter
* Type: 2
-> Text Outline Size: 2 parameters
* Width: 1
* Height: 2
-> Text Outline Color: 4 parameters
* Red: 0
* Green: 0
* Blue: 0
* Opacity: 64

[Subtitle Settings]
-> Text Region: 1 parameter
* Region ID: 2
-> Text is Grey: 1 parameter
* Enable Grey Text: False
-> Text Position: 2 parameters
* Position (X): 256
* Position (Y): 428
-> Text Size: 2 parameters
* Width: 0.85
* Height: 0.85
-> Text Scale: 1 parameter
* Coefficient: 1.0
-> Text Color: 4 parameters
* Red: 255
* Green: 255
* Blue: 255
* Opacity: 128
-> Text Padding: 2 parameters
* Padding (Vertical): 2
* Padding (Horizontal): 5
-> Text Alignment: 1 parameter
* Alignment ID: 1
-> Symbol: 1 parameter
* Type: 2
-> Text Outline Size: 2 parameters
* Width: 1
* Height: 2
-> Text Outline Color: 4 parameters
* Red: 0
* Green: 0
* Blue: 0
* Opacity: 64

[Subtitle Settings]
-> Text Region: 1 parameter
* Region ID: 3
-> Text is Grey: 1 parameter
* Enable Grey Text: False
-> Text Position: 2 parameters
* Position (X): 256
* Position (Y): 428
-> Text Size: 2 parameters
* Width: 0.85
* Height: 0.85
-> Text Scale: 1 parameter
* Coefficient: 1.0
-> Text Color: 4 parameters
* Red: 255
* Green: 255
* Blue: 255
* Opacity: 128
-> Text Padding: 2 parameters
* Padding (Vertical): 2
* Padding (Horizontal): 5
-> Text Alignment: 1 parameter
* Alignment ID: 1
-> Symbol: 1 parameter
* Type: 2
-> Text Outline Size: 2 parameters
* Width: 2
* Height: 2
-> Text Outline Color: 4 parameters
* Red: 32
* Green: 32
* Blue: 32
* Opacity: 128

[Subtitle Settings]
-> Text Region: 1 parameter
* Region ID: 0
-> Text is Grey: 1 parameter
* Enable Grey Text: True
-> Text Position: 2 parameters
* Position (X): 256
* Position (Y): 428
-> Text Size: 2 parameters
* Width: 0.85
* Height: 0.85
-> Text Scale: 1 parameter
* Coefficient: 1.0
-> Text Color: 4 parameters
* Red: 140
* Green: 140
* Blue: 140
* Opacity: 128
-> Text Padding: 2 parameters
* Padding (Vertical): 2
* Padding (Horizontal): 5
-> Text Alignment: 1 parameter
* Alignment ID: 1
-> Symbol: 1 parameter
* Type: 2
-> Text Outline Size: 2 parameters
* Width: 1
* Height: 2
-> Text Outline Color: 4 parameters
* Red: 0
* Green: 0
* Blue: 0
* Opacity: 64

[Subtitle Settings]
-> Text Region: 1 parameter
* Region ID: 1
-> Text is Grey: 1 parameter
* Enable Grey Text: True
-> Text Position: 2 parameters
* Position (X): 256
* Position (Y): 428
-> Text Size: 2 parameters
* Width: 0.85
* Height: 0.85
-> Text Scale: 1 parameter
* Coefficient: 1.0
-> Text Color: 4 parameters
* Red: 140
* Green: 140
* Blue: 140
* Opacity: 128
-> Text Padding: 2 parameters
* Padding (Vertical): 2
* Padding (Horizontal): 5
-> Text Alignment: 1 parameter
* Alignment ID: 1
-> Symbol: 1 parameter
* Type: 2
-> Text Outline Size: 2 parameters
* Width: 1
* Height: 2
-> Text Outline Color: 4 parameters
* Red: 0
* Green: 0
* Blue: 0
* Opacity: 64

[Subtitle Settings]
-> Text Region: 1 parameter
* Region ID: 2
-> Text is Grey: 1 parameter
* Enable Grey Text: True
-> Text Position: 2 parameters
* Position (X): 256
* Position (Y): 428
-> Text Size: 2 parameters
* Width: 0.85
* Height: 0.85
-> Text Scale: 1 parameter
* Coefficient: 1.0
-> Text Color: 4 parameters
* Red: 140
* Green: 140
* Blue: 140
* Opacity: 128
-> Text Padding: 2 parameters
* Padding (Vertical): 2
* Padding (Horizontal): 5
-> Text Alignment: 1 parameter
* Alignment ID: 1
-> Symbol: 1 parameter
* Type: 2
-> Text Outline Size: 2 parameters
* Width: 1
* Height: 2
-> Text Outline Color: 4 parameters
* Red: 0
* Green: 0
* Blue: 0
* Opacity: 64

[Subtitle Settings]
-> Text Region: 1 parameter
* Region ID: 3
-> Text is Grey: 1 parameter
* Enable Grey Text: True
-> Text Position: 2 parameters
* Position (X): 256
* Position (Y): 428
-> Text Size: 2 parameters
* Width: 0.85
* Height: 0.85
-> Text Scale: 1 parameter
* Coefficient: 1.0
-> Text Color: 4 parameters
* Red: 140
* Green: 140
* Blue: 140
* Opacity: 128
-> Text Padding: 2 parameters
* Padding (Vertical): 2
* Padding (Horizontal): 5
-> Text Alignment: 1 parameter
* Alignment ID: 1
-> Symbol: 1 parameter
* Type: 2
-> Text Outline Size: 2 parameters
* Width: 2
* Height: 2
-> Text Outline Color: 4 parameters
* Red: 32
* Green: 32
* Blue: 32
* Opacity: 128

===== SCENE -4 =====

[Battle Settings: 5 parameters]
* Map: TIERRA EN RUINAS
* Music: DBAF OST - Evil Goku Theme
* Battle Time (s): 0
* Referee: Shenron
* Enable Map Destruction: False

[Team Settings: 2 parameters]
* Team Index: 0
* Number of Teammates: 3

[Team Settings: 2 parameters]
* Team Index: 1
* Number of Teammates: 3

[Character Settings: 14 parameters]
* Character Index: 0
* Character: Goku (AF/GT)
* Color: 0
* Damaged: False
* COM Level: 0
* Z-Item #8: Goku Type
* Health (%): 100
* Z-Item #1: King Kai's Training
* Z-Item #2: N/A
* Z-Item #3: N/A
* Z-Item #4: N/A
* Z-Item #5: N/A
* Z-Item #6: Dragon Break
* Z-Item #7: Vanishing Break

[Character Settings: 14 parameters]
* Character Index: 1
* Character: Vegeta (AF/GT) - Suoer Saiyajin 4
* Color: 3
* Damaged: True
* COM Level: 0
* Z-Item #8: Goku Type
* Health (%): 100
* Z-Item #1: King Kai's Training
* Z-Item #2: Attack +12
* Z-Item #3: N/A
* Z-Item #4: N/A
* Z-Item #5: N/A
* Z-Item #6: Dragon Break
* Z-Item #7: Vanishing Break

[Character Settings: 14 parameters]
* Character Index: 2
* Character: Goku (AF/GT)
* Color: 0
* Damaged: True
* COM Level: 0
* Z-Item #8: Goku Type
* Health (%): 100
* Z-Item #1: King Kai's Training
* Z-Item #2: N/A
* Z-Item #3: N/A
* Z-Item #4: N/A
* Z-Item #5: N/A
* Z-Item #6: Dragon Break
* Z-Item #7: Vanishing Break

[Character Settings: 14 parameters]
* Character Index: 0 (Opp.)
* Character: Súper Yi-Shin-Long - Dragon Maligno
* Color: 0
* Damaged: False
* COM Level: 5
* Z-Item #8: Goku Type
* Health (%): 100
* Z-Item #1: Defense +5
* Z-Item #2: King Kai's Training
* Z-Item #3: N/A
* Z-Item #4: N/A
* Z-Item #5: N/A
* Z-Item #6: Dragon Break
* Z-Item #7: Vanishing Break

[Character Settings: 14 parameters]
* Character Index: 1 (Opp.)
* Character: Evil Goku
* Color: 5
* Damaged: True
* COM Level: 10
* Z-Item #8: Goku Type
* Health (%): 100
* Z-Item #1: Defense +5
* Z-Item #2: King Kai's Training
* Z-Item #3: Ultimate Body
* Z-Item #4: Attack +30
* Z-Item #5: Majin Buu Type
* Z-Item #6: Dragon Break
* Z-Item #7: Vanishing Break

[Character Settings: 14 parameters]
* Character Index: 2 (Opp.)
* Character: Vegeta (AF/GT) - Suoer Saiyajin 4
* Color: 3
* Damaged: True
* COM Level: 0
* Z-Item #8: Goku Type
* Health (%): 100
* Z-Item #1: King Kai's Training
* Z-Item #2: N/A
* Z-Item #3: N/A
* Z-Item #4: N/A
* Z-Item #5: N/A
* Z-Item #6: Dragon Break
* Z-Item #7: Vanishing Break

===== SCENE -5 =====

[Store Audio-Related Properties]
-> Audio-Related Property: 2 parameters
* Voice Line ID: 0
* Character Index: 0 (Opp.)
-> Audio-Related Property: 2 parameters
* Voice Line ID: 1
* Character Index: 0 (Opp.)
-> Audio-Related Property: 2 parameters
* Voice Line ID: 7
* Character Index: 0
-> Audio-Related Property: 2 parameters
* Voice Line ID: 9
* Character Index: 0 (Opp.)
-> Audio-Related Property: 2 parameters
* Voice Line ID: 10
* Character Index: 0 (Opp.)
-> Audio-Related Property: 2 parameters
* Voice Line ID: 11
* Character Index: 0 (Opp.)
-> Audio-Related Property: 2 parameters
* Voice Line ID: 12
* Character Index: 0 (Opp.)
-> Audio-Related Property: 2 parameters
* Voice Line ID: 13
* Character Index: 0 (Opp.)
-> Audio-Related Property: 2 parameters
* Voice Line ID: 16
* Character Index: 0 (Opp.)
-> Audio-Related Property: 2 parameters
* Voice Line ID: 17
* Character Index: 0
-> Audio-Related Property: 2 parameters
* Voice Line ID: 18
* Character Index: 1 (Opp.)
-> Audio-Related Property: 2 parameters
* Voice Line ID: 19
* Character Index: 1 (Opp.)
-> Audio-Related Property: 2 parameters
* Voice Line ID: 20
* Character Index: 0
-> Audio-Related Property: 2 parameters
* Voice Line ID: 21
* Character Index: 0
-> Audio-Related Property: 2 parameters
* Voice Line ID: 22
* Character Index: 0 (Opp.)
-> Audio-Related Property: 2 parameters
* Voice Line ID: 23
* Character Index: 0 (Opp.)
-> Audio-Related Property: 2 parameters
* Voice Line ID: 24
* Character Index: 0
-> Audio-Related Property: 2 parameters
* Voice Line ID: 25
* Character Index: 0
-> Audio-Related Property: 2 parameters
* Voice Line ID: 26
* Character Index: 0 (Opp.)
-> Audio-Related Property: 2 parameters
* Voice Line ID: 27
* Character Index: 0
-> Audio-Related Property: 2 parameters
* Voice Line ID: 28
* Character Index: 1 (Opp.)
-> Audio-Related Property: 2 parameters
* Voice Line ID: 29
* Character Index: 1 (Opp.)
-> Audio-Related Property: 2 parameters
* Voice Line ID: 30
* Character Index: 1 (Opp.)
-> Audio-Related Property: 2 parameters
* Voice Line ID: 33
* Character Index: 0
-> Audio-Related Property: 2 parameters
* Voice Line ID: 38
* Character Index: 1 (Opp.)
-> Audio-Related Property: 2 parameters
* Voice Line ID: 40
* Character Index: 1 (Opp.)
-> Audio-Related Property: 2 parameters
* Voice Line ID: 41
* Character Index: 1 (Opp.)
-> Audio-Related Property: 2 parameters
* Voice Line ID: 42
* Character Index: 1 (Opp.)
-> Audio-Related Property: 2 parameters
* Voice Line ID: 45
* Character Index: 1 (Opp.)
-> Audio-Related Property: 2 parameters
* Voice Line ID: 48
* Character Index: 0 (Opp.)
-> Audio-Related Property: 2 parameters
* Voice Line ID: 49
* Character Index: 0 (Opp.)
-> Audio-Related Property: 2 parameters
* Voice Line ID: 50
* Character Index: 0 (Opp.)
-> Audio-Related Property: 2 parameters
* Voice Line ID: 51
* Character Index: 0 (Opp.)
-> Audio-Related Property: 2 parameters
* Voice Line ID: 53
* Character Index: 0 (Opp.)
-> Audio-Related Property: 2 parameters
* Voice Line ID: 54
* Character Index: 1 (Opp.)
-> Audio-Related Property: 2 parameters
* Voice Line ID: 55
* Character Index: 1 (Opp.)
-> Audio-Related Property: 2 parameters
* Voice Line ID: 56
* Character Index: 1 (Opp.)
-> Audio-Related Property: 2 parameters
* Voice Line ID: 57
* Character Index: 1 (Opp.)
-> Audio-Related Property: 2 parameters
* Voice Line ID: 58
* Character Index: 1 (Opp.)
-> Audio-Related Property: 2 parameters
* Voice Line ID: 60
* Character Index: 1 (Opp.)
-> Audio-Related Property: 2 parameters
* Voice Line ID: 61
* Character Index: 1 (Opp.)
-> Audio-Related Property: 2 parameters
* Voice Line ID: 62
* Character Index: 0 (Opp.)
-> Audio-Related Property: 2 parameters
* Voice Line ID: 63
* Character Index: 0 (Opp.)
-> Audio-Related Property: 2 parameters
* Voice Line ID: 64
* Character Index: 0 (Opp.)
-> Audio-Related Property: 2 parameters
* Voice Line ID: 65
* Character Index: 0 (Opp.)
-> Audio-Related Property: 2 parameters
* Voice Line ID: 66
* Character Index: 0 (Opp.)
-> Audio-Related Property: 2 parameters
* Voice Line ID: 67
* Character Index: 0 (Opp.)
-> Audio-Related Property: 2 parameters
* Voice Line ID: 68
* Character Index: 0
-> Audio-Related Property: 2 parameters
* Voice Line ID: 69
* Character Index: 0
-> Audio-Related Property: 2 parameters
* Voice Line ID: 70
* Character Index: 0 (Opp.)
-> Audio-Related Property: 2 parameters
* Voice Line ID: 71
* Character Index: 0
-> Audio-Related Property: 2 parameters
* Voice Line ID: 75
* Character Index: 0 (Opp.)
-> Audio-Related Property: 2 parameters
* Voice Line ID: 76
* Character Index: 0 (Opp.)

===== SCENE 10000 =====

[Scene Start]

[Battle End: 1 parameter]
* Battle Outcome ID: -1

[Store Character Positions]

[Assign Character Position & Rotation: 7 parameters]
* Character Index: 0
* Position (X): 75.0
* Position (Y): 0.0
* Position (Z): 175.0
* Rotation (X): 0.0
* Rotation (Y): 0.0
* Rotation (Z): 0.0

[Assign Character Position & Rotation: 7 parameters]
* Character Index: 0 (Opp.)
* Position (X): 75.0
* Position (Y): 0.0
* Position (Z): 175.0
* Rotation (X): 0.0
* Rotation (Y): 0.0
* Rotation (Z): 0.0

[Primary Camera Point: 6 parameters]
* Position (X): -92.02
* Position (Y): -48.67
* Position (Z): 40.208
* Rotation (Y): 106.541
* Rotation (X): -54.202003
* Rotation (Z): 0.0

[Wait for Period of Time: 1 parameter]
* Time (s): 3.5
-> PROPERTY 119

[Primary Camera Point: 6 parameters]
* Position (X): 145.17
* Position (Y): -111.14
* Position (Z): 52.848
* Rotation (Y): -16.121
* Rotation (X): 153.002
* Rotation (Z): 0.0

[Wait for Period of Time: 1 parameter]
* Time (s): 2.5
-> PROPERTY 119

[Primary Camera Point: 6 parameters]
* Position (X): -93.65
* Position (Y): -294.26
* Position (Z): 119.628
* Rotation (Y): -2.221
* Rotation (X): -104.982
* Rotation (Z): 0.0

[Wait for Period of Time: 1 parameter]
* Time (s): 2.5
-> PROPERTY 119

[Primary Camera Point: 6 parameters]
* Position (X): -26.333
* Position (Y): -41.804
* Position (Z): 135.399
* Rotation (Y): 35.083
* Rotation (X): 147.845
* Rotation (Z): 0.0

[Secondary Camera Point]
-> Additional Camera Point: 7 parameters
* Time (s): 4.2
* Position (X): -26.333
* Position (Y): -41.804
* Position (Z): 135.399
* Rotation (Y): -19.073
* Rotation (X): 147.845
* Rotation (Z): 0.0

[Wait for Period of Time: 1 parameter]
* Time (s): 4.3
-> PROPERTY 119

[Primary Camera Point: 6 parameters]
* Position (X): -20.29
* Position (Y): -31.6
* Position (Z): 123.768
* Rotation (Y): -14.811
* Rotation (X): 156.20201
* Rotation (Z): 0.0

[Wait for Period of Time: 1 parameter]
* Time (s): 1.5

[Assign Character Position & Rotation: 7 parameters]
* Character Index: 0
* Position (X): 0.0
* Position (Y): 0.0
* Position (Z): 75.0
* Rotation (X): 0.0
* Rotation (Y): 0.0
* Rotation (Z): 0.0

[Assign Character Position & Rotation: 7 parameters]
* Character Index: 0 (Opp.)
* Position (X): 0.0
* Position (Y): 0.0
* Position (Z): 75.0
* Rotation (X): 0.0
* Rotation (Y): 0.0
* Rotation (Z): 0.0

[Assign Animation: 2 parameters]
* Character Index: 0 (Opp.)
* ANM Name: SKILL_003_EVENT_1

[Assign Animation: 2 parameters]
* Character Index: 0
* ANM Name: SKILL_003_EVENT_1
-> Wait until End of ANM

[Play Character Voice Line: 2 parameters]
* Character Index: 0
* Voice Line ID: 0
-> Wait until End of Voice Line

[Primary Camera Point: 6 parameters]
* Position (X): 0.51
* Position (Y): -21.7
* Position (Z): 83.658
* Rotation (Y): -5.731
* Rotation (X): 128.45201
* Rotation (Z): 0.0

[Play Character Voice Line: 2 parameters]
* Character Index: 0 (Opp.)
* Voice Line ID: 1
-> Wait until End of Voice Line

[Primary Camera Point: 6 parameters]
* Position (X): -11.13
* Position (Y): -14.35
* Position (Z): 78.658
* Rotation (Y): -1.271
* Rotation (X): 116.772
* Rotation (Z): 0.0

[Play Character Voice Line: 2 parameters]
* Character Index: 0
* Voice Line ID: 2
-> Wait until End of Voice Line

[Primary Camera Point: 6 parameters]
* Position (X): -12.613
* Position (Y): -15.444
* Position (Z): 88.409004
* Rotation (Y): -23.693
* Rotation (X): 137.285
* Rotation (Z): 0.0

[Secondary Camera Point]
-> Additional Camera Point: 7 parameters
* Time (s): 3.2
* Position (X): -12.613
* Position (Y): -15.444
* Position (Z): 88.409004
* Rotation (Y): -4.263
* Rotation (X): 137.285
* Rotation (Z): 0.0

[Assign Animation: 2 parameters]
* Character Index: 0
* ANM Name: SKILL_003_EVENT_2
-> Wait until End of ANM

[Play Character Voice Line: 2 parameters]
* Character Index: 0
* Voice Line ID: 3
-> Wait until End of Voice Line

[Primary Camera Point: 6 parameters]
* Position (X): 1.832
* Position (Y): -14.064003
* Position (Z): 90.17801
* Rotation (Y): 0.985001
* Rotation (X): -179.073
* Rotation (Z): 0.0

[Assign Animation: 2 parameters]
* Character Index: 0
* ANM Name: SKILL_003_EVENT_3
-> Wait until End of ANM

[Play Character Voice Line: 2 parameters]
* Character Index: 0
* Voice Line ID: 4
-> Wait until End of Voice Line

[Primary Camera Point: 6 parameters]
* Position (X): 6.466
* Position (Y): -19.899
* Position (Z): 84.35
* Rotation (Y): 4.743
* Rotation (X): 155.897
* Rotation (Z): 0.0

[Wait for Period of Time: 1 parameter]
* Time (s): 4.5

[Assign Animation: 2 parameters]
* Character Index: 0 (Opp.)
* ANM Name: SKILL_003_EVENT_2

[Play Character Voice Line: 2 parameters]
* Character Index: 0 (Opp.)
* Voice Line ID: 5
-> Wait until End of Voice Line

[Assign Character Position & Rotation: 7 parameters]
* Character Index: 0 (Opp.)
* Position (X): 11.65
* Position (Y): 0.0
* Position (Z): 75.0
* Rotation (X): 0.0
* Rotation (Y): 0.0
* Rotation (Z): 0.0

[Primary Camera Point: 6 parameters]
* Position (X): -12.056
* Position (Y): -14.139
* Position (Z): 80.89
* Rotation (Y): 4.883
* Rotation (X): 97.587
* Rotation (Z): 0.0

[Assign Animation: 2 parameters]
* Character Index: 0 (Opp.)
* ANM Name: STAND_LOOP
-> Enable ANM Loop

[Play Character Voice Line: 2 parameters]
* Character Index: 0
* Voice Line ID: 6
-> Wait until End of Voice Line

[Play Character Voice Line: 2 parameters]
* Character Index: 0 (Opp.)
* Voice Line ID: 7
-> Wait until End of Voice Line

[Primary Camera Point: 6 parameters]
* Position (X): 3.936
* Position (Y): -11.739
* Position (Z): 77.7
* Rotation (Y): 0.213
* Rotation (X): -105.437
* Rotation (Z): 0.0

[Secondary Camera Point]
-> Additional Camera Point: 7 parameters
* Time (s): 3.2
* Position (X): 3.936
* Position (Y): -11.739
* Position (Z): 77.7
* Rotation (Y): 39.843
* Rotation (X): -105.437
* Rotation (Z): 0.0

[Play Character Voice Line: 2 parameters]
* Character Index: 0
* Voice Line ID: 8
-> Wait until End of Voice Line

[Store VFX Switches]

[Store Conditional Properties]
-> Scene Link: 2 parameters
* Condition: Immediate
* Scene ID: 10003
-> Scene Link: 2 parameters
* Condition: Win via K.O.
* Scene ID: 10003
-> Scene Link: 2 parameters
* Condition: Win via K.O. (Opp.)
* Scene ID: 10040
-> Scene Link: 2 parameters
* Condition: Win via Ringout
* Scene ID: 10051
-> Scene Link: 2 parameters
* Condition: Win via Ringout (Opp.)
* Scene ID: 10050
-> Audio Link: 2 parameters
* Condition: Immediate
* Voice Line ID: 4
-> Audio Link: 2 parameters
* Condition: Immediate
* Voice Line ID: 6
-> Audio Link: 2 parameters
* Condition: Immediate
* Voice Line ID: 7
-> Audio Link: 2 parameters
* Condition: Perform Aerial Clash
* Voice Line ID: 8
-> Audio Link: 2 parameters
* Condition: Perform Dragon Homing
* Voice Line ID: 9
-> Audio Link: 2 parameters
* Condition: Lose 1 Health Bar (Opp.)
* Voice Line ID: 22
-> Audio Link: 2 parameters
* Condition: Hit with 1st Blast 2
* Voice Line ID: 10
-> Audio Link: 2 parameters
* Condition: Hit with 2nd Blast 2
* Voice Line ID: 10
-> Audio Link: 2 parameters
* Condition: Lose 2 Health Bars (Opp.)
* Voice Line ID: 11
-> Audio Link: 2 parameters
* Condition: Fall into ground/water
* Voice Line ID: 12
-> Audio Link: 2 parameters
* Condition: Go in MAX POWER Mode (Opp.)
* Voice Line ID: 13
-> Audio Link: 2 parameters
* Condition: Perform Hyper Smash (Opp.)
* Voice Line ID: 14
-> Audio Link: 2 parameters
* Condition: Lose 2 Health Bars
* Voice Line ID: 15
-> Audio Link: 2 parameters
* Condition: Wait 20 seconds
* Voice Line ID: 16
-> Audio Link: 2 parameters
* Condition: Hit with 1st Blast 2 (Opp.)
* Voice Line ID: 17
-> Audio Link: 2 parameters
* Condition: Hit with 2nd Blast 2 (Opp.)
* Voice Line ID: 17
-> Audio Link: 2 parameters
* Condition: Perform Dragon Homing
* Voice Line ID: 63
-> Audio Link: 2 parameters
* Condition: Perform Vanishing Attack
* Voice Line ID: 18
-> Audio Link: 2 parameters
* Condition: Perform Rush Attack
* Voice Line ID: 19
-> Audio Link: 2 parameters
* Condition: Perform Rush Attack (Opp.)
* Voice Line ID: 20
-> Audio Link: 2 parameters
* Condition: Go in MAX POWER Mode
* Voice Line ID: 21
-> Audio Link: 2 parameters
* Condition: Perform Ultimate Blast (Opp.)
* Voice Line ID: 23
-> Audio Link: 2 parameters
* Condition: Lose 1 Health Bar
* Voice Line ID: 24
-> Audio Link: 2 parameters
* Condition: Perform Teleport
* Voice Line ID: 25
-> Audio Link: 2 parameters
* Condition: Perform Z-Counter
* Voice Line ID: 25
-> Audio Link: 2 parameters
* Condition: Perform Vanishing Attack (Opp.)
* Voice Line ID: 27
-> Audio Link: 2 parameters
* Condition: Hit with Ultimate Blast (Opp.)
* Voice Line ID: 35
-> Audio Link: 2 parameters
* Condition: Perform Throw (Opp.)
* Voice Line ID: 37

[Store Player's Character Changes]

[Store Opponent's Character Changes]

[Post-Cutscene Event: 2 parameters]
* Event ID: Switch with Teammate #2 (Opp.)
* Character ID: N/A

[Scene End & Battle Start]

===== SCENE 10003 =====

[Scene Start]

[Battle End: 1 parameter]
* Battle Outcome ID: -1

[Store Character Positions]

[Assign Character Position & Rotation: 7 parameters]
* Character Index: 0
* Position (X): 88.0
* Position (Y): 0.0
* Position (Z): 30.0
* Rotation (X): 0.0
* Rotation (Y): -90.0
* Rotation (Z): 0.0

[Assign Character Position & Rotation: 7 parameters]
* Character Index: 1 (Opp.)
* Position (X): -88.0
* Position (Y): 0.0
* Position (Z): 0.0
* Rotation (X): 0.0
* Rotation (Y): 90.0
* Rotation (Z): 0.0

[Primary Camera Point: 6 parameters]
* Position (X): -96.002
* Position (Y): -12.822
* Position (Z): 8.964
* Rotation (Y): -9.15
* Rotation (X): 138.321
* Rotation (Z): 0.0

[Secondary Camera Point]
-> Additional Camera Point: 7 parameters
* Time (s): 4.0
* Position (X): -96.002
* Position (Y): -14.822
* Position (Z): 8.964
* Rotation (Y): -9.15
* Rotation (X): 138.321
* Rotation (Z): 0.0

[Assign Animation: 2 parameters]
* Character Index: 1 (Opp.)
* ANM Name: SKILL_003_EVENT_1
-> Wait until End of ANM

[Assign Animation: 2 parameters]
* Character Index: 0
* ANM Name: STAND_LOOP
-> Wait until End of ANM

[Play Character Voice Line: 2 parameters]
* Character Index: 1 (Opp.)
* Voice Line ID: 9
-> Wait until End of Voice Line

[Play Character Voice Line: 2 parameters]
* Character Index: 1 (Opp.)
* Voice Line ID: 10
-> Wait until End of Voice Line

[Assign Character Position & Rotation: 7 parameters]
* Character Index: 0
* Position (X): 88.0
* Position (Y): 0.0
* Position (Z): 0.0
* Rotation (X): 0.0
* Rotation (Y): -90.0
* Rotation (Z): 0.0

[Primary Camera Point: 6 parameters]
* Position (X): -92.842
* Position (Y): -16.582
* Position (Z): 0.714
* Rotation (Y): -23.65
* Rotation (X): 96.431
* Rotation (Z): 0.0

[Assign Animation: 2 parameters]
* Character Index: 1 (Opp.)
* ANM Name: SKILL_003_EVENT_2
-> Wait until End of ANM

[Play Character Voice Line: 2 parameters]
* Character Index: 0
* Voice Line ID: 11
-> Wait until End of Voice Line

[Primary Camera Point: 6 parameters]
* Position (X): -89.891
* Position (Y): -16.812
* Position (Z): 6.76
* Rotation (Y): -14.796
* Rotation (X): 157.661
* Rotation (Z): 0.0

[Secondary Camera Point]
-> Additional Camera Point: 7 parameters
* Time (s): 3.0
* Position (X): -89.891
* Position (Y): -16.812
* Position (Z): 6.76
* Rotation (Y): -14.796
* Rotation (X): 133.351
* Rotation (Z): 0.0

[Play Character Voice Line: 2 parameters]
* Character Index: 0
* Voice Line ID: 12
-> Wait until End of Voice Line

[Primary Camera Point: 6 parameters]
* Position (X): -72.231
* Position (Y): -12.972
* Position (Z): -0.02
* Rotation (Y): -0.156
* Rotation (X): -89.541
* Rotation (Z): 0.0

[Assign Animation: 2 parameters]
* Character Index: 1 (Opp.)
* ANM Name: SKILL_003_EVENT_3
-> Wait until End of ANM

[Play Character Voice Line: 2 parameters]
* Character Index: 1 (Opp.)
* Voice Line ID: 13
-> Wait until End of Voice Line

[Primary Camera Point: 6 parameters]
* Position (X): 9.571
* Position (Y): -19.922
* Position (Z): 3.17
* Rotation (Y): -8.886
* Rotation (X): 90.811005
* Rotation (Z): 0.0

[Secondary Camera Point]
-> Additional Camera Point: 7 parameters
* Time (s): 4.0
* Position (X): 75.33
* Position (Y): -13.493
* Position (Z): 0.918
* Rotation (Y): -2.306
* Rotation (X): 93.098
* Rotation (Z): 0.0

[Play Character Voice Line: 2 parameters]
* Character Index: 0
* Voice Line ID: 14
-> Wait until End of Voice Line

[Primary Camera Point: 6 parameters]
* Position (X): 68.471
* Position (Y): -18.782
* Position (Z): -2.47
* Rotation (Y): -13.046
* Rotation (X): 84.231
* Rotation (Z): -24.98

[Assign Animation: 2 parameters]
* Character Index: 0
* ANM Name: INTRO_IN
-> Wait until End of ANM

[Play Character Voice Line: 2 parameters]
* Character Index: 0
* Voice Line ID: 15
-> Wait until End of Voice Line

[Primary Camera Point: 6 parameters]
* Position (X): -57.156002
* Position (Y): -15.825
* Position (Z): 5.807
* Rotation (Y): -6.867
* Rotation (X): -98.380005
* Rotation (Z): 0.0

[Secondary Camera Point]
-> Additional Camera Point: 7 parameters
* Time (s): 5.0
* Position (X): -75.887
* Position (Y): -13.541
* Position (Z): 3.058
* Rotation (Y): -6.19
* Rotation (X): -100.80003
* Rotation (Z): 0.0

[Enable Ki Charge Aura: 1 parameter]
* Character Index: 1 (Opp.)

[Assign Animation: 2 parameters]
* Character Index: 1 (Opp.)
* ANM Name: STAND_LOOP
-> Wait until End of ANM

[Play Character Voice Line: 2 parameters]
* Character Index: 1 (Opp.)
* Voice Line ID: 16
-> Wait until End of Voice Line

[Store VFX Switches]

[Store Conditional Properties]
-> Scene Link: 2 parameters
* Condition: Win via K.O.
* Scene ID: 10004
-> Scene Link: 2 parameters
* Condition: Win via K.O. (Opp.)
* Scene ID: 10041
-> Scene Link: 2 parameters
* Condition: Wait 30 seconds
* Scene ID: 10004
-> Audio Link: 2 parameters
* Condition: Immediate
* Voice Line ID: 17
-> Audio Link: 2 parameters
* Condition: Immediate
* Voice Line ID: 18
-> Audio Link: 2 parameters
* Condition: Immediate
* Voice Line ID: 19
-> Audio Link: 2 parameters
* Condition: Immediate
* Voice Line ID: 20
-> Audio Link: 2 parameters
* Condition: Immediate
* Voice Line ID: 21

[Store Player's Character Changes]

[Store Opponent's Character Changes]

[Post-Cutscene Event: 2 parameters]
* Event ID: Battle Finish
* Character ID: N/A

[Scene End & Battle Start]

===== SCENE 10004 =====

[Scene Start]

[Battle End: 1 parameter]
* Battle Outcome ID: -1

[Store Character Positions]

[Trigger Fade-Out: 1 parameter]
* Time (s): 1.2

[Assign Character Position & Rotation: 7 parameters]
* Character Index: 0
* Position (X): 70.0
* Position (Y): 0.0
* Position (Z): -35.0
* Rotation (X): 0.0
* Rotation (Y): -90.0
* Rotation (Z): 0.0

[Assign Character Position & Rotation: 7 parameters]
* Character Index: 1 (Opp.)
* Position (X): -70.0
* Position (Y): 0.9
* Position (Z): -35.0
* Rotation (X): 0.0
* Rotation (Y): 90.0
* Rotation (Z): 0.0

[Assign Animation: 2 parameters]
* Character Index: 1
* ANM Name: GROUND_TIRED
-> Enable ANM Loop

[Assign Animation: 2 parameters]
* Character Index: 1 (Opp.)
* ANM Name: STAND_LOOP
-> Enable ANM Loop

[Enable Ki Charge Aura: 1 parameter]
* Character Index: 0 (Opp.)

[Primary Camera Point: 6 parameters]
* Position (X): -51.602
* Position (Y): -5.762
* Position (Z): -33.158
* Rotation (Y): 3.141
* Rotation (X): -99.112
* Rotation (Z): 0.0

[Secondary Camera Point]
-> Additional Camera Point: 7 parameters
* Time (s): 1.5
* Position (X): 94.884
* Position (Y): -8.497
* Position (Z): -21.344
* Rotation (Y): 4.597
* Rotation (X): -104.694
* Rotation (Z): 0.0

[Play Character Voice Line: 2 parameters]
* Character Index: 1 (Opp.)
* Voice Line ID: 22
-> Wait until End of Voice Line

[Primary Camera Point: 6 parameters]
* Position (X): 73.562996
* Position (Y): -15.236
* Position (Z): -11.771
* Rotation (Y): -19.729
* Rotation (X): -179.921
* Rotation (Z): 0.0

[Secondary Camera Point]
-> Additional Camera Point: 7 parameters
* Time (s): 4.25
* Position (X): 51.382
* Position (Y): -14.267
* Position (Z): -23.991001
* Rotation (Y): -19.728
* Rotation (X): -235.27
* Rotation (Z): 0.0

[Play Character Voice Line: 2 parameters]
* Character Index: 0
* Voice Line ID: 23
-> Wait until End of Voice Line

[Primary Camera Point: 6 parameters]
* Position (X): -62.146
* Position (Y): -14.839999
* Position (Z): -28.24
* Rotation (Y): -4.281
* Rotation (X): -138.43001
* Rotation (Z): 0.0

[Play Character Voice Line: 2 parameters]
* Character Index: 1 (Opp.)
* Voice Line ID: 24
-> Wait until End of Voice Line

[Play Character Voice Line: 2 parameters]
* Character Index: 1 (Opp.)
* Voice Line ID: 25
-> Wait until End of Voice Line

[Assign Character Position & Rotation: 7 parameters]
* Character Index: 0
* Position (X): 44.0
* Position (Y): 0.0
* Position (Z): -44.9
* Rotation (X): 0.0
* Rotation (Y): -40.8
* Rotation (Z): 0.0

[Assign Character Position & Rotation: 7 parameters]
* Character Index: 0 (Opp.)
* Position (X): -47.8
* Position (Y): -0.7
* Position (Z): 106.1
* Rotation (X): 0.0
* Rotation (Y): 154.6
* Rotation (Z): 0.0

[Assign Animation: 2 parameters]
* Character Index: 0
* ANM Name: GROUND_TIRED
-> Enable ANM Loop

[Assign Animation: 2 parameters]
* Character Index: 1 (Opp.)
* ANM Name: GROUND
-> Enable ANM Loop

[Primary Camera Point: 6 parameters]
* Position (X): -64.534
* Position (Y): -26.067
* Position (Z): 120.132
* Rotation (Y): -16.142
* Rotation (X): 146.284
* Rotation (Z): 0.0

[Secondary Camera Point]
-> Additional Camera Point: 7 parameters
* Time (s): 4.0
* Position (X): -59.867
* Position (Y): -23.498
* Position (Z): 113.139
* Rotation (Y): -13.443
* Rotation (X): 146.284
* Rotation (Z): 0.0
-> Additional Camera Point: 7 parameters
* Time (s): 1.0
* Position (X): 38.495
* Position (Y): -8.132
* Position (Z): -35.521
* Rotation (Y): 12.811
* Rotation (X): 147.205
* Rotation (Z): 0.0

[Assign Animation: 2 parameters]
* Character Index: 0
* ANM Name: CHARGE_IN
-> Wait until End of ANM

[Enable Ki Charge Aura: 1 parameter]
* Character Index: 1

[Trigger Camera Shake: 1 parameter]
* Force/Intensity: 1.0

[Assign Animation: 2 parameters]
* Character Index: 0
* ANM Name: CHARGE_LOOP
-> Enable ANM Loop

[Play Character Voice Line: 2 parameters]
* Character Index: 0
* Voice Line ID: 26
-> Wait until End of Voice Line

[Music Change: 1 parameter]
* Music: DBAF OST - 10th Man Down
-> PROPERTY 119

[Store VFX Switches]

[Store Conditional Properties]
-> Scene Link: 2 parameters
* Condition: Lose 4 Health Bars (Opp.)
* Scene ID: 10005
-> Scene Link: 2 parameters
* Condition: Win via K.O.
* Scene ID: 10005
-> Scene Link: 2 parameters
* Condition: Win via K.O. (Opp.)
* Scene ID: 10041
-> Audio Link: 2 parameters
* Condition: Immediate
* Voice Line ID: 27
-> Audio Link: 2 parameters
* Condition: Immediate
* Voice Line ID: 28
-> Audio Link: 2 parameters
* Condition: Immediate
* Voice Line ID: 29
-> Audio Link: 2 parameters
* Condition: Immediate
* Voice Line ID: 30

[Store Player's Character Changes]
-> Add Health: 1 parameter
* Health (%): 50

[Store Opponent's Character Changes]
-> Add Health: 1 parameter
* Health (%): 50

[Post-Cutscene Event: 2 parameters]
* Event ID: Assign Transformation
* Character ID: Goku (AF/GT) - Super Saiyajin 5

[Scene End & Battle Start]

===== SCENE 10005 =====

[Scene Start]

[Battle End: 1 parameter]
* Battle Outcome ID: -1

[Store Character Positions]

[Trigger Fade-Out: 1 parameter]
* Time (s): 1.2

[Assign Character Position & Rotation: 7 parameters]
* Character Index: 1 (Opp.)
* Position (X): -40.0
* Position (Y): 0.0
* Position (Z): -35.0
* Rotation (X): 0.0
* Rotation (Y): 48.8
* Rotation (Z): 0.0

[Assign Character Position & Rotation: 7 parameters]
* Character Index: 0
* Position (X): 40.0
* Position (Y): 0.0
* Position (Z): 35.0
* Rotation (X): 0.0
* Rotation (Y): -131.2
* Rotation (Z): 0.0

[Enable Ki Charge Aura: 1 parameter]
* Character Index: 0 (Opp.)

[Primary Camera Point: 6 parameters]
* Position (X): 32.908
* Position (Y): -1.134
* Position (Z): 10.551
* Rotation (Y): 17.185
* Rotation (X): 9.185
* Rotation (Z): 0.0

[Secondary Camera Point]
-> Additional Camera Point: 7 parameters
* Time (s): 1.5
* Position (X): 34.185
* Position (Y): -7.511
* Position (Z): 18.443
* Rotation (Y): 8.0225
* Rotation (X): 9.185
* Rotation (Z): 0.0

[Assign Animation: 2 parameters]
* Character Index: 0
* ANM Name: GROUND
-> Enable ANM Loop

[Assign Animation: 2 parameters]
* Character Index: 1 (Opp.)
* ANM Name: INTRO_IN
-> Wait until End of ANM

[Assign Animation: 2 parameters]
* Character Index: 1 (Opp.)
* ANM Name: INTRO_LOOP
-> Enable ANM Loop

[Play Character Voice Line: 2 parameters]
* Character Index: 0
* Voice Line ID: 34
-> Wait until End of Voice Line

[Primary Camera Point: 6 parameters]
* Position (X): 7.066
* Position (Y): -9.3655
* Position (Z): 16.703
* Rotation (Y): 13.564
* Rotation (X): 61.89
* Rotation (Z): 0.0

[Secondary Camera Point]
-> Additional Camera Point: 7 parameters
* Time (s): 4.0
* Position (X): 22.25
* Position (Y): -5.268
* Position (Z): 25.36
* Rotation (Y): 20.95
* Rotation (X): 59.724
* Rotation (Z): 0.0

[Play Character Voice Line: 2 parameters]
* Character Index: 0
* Voice Line ID: 35
-> Wait until End of Voice Line

[Primary Camera Point: 6 parameters]
* Position (X): -26.334
* Position (Y): -21.439
* Position (Z): -7.016
* Rotation (Y): -20.444
* Rotation (X): -157.887
* Rotation (Z): 0.0

[Secondary Camera Point]
-> Additional Camera Point: 7 parameters
* Time (s): 7.0
* Position (X): -30.624
* Position (Y): -24.061
* Position (Z): -26.238
* Rotation (Y): -18.945
* Rotation (X): -138.657
* Rotation (Z): 0.0

[Play Character Voice Line: 2 parameters]
* Character Index: 1 (Opp.)
* Voice Line ID: 36
-> Wait until End of Voice Line

[Primary Camera Point: 6 parameters]
* Position (X): 48.874
* Position (Y): -22.201
* Position (Z): 58.111
* Rotation (Y): -22.992
* Rotation (X): -143.445
* Rotation (Z): 0.0

[Secondary Camera Point]
-> Additional Camera Point: 7 parameters
* Time (s): 7.0
* Position (X): 41.554
* Position (Y): -15.345
* Position (Z): 44.409
* Rotation (Y): -7.615
* Rotation (X): -136.03
* Rotation (Z): 0.0

[Play Character Voice Line: 2 parameters]
* Character Index: 1 (Opp.)
* Voice Line ID: 37
-> Wait until End of Voice Line

[Play Character Voice Line: 2 parameters]
* Character Index: 1 (Opp.)
* Voice Line ID: 38
-> Wait until End of Voice Line

[Primary Camera Point: 6 parameters]
* Position (X): 27.254
* Position (Y): -11.421
* Position (Z): 38.252
* Rotation (Y): 4.533
* Rotation (X): 119.604
* Rotation (Z): 0.0

[Secondary Camera Point]
-> Additional Camera Point: 7 parameters
* Time (s): 8.0
* Position (X): 31.723
* Position (Y): -14.122
* Position (Z): 29.255
* Rotation (Y): -4.931
* Rotation (X): 54.651
* Rotation (Z): 0.0

[Play Character Voice Line: 2 parameters]
* Character Index: 0
* Voice Line ID: 39
-> Wait until End of Voice Line

[Store VFX Switches]

[Store Conditional Properties]
-> Scene Link: 2 parameters
* Condition: Wait 45 seconds
* Scene ID: 10006
-> Scene Link: 2 parameters
* Condition: Lose 5 Health Bars
* Scene ID: 10006
-> Scene Link: 2 parameters
* Condition: Lose 5 Health Bars (Opp.)
* Scene ID: 10006
-> Scene Link: 2 parameters
* Condition: Win via K.O.
* Scene ID: 10006
-> Scene Link: 2 parameters
* Condition: Win via K.O. (Opp.)
* Scene ID: 10041
-> Audio Link: 2 parameters
* Condition: Immediate
* Voice Line ID: 40
-> Audio Link: 2 parameters
* Condition: Immediate
* Voice Line ID: 41
-> Audio Link: 2 parameters
* Condition: Immediate
* Voice Line ID: 42

[Store Player's Character Changes]

[Store Opponent's Character Changes]
-> Add Health: 1 parameter
* Health (%): 100
-> Replace Z-Item #2: 1 parameter
* Z-Item #2: Defense +10

[Post-Cutscene Event: 2 parameters]
* Event ID: Normal Clash (Opp.)
* Character ID: N/A

[Scene End & Battle Start]

===== SCENE 10006 =====

[Scene Start]

[Battle End: 1 parameter]
* Battle Outcome ID: -1

[Store Character Positions]

[Assign Character Position & Rotation: 7 parameters]
* Character Index: 0
* Position (X): -20.0
* Position (Y): 0.0
* Position (Z): 0.0
* Rotation (X): 0.0
* Rotation (Y): 90.0
* Rotation (Z): 0.0

[Assign Character Position & Rotation: 7 parameters]
* Character Index: 1 (Opp.)
* Position (X): 53.0
* Position (Y): 0.0
* Position (Z): 0.0
* Rotation (X): 0.0
* Rotation (Y): -90.0
* Rotation (Z): 0.0

[Primary Camera Point: 6 parameters]
* Position (X): 41.257
* Position (Y): -16.1555
* Position (Z): -6.744
* Rotation (Y): -3.778
* Rotation (X): 57.062996
* Rotation (Z): 0.0

[Assign Animation: 2 parameters]
* Character Index: 0
* ANM Name: DAMAGE_LYING_TIRED_LOOP
-> Enable ANM Loop

[Assign Animation: 2 parameters]
* Character Index: 1 (Opp.)
* ANM Name: WIN_IN
-> Wait until End of ANM

[Assign Animation: 2 parameters]
* Character Index: 1 (Opp.)
* ANM Name: WIN_LOOP
-> Enable ANM Loop

[Play Character Voice Line: 2 parameters]
* Character Index: 1 (Opp.)
* Voice Line ID: 43
-> Wait until End of Voice Line

[Primary Camera Point: 6 parameters]
* Position (X): -23.23861
* Position (Y): -8.2
* Position (Z): -2.634
* Rotation (Y): -65.814
* Rotation (X): -37.777
* Rotation (Z): 0.0

[Play Character Voice Line: 2 parameters]
* Character Index: 0
* Voice Line ID: 44
-> Wait until End of Voice Line

[Primary Camera Point: 6 parameters]
* Position (X): -18.312313
* Position (Y): -19.081
* Position (Z): 2.234
* Rotation (Y): -75.347
* Rotation (X): -123.854004
* Rotation (Z): 0.0

[Secondary Camera Point]
-> Additional Camera Point: 7 parameters
* Time (s): 4.5
* Position (X): -20.670061
* Position (Y): -8.2115
* Position (Z): 0.657999
* Rotation (Y): -66.881
* Rotation (X): -123.852
* Rotation (Z): 0.0

[Play Character Voice Line: 2 parameters]
* Character Index: 0
* Voice Line ID: 45
-> Wait until End of Voice Line

[Primary Camera Point: 6 parameters]
* Position (X): -23.373
* Position (Y): -7.888
* Position (Z): -2.216
* Rotation (Y): -63.393997
* Rotation (X): -7.429004
* Rotation (Z): 0.0

[Secondary Camera Point]
-> Additional Camera Point: 7 parameters
* Time (s): 3.0
* Position (X): -23.373
* Position (Y): -7.888
* Position (Z): -2.216
* Rotation (Y): -63.393997
* Rotation (X): -7.429004
* Rotation (Z): 0.0
-> Additional Camera Point: 7 parameters
* Time (s): 0.0
* Position (X): 45.403
* Position (Y): -15.618
* Position (Z): 6.526
* Rotation (Y): -3.673999
* Rotation (X): 89.539
* Rotation (Z): 0.0
-> Additional Camera Point: 7 parameters
* Time (s): 5.0
* Position (X): 45.403
* Position (Y): -15.618
* Position (Z): -0.286
* Rotation (Y): -3.673999
* Rotation (X): 89.539
* Rotation (Z): 0.0

[Play Character Voice Line: 2 parameters]
* Character Index: 4
* Voice Line ID: 46
-> Wait until End of Voice Line

[Primary Camera Point: 6 parameters]
* Position (X): -3.472999
* Position (Y): -15.04
* Position (Z): 0.826
* Rotation (Y): -7.036
* Rotation (X): -90.41
* Rotation (Z): 0.0

[Secondary Camera Point]
-> Additional Camera Point: 7 parameters
* Time (s): 3.0
* Position (X): -3.472999
* Position (Y): -15.04
* Position (Z): 0.826
* Rotation (Y): -7.036
* Rotation (X): -90.41
* Rotation (Z): 0.0
-> Additional Camera Point: 7 parameters
* Time (s): 0.5
* Position (X): 46.462997
* Position (Y): -21.2
* Position (Z): 1.186
* Rotation (Y): -7.036
* Rotation (X): -90.41
* Rotation (Z): 0.0

[Enable Ki Charge Aura: 1 parameter]
* Character Index: 1

[Assign Animation: 2 parameters]
* Character Index: 0
* ANM Name: CHARGE_IN
-> Wait until End of ANM

[Assign Animation: 2 parameters]
* Character Index: 0
* ANM Name: CHARGE_LOOP
-> Enable ANM Loop

[Play Character Voice Line: 2 parameters]
* Character Index: 0
* Voice Line ID: 47

[Trigger Camera Shake: 1 parameter]
* Force/Intensity: 4.0
-> PROPERTY 119

[Primary Camera Point: 6 parameters]
* Position (X): 61.51101
* Position (Y): -27.560007
* Position (Z): 8.204002
* Rotation (Y): -4.084001
* Rotation (X): -118.31702
* Rotation (Z): 0.0

[Secondary Camera Point]
-> Additional Camera Point: 7 parameters
* Time (s): 11.0625
* Position (X): 61.49206
* Position (Y): -21.98601
* Position (Z): 6.171002
* Rotation (Y): -10.295002
* Rotation (X): -110.85001
* Rotation (Z): 0.0

[Play Character Voice Line: 2 parameters]
* Character Index: 1 (Opp.)
* Voice Line ID: 48
-> Wait until End of Voice Line

[Store VFX Switches]

[Store Conditional Properties]
-> Scene Link: 2 parameters
* Condition: Wait 45 seconds (Opp.)
* Scene ID: 10011
-> Scene Link: 2 parameters
* Condition: Win via K.O.
* Scene ID: 10011
-> Scene Link: 2 parameters
* Condition: Win via K.O. (Opp.)
* Scene ID: 10041
-> Audio Link: 2 parameters
* Condition: Immediate
* Voice Line ID: 49
-> Audio Link: 2 parameters
* Condition: Immediate
* Voice Line ID: 50
-> Audio Link: 2 parameters
* Condition: Immediate
* Voice Line ID: 51
-> Audio Link: 2 parameters
* Condition: Immediate
* Voice Line ID: 52
-> Audio Link: 2 parameters
* Condition: Immediate
* Voice Line ID: 53
-> Audio Link: 2 parameters
* Condition: Immediate
* Voice Line ID: 54

[Store Player's Character Changes]
-> Add Health: 1 parameter
* Health (%): 60

[Store Opponent's Character Changes]
-> Add Health: 1 parameter
* Health (%): 100
-> Replace Z-Item #7: 1 parameter
* Z-Item #7: N/A

[Post-Cutscene Event: 2 parameters]
* Event ID: Aerial Clash
* Character ID: Turles - Super Saiyajin

[Scene End & Battle Start]

===== SCENE 10011 =====

[Scene Start]

[Battle End: 1 parameter]
* Battle Outcome ID: -1

[Store Character Positions]

[Trigger Fade-Out: 1 parameter]
* Time (s): 1.0

[Assign Character Position & Rotation: 7 parameters]
* Character Index: 0
* Position (X): 61.7
* Position (Y): -40.0
* Position (Z): 63.3
* Rotation (X): 0.0
* Rotation (Y): -135.7
* Rotation (Z): 0.0

[Assign Character Position & Rotation: 7 parameters]
* Character Index: 1 (Opp.)
* Position (X): -61.7
* Position (Y): 0.0
* Position (Z): -63.3
* Rotation (X): 0.0
* Rotation (Y): 44.3
* Rotation (Z): 0.0

[Enable Ki Charge Aura: 1 parameter]
* Character Index: 0

[Assign Animation: 2 parameters]
* Character Index: 1 (Opp.)
* ANM Name: GROUND
-> Enable ANM Loop

[Assign Animation: 2 parameters]
* Character Index: 0
* ANM Name: SKILL_005_CHARGE_D
-> Enable ANM Loop

[Primary Camera Point: 6 parameters]
* Position (X): 68.072
* Position (Y): -40.892
* Position (Z): 7.946001
* Rotation (Y): 8.52
* Rotation (X): -5.947002
* Rotation (Z): 0.0

[Secondary Camera Point]
-> Additional Camera Point: 7 parameters
* Time (s): 4.0
* Position (X): 63.725998
* Position (Y): -47.186
* Position (Z): 49.708
* Rotation (Y): 8.521001
* Rotation (X): -5.945999
* Rotation (Z): 0.0

[Play Character Voice Line: 2 parameters]
* Character Index: 0
* Voice Line ID: 55
-> Wait until End of Voice Line

[Primary Camera Point: 6 parameters]
* Position (X): -53.017
* Position (Y): -18.701
* Position (Z): -41.82
* Rotation (Y): -12.679
* Rotation (X): -159.681
* Rotation (Z): 0.0

[Secondary Camera Point]
-> Additional Camera Point: 7 parameters
* Time (s): 4.0
* Position (X): -57.974
* Position (Y): -16.744
* Position (Z): -55.213997
* Rotation (Y): -12.678
* Rotation (X): -159.686
* Rotation (Z): 0.0

[Play Character Voice Line: 2 parameters]
* Character Index: 1 (Opp.)
* Voice Line ID: 56
-> Wait until End of Voice Line

[Primary Camera Point: 6 parameters]
* Position (X): -64.068
* Position (Y): -11.483
* Position (Z): -83.719
* Rotation (Y): -16.438002
* Rotation (X): 25.861004
* Rotation (Z): -20.51

[Secondary Camera Point]
-> Additional Camera Point: 7 parameters
* Time (s): 7.5
* Position (X): -64.068
* Position (Y): -11.483
* Position (Z): -83.719
* Rotation (Y): 4.208001
* Rotation (X): 25.861004
* Rotation (Z): -20.51

[Play Character Voice Line: 2 parameters]
* Character Index: 1 (Opp.)
* Voice Line ID: 57
-> Wait until End of Voice Line

[Store VFX Switches]

[Store Conditional Properties]
-> Scene Link: 2 parameters
* Condition: Win via K.O. (Opp.)
* Scene ID: 10041
-> Scene Link: 2 parameters
* Condition: Hit with Ultimate Blast
* Scene ID: 10007
-> Audio Link: 2 parameters
* Condition: Immediate
* Voice Line ID: 58

[Store Player's Character Changes]

[Store Opponent's Character Changes]
-> Replace Z-Item #7: 1 parameter
* Z-Item #7: Absolutely Invincible Body

[Post-Cutscene Event: 2 parameters]
* Event ID: Trigger Ultimate Blast
* Character ID: N/A

[Scene End & Battle Start]

===== SCENE 10007 =====

[Scene Start]

[Battle End: 1 parameter]
* Battle Outcome ID: -1

[Store Character Positions]

[Assign Character Position & Rotation: 7 parameters]
* Character Index: 0 (Opp.)
* Position (X): -51.4
* Position (Y): 0.0
* Position (Z): 61.3
* Rotation (X): 0.0
* Rotation (Y): 140.0
* Rotation (Z): 0.0

[Assign Character Position & Rotation: 7 parameters]
* Character Index: 0
* Position (X): 51.4
* Position (Y): 0.0
* Position (Z): -61.3
* Rotation (X): 0.0
* Rotation (Y): -40.0
* Rotation (Z): 0.0

[Assign Animation: 2 parameters]
* Character Index: 0
* ANM Name: SURPRISED
-> Enable ANM Loop

[Assign Animation: 2 parameters]
* Character Index: 1 (Opp.)
* ANM Name: GROUND
-> Enable ANM Loop

[Primary Camera Point: 6 parameters]
* Position (X): -55.472
* Position (Y): -26.898998
* Position (Z): 88.014
* Rotation (Y): -17.18
* Rotation (X): 142.362
* Rotation (Z): 0.0

[Secondary Camera Point]
-> Additional Camera Point: 7 parameters
* Time (s): 15.0
* Position (X): -77.813
* Position (Y): -26.898998
* Position (Z): 70.786
* Rotation (Y): -17.18
* Rotation (X): 138.954
* Rotation (Z): 0.0

[Play Character Voice Line: 2 parameters]
* Character Index: 0
* Voice Line ID: 59
-> Wait until End of Voice Line

[Play Character Voice Line: 2 parameters]
* Character Index: 0
* Voice Line ID: 60
-> Wait until End of Voice Line

[Music Change: 1 parameter]
* Music: MVerse - Orochimaru Theme
-> PROPERTY 119

[Primary Camera Point: 6 parameters]
* Position (X): -21.278
* Position (Y): -11.682
* Position (Z): 24.517
* Rotation (Y): -0.529
* Rotation (X): -35.153
* Rotation (Z): 0.0

[Secondary Camera Point]
-> Additional Camera Point: 7 parameters
* Time (s): 7.0
* Position (X): -40.919
* Position (Y): -36.13
* Position (Z): 36.107
* Rotation (Y): -42.192
* Rotation (X): -16.313
* Rotation (Z): 0.0

[Trigger Camera Shake: 1 parameter]
* Force/Intensity: 4.0

[Enable Ki Charge Aura: 1 parameter]
* Character Index: 0 (Opp.)

[Assign Animation: 2 parameters]
* Character Index: 1 (Opp.)
* ANM Name: TRANSFORMATION_IN
-> Wait until End of ANM

[Assign Animation: 2 parameters]
* Character Index: 1 (Opp.)
* ANM Name: TRANSFORMATION_LOOP
-> Enable ANM Loop

[Play Character Voice Line: 2 parameters]
* Character Index: 1 (Opp.)
* Voice Line ID: 61
-> Wait until End of Voice Line

[Store VFX Switches]

[Store Conditional Properties]
-> Scene Link: 2 parameters
* Condition: Immediate
* Scene ID: 10008
-> Scene Link: 2 parameters
* Condition: Win via K.O.
* Scene ID: 10008
-> Scene Link: 2 parameters
* Condition: Win via K.O. (Opp.)
* Scene ID: 10041

[Store Player's Character Changes]
-> Replace Z-Item #7: 1 parameter
* Z-Item #7: Attack -25

[Store Opponent's Character Changes]
-> Add Health: 1 parameter
* Health (%): 100
-> Replace Z-Item #7: 1 parameter
* Z-Item #7: Defense +50

[Post-Cutscene Event: 2 parameters]
* Event ID: Assign Transformation (Opp.)
* Character ID: Evil Goku

[Scene End & Battle Start]

===== SCENE 10008 =====

[Scene Start]

[Battle End: 1 parameter]
* Battle Outcome ID: -1

[Store Character Positions]

[Trigger Fade-Out: 1 parameter]
* Time (s): 1.2

[Assign Character Position & Rotation: 7 parameters]
* Character Index: 0
* Position (X): 88.0
* Position (Y): 0.0
* Position (Z): 0.0
* Rotation (X): 0.0
* Rotation (Y): -90.0
* Rotation (Z): 0.0

[Assign Character Position & Rotation: 7 parameters]
* Character Index: 0 (Opp.)
* Position (X): -55.0
* Position (Y): 0.0
* Position (Z): 0.0
* Rotation (X): 0.0
* Rotation (Y): 90.0
* Rotation (Z): 0.0

[Primary Camera Point: 6 parameters]
* Position (X): 76.719
* Position (Y): -3.333
* Position (Z): 0.949
* Rotation (Y): 37.649
* Rotation (X): 94.719
* Rotation (Z): 0.0

[Assign Animation: 2 parameters]
* Character Index: 0
* ANM Name: GROUND
-> Enable ANM Loop

[Assign Animation: 2 parameters]
* Character Index: 1 (Opp.)
* ANM Name: GROUND
-> Enable ANM Loop

[Play Character Voice Line: 2 parameters]
* Character Index: 0
* Voice Line ID: 62
-> Wait until End of Voice Line

[Primary Camera Point: 6 parameters]
* Position (X): -45.142
* Position (Y): -15.686
* Position (Z): 0.014
* Rotation (Y): -50.594
* Rotation (X): -90.765
* Rotation (Z): 0.0

[Secondary Camera Point]
-> Additional Camera Point: 7 parameters
* Time (s): 5.0
* Position (X): -45.142
* Position (Y): -15.686
* Position (Z): 0.014
* Rotation (Y): -11.174
* Rotation (X): -90.765
* Rotation (Z): 0.0

[Assign Animation: 2 parameters]
* Character Index: 0
* ANM Name: INTRO_IN
-> Wait until End of ANM

[Assign Animation: 2 parameters]
* Character Index: 0
* ANM Name: INTRO_LOOP
-> Enable ANM Loop

[Play Character Voice Line: 2 parameters]
* Character Index: 1 (Opp.)
* Voice Line ID: 63
-> Wait until End of Voice Line

[Primary Camera Point: 6 parameters]
* Position (X): -43.632
* Position (Y): -15.096
* Position (Z): 1.504
* Rotation (Y): -17.084
* Rotation (X): -102.045006
* Rotation (Z): 0.0

[Secondary Camera Point]
-> Additional Camera Point: 7 parameters
* Time (s): 6.0
* Position (X): 21.072
* Position (Y): -35.416
* Position (Z): 15.304
* Rotation (Y): -17.084
* Rotation (X): -102.045006
* Rotation (Z): 0.0

[Enable MAX POWER Mode Explosion: 1 parameter]
* Character Index: 0 (Opp.)

[Play Character Voice Line: 2 parameters]
* Character Index: 1 (Opp.)
* Voice Line ID: 64
-> Wait until End of Voice Line

[Enable Ki Charge Aura: 1 parameter]
* Character Index: 1 (Opp.)

[Play Character Voice Line: 2 parameters]
* Character Index: 1 (Opp.)
* Voice Line ID: 65
-> Wait until End of Voice Line

[Music Change: 1 parameter]
* Music: DBAF OST - Cruelty
-> PROPERTY 119

[Store VFX Switches]

[Store Conditional Properties]
-> Scene Link: 2 parameters
* Condition: Win via K.O.
* Scene ID: 10001
-> Scene Link: 2 parameters
* Condition: Win via K.O. (Opp.)
* Scene ID: 10001
-> Scene Link: 2 parameters
* Condition: Hit with 2nd Blast 2 (Opp.)
* Scene ID: 10001

[Store Player's Character Changes]

[Store Opponent's Character Changes]
-> Replace Z-Item #7: 1 parameter
* Z-Item #7: Go To Hell

[Post-Cutscene Event: 2 parameters]
* Event ID: Trigger 2nd Blast 2 (Opp.)
* Character ID: N/A

[Scene End & Battle Start]

===== SCENE 10001 =====

[Scene Start]

[Battle End: 1 parameter]
* Battle Outcome ID: -1

[Store Character Positions]

[Trigger Fade-Out: 1 parameter]
* Time (s): 1.2

[Store VFX Switches]

[Store Conditional Properties]
-> Scene Link: 2 parameters
* Condition: Immediate
* Scene ID: 10002
-> Scene Link: 2 parameters
* Condition: Win via K.O.
* Scene ID: 10002
-> Scene Link: 2 parameters
* Condition: Win via K.O. (Opp.)
* Scene ID: 10041

[Store Player's Character Changes]
-> Add Health: 1 parameter
* Health (%): 50

[Store Opponent's Character Changes]

[Post-Cutscene Event: 2 parameters]
* Event ID: Assign Transformation
* Character ID: Goku (AF/GT)

[Scene End & Battle Start]

===== SCENE 10002 =====

[Scene Start]

[Battle End: 1 parameter]
* Battle Outcome ID: -1

[Store Character Positions]

[Trigger Fade-Out: 1 parameter]
* Time (s): 1.2

[Assign Character Position & Rotation: 7 parameters]
* Character Index: 0
* Position (X): 0.0
* Position (Y): 0.0
* Position (Z): 75.0
* Rotation (X): 0.0
* Rotation (Y): -180.0
* Rotation (Z): 0.0

[Assign Character Position & Rotation: 7 parameters]
* Character Index: 0 (Opp.)
* Position (X): 0.0
* Position (Y): 0.0
* Position (Z): 75.0
* Rotation (X): 0.0
* Rotation (Y): -180.0
* Rotation (Z): 0.0

[Assign Animation: 2 parameters]
* Character Index: 0
* ANM Name: DAMAGE_LYING_TIRED_LOOP
-> Enable ANM Loop

[Primary Camera Point: 6 parameters]
* Position (X): -3.703
* Position (Y): -5.826
* Position (Z): 85.81
* Rotation (Y): -15.417
* Rotation (X): 157.917
* Rotation (Z): 0.0

[Secondary Camera Point]
-> Additional Camera Point: 7 parameters
* Time (s): 4.0
* Position (X): -11.6
* Position (Y): -5.821001
* Position (Z): 78.99
* Rotation (Y): -14.343
* Rotation (X): 104.197
* Rotation (Z): 0.0

[Assign Animation: 2 parameters]
* Character Index: 1 (Opp.)
* ANM Name: SKILL_003_EVENT_1
-> Wait until End of ANM

[Play Character Voice Line: 2 parameters]
* Character Index: 1 (Opp.)
* Voice Line ID: 66
-> Wait until End of Voice Line

[Primary Camera Point: 6 parameters]
* Position (X): -11.6
* Position (Y): -5.821001
* Position (Z): 78.99
* Rotation (Y): -14.343
* Rotation (X): 104.197
* Rotation (Z): 0.0

[Secondary Camera Point]
-> Additional Camera Point: 7 parameters
* Time (s): 0.7
* Position (X): -6.31
* Position (Y): -4.711001
* Position (Z): 80.43
* Rotation (Y): 1.783
* Rotation (X): 96.677
* Rotation (Z): 0.0

[Assign Animation: 2 parameters]
* Character Index: 1 (Opp.)
* ANM Name: SKILL_003_EVENT_2
-> Wait until End of ANM

[Play Character Voice Line: 2 parameters]
* Character Index: 1 (Opp.)
* Voice Line ID: 67
-> Wait until End of Voice Line

[Play Character Voice Line: 2 parameters]
* Character Index: 0
* Voice Line ID: 68
-> Wait until End of Voice Line

[Primary Camera Point: 6 parameters]
* Position (X): -7.5
* Position (Y): -4.311001
* Position (Z): 77.32
* Rotation (Y): -3.593
* Rotation (X): 92.157
* Rotation (Z): 0.0

[Assign Animation: 2 parameters]
* Character Index: 1 (Opp.)
* ANM Name: SKILL_003_EVENT_3
-> Wait until End of ANM

[Play Character Voice Line: 2 parameters]
* Character Index: 1 (Opp.)
* Voice Line ID: 69
-> Wait until End of Voice Line

[Enable MAX POWER Mode Explosion: 1 parameter]
* Character Index: 1 (Opp.)
-> PROPERTY 119

[Assign Animation: 2 parameters]
* Character Index: 0
* ANM Name: LOSE

[Assign Character Position & Rotation: 7 parameters]
* Character Index: 0
* Position (X): 0.0
* Position (Y): 0.0
* Position (Z): 75.0
* Rotation (X): 0.0
* Rotation (Y): -180.0
* Rotation (Z): 0.0

[Assign Character Position & Rotation: 7 parameters]
* Character Index: 1 (Opp.)
* Position (X): 0.0
* Position (Y): 0.0
* Position (Z): -75.0
* Rotation (X): 0.0
* Rotation (Y): 0.0
* Rotation (Z): 0.0

[Primary Camera Point: 6 parameters]
* Position (X): -7.043
* Position (Y): -14.956
* Position (Z): -78.79
* Rotation (Y): -3.597
* Rotation (X): 125.467
* Rotation (Z): 0.0

[Assign Animation: 2 parameters]
* Character Index: 1 (Opp.)
* ANM Name: WIN_IN
-> Enable ANM Loop
-> Wait until End of ANM

[Assign Animation: 2 parameters]
* Character Index: 1 (Opp.)
* ANM Name: WIN_LOOP
-> Enable ANM Loop

[Play Character Voice Line: 2 parameters]
* Character Index: 1 (Opp.)
* Voice Line ID: 70
-> Wait until End of Voice Line

[Store VFX Switches]

[Store Conditional Properties]
-> Scene Link: 2 parameters
* Condition: Win via K.O. (Opp.)
* Scene ID: 10012
-> Scene Link: 2 parameters
* Condition: Hit with Ultimate Blast (Opp.)
* Scene ID: 10012

[Store Player's Character Changes]

[Store Opponent's Character Changes]
-> Replace Z-Item #7: 1 parameter
* Z-Item #7: Go To Hell

[Post-Cutscene Event: 2 parameters]
* Event ID: Trigger Ultimate Blast (Opp.)
* Character ID: N/A

[Scene End & Battle Start]

===== SCENE 10012 =====

[Scene Start]

[Battle End: 1 parameter]
* Battle Outcome ID: -1

[Store Character Positions]

[Trigger Fade-Out: 1 parameter]
* Time (s): 1.2

[Assign Character Position & Rotation: 7 parameters]
* Character Index: 0
* Position (X): 0.0
* Position (Y): 0.0
* Position (Z): 75.0
* Rotation (X): 0.0
* Rotation (Y): -180.0
* Rotation (Z): 0.0

[Assign Character Position & Rotation: 7 parameters]
* Character Index: 1 (Opp.)
* Position (X): 0.0
* Position (Y): 0.0
* Position (Z): -75.0
* Rotation (X): 0.0
* Rotation (Y): 0.0
* Rotation (Z): 0.0

[Assign Animation: 2 parameters]
* Character Index: 0
* ANM Name: DAMAGE_LYING_TIRED_OUT
-> Enable ANM Loop

[Primary Camera Point: 6 parameters]
* Position (X): -0.198
* Position (Y): -11.784999
* Position (Z): 68.886
* Rotation (Y): -82.872
* Rotation (X): 7.24
* Rotation (Z): 0.0

[Secondary Camera Point]
-> Additional Camera Point: 7 parameters
* Time (s): 12.0
* Position (X): -1.166
* Position (Y): -73.186005
* Position (Z): 61.253002
* Rotation (Y): -82.875
* Rotation (X): 7.24
* Rotation (Z): 0.0

[Play Character Voice Line: 2 parameters]
* Character Index: 1 (Opp.)
* Voice Line ID: 72
-> Wait until End of Voice Line

[Primary Camera Point: 6 parameters]
* Position (X): -1.438
* Position (Y): -13.844999
* Position (Z): -93.696
* Rotation (Y): -5.112
* Rotation (X): 3.72
* Rotation (Z): 0.0

[Secondary Camera Point]
-> Additional Camera Point: 7 parameters
* Time (s): 6.0
* Position (X): -4.586
* Position (Y): -18.176003
* Position (Z): -142.013
* Rotation (Y): -5.115
* Rotation (X): 3.72
* Rotation (Z): 0.0

[Enable Ki Charge Aura: 1 parameter]
* Character Index: 1 (Opp.)

[Assign Animation: 2 parameters]
* Character Index: 1 (Opp.)
* ANM Name: TAUNT
-> Wait until End of ANM

[Play Character Voice Line: 2 parameters]
* Character Index: 1 (Opp.)
* Voice Line ID: 73
-> Wait until End of Voice Line

[Music Change: 1 parameter]
* Music: SDBH OST - Unbreakable Will
-> PROPERTY 119

[Store VFX Switches]

[Store Conditional Properties]
-> Scene Link: 2 parameters
* Condition: Win via K.O.
* Scene ID: 10013
-> Scene Link: 2 parameters
* Condition: Win via K.O. (Opp.)
* Scene ID: 10013
-> Scene Link: 2 parameters
* Condition: Immediate
* Scene ID: 10013
-> Audio Link: 2 parameters
* Condition: Immediate
* Voice Line ID: 71

[Store Player's Character Changes]

[Store Opponent's Character Changes]

[Post-Cutscene Event: 2 parameters]
* Event ID: Switch with Teammate #2
* Character ID: N/A

[Scene End & Battle Start]

===== SCENE 10013 =====

[Scene Start]

[Battle End: 1 parameter]
* Battle Outcome ID: -1

[Store Character Positions]

[Trigger Fade-Out: 1 parameter]
* Time (s): 1.2

[Assign Character Position & Rotation: 7 parameters]
* Character Index: 1
* Position (X): 0.0
* Position (Y): 11.0
* Position (Z): 75.0
* Rotation (X): 0.0
* Rotation (Y): 0.0
* Rotation (Z): 0.0

[Assign Character Position & Rotation: 7 parameters]
* Character Index: 1 (Opp.)
* Position (X): 0.0
* Position (Y): -4.0
* Position (Z): 73.5
* Rotation (X): 0.0
* Rotation (Y): 0.0
* Rotation (Z): 0.0

[Primary Camera Point: 6 parameters]
* Position (X): 1.324
* Position (Y): -16.117998
* Position (Z): -64.215
* Rotation (Y): -0.089999
* Rotation (X): -173.532
* Rotation (Z): 0.0

[Secondary Camera Point]
-> Additional Camera Point: 7 parameters
* Time (s): 1.0
* Position (X): 1.324
* Position (Y): -16.117998
* Position (Z): -64.215
* Rotation (Y): -0.089999
* Rotation (X): -173.532
* Rotation (Z): 0.0
-> Additional Camera Point: 7 parameters
* Time (s): 0.0
* Position (X): 32.744
* Position (Y): -25.918
* Position (Z): -34.505
* Rotation (Y): -12.979999
* Rotation (X): -96.182
* Rotation (Z): 0.0
-> Additional Camera Point: 7 parameters
* Time (s): 1.0
* Position (X): 32.744
* Position (Y): -25.918
* Position (Z): -34.505
* Rotation (Y): -12.979999
* Rotation (X): -96.182
* Rotation (Z): 0.0
-> Additional Camera Point: 7 parameters
* Time (s): 0.0
* Position (X): 21.654
* Position (Y): -17.647999
* Position (Z): 64.175
* Rotation (Y): -2.799999
* Rotation (X): -84.242
* Rotation (Z): 0.0
-> Additional Camera Point: 7 parameters
* Time (s): 1.4
* Position (X): 21.654
* Position (Y): -17.647999
* Position (Z): 64.175
* Rotation (Y): -2.799999
* Rotation (X): -84.242
* Rotation (Z): 0.0
-> Additional Camera Point: 7 parameters
* Time (s): 1.0
* Position (X): 21.654
* Position (Y): -17.647999
* Position (Z): 121.205
* Rotation (Y): -2.799999
* Rotation (X): -84.242
* Rotation (Z): 0.0
-> Additional Camera Point: 7 parameters
* Time (s): 0.8
* Position (X): 21.654
* Position (Y): -17.647999
* Position (Z): 121.205
* Rotation (Y): -2.799999
* Rotation (X): -84.242
* Rotation (Z): 0.0
-> Additional Camera Point: 7 parameters
* Time (s): 0.0
* Position (X): 11.564
* Position (Y): -20.248
* Position (Z): 120.225
* Rotation (Y): -0.799999
* Rotation (X): -95.832
* Rotation (Z): 0.0
-> Additional Camera Point: 7 parameters
* Time (s): 0.5
* Position (X): 7.764
* Position (Y): -20.018
* Position (Z): 128.375
* Rotation (Y): -0.799999
* Rotation (X): -130.042
* Rotation (Z): 0.0
-> Additional Camera Point: 7 parameters
* Time (s): 0.0
* Position (X): 10.534
* Position (Y): -22.867998
* Position (Z): 107.535
* Rotation (Y): -14.329999
* Rotation (X): -34.582
* Rotation (Z): 0.0
-> Additional Camera Point: 7 parameters
* Time (s): 0.5
* Position (X): 20.694
* Position (Y): -27.438
* Position (Z): 92.795
* Rotation (Y): -14.329999
* Rotation (X): -34.582
* Rotation (Z): 0.0

[Assign Animation: 2 parameters]
* Character Index: 1
* ANM Name: SKILL_003_EVENT_1

[Assign Animation: 2 parameters]
* Character Index: 1 (Opp.)
* ANM Name: SKILL_003_EVENT_4

[Play Character Voice Line: 2 parameters]
* Character Index: 1
* Voice Line ID: 71
-> Wait until End of Voice Line

[Play Character Voice Line: 2 parameters]
* Character Index: 1
* Voice Line ID: 75
-> Wait until End of Voice Line

[Store VFX Switches]

[Store Conditional Properties]
-> Scene Link: 2 parameters
* Condition: Win via K.O.
* Scene ID: 10015
-> Scene Link: 2 parameters
* Condition: Win via K.O. (Opp.)
* Scene ID: 10015
-> Scene Link: 2 parameters
* Condition: Hit with 2nd Blast 2
* Scene ID: 10015
-> Scene Link: 2 parameters
* Condition: Lose 1 Health Bar (Opp.)
* Scene ID: 10015

[Store Player's Character Changes]
-> Replace Z-Item #2: 1 parameter
* Z-Item #2: Attack +15

[Store Opponent's Character Changes]

[Post-Cutscene Event: 2 parameters]
* Event ID: Trigger 2nd Blast 2
* Character ID: N/A

[Scene End & Battle Start]

===== SCENE 10015 =====

[Scene Start]

[Battle End: 1 parameter]
* Battle Outcome ID: -1

[Store Character Positions]

[Trigger Fade-Out: 1 parameter]
* Time (s): 1.2

[Assign Character Position & Rotation: 7 parameters]
* Character Index: 1
* Position (X): 61.7
* Position (Y): -40.0
* Position (Z): 63.3
* Rotation (X): 0.0
* Rotation (Y): -135.7
* Rotation (Z): 0.0

[Assign Character Position & Rotation: 7 parameters]
* Character Index: 1 (Opp.)
* Position (X): -61.7
* Position (Y): 0.0
* Position (Z): -63.3
* Rotation (X): 0.0
* Rotation (Y): 44.3
* Rotation (Z): 0.0

[Primary Camera Point: 6 parameters]
* Position (X): 70.942
* Position (Y): -54.342
* Position (Z): 58.966
* Rotation (Y): -19.3
* Rotation (X): -106.907005
* Rotation (Z): -15.13

[Enable MAX POWER Mode Explosion: 1 parameter]
* Character Index: 1 (Opp.)

[Play Character Voice Line: 2 parameters]
* Character Index: 1 (Opp.)
* Voice Line ID: 76
-> Wait until End of Voice Line

[Store VFX Switches]

[Store Conditional Properties]
-> Scene Link: 2 parameters
* Condition: Win via K.O.
* Scene ID: 10031
-> Scene Link: 2 parameters
* Condition: Win via K.O. (Opp.)
* Scene ID: 10016
-> Audio Link: 2 parameters
* Condition: Immediate
* Voice Line ID: 77

[Store Player's Character Changes]

[Store Opponent's Character Changes]
-> Replace Z-Item #2: 1 parameter
* Z-Item #2: Go To Hell

[Post-Cutscene Event: 2 parameters]
* Event ID: Trigger 2nd Blast 2 (Opp.)
* Character ID: N/A

[Scene End & Battle Start]

===== SCENE 10016 =====

[Scene Start]

[Battle End: 1 parameter]
* Battle Outcome ID: -1

[Store Character Positions]

[Store VFX Switches]

[Store Conditional Properties]
-> Scene Link: 2 parameters
* Condition: Win via K.O.
* Scene ID: 10031
-> Scene Link: 2 parameters
* Condition: Immediate
* Scene ID: 10010

[Store Player's Character Changes]

[Store Opponent's Character Changes]

[Post-Cutscene Event: 2 parameters]
* Event ID: Switch with Teammate #3
* Character ID: N/A

[Scene End & Battle Start]

===== SCENE 10010 =====

[Scene Start]

[Battle End: 1 parameter]
* Battle Outcome ID: -1

[Store Character Positions]

[Trigger Fade-Out: 1 parameter]
* Time (s): 1.0

[Assign Character Position & Rotation: 7 parameters]
* Character Index: 2
* Position (X): 61.7
* Position (Y): -40.0
* Position (Z): 63.3
* Rotation (X): 0.0
* Rotation (Y): -135.7
* Rotation (Z): 0.0

[Assign Character Position & Rotation: 7 parameters]
* Character Index: 1 (Opp.)
* Position (X): -61.7
* Position (Y): 0.0
* Position (Z): -63.3
* Rotation (X): 0.0
* Rotation (Y): 44.3
* Rotation (Z): 0.0

[Assign Animation: 2 parameters]
* Character Index: 1 (Opp.)
* ANM Name: SURPRISED
-> Enable ANM Loop

[Assign Animation: 2 parameters]
* Character Index: 2
* ANM Name: SKILL_005_CHARGE_D
-> Enable ANM Loop

[Primary Camera Point: 6 parameters]
* Position (X): 24.431997
* Position (Y): -19.892
* Position (Z): -134.836
* Rotation (Y): 0.64
* Rotation (X): -23.547003
* Rotation (Z): -20.86

[Enable Ki Charge Aura: 1 parameter]
* Character Index: 2
-> PROPERTY 119

[Trigger Camera Shake: 1 parameter]
* Force/Intensity: 1.6

[Play Character Voice Line: 2 parameters]
* Character Index: 1 (Opp.)
* Voice Line ID: 78
-> Wait until End of Voice Line

[Primary Camera Point: 6 parameters]
* Position (X): -74.117
* Position (Y): -32.821
* Position (Z): -69.86
* Rotation (Y): 6.689
* Rotation (X): 45.761005
* Rotation (Z): 0.0

[Secondary Camera Point]
-> Additional Camera Point: 7 parameters
* Time (s): 9.0
* Position (X): 51.494
* Position (Y): -53.274
* Position (Z): 52.483997
* Rotation (Y): -0.848
* Rotation (X): 45.766003
* Rotation (Z): 0.0

[Play Character Voice Line: 2 parameters]
* Character Index: 2
* Voice Line ID: 79
-> Wait until End of Voice Line

[Primary Camera Point: 6 parameters]
* Position (X): 72.738
* Position (Y): -67.423
* Position (Z): 72.798996
* Rotation (Y): -32.808002
* Rotation (X): -132.55101
* Rotation (Z): 24.87

[Play Character Voice Line: 2 parameters]
* Character Index: 2
* Voice Line ID: 80
-> Wait until End of Voice Line

[Play Character Voice Line: 2 parameters]
* Character Index: 2
* Voice Line ID: 81
-> Wait until End of Voice Line

[Store VFX Switches]

[Store Conditional Properties]
-> Scene Link: 2 parameters
* Condition: Win via K.O. (Opp.)
* Scene ID: 10043
-> Scene Link: 2 parameters
* Condition: Win via K.O.
* Scene ID: 10017
-> Audio Link: 2 parameters
* Condition: Immediate
* Voice Line ID: 84
-> Audio Link: 2 parameters
* Condition: Immediate
* Voice Line ID: 83

[Store Player's Character Changes]
-> Replace Z-Item #7: 1 parameter
* Z-Item #7: Go To Hell

[Store Opponent's Character Changes]

[Post-Cutscene Event: 2 parameters]
* Event ID: Trigger Ultimate Blast
* Character ID: N/A

[Scene End & Battle Start]

===== SCENE 10017 =====

[Scene Start]

[Battle End: 1 parameter]
* Battle Outcome ID: -1

[Store Character Positions]

[Store VFX Switches]

[Store Conditional Properties]
-> Scene Link: 2 parameters
* Condition: Immediate
* Scene ID: 10030

[Store Player's Character Changes]

[Store Opponent's Character Changes]

[Post-Cutscene Event: 2 parameters]
* Event ID: Switch with Teammate #3 (Opp.)
* Character ID: Goku (AF/GT)

[Scene End & Battle Start]

===== SCENE 10030 =====

[Scene Start]

[Battle End: 1 parameter]
* Battle Outcome ID: 1

[Store Character Positions]

[Assign Character Position & Rotation: 7 parameters]
* Character Index: 2
* Position (X): 0.0
* Position (Y): 0.0
* Position (Z): 23.0
* Rotation (X): 0.0
* Rotation (Y): -180.0
* Rotation (Z): 0.0

[Assign Character Position & Rotation: 7 parameters]
* Character Index: 2 (Opp.)
* Position (X): 0.0
* Position (Y): 0.0
* Position (Z): -11.46
* Rotation (X): 0.0
* Rotation (Y): -180.0
* Rotation (Z): 0.0

[Disable Lingering Aura: 1 parameter]
* Character Index: 0

[Disable Lingering Aura: 1 parameter]
* Character Index: 0 (Opp.)

[Primary Camera Point: 6 parameters]
* Position (X): 5.478
* Position (Y): -11.757999
* Position (Z): 9.134
* Rotation (Y): 7.502
* Rotation (X): -23.250008
* Rotation (Z): 0.0

[Assign Animation: 2 parameters]
* Character Index: 2
* ANM Name: SKILL_003_EVENT_5
-> Wait until End of ANM

[Play Character Voice Line: 2 parameters]
* Character Index: 2
* Voice Line ID: 82
-> Wait until End of Voice Line

[Primary Camera Point: 6 parameters]
* Position (X): -11.187
* Position (Y): -5.06
* Position (Z): -1.249
* Rotation (Y): -13.068
* Rotation (X): 119.098
* Rotation (Z): 0.0

[Assign Animation: 2 parameters]
* Character Index: 1 (Opp.)
* ANM Name: SKILL_003_EVENT_2
-> Wait until End of ANM

[Wait for Period of Time: 1 parameter]
* Time (s): 3.0
-> PROPERTY 119

[Primary Camera Point: 6 parameters]
* Position (X): -11.147
* Position (Y): -22.83
* Position (Z): 27.479
* Rotation (Y): -32.668
* Rotation (X): 136.748
* Rotation (Z): 0.0

[Wait for Period of Time: 1 parameter]
* Time (s): 2.0
-> PROPERTY 119

[Store VFX Switches]

[Store Conditional Properties]

[Store Player's Character Changes]

[Store Opponent's Character Changes]

[Post-Cutscene Event: 2 parameters]
* Event ID: Aerial Clash
* Character ID: N/A

[Scene End & Battle Start]

===== SCENE 10031 =====

[Scene Start]

[Battle End: 1 parameter]
* Battle Outcome ID: 1

[Store Character Positions]

[Assign Character Position & Rotation: 7 parameters]
* Character Index: 0
* Position (X): 0.0
* Position (Y): -12.0
* Position (Z): 23.0
* Rotation (X): 0.0
* Rotation (Y): -180.0
* Rotation (Z): 0.0

[Assign Character Position & Rotation: 7 parameters]
* Character Index: 0 (Opp.)
* Position (X): 0.0
* Position (Y): -12.0
* Position (Z): -23.0
* Rotation (X): 0.0
* Rotation (Y): 0.0
* Rotation (Z): 0.0

[Disable Lingering Aura: 1 parameter]
* Character Index: 0

[Disable Lingering Aura: 1 parameter]
* Character Index: 0 (Opp.)

[Assign Animation: 2 parameters]
* Character Index: 0 (Opp.)
* ANM Name: GROUND_TIRED
-> Enable ANM Loop

[Assign Animation: 2 parameters]
* Character Index: 0
* ANM Name: GROUND
-> Enable ANM Loop

[Primary Camera Point: 6 parameters]
* Position (X): -10.028
* Position (Y): -20.678
* Position (Z): -8.544
* Rotation (Y): -9.972
* Rotation (X): 136.57
* Rotation (Z): 0.0

[Secondary Camera Point]
-> Additional Camera Point: 7 parameters
* Time (s): 6.0
* Position (X): -1.067
* Position (Y): -19.671
* Position (Z): -11.946
* Rotation (Y): 14.089
* Rotation (X): 152.363
* Rotation (Z): 0.0

[Play Character Voice Line: 2 parameters]
* Character Index: 0 (Opp.)
* Voice Line ID: 29
-> Wait until End of Voice Line

[Primary Camera Point: 6 parameters]
* Position (X): 1.657
* Position (Y): -14.81
* Position (Z): 15.019
* Rotation (Y): 0.718
* Rotation (X): -178.508
* Rotation (Z): 0.0

[Assign Animation: 2 parameters]
* Character Index: 0 (Opp.)
* ANM Name: LOSE
-> Wait until End of ANM

[Secondary Camera Point]
-> Additional Camera Point: 7 parameters
* Time (s): 7.0
* Position (X): 3.872
* Position (Y): -76.153
* Position (Z): 48.558
* Rotation (Y): -54.539
* Rotation (X): -178.542
* Rotation (Z): 0.0

[Play Character Voice Line: 2 parameters]
* Character Index: 32767
* Voice Line ID: 32
-> Wait until End of Voice Line

[Store VFX Switches]

[Store Conditional Properties]

[Store Player's Character Changes]

[Store Opponent's Character Changes]

[Post-Cutscene Event: 2 parameters]
* Event ID: Aerial Clash
* Character ID: N/A

[Scene End & Battle Start]

===== SCENE 10040 =====

[Scene Start]

[Battle End: 1 parameter]
* Battle Outcome ID: 0

[Store Character Positions]

[Assign Character Position & Rotation: 7 parameters]
* Character Index: 0
* Position (X): 0.0
* Position (Y): -12.0
* Position (Z): 23.0
* Rotation (X): 0.0
* Rotation (Y): -180.0
* Rotation (Z): 0.0

[Assign Character Position & Rotation: 7 parameters]
* Character Index: 0 (Opp.)
* Position (X): 0.0
* Position (Y): -12.0
* Position (Z): -23.0
* Rotation (X): 0.0
* Rotation (Y): 0.0
* Rotation (Z): 0.0

[Disable Lingering Aura: 1 parameter]
* Character Index: 0

[Disable Lingering Aura: 1 parameter]
* Character Index: 0 (Opp.)

[Primary Camera Point: 6 parameters]
* Position (X): -0.673
* Position (Y): -20.307
* Position (Z): 7.382
* Rotation (Y): 6.092
* Rotation (X): 178.984
* Rotation (Z): 0.0

[Secondary Camera Point]
-> Additional Camera Point: 7 parameters
* Time (s): 5.5
* Position (X): -0.32
* Position (Y): -24.951
* Position (Z): -12.527
* Rotation (Y): 17.855
* Rotation (X): 178.984
* Rotation (Z): 0.0

[Assign Animation: 2 parameters]
* Character Index: 0
* ANM Name: LOSE

[Assign Animation: 2 parameters]
* Character Index: 0 (Opp.)
* ANM Name: WIN_IN
-> Wait until End of ANM

[Assign Animation: 2 parameters]
* Character Index: 0 (Opp.)
* ANM Name: WIN_LOOP
-> Enable ANM Loop

[Play Character Voice Line: 2 parameters]
* Character Index: 32767
* Voice Line ID: 74
-> Wait until End of Voice Line

[Primary Camera Point: 6 parameters]
* Position (X): -6.687
* Position (Y): -26.111
* Position (Z): -18.192
* Rotation (Y): -0.704
* Rotation (X): 118.118
* Rotation (Z): 0.0

[Play Character Voice Line: 2 parameters]
* Character Index: 0 (Opp.)
* Voice Line ID: 75
-> Wait until End of Voice Line

[Primary Camera Point: 6 parameters]
* Position (X): -15.282
* Position (Y): -36.557
* Position (Z): -29.926
* Rotation (Y): -35.951
* Rotation (X): 38.468
* Rotation (Z): 0.0

[Play Character Voice Line: 2 parameters]
* Character Index: 0 (Opp.)
* Voice Line ID: 76
-> Wait until End of Voice Line

[Store VFX Switches]

[Store Conditional Properties]

[Store Player's Character Changes]

[Store Opponent's Character Changes]

[Post-Cutscene Event: 2 parameters]
* Event ID: Aerial Clash
* Character ID: N/A

[Scene End & Battle Start]

===== SCENE 10041 =====

[Scene Start]

[Battle End: 1 parameter]
* Battle Outcome ID: 0

[Store Character Positions]

[Assign Character Position & Rotation: 7 parameters]
* Character Index: 0
* Position (X): 0.0
* Position (Y): -12.0
* Position (Z): 23.0
* Rotation (X): 0.0
* Rotation (Y): -180.0
* Rotation (Z): 0.0

[Assign Character Position & Rotation: 7 parameters]
* Character Index: 1 (Opp.)
* Position (X): 0.0
* Position (Y): -12.0
* Position (Z): -23.0
* Rotation (X): 0.0
* Rotation (Y): 0.0
* Rotation (Z): 0.0

[Disable Lingering Aura: 1 parameter]
* Character Index: 0

[Disable Lingering Aura: 1 parameter]
* Character Index: 1 (Opp.)

[Primary Camera Point: 6 parameters]
* Position (X): -0.673
* Position (Y): -20.307
* Position (Z): 7.382
* Rotation (Y): 6.092
* Rotation (X): 178.984
* Rotation (Z): 0.0

[Secondary Camera Point]
-> Additional Camera Point: 7 parameters
* Time (s): 5.5
* Position (X): -0.32
* Position (Y): -24.951
* Position (Z): -12.527
* Rotation (Y): 17.855
* Rotation (X): 178.984
* Rotation (Z): 0.0

[Assign Animation: 2 parameters]
* Character Index: 0
* ANM Name: LOSE

[Assign Animation: 2 parameters]
* Character Index: 1 (Opp.)
* ANM Name: WIN_IN
-> Wait until End of ANM

[Assign Animation: 2 parameters]
* Character Index: 1 (Opp.)
* ANM Name: WIN_LOOP
-> Enable ANM Loop

[Play Character Voice Line: 2 parameters]
* Character Index: 1 (Opp.)
* Voice Line ID: 73
-> Wait until End of Voice Line

[Store VFX Switches]

[Store Conditional Properties]

[Store Player's Character Changes]

[Store Opponent's Character Changes]

[Post-Cutscene Event: 2 parameters]
* Event ID: Aerial Clash
* Character ID: N/A

[Scene End & Battle Start]
