GSC Origin: Budokai Tenkaichi 3

===== SCENE -1 =====

===== SCENE 1000 =====

===== SCENE -2 =====

[Load TXT PAK]

[Load LPS PAK]

===== SCENE -3 =====

[Scenario Identifier: 1 parameter]
* GSC Name: Llameante! Batalla ardiente definitiva

[Rewards: 15 parameters]
* Z-Points (Easy): 1500
* Z-Points (Normal): 2000
* Z-Points (Hard): 2500
* Z-Item #1: N/A
* Z-Item #2: N/A
* Z-Item #3: N/A
* Map #1: N/A
* Map #2: N/A
* Map #3: N/A
* Character #1: N/A
* Character #2: N/A
* Character #3: N/A
* Scenario #1: Invalid (Value: 262155)
* Scenario #2: N/A
* Scenario #3: N/A

[Subtitle Settings]
-> Text Region: 1 parameter
* Region ID: 0
-> Text is Grey: 1 parameter
* Enable Grey Text: False
-> Text Position: 2 parameters
* Position (X): 256
* Position (Y): 428
-> Text Size: 2 parameters
* Width: 0.85
* Height: 0.85
-> Text Scale: 1 parameter
* Coefficient: 1.0
-> Text Color: 4 parameters
* Red: 255
* Green: 255
* Blue: 255
* Opacity: 128
-> Text Padding: 2 parameters
* Padding (Vertical): 2
* Padding (Horizontal): 5
-> Text Alignment: 1 parameter
* Alignment ID: 1
-> Symbol: 1 parameter
* Type: 2
-> Text Outline Size: 2 parameters
* Width: 1
* Height: 2
-> Text Outline Color: 4 parameters
* Red: 0
* Green: 0
* Blue: 0
* Opacity: 64

[Subtitle Settings]
-> Text Region: 1 parameter
* Region ID: 1
-> Text is Grey: 1 parameter
* Enable Grey Text: False
-> Text Position: 2 parameters
* Position (X): 256
* Position (Y): 428
-> Text Size: 2 parameters
* Width: 0.85
* Height: 0.85
-> Text Scale: 1 parameter
* Coefficient: 1.0
-> Text Color: 4 parameters
* Red: 255
* Green: 255
* Blue: 255
* Opacity: 128
-> Text Padding: 2 parameters
* Padding (Vertical): 2
* Padding (Horizontal): 5
-> Text Alignment: 1 parameter
* Alignment ID: 1
-> Symbol: 1 parameter
* Type: 2
-> Text Outline Size: 2 parameters
* Width: 1
* Height: 2
-> Text Outline Color: 4 parameters
* Red: 0
* Green: 0
* Blue: 0
* Opacity: 64

[Subtitle Settings]
-> Text Region: 1 parameter
* Region ID: 2
-> Text is Grey: 1 parameter
* Enable Grey Text: False
-> Text Position: 2 parameters
* Position (X): 256
* Position (Y): 428
-> Text Size: 2 parameters
* Width: 0.85
* Height: 0.85
-> Text Scale: 1 parameter
* Coefficient: 1.0
-> Text Color: 4 parameters
* Red: 255
* Green: 255
* Blue: 255
* Opacity: 128
-> Text Padding: 2 parameters
* Padding (Vertical): 2
* Padding (Horizontal): 5
-> Text Alignment: 1 parameter
* Alignment ID: 1
-> Symbol: 1 parameter
* Type: 2
-> Text Outline Size: 2 parameters
* Width: 1
* Height: 2
-> Text Outline Color: 4 parameters
* Red: 0
* Green: 0
* Blue: 0
* Opacity: 64

[Subtitle Settings]
-> Text Region: 1 parameter
* Region ID: 3
-> Text is Grey: 1 parameter
* Enable Grey Text: False
-> Text Position: 2 parameters
* Position (X): 256
* Position (Y): 428
-> Text Size: 2 parameters
* Width: 0.85
* Height: 0.85
-> Text Scale: 1 parameter
* Coefficient: 1.0
-> Text Color: 4 parameters
* Red: 255
* Green: 255
* Blue: 255
* Opacity: 128
-> Text Padding: 2 parameters
* Padding (Vertical): 2
* Padding (Horizontal): 5
-> Text Alignment: 1 parameter
* Alignment ID: 1
-> Symbol: 1 parameter
* Type: 2
-> Text Outline Size: 2 parameters
* Width: 2
* Height: 2
-> Text Outline Color: 4 parameters
* Red: 32
* Green: 32
* Blue: 32
* Opacity: 128

[Subtitle Settings]
-> Text Region: 1 parameter
* Region ID: 0
-> Text is Grey: 1 parameter
* Enable Grey Text: True
-> Text Position: 2 parameters
* Position (X): 256
* Position (Y): 428
-> Text Size: 2 parameters
* Width: 0.85
* Height: 0.85
-> Text Scale: 1 parameter
* Coefficient: 1.0
-> Text Color: 4 parameters
* Red: 140
* Green: 140
* Blue: 140
* Opacity: 128
-> Text Padding: 2 parameters
* Padding (Vertical): 2
* Padding (Horizontal): 5
-> Text Alignment: 1 parameter
* Alignment ID: 1
-> Symbol: 1 parameter
* Type: 2
-> Text Outline Size: 2 parameters
* Width: 1
* Height: 2
-> Text Outline Color: 4 parameters
* Red: 0
* Green: 0
* Blue: 0
* Opacity: 64

[Subtitle Settings]
-> Text Region: 1 parameter
* Region ID: 1
-> Text is Grey: 1 parameter
* Enable Grey Text: True
-> Text Position: 2 parameters
* Position (X): 256
* Position (Y): 428
-> Text Size: 2 parameters
* Width: 0.85
* Height: 0.85
-> Text Scale: 1 parameter
* Coefficient: 1.0
-> Text Color: 4 parameters
* Red: 140
* Green: 140
* Blue: 140
* Opacity: 128
-> Text Padding: 2 parameters
* Padding (Vertical): 2
* Padding (Horizontal): 5
-> Text Alignment: 1 parameter
* Alignment ID: 1
-> Symbol: 1 parameter
* Type: 2
-> Text Outline Size: 2 parameters
* Width: 1
* Height: 2
-> Text Outline Color: 4 parameters
* Red: 0
* Green: 0
* Blue: 0
* Opacity: 64

[Subtitle Settings]
-> Text Region: 1 parameter
* Region ID: 2
-> Text is Grey: 1 parameter
* Enable Grey Text: True
-> Text Position: 2 parameters
* Position (X): 256
* Position (Y): 428
-> Text Size: 2 parameters
* Width: 0.85
* Height: 0.85
-> Text Scale: 1 parameter
* Coefficient: 1.0
-> Text Color: 4 parameters
* Red: 140
* Green: 140
* Blue: 140
* Opacity: 128
-> Text Padding: 2 parameters
* Padding (Vertical): 2
* Padding (Horizontal): 5
-> Text Alignment: 1 parameter
* Alignment ID: 1
-> Symbol: 1 parameter
* Type: 2
-> Text Outline Size: 2 parameters
* Width: 1
* Height: 2
-> Text Outline Color: 4 parameters
* Red: 0
* Green: 0
* Blue: 0
* Opacity: 64

[Subtitle Settings]
-> Text Region: 1 parameter
* Region ID: 3
-> Text is Grey: 1 parameter
* Enable Grey Text: True
-> Text Position: 2 parameters
* Position (X): 256
* Position (Y): 428
-> Text Size: 2 parameters
* Width: 0.85
* Height: 0.85
-> Text Scale: 1 parameter
* Coefficient: 1.0
-> Text Color: 4 parameters
* Red: 140
* Green: 140
* Blue: 140
* Opacity: 128
-> Text Padding: 2 parameters
* Padding (Vertical): 2
* Padding (Horizontal): 5
-> Text Alignment: 1 parameter
* Alignment ID: 1
-> Symbol: 1 parameter
* Type: 2
-> Text Outline Size: 2 parameters
* Width: 2
* Height: 2
-> Text Outline Color: 4 parameters
* Red: 32
* Green: 32
* Blue: 32
* Opacity: 128

===== SCENE -4 =====

[Battle Settings: 5 parameters]
* Map: ISLA DE BATALLA
* Music: BT1 OST - Thrilling Theme
* Battle Time (s): 0
* Referee: Shenron
* Enable Map Destruction: False

[Team Settings: 2 parameters]
* Team Index: 0
* Number of Teammates: 2

[Team Settings: 2 parameters]
* Team Index: 1
* Number of Teammates: 5

[Character Settings: 14 parameters]
* Character Index: 0
* Character: Lyra Cold - Kaio-shin del Oeste
* Color: 2
* Damaged: False
* COM Level: 0
* Z-Item #8: Goku Type
* Health (%): 100
* Z-Item #1: King Kai's Training
* Z-Item #2: Serious!
* Z-Item #3: Defense +10
* Z-Item #4: N/A
* Z-Item #5: N/A
* Z-Item #6: Dragon Break
* Z-Item #7: Vanishing Break

[Character Settings: 14 parameters]
* Character Index: 1
* Character: Bojack
* Color: 0
* Damaged: False
* COM Level: 0
* Z-Item #8: Goku Type
* Health (%): 100
* Z-Item #1: King Kai's Training
* Z-Item #2: N/A
* Z-Item #3: N/A
* Z-Item #4: N/A
* Z-Item #5: Power Body
* Z-Item #6: Dragon Break
* Z-Item #7: Vanishing Break

[Character Settings: 14 parameters]
* Character Index: 2
* Character: Bojack
* Color: 2
* Damaged: False
* COM Level: 0
* Z-Item #8: Goku Type
* Health (%): 100
* Z-Item #1: N/A
* Z-Item #2: N/A
* Z-Item #3: N/A
* Z-Item #4: N/A
* Z-Item #5: N/A
* Z-Item #6: N/A
* Z-Item #7: N/A

[Character Settings: 14 parameters]
* Character Index: 0 (Opp.)
* Character: Krilin
* Color: 0
* Damaged: False
* COM Level: 4
* Z-Item #8: Krillin Type
* Health (%): 100
* Z-Item #1: N/A
* Z-Item #2: N/A
* Z-Item #3: N/A
* Z-Item #4: N/A
* Z-Item #5: N/A
* Z-Item #6: Dragon Break
* Z-Item #7: Vanishing Break

[Character Settings: 14 parameters]
* Character Index: 1 (Opp.)
* Character: Gohan (Joven) - Super Saiyajin
* Color: 2
* Damaged: False
* COM Level: 7
* Z-Item #8: Gohan Type
* Health (%): 100
* Z-Item #1: Master Roshi's Training
* Z-Item #2: N/A
* Z-Item #3: N/A
* Z-Item #4: N/A
* Z-Item #5: N/A
* Z-Item #6: Dragon Break
* Z-Item #7: Vanishing Break

[Character Settings: 14 parameters]
* Character Index: 2 (Opp.)
* Character: Piccolo (Fin)
* Color: 3
* Damaged: False
* COM Level: 6
* Z-Item #8: Piccolo Type
* Health (%): 100
* Z-Item #1: N/A
* Z-Item #2: N/A
* Z-Item #3: N/A
* Z-Item #4: N/A
* Z-Item #5: N/A
* Z-Item #6: Dragon Break
* Z-Item #7: Vanishing Break

[Character Settings: 14 parameters]
* Character Index: 3 (Opp.)
* Character: Trunks del Futuro - Super Saiyajin
* Color: 4
* Damaged: False
* COM Level: 6
* Z-Item #8: Trunks Type
* Health (%): 100
* Z-Item #1: N/A
* Z-Item #2: N/A
* Z-Item #3: N/A
* Z-Item #4: N/A
* Z-Item #5: N/A
* Z-Item #6: Dragon Break
* Z-Item #7: Vanishing Break

[Character Settings: 14 parameters]
* Character Index: 4 (Opp.)
* Character: Vegeta (Super) - Super Saiyajin
* Color: 2
* Damaged: False
* COM Level: 6
* Z-Item #8: Goku Type
* Health (%): 100
* Z-Item #1: N/A
* Z-Item #2: N/A
* Z-Item #3: N/A
* Z-Item #4: N/A
* Z-Item #5: N/A
* Z-Item #6: Dragon Break
* Z-Item #7: Vanishing Break

===== SCENE -5 =====

[Store Audio-Related Properties]
-> Audio-Related Property: 2 parameters
* Voice Line ID: 0
* Character Index: 0 (Opp.)
-> Audio-Related Property: 2 parameters
* Voice Line ID: 1
* Character Index: 0
-> Audio-Related Property: 2 parameters
* Voice Line ID: 2
* Character Index: 0 (Opp.)
-> Audio-Related Property: 2 parameters
* Voice Line ID: 3
* Character Index: 0 (Opp.)
-> Audio-Related Property: 2 parameters
* Voice Line ID: 4
* Character Index: 0 (Opp.)
-> Audio-Related Property: 2 parameters
* Voice Line ID: 5
* Character Index: 0 (Opp.)
-> Audio-Related Property: 2 parameters
* Voice Line ID: 6
* Character Index: 0
-> Audio-Related Property: 2 parameters
* Voice Line ID: 7
* Character Index: 0
-> Audio-Related Property: 2 parameters
* Voice Line ID: 8
* Character Index: 0
-> Audio-Related Property: 2 parameters
* Voice Line ID: 9
* Character Index: 0 (Opp.)
-> Audio-Related Property: 2 parameters
* Voice Line ID: 10
* Character Index: 0 (Opp.)
-> Audio-Related Property: 2 parameters
* Voice Line ID: 11
* Character Index: 0 (Opp.)
-> Audio-Related Property: 2 parameters
* Voice Line ID: 12
* Character Index: 0
-> Audio-Related Property: 2 parameters
* Voice Line ID: 13
* Character Index: 0
-> Audio-Related Property: 2 parameters
* Voice Line ID: 14
* Character Index: 0
-> Audio-Related Property: 2 parameters
* Voice Line ID: 15
* Character Index: 0
-> Audio-Related Property: 2 parameters
* Voice Line ID: 16
* Character Index: 0
-> Audio-Related Property: 2 parameters
* Voice Line ID: 17
* Character Index: 0
-> Audio-Related Property: 2 parameters
* Voice Line ID: 18
* Character Index: 0
-> Audio-Related Property: 2 parameters
* Voice Line ID: 19
* Character Index: 1 (Opp.)
-> Audio-Related Property: 2 parameters
* Voice Line ID: 20
* Character Index: 1
-> Audio-Related Property: 2 parameters
* Voice Line ID: 21
* Character Index: 1
-> Audio-Related Property: 2 parameters
* Voice Line ID: 22
* Character Index: 1
-> Audio-Related Property: 2 parameters
* Voice Line ID: 23
* Character Index: 0
-> Audio-Related Property: 2 parameters
* Voice Line ID: 24
* Character Index: 1
-> Audio-Related Property: 2 parameters
* Voice Line ID: 25
* Character Index: 1 (Opp.)
-> Audio-Related Property: 2 parameters
* Voice Line ID: 26
* Character Index: 0 (Opp.)
-> Audio-Related Property: 2 parameters
* Voice Line ID: 27
* Character Index: 1 (Opp.)
-> Audio-Related Property: 2 parameters
* Voice Line ID: 28
* Character Index: 1
-> Audio-Related Property: 2 parameters
* Voice Line ID: 29
* Character Index: 1
-> Audio-Related Property: 2 parameters
* Voice Line ID: 30
* Character Index: 1
-> Audio-Related Property: 2 parameters
* Voice Line ID: 31
* Character Index: 1
-> Audio-Related Property: 2 parameters
* Voice Line ID: 32
* Character Index: 0
-> Audio-Related Property: 2 parameters
* Voice Line ID: 33
* Character Index: 0
-> Audio-Related Property: 2 parameters
* Voice Line ID: 34
* Character Index: 1
-> Audio-Related Property: 2 parameters
* Voice Line ID: 35
* Character Index: 1
-> Audio-Related Property: 2 parameters
* Voice Line ID: 36
* Character Index: 1
-> Audio-Related Property: 2 parameters
* Voice Line ID: 37
* Character Index: 1
-> Audio-Related Property: 2 parameters
* Voice Line ID: 38
* Character Index: 1 (Opp.)
-> Audio-Related Property: 2 parameters
* Voice Line ID: 39
* Character Index: 1 (Opp.)
-> Audio-Related Property: 2 parameters
* Voice Line ID: 40
* Character Index: 0 (Opp.)
-> Audio-Related Property: 2 parameters
* Voice Line ID: 41
* Character Index: 0 (Opp.)
-> Audio-Related Property: 2 parameters
* Voice Line ID: 42
* Character Index: 0 (Opp.)
-> Audio-Related Property: 2 parameters
* Voice Line ID: 43
* Character Index: 1 (Opp.)
-> Audio-Related Property: 2 parameters
* Voice Line ID: 44
* Character Index: 1
-> Audio-Related Property: 2 parameters
* Voice Line ID: 45
* Character Index: 1
-> Audio-Related Property: 2 parameters
* Voice Line ID: 46
* Character Index: 1 (Opp.)
-> Audio-Related Property: 2 parameters
* Voice Line ID: 47
* Character Index: 1
-> Audio-Related Property: 2 parameters
* Voice Line ID: 48
* Character Index: 2 (Opp.)
-> Audio-Related Property: 2 parameters
* Voice Line ID: 49
* Character Index: 1 (Opp.)
-> Audio-Related Property: 2 parameters
* Voice Line ID: 50
* Character Index: 2 (Opp.)
-> Audio-Related Property: 2 parameters
* Voice Line ID: 51
* Character Index: 2 (Opp.)
-> Audio-Related Property: 2 parameters
* Voice Line ID: 52
* Character Index: 1 (Opp.)
-> Audio-Related Property: 2 parameters
* Voice Line ID: 53
* Character Index: 1
-> Audio-Related Property: 2 parameters
* Voice Line ID: 54
* Character Index: 1
-> Audio-Related Property: 2 parameters
* Voice Line ID: 55
* Character Index: 2 (Opp.)
-> Audio-Related Property: 2 parameters
* Voice Line ID: 56
* Character Index: 2 (Opp.)
-> Audio-Related Property: 2 parameters
* Voice Line ID: 57
* Character Index: 2 (Opp.)
-> Audio-Related Property: 2 parameters
* Voice Line ID: 58
* Character Index: 1 (Opp.)
-> Audio-Related Property: 2 parameters
* Voice Line ID: 59
* Character Index: 1 (Opp.)
-> Audio-Related Property: 2 parameters
* Voice Line ID: 60
* Character Index: 1 (Opp.)
-> Audio-Related Property: 2 parameters
* Voice Line ID: 61
* Character Index: 1 (Opp.)
-> Audio-Related Property: 2 parameters
* Voice Line ID: 62
* Character Index: 0 (Opp.)
-> Audio-Related Property: 2 parameters
* Voice Line ID: 63
* Character Index: 2 (Opp.)
-> Audio-Related Property: 2 parameters
* Voice Line ID: 64
* Character Index: 3 (Opp.)
-> Audio-Related Property: 2 parameters
* Voice Line ID: 65
* Character Index: 1
-> Audio-Related Property: 2 parameters
* Voice Line ID: 66
* Character Index: 3 (Opp.)
-> Audio-Related Property: 2 parameters
* Voice Line ID: 67
* Character Index: 3 (Opp.)
-> Audio-Related Property: 2 parameters
* Voice Line ID: 68
* Character Index: 3 (Opp.)
-> Audio-Related Property: 2 parameters
* Voice Line ID: 69
* Character Index: 0
-> Audio-Related Property: 2 parameters
* Voice Line ID: 70
* Character Index: 0
-> Audio-Related Property: 2 parameters
* Voice Line ID: 71
* Character Index: 1
-> Audio-Related Property: 2 parameters
* Voice Line ID: 72
* Character Index: 1
-> Audio-Related Property: 2 parameters
* Voice Line ID: 73
* Character Index: 1
-> Audio-Related Property: 2 parameters
* Voice Line ID: 74
* Character Index: 3 (Opp.)
-> Audio-Related Property: 2 parameters
* Voice Line ID: 75
* Character Index: 3 (Opp.)
-> Audio-Related Property: 2 parameters
* Voice Line ID: 76
* Character Index: 3 (Opp.)
-> Audio-Related Property: 2 parameters
* Voice Line ID: 77
* Character Index: 3 (Opp.)
-> Audio-Related Property: 2 parameters
* Voice Line ID: 78
* Character Index: 0 (Opp.)
-> Audio-Related Property: 2 parameters
* Voice Line ID: 79
* Character Index: 0 (Opp.)
-> Audio-Related Property: 2 parameters
* Voice Line ID: 80
* Character Index: 2 (Opp.)
-> Audio-Related Property: 2 parameters
* Voice Line ID: 81
* Character Index: 3 (Opp.)
-> Audio-Related Property: 2 parameters
* Voice Line ID: 82
* Character Index: 4 (Opp.)
-> Audio-Related Property: 2 parameters
* Voice Line ID: 83
* Character Index: 3 (Opp.)
-> Audio-Related Property: 2 parameters
* Voice Line ID: 84
* Character Index: 4 (Opp.)
-> Audio-Related Property: 2 parameters
* Voice Line ID: 85
* Character Index: 3 (Opp.)
-> Audio-Related Property: 2 parameters
* Voice Line ID: 86
* Character Index: 4 (Opp.)
-> Audio-Related Property: 2 parameters
* Voice Line ID: 87
* Character Index: 3 (Opp.)
-> Audio-Related Property: 2 parameters
* Voice Line ID: 88
* Character Index: 3 (Opp.)
-> Audio-Related Property: 2 parameters
* Voice Line ID: 89
* Character Index: 3 (Opp.)
-> Audio-Related Property: 2 parameters
* Voice Line ID: 90
* Character Index: 3 (Opp.)
-> Audio-Related Property: 2 parameters
* Voice Line ID: 91
* Character Index: 3 (Opp.)
-> Audio-Related Property: 2 parameters
* Voice Line ID: 92
* Character Index: 1
-> Audio-Related Property: 2 parameters
* Voice Line ID: 93
* Character Index: 1
-> Audio-Related Property: 2 parameters
* Voice Line ID: 94
* Character Index: 4 (Opp.)
-> Audio-Related Property: 2 parameters
* Voice Line ID: 95
* Character Index: 4 (Opp.)
-> Audio-Related Property: 2 parameters
* Voice Line ID: 96
* Character Index: 4 (Opp.)
-> Audio-Related Property: 2 parameters
* Voice Line ID: 97
* Character Index: 1
-> Audio-Related Property: 2 parameters
* Voice Line ID: 98
* Character Index: 1 (Opp.)
-> Audio-Related Property: 2 parameters
* Voice Line ID: 99
* Character Index: 1 (Opp.)
-> Audio-Related Property: 2 parameters
* Voice Line ID: 100
* Character Index: 0
-> Audio-Related Property: 2 parameters
* Voice Line ID: 101
* Character Index: 0
-> Audio-Related Property: 2 parameters
* Voice Line ID: 102
* Character Index: 1
-> Audio-Related Property: 2 parameters
* Voice Line ID: 103
* Character Index: 1
-> Audio-Related Property: 2 parameters
* Voice Line ID: 104
* Character Index: 1
-> Audio-Related Property: 2 parameters
* Voice Line ID: 105
* Character Index: 1
-> Audio-Related Property: 2 parameters
* Voice Line ID: 106
* Character Index: 1
-> Audio-Related Property: 2 parameters
* Voice Line ID: 107
* Character Index: 1 (Opp.)
-> Audio-Related Property: 2 parameters
* Voice Line ID: 108
* Character Index: 1 (Opp.)
-> Audio-Related Property: 2 parameters
* Voice Line ID: 109
* Character Index: 2 (Opp.)
-> Audio-Related Property: 2 parameters
* Voice Line ID: 110
* Character Index: 0 (Opp.)
-> Audio-Related Property: 2 parameters
* Voice Line ID: 111
* Character Index: 0 (Opp.)
-> Audio-Related Property: 2 parameters
* Voice Line ID: 112
* Character Index: 4 (Opp.)
-> Audio-Related Property: 2 parameters
* Voice Line ID: 113
* Character Index: 4 (Opp.)
-> Audio-Related Property: 2 parameters
* Voice Line ID: 114
* Character Index: 3 (Opp.)
-> Audio-Related Property: 2 parameters
* Voice Line ID: 115
* Character Index: 1 (Opp.)
-> Audio-Related Property: 2 parameters
* Voice Line ID: 116
* Character Index: 1
-> Audio-Related Property: 2 parameters
* Voice Line ID: 117
* Character Index: 2 (Opp.)
-> Audio-Related Property: 2 parameters
* Voice Line ID: 118
* Character Index: 1 (Opp.)
-> Audio-Related Property: 2 parameters
* Voice Line ID: 119
* Character Index: 2 (Opp.)
-> Audio-Related Property: 2 parameters
* Voice Line ID: 120
* Character Index: 2 (Opp.)
-> Audio-Related Property: 2 parameters
* Voice Line ID: 121
* Character Index: 1 (Opp.)
-> Audio-Related Property: 2 parameters
* Voice Line ID: 122
* Character Index: 1
-> Audio-Related Property: 2 parameters
* Voice Line ID: 123
* Character Index: 1
-> Audio-Related Property: 2 parameters
* Voice Line ID: 124
* Character Index: 1
-> Audio-Related Property: 2 parameters
* Voice Line ID: 125
* Character Index: 2 (Opp.)
-> Audio-Related Property: 2 parameters
* Voice Line ID: 126
* Character Index: 2 (Opp.)
-> Audio-Related Property: 2 parameters
* Voice Line ID: 127
* Character Index: 0 (Opp.)
-> Audio-Related Property: 2 parameters
* Voice Line ID: 128
* Character Index: 1 (Opp.)
-> Audio-Related Property: 2 parameters
* Voice Line ID: 129
* Character Index: 1 (Opp.)
-> Audio-Related Property: 2 parameters
* Voice Line ID: 130
* Character Index: 1 (Opp.)
-> Audio-Related Property: 2 parameters
* Voice Line ID: 131
* Character Index: 1 (Opp.)
-> Audio-Related Property: 2 parameters
* Voice Line ID: 132
* Character Index: 0 (Opp.)
-> Audio-Related Property: 2 parameters
* Voice Line ID: 133
* Character Index: 2 (Opp.)
-> Audio-Related Property: 2 parameters
* Voice Line ID: 134
* Character Index: 3 (Opp.)
-> Audio-Related Property: 2 parameters
* Voice Line ID: 135
* Character Index: 1
-> Audio-Related Property: 2 parameters
* Voice Line ID: 136
* Character Index: 3 (Opp.)
-> Audio-Related Property: 2 parameters
* Voice Line ID: 137
* Character Index: 3 (Opp.)
-> Audio-Related Property: 2 parameters
* Voice Line ID: 138
* Character Index: 3 (Opp.)
-> Audio-Related Property: 2 parameters
* Voice Line ID: 139
* Character Index: 0
-> Audio-Related Property: 2 parameters
* Voice Line ID: 140
* Character Index: 0
-> Audio-Related Property: 2 parameters
* Voice Line ID: 141
* Character Index: 1
-> Audio-Related Property: 2 parameters
* Voice Line ID: 142
* Character Index: 1
-> Audio-Related Property: 2 parameters
* Voice Line ID: 143
* Character Index: 1
-> Audio-Related Property: 2 parameters
* Voice Line ID: 144
* Character Index: 3 (Opp.)
-> Audio-Related Property: 2 parameters
* Voice Line ID: 145
* Character Index: 3 (Opp.)
-> Audio-Related Property: 2 parameters
* Voice Line ID: 146
* Character Index: 3 (Opp.)
-> Audio-Related Property: 2 parameters
* Voice Line ID: 147
* Character Index: 3 (Opp.)
-> Audio-Related Property: 2 parameters
* Voice Line ID: 148
* Character Index: 0 (Opp.)
-> Audio-Related Property: 2 parameters
* Voice Line ID: 149
* Character Index: 0 (Opp.)
-> Audio-Related Property: 2 parameters
* Voice Line ID: 150
* Character Index: 2 (Opp.)
-> Audio-Related Property: 2 parameters
* Voice Line ID: 151
* Character Index: 3 (Opp.)
-> Audio-Related Property: 2 parameters
* Voice Line ID: 152
* Character Index: 4 (Opp.)
-> Audio-Related Property: 2 parameters
* Voice Line ID: 153
* Character Index: 3 (Opp.)
-> Audio-Related Property: 2 parameters
* Voice Line ID: 154
* Character Index: 4 (Opp.)
-> Audio-Related Property: 2 parameters
* Voice Line ID: 155
* Character Index: 3 (Opp.)
-> Audio-Related Property: 2 parameters
* Voice Line ID: 156
* Character Index: 4 (Opp.)
-> Audio-Related Property: 2 parameters
* Voice Line ID: 157
* Character Index: 3 (Opp.)
-> Audio-Related Property: 2 parameters
* Voice Line ID: 158
* Character Index: 3 (Opp.)
-> Audio-Related Property: 2 parameters
* Voice Line ID: 159
* Character Index: 3 (Opp.)
-> Audio-Related Property: 2 parameters
* Voice Line ID: 160
* Character Index: 3 (Opp.)
-> Audio-Related Property: 2 parameters
* Voice Line ID: 161
* Character Index: 3 (Opp.)
-> Audio-Related Property: 2 parameters
* Voice Line ID: 162
* Character Index: 1
-> Audio-Related Property: 2 parameters
* Voice Line ID: 163
* Character Index: 1
-> Audio-Related Property: 2 parameters
* Voice Line ID: 164
* Character Index: 4 (Opp.)
-> Audio-Related Property: 2 parameters
* Voice Line ID: 165
* Character Index: 4 (Opp.)
-> Audio-Related Property: 2 parameters
* Voice Line ID: 166
* Character Index: 4 (Opp.)
-> Audio-Related Property: 2 parameters
* Voice Line ID: 167
* Character Index: 1

===== SCENE 10000 =====

[Scene Start]

[Battle End: 1 parameter]
* Battle Outcome ID: -1

[Store Character Positions]

[Assign Character Position & Rotation: 7 parameters]
* Character Index: 0 (Opp.)
* Position (X): 88.0
* Position (Y): -5.5
* Position (Z): 0.0
* Rotation (X): 0.0
* Rotation (Y): -90.0
* Rotation (Z): 0.0

[Assign Character Position & Rotation: 7 parameters]
* Character Index: 0
* Position (X): -88.0
* Position (Y): -5.5
* Position (Z): 0.0
* Rotation (X): 0.0
* Rotation (Y): 90.0
* Rotation (Z): 0.0

[Primary Camera Point: 6 parameters]
* Position (X): 60.996
* Position (Y): -8.761
* Position (Z): 2.903
* Rotation (Y): 2.306
* Rotation (X): 94.867
* Rotation (Z): 0.0

[Secondary Camera Point]
-> Additional Camera Point: 7 parameters
* Time (s): 3.0
* Position (X): 76.121
* Position (Y): -13.502
* Position (Z): 0.369
* Rotation (Y): 4.996
* Rotation (X): 82.17
* Rotation (Z): 0.0

[Assign Animation: 2 parameters]
* Character Index: 0 (Opp.)
* ANM Name: GROUND
-> Enable ANM Loop

[Play Character Voice Line: 2 parameters]
* Character Index: 0 (Opp.)
* Voice Line ID: 0
-> Wait until End of Voice Line

[Primary Camera Point: 6 parameters]
* Position (X): -75.975
* Position (Y): -23.692
* Position (Z): 27.547
* Rotation (Y): -14.379
* Rotation (X): -156.601
* Rotation (Z): 0.0

[Secondary Camera Point]
-> Additional Camera Point: 7 parameters
* Time (s): 4.0
* Position (X): -79.182
* Position (Y): -13.883
* Position (Z): 4.454
* Rotation (Y): 14.564
* Rotation (X): -116.088
* Rotation (Z): 0.0

[Assign Animation: 2 parameters]
* Character Index: 0
* ANM Name: INTRO_IN
-> Wait until End of ANM

[Assign Animation: 2 parameters]
* Character Index: 0
* ANM Name: INTRO_LOOP
-> Enable ANM Loop

[Play Character Voice Line: 2 parameters]
* Character Index: 0
* Voice Line ID: 1
-> Wait until End of Voice Line

[Primary Camera Point: 6 parameters]
* Position (X): -78.82
* Position (Y): -7.269
* Position (Z): 0.556
* Rotation (Y): -32.05
* Rotation (X): -94.849
* Rotation (Z): 0.0

[Secondary Camera Point]
-> Additional Camera Point: 7 parameters
* Time (s): 5.0
* Position (X): -81.708
* Position (Y): -16.525
* Position (Z): 0.311
* Rotation (Y): 18.903
* Rotation (X): -94.849
* Rotation (Z): 0.0

[Assign Animation: 2 parameters]
* Character Index: 0 (Opp.)
* ANM Name: SURPRISED
-> Enable ANM Loop
-> Enable ANM Loop

[Play Character Voice Line: 2 parameters]
* Character Index: 0 (Opp.)
* Voice Line ID: 2
-> Wait until End of Voice Line

[Primary Camera Point: 6 parameters]
* Position (X): 73.156
* Position (Y): -14.014
* Position (Z): 1.527
* Rotation (Y): -2.033
* Rotation (X): 97.051
* Rotation (Z): 0.0

[Assign Animation: 2 parameters]
* Character Index: 0 (Opp.)
* ANM Name: INTRO_IN
-> Wait until End of ANM

[Assign Animation: 2 parameters]
* Character Index: 0 (Opp.)
* ANM Name: INTRO_LOOP
-> Enable ANM Loop

[Play Character Voice Line: 2 parameters]
* Character Index: 0 (Opp.)
* Voice Line ID: 3
-> Wait until End of Voice Line

[Store VFX Switches]

[Store Conditional Properties]
-> Scene Link: 2 parameters
* Condition: Win via K.O.
* Scene ID: 10001
-> Scene Link: 2 parameters
* Condition: Win via K.O. (Opp.)
* Scene ID: 10040
-> Audio Link: 2 parameters
* Condition: Immediate
* Voice Line ID: 4
-> Audio Link: 2 parameters
* Condition: Immediate
* Voice Line ID: 5
-> Audio Link: 2 parameters
* Condition: Immediate
* Voice Line ID: 6
-> Audio Link: 2 parameters
* Condition: Immediate
* Voice Line ID: 7
-> Audio Link: 2 parameters
* Condition: Immediate
* Voice Line ID: 8
-> Audio Link: 2 parameters
* Condition: Lose 1 Health Bar (Opp.)
* Voice Line ID: 9
-> Audio Link: 2 parameters
* Condition: Perform Ultimate Blast (Opp.)
* Voice Line ID: 10
-> Audio Link: 2 parameters
* Condition: Go in MAX POWER Mode (Opp.)
* Voice Line ID: 11
-> Audio Link: 2 parameters
* Condition: Perform Hyper Smash
* Voice Line ID: 12
-> Audio Link: 2 parameters
* Condition: Lose 1 Health Bar
* Voice Line ID: 13
-> Audio Link: 2 parameters
* Condition: Go in MAX POWER Mode
* Voice Line ID: 14
-> Audio Link: 2 parameters
* Condition: Lose 2 Health Bars (Opp.)
* Voice Line ID: 15
-> Audio Link: 2 parameters
* Condition: Lose 2 Health Bars
* Voice Line ID: 16
-> Audio Link: 2 parameters
* Condition: Perform Teleport
* Voice Line ID: 17
-> Audio Link: 2 parameters
* Condition: Perform Z-Counter
* Voice Line ID: 17
-> Audio Link: 2 parameters
* Condition: Perform Dash Smash
* Voice Line ID: 19
-> Audio Link: 2 parameters
* Condition: Perform Vanishing Attack (Opp.)
* Voice Line ID: 20
-> Audio Link: 2 parameters
* Condition: Win Beam Struggle
* Voice Line ID: 21
-> Audio Link: 2 parameters
* Condition: Fall into ground/water
* Voice Line ID: 22
-> Audio Link: 2 parameters
* Condition: Hit with Ultimate Blast (Opp.)
* Voice Line ID: 23
-> Audio Link: 2 parameters
* Condition: Perform 2nd Blast 2 (Opp.)
* Voice Line ID: 10
-> Audio Link: 2 parameters
* Condition: Hit with 1st Blast 2
* Voice Line ID: 18
-> Audio Link: 2 parameters
* Condition: Hit with 2nd Blast 2
* Voice Line ID: 18
-> Audio Link: 2 parameters
* Condition: Perform Teleport (Opp.)
* Voice Line ID: 20
-> Audio Link: 2 parameters
* Condition: Win Normal Clash
* Voice Line ID: 21

[Store Player's Character Changes]

[Store Opponent's Character Changes]

[Post-Cutscene Event: 2 parameters]
* Event ID: Battle Finish
* Character ID: N/A

[Scene End & Battle Start]

===== SCENE 10001 =====

[Scene Start]

[Battle End: 1 parameter]
* Battle Outcome ID: -1

[Store Character Positions]

[Store VFX Switches]

[Store Conditional Properties]
-> Scene Link: 2 parameters
* Condition: Wait 15 seconds
* Scene ID: 10002
-> Scene Link: 2 parameters
* Condition: Win via K.O.
* Scene ID: 10032
-> Scene Link: 2 parameters
* Condition: Win via K.O. (Opp.)
* Scene ID: 10002
-> Audio Link: 2 parameters
* Condition: Immediate
* Voice Line ID: 32
-> Audio Link: 2 parameters
* Condition: Perform Hyper Smash
* Voice Line ID: 12
-> Audio Link: 2 parameters
* Condition: Hit with 1st Blast 2 (Opp.)
* Voice Line ID: 13
-> Audio Link: 2 parameters
* Condition: Go in MAX POWER Mode
* Voice Line ID: 14
-> Audio Link: 2 parameters
* Condition: Lose 2 Health Bars (Opp.)
* Voice Line ID: 15
-> Audio Link: 2 parameters
* Condition: Lose 2 Health Bars
* Voice Line ID: 16
-> Audio Link: 2 parameters
* Condition: Perform Teleport
* Voice Line ID: 17
-> Audio Link: 2 parameters
* Condition: Perform Z-Counter
* Voice Line ID: 17
-> Audio Link: 2 parameters
* Condition: Perform Vanishing Attack (Opp.)
* Voice Line ID: 20
-> Audio Link: 2 parameters
* Condition: Win Beam Struggle
* Voice Line ID: 21
-> Audio Link: 2 parameters
* Condition: Fall into ground/water
* Voice Line ID: 22
-> Audio Link: 2 parameters
* Condition: Hit with 1st Blast 2
* Voice Line ID: 18
-> Audio Link: 2 parameters
* Condition: Hit with 2nd Blast 2
* Voice Line ID: 18
-> Audio Link: 2 parameters
* Condition: Perform Teleport (Opp.)
* Voice Line ID: 20
-> Audio Link: 2 parameters
* Condition: Win Normal Clash
* Voice Line ID: 21
-> Audio Link: 2 parameters
* Condition: Perform Dragon Homing (Opp.)
* Voice Line ID: 38
-> Audio Link: 2 parameters
* Condition: Go in MAX POWER Mode
* Voice Line ID: 14
-> Audio Link: 2 parameters
* Condition: Hit with 2nd Blast 2 (Opp.)
* Voice Line ID: 13

[Store Player's Character Changes]

[Store Opponent's Character Changes]
-> Assign Properties to Character: 1 parameter
* Parameter 0: 1

[Post-Cutscene Event: 2 parameters]
* Event ID: Switch with Teammate #2 (Opp.)
* Character ID: Gohan (Joven) - Super Saiyajin

[Scene End & Battle Start]

===== SCENE 10002 =====

[Scene Start]

[Battle End: 1 parameter]
* Battle Outcome ID: -1

[Store Character Positions]

[Store VFX Switches]

[Store Conditional Properties]
-> Scene Link: 2 parameters
* Condition: Immediate
* Scene ID: 10003
-> Scene Link: 2 parameters
* Condition: Win via K.O.
* Scene ID: 10039
-> Scene Link: 2 parameters
* Condition: Win via K.O. (Opp.)
* Scene ID: 10049

[Store Player's Character Changes]
-> Assign Properties to Character: 1 parameter
* Character Index: 1

[Store Opponent's Character Changes]

[Post-Cutscene Event: 2 parameters]
* Event ID: Switch with Teammate #2
* Character ID: Broly - Super Saiyajin 4

[Scene End & Battle Start]

===== SCENE 10003 =====

[Scene Start]

[Battle End: 1 parameter]
* Battle Outcome ID: -1

[Store Character Positions]

[Trigger Fade-Out: 1 parameter]
* Time (s): 1.2

[Assign Character Position & Rotation: 7 parameters]
* Character Index: 1 (Opp.)
* Position (X): -25.0
* Position (Y): -5.5
* Position (Z): 0.0
* Rotation (X): 0.0
* Rotation (Y): 90.0
* Rotation (Z): 0.0

[Assign Character Position & Rotation: 7 parameters]
* Character Index: 1
* Position (X): 58.0
* Position (Y): -5.5
* Position (Z): 0.0
* Rotation (X): 0.0
* Rotation (Y): -90.0
* Rotation (Z): 0.0

[Primary Camera Point: 6 parameters]
* Position (X): 49.336
* Position (Y): -9.546
* Position (Z): 9.849
* Rotation (Y): 3.753
* Rotation (X): 137.879
* Rotation (Z): 0.0

[Secondary Camera Point]
-> Additional Camera Point: 7 parameters
* Time (s): 3.0
* Position (X): 50.126
* Position (Y): -25.58
* Position (Z): 8.975
* Rotation (Y): 3.753
* Rotation (X): 137.879
* Rotation (Z): 0.0

[Assign Animation: 2 parameters]
* Character Index: 1
* ANM Name: GROUND
-> Enable ANM Loop

[Assign Animation: 2 parameters]
* Character Index: 1 (Opp.)
* ANM Name: GROUND
-> Enable ANM Loop

[Play Character Voice Line: 2 parameters]
* Character Index: 1
* Voice Line ID: 24
-> Wait until End of Voice Line

[Primary Camera Point: 6 parameters]
* Position (X): -38.31
* Position (Y): -8.625
* Position (Z): 9.208
* Rotation (Y): 7.537
* Rotation (X): 112.883
* Rotation (Z): 0.0

[Secondary Camera Point]
-> Additional Camera Point: 7 parameters
* Time (s): 6.0
* Position (X): -32.058
* Position (Y): -9.523
* Position (Z): 6.569
* Rotation (Y): 7.537
* Rotation (X): 112.883
* Rotation (Z): 0.0

[Play Character Voice Line: 2 parameters]
* Character Index: 1 (Opp.)
* Voice Line ID: 25
-> Wait until End of Voice Line

[Play Character Voice Line: 2 parameters]
* Character Index: 0 (Opp.)
* Voice Line ID: 26
-> Wait until End of Voice Line

[Store VFX Switches]

[Store Conditional Properties]
-> Scene Link: 2 parameters
* Condition: Wait 20 seconds
* Scene ID: 10004
-> Scene Link: 2 parameters
* Condition: Win via K.O.
* Scene ID: 10013
-> Scene Link: 2 parameters
* Condition: Win via K.O. (Opp.)
* Scene ID: 10041
-> Audio Link: 2 parameters
* Condition: Perform Dragon Homing
* Voice Line ID: 27
-> Audio Link: 2 parameters
* Condition: Perform Vanishing Attack
* Voice Line ID: 28
-> Audio Link: 2 parameters
* Condition: Hit with 1st Blast 2 (Opp.)
* Voice Line ID: 29
-> Audio Link: 2 parameters
* Condition: Perform Throw
* Voice Line ID: 30
-> Audio Link: 2 parameters
* Condition: UNKNOWN
* Voice Line ID: 31
-> Audio Link: 2 parameters
* Condition: Fall into ground/water
* Voice Line ID: 32
-> Audio Link: 2 parameters
* Condition: Hit with 1st Blast 2
* Voice Line ID: 33
-> Audio Link: 2 parameters
* Condition: Hit with Ultimate Blast
* Voice Line ID: 34
-> Audio Link: 2 parameters
* Condition: Win Beam Struggle
* Voice Line ID: 35
-> Audio Link: 2 parameters
* Condition: Win Normal Clash
* Voice Line ID: 36
-> Audio Link: 2 parameters
* Condition: Block 1st Blast 2
* Voice Line ID: 37
-> Audio Link: 2 parameters
* Condition: Perform Dragon Homing (Opp.)
* Voice Line ID: 38
-> Audio Link: 2 parameters
* Condition: Go in MAX POWER Mode
* Voice Line ID: 39
-> Audio Link: 2 parameters
* Condition: Perform Hyper Smash
* Voice Line ID: 41
-> Audio Link: 2 parameters
* Condition: Perform Fully Charged Left Smash Attack
* Voice Line ID: 42
-> Audio Link: 2 parameters
* Condition: Hit with 2nd Blast 2
* Voice Line ID: 33
-> Audio Link: 2 parameters
* Condition: Perform Fully Charged Up Smash Attack
* Voice Line ID: 42
-> Audio Link: 2 parameters
* Condition: Block 2nd Blast 2
* Voice Line ID: 37
-> Audio Link: 2 parameters
* Condition: Perform Vanishing Attack (Opp.)
* Voice Line ID: 38
-> Audio Link: 2 parameters
* Condition: Perform Dash Smash
* Voice Line ID: 41
-> Audio Link: 2 parameters
* Condition: Perform Fully Charged Right Smash Attack
* Voice Line ID: 42
-> Audio Link: 2 parameters
* Condition: Lose 2 Health Bars (Opp.)
* Voice Line ID: 30
-> Audio Link: 2 parameters
* Condition: Hit with 2nd Blast 2 (Opp.)
* Voice Line ID: 29

[Store Player's Character Changes]
-> Add Health: 1 parameter
* Health (%): 100

[Store Opponent's Character Changes]

[Post-Cutscene Event: 2 parameters]
* Event ID: Battle Finish
* Character ID: N/A

[Scene End & Battle Start]

===== SCENE 10004 =====

[Scene Start]

[Battle End: 1 parameter]
* Battle Outcome ID: -1

[Store Character Positions]

[Trigger Fade-Out: 1 parameter]
* Time (s): 1.2

[Assign Character Position & Rotation: 7 parameters]
* Character Index: 1 (Opp.)
* Position (X): -25.0
* Position (Y): -5.5
* Position (Z): 0.0
* Rotation (X): 0.0
* Rotation (Y): 90.0
* Rotation (Z): 0.0

[Assign Character Position & Rotation: 7 parameters]
* Character Index: 1
* Position (X): 58.0
* Position (Y): -5.5
* Position (Z): 0.0
* Rotation (X): 0.0
* Rotation (Y): -90.0
* Rotation (Z): 0.0

[Primary Camera Point: 6 parameters]
* Position (X): 42.358
* Position (Y): -26.227
* Position (Z): 20.579
* Rotation (Y): -13.194
* Rotation (X): 148.095
* Rotation (Z): 0.0

[Secondary Camera Point]
-> Additional Camera Point: 7 parameters
* Time (s): 4.0
* Position (X): 45.324
* Position (Y): -26.952
* Position (Z): 3.759
* Rotation (Y): -6.666
* Rotation (X): 109.689
* Rotation (Z): 0.0

[Assign Animation: 2 parameters]
* Character Index: 1
* ANM Name: GROUND
-> Enable ANM Loop

[Play Character Voice Line: 2 parameters]
* Character Index: 1
* Voice Line ID: 44
-> Wait until End of Voice Line

[Primary Camera Point: 6 parameters]
* Position (X): -1.714
* Position (Y): -14.036
* Position (Z): 2.456
* Rotation (Y): -7.796
* Rotation (X): -102.459
* Rotation (Z): 0.0

[Secondary Camera Point]
-> Additional Camera Point: 7 parameters
* Time (s): 5.0
* Position (X): -11.444
* Position (Y): -13.027
* Position (Z): 0.306
* Rotation (Y): -5.926
* Rotation (X): -102.459
* Rotation (Z): 0.0

[Assign Animation: 2 parameters]
* Character Index: 1 (Opp.)
* ANM Name: GROUND_TIRED
-> Enable ANM Loop

[Play Character Voice Line: 2 parameters]
* Character Index: 1 (Opp.)
* Voice Line ID: 46
-> Wait until End of Voice Line

[Music Change: 1 parameter]
* Music: RB2 OST - Vegeta vs Bojack

[Store VFX Switches]

[Store Conditional Properties]
-> Scene Link: 2 parameters
* Condition: Wait 20 seconds
* Scene ID: 10005
-> Scene Link: 2 parameters
* Condition: Win via K.O.
* Scene ID: 10031
-> Scene Link: 2 parameters
* Condition: Win via K.O. (Opp.)
* Scene ID: 10041
-> Audio Link: 2 parameters
* Condition: Perform Dragon Homing
* Voice Line ID: 27
-> Audio Link: 2 parameters
* Condition: Perform Sonic Sway
* Voice Line ID: 28
-> Audio Link: 2 parameters
* Condition: UNKNOWN
* Voice Line ID: 31
-> Audio Link: 2 parameters
* Condition: Fall into ground/water
* Voice Line ID: 32
-> Audio Link: 2 parameters
* Condition: Hit with 1st Blast 2
* Voice Line ID: 33
-> Audio Link: 2 parameters
* Condition: Fall into ground/water (Opp.)
* Voice Line ID: 34
-> Audio Link: 2 parameters
* Condition: Win Normal Clash
* Voice Line ID: 35
-> Audio Link: 2 parameters
* Condition: Win Beam Struggle
* Voice Line ID: 36
-> Audio Link: 2 parameters
* Condition: Block 1st Blast 2
* Voice Line ID: 37
-> Audio Link: 2 parameters
* Condition: Perform Dragon Homing (Opp.)
* Voice Line ID: 38
-> Audio Link: 2 parameters
* Condition: Go in MAX POWER Mode
* Voice Line ID: 40
-> Audio Link: 2 parameters
* Condition: Perform Hyper Smash
* Voice Line ID: 41
-> Audio Link: 2 parameters
* Condition: Perform Fully Charged Left Smash Attack
* Voice Line ID: 42
-> Audio Link: 2 parameters
* Condition: Hit with 2nd Blast 2
* Voice Line ID: 33
-> Audio Link: 2 parameters
* Condition: Perform Teleport
* Voice Line ID: 35
-> Audio Link: 2 parameters
* Condition: Block 2nd Blast 2
* Voice Line ID: 37
-> Audio Link: 2 parameters
* Condition: Perform Vanishing Attack (Opp.)
* Voice Line ID: 38
-> Audio Link: 2 parameters
* Condition: Perform Dash Smash
* Voice Line ID: 41
-> Audio Link: 2 parameters
* Condition: Hit with Ultimate Blast
* Voice Line ID: 42

[Store Player's Character Changes]
-> Add Health: 1 parameter
* Health (%): 100
-> Replace Z-Item #2: 1 parameter
* Z-Item #2: Attack +20
-> Replace Z-Item #3: 1 parameter
* Z-Item #3: Defense +10

[Store Opponent's Character Changes]

[Post-Cutscene Event: 2 parameters]
* Event ID: Assign Transformation
* Character ID: Bojack

[Scene End & Battle Start]

===== SCENE 10005 =====

[Scene Start]

[Battle End: 1 parameter]
* Battle Outcome ID: -1

[Store Character Positions]

[Store VFX Switches]

[Store Conditional Properties]
-> Scene Link: 2 parameters
* Condition: Immediate
* Scene ID: 10006
-> Scene Link: 2 parameters
* Condition: Win via K.O.
* Scene ID: 10039
-> Scene Link: 2 parameters
* Condition: Win via K.O. (Opp.)
* Scene ID: 10049

[Store Player's Character Changes]

[Store Opponent's Character Changes]
-> Assign Properties to Character: 1 parameter
* Parameter 0: 2

[Post-Cutscene Event: 2 parameters]
* Event ID: Switch with Teammate #3 (Opp.)
* Character ID: Piccolo (Fin)

[Scene End & Battle Start]

===== SCENE 10006 =====

[Scene Start]

[Battle End: 1 parameter]
* Battle Outcome ID: -1

[Store Character Positions]

[Trigger Fade-Out: 1 parameter]
* Time (s): 1.2

[Assign Character Position & Rotation: 7 parameters]
* Character Index: 2 (Opp.)
* Position (X): -25.0
* Position (Y): -5.5
* Position (Z): 0.0
* Rotation (X): 0.0
* Rotation (Y): 90.0
* Rotation (Z): 0.0

[Assign Character Position & Rotation: 7 parameters]
* Character Index: 1
* Position (X): 58.0
* Position (Y): -5.5
* Position (Z): 0.0
* Rotation (X): 0.0
* Rotation (Y): -90.0
* Rotation (Z): 0.0

[Primary Camera Point: 6 parameters]
* Position (X): 41.817
* Position (Y): -19.984
* Position (Z): 11.081
* Rotation (Y): 13.7
* Rotation (X): 142.807
* Rotation (Z): 0.0

[Assign Animation: 2 parameters]
* Character Index: 1
* ANM Name: INTRO_IN
-> Wait until End of ANM

[Assign Animation: 2 parameters]
* Character Index: 1
* ANM Name: INTRO_LOOP
-> Enable ANM Loop

[Play Character Voice Line: 2 parameters]
* Character Index: 1
* Voice Line ID: 47
-> Wait until End of Voice Line

[Primary Camera Point: 6 parameters]
* Position (X): -9.736
* Position (Y): -20.444
* Position (Z): 3.907
* Rotation (Y): -2.529
* Rotation (X): -109.412
* Rotation (Z): 0.0

[Secondary Camera Point]
-> Additional Camera Point: 7 parameters
* Time (s): 3.5
* Position (X): -15.755
* Position (Y): -21.749
* Position (Z): 3.295
* Rotation (Y): -0.481
* Rotation (X): -109.303
* Rotation (Z): 0.0

[Assign Animation: 2 parameters]
* Character Index: 2 (Opp.)
* ANM Name: INTRO_IN
-> Wait until End of ANM

[Assign Animation: 2 parameters]
* Character Index: 2 (Opp.)
* ANM Name: INTRO_LOOP
-> Enable ANM Loop

[Play Character Voice Line: 2 parameters]
* Character Index: 2 (Opp.)
* Voice Line ID: 48
-> Wait until End of Voice Line

[Primary Camera Point: 6 parameters]
* Position (X): 73.337
* Position (Y): -36.098
* Position (Z): -18.028
* Rotation (Y): -25.136
* Rotation (X): -65.979
* Rotation (Z): 0.0

[Secondary Camera Point]
-> Additional Camera Point: 7 parameters
* Time (s): 2.0
* Position (X): 62.983
* Position (Y): -30.85
* Position (Z): -13.797
* Rotation (Y): -25.136
* Rotation (X): -67.769
* Rotation (Z): 0.0

[Play Character Voice Line: 2 parameters]
* Character Index: 1 (Opp.)
* Voice Line ID: 49
-> Wait until End of Voice Line

[Primary Camera Point: 6 parameters]
* Position (X): -14.022
* Position (Y): -18.991
* Position (Z): -6.213
* Rotation (Y): 11.981
* Rotation (X): -58.163
* Rotation (Z): 0.0

[Secondary Camera Point]
-> Additional Camera Point: 7 parameters
* Time (s): 3.0
* Position (X): -13.754
* Position (Y): -19.968
* Position (Z): 3.727
* Rotation (Y): 11.981
* Rotation (X): -112.45
* Rotation (Z): 0.0

[Play Character Voice Line: 2 parameters]
* Character Index: 2 (Opp.)
* Voice Line ID: 50
-> Wait until End of Voice Line

[Store VFX Switches]

[Store Conditional Properties]
-> Scene Link: 2 parameters
* Condition: Win via K.O.
* Scene ID: 10007
-> Scene Link: 2 parameters
* Condition: Win via K.O. (Opp.)
* Scene ID: 10042
-> Audio Link: 2 parameters
* Condition: Fall into ground/water (Opp.)
* Voice Line ID: 51
-> Audio Link: 2 parameters
* Condition: Lose 2 Health Bars (Opp.)
* Voice Line ID: 53
-> Audio Link: 2 parameters
* Condition: Hit with 1st Blast 2
* Voice Line ID: 54
-> Audio Link: 2 parameters
* Condition: Go in MAX POWER Mode
* Voice Line ID: 55
-> Audio Link: 2 parameters
* Condition: Hit with 1st Blast 2 (Opp.)
* Voice Line ID: 56
-> Audio Link: 2 parameters
* Condition: Hit with Ultimate Blast
* Voice Line ID: 57
-> Audio Link: 2 parameters
* Condition: Perform Dragon Homing
* Voice Line ID: 58
-> Audio Link: 2 parameters
* Condition: Perform Vanishing Attack
* Voice Line ID: 59
-> Audio Link: 2 parameters
* Condition: Perform Vanishing Attack (Opp.)
* Voice Line ID: 60
-> Audio Link: 2 parameters
* Condition: Perform Rush Attack
* Voice Line ID: 61
-> Audio Link: 2 parameters
* Condition: Perform Teleport
* Voice Line ID: 62
-> Audio Link: 2 parameters
* Condition: Hit with 2nd Blast 2
* Voice Line ID: 56
-> Audio Link: 2 parameters
* Condition: Perform Throw
* Voice Line ID: 58
-> Audio Link: 2 parameters
* Condition: Perform Sonic Sway
* Voice Line ID: 62
-> Audio Link: 2 parameters
* Condition: Perform Guard Crush
* Voice Line ID: 62

[Store Player's Character Changes]

[Store Opponent's Character Changes]
-> Add Health: 1 parameter
* Health (%): 100

[Post-Cutscene Event: 2 parameters]
* Event ID: Battle Finish
* Character ID: N/A

[Scene End & Battle Start]

===== SCENE 10007 =====

[Scene Start]

[Battle End: 1 parameter]
* Battle Outcome ID: -1

[Store Character Positions]

[Store VFX Switches]

[Store Conditional Properties]
-> Scene Link: 2 parameters
* Condition: Immediate
* Scene ID: 10008
-> Scene Link: 2 parameters
* Condition: Win via K.O.
* Scene ID: 10039
-> Scene Link: 2 parameters
* Condition: Win via K.O. (Opp.)
* Scene ID: 10049

[Store Player's Character Changes]

[Store Opponent's Character Changes]
-> Assign Properties to Character: 1 parameter
* Parameter 0: 3

[Post-Cutscene Event: 2 parameters]
* Event ID: Switch with Teammate #4 (Opp.)
* Character ID: Trunks del Futuro - Super Saiyajin

[Scene End & Battle Start]

===== SCENE 10008 =====

[Scene Start]

[Battle End: 1 parameter]
* Battle Outcome ID: -1

[Store Character Positions]

[Trigger Fade-Out: 1 parameter]
* Time (s): 1.2

[Assign Character Position & Rotation: 7 parameters]
* Character Index: 3 (Opp.)
* Position (X): -25.0
* Position (Y): -5.5
* Position (Z): 0.0
* Rotation (X): 0.0
* Rotation (Y): 90.0
* Rotation (Z): 0.0

[Assign Character Position & Rotation: 7 parameters]
* Character Index: 1
* Position (X): 58.0
* Position (Y): -5.5
* Position (Z): 0.0
* Rotation (X): 0.0
* Rotation (Y): -90.0
* Rotation (Z): 0.0

[Primary Camera Point: 6 parameters]
* Position (X): 101.638
* Position (Y): -55.384003
* Position (Z): -32.341
* Rotation (Y): -26.757
* Rotation (X): -72.581
* Rotation (Z): 0.0

[Secondary Camera Point]
-> Additional Camera Point: 7 parameters
* Time (s): 5.0
* Position (X): -16.513
* Position (Y): -20.345
* Position (Z): -1.871
* Rotation (Y): -8.487
* Rotation (X): -70.01
* Rotation (Z): 0.0

[Assign Animation: 2 parameters]
* Character Index: 3 (Opp.)
* ANM Name: INTRO_IN
-> Wait until End of ANM

[Assign Animation: 2 parameters]
* Character Index: 3 (Opp.)
* ANM Name: INTRO_LOOP
-> Enable ANM Loop

[Play Character Voice Line: 2 parameters]
* Character Index: 3 (Opp.)
* Voice Line ID: 64
-> Wait until End of Voice Line

[Primary Camera Point: 6 parameters]
* Position (X): 26.269
* Position (Y): -24.078
* Position (Z): -6.613
* Rotation (Y): 2.214
* Rotation (X): 73.811
* Rotation (Z): 0.0

[Secondary Camera Point]
-> Additional Camera Point: 7 parameters
* Time (s): 3.0
* Position (X): 41.868
* Position (Y): -25.784
* Position (Z): -2.084
* Rotation (Y): 2.214
* Rotation (X): 73.811
* Rotation (Z): 0.0

[Assign Animation: 2 parameters]
* Character Index: 1
* ANM Name: INTRO_IN
-> Wait until End of ANM

[Assign Animation: 2 parameters]
* Character Index: 1
* ANM Name: INTRO_LOOP
-> Enable ANM Loop

[Play Character Voice Line: 2 parameters]
* Character Index: 1
* Voice Line ID: 65
-> Wait until End of Voice Line

[Store VFX Switches]

[Store Conditional Properties]
-> Scene Link: 2 parameters
* Condition: Win via K.O.
* Scene ID: 10009
-> Scene Link: 2 parameters
* Condition: Win via K.O. (Opp.)
* Scene ID: 10043
-> Audio Link: 2 parameters
* Condition: Immediate
* Voice Line ID: 66
-> Audio Link: 2 parameters
* Condition: Fall into ground/water (Opp.)
* Voice Line ID: 67
-> Audio Link: 2 parameters
* Condition: Fall into ground/water
* Voice Line ID: 69
-> Audio Link: 2 parameters
* Condition: Hit with Ultimate Blast (Opp.)
* Voice Line ID: 72
-> Audio Link: 2 parameters
* Condition: Hit with 1st Blast 2
* Voice Line ID: 74
-> Audio Link: 2 parameters
* Condition: Perform Teleport (Opp.)
* Voice Line ID: 75
-> Audio Link: 2 parameters
* Condition: Perform 1st Blast 2 (Opp.)
* Voice Line ID: 76
-> Audio Link: 2 parameters
* Condition: Hit with 2nd Blast 2
* Voice Line ID: 77
-> Audio Link: 2 parameters
* Condition: Perform Normal Clash
* Voice Line ID: 78
-> Audio Link: 2 parameters
* Condition: Perform Rush Attack
* Voice Line ID: 79
-> Audio Link: 2 parameters
* Condition: Reach Full Ki Bars
* Voice Line ID: 80
-> Audio Link: 2 parameters
* Condition: Hit with Ultimate Blast
* Voice Line ID: 33
-> Audio Link: 2 parameters
* Condition: Perform 2nd Blast 2 (Opp.)
* Voice Line ID: 76
-> Audio Link: 2 parameters
* Condition: Perform Aerial Clash
* Voice Line ID: 78
-> Audio Link: 2 parameters
* Condition: Perform Z-Counter
* Voice Line ID: 80
-> Audio Link: 2 parameters
* Condition: Perform Guard Crush
* Voice Line ID: 80

[Store Player's Character Changes]

[Store Opponent's Character Changes]
-> Add Health: 1 parameter
* Health (%): 100

[Post-Cutscene Event: 2 parameters]
* Event ID: Normal Clash
* Character ID: N/A

[Scene End & Battle Start]

===== SCENE 10009 =====

[Scene Start]

[Battle End: 1 parameter]
* Battle Outcome ID: -1

[Store Character Positions]

[Store VFX Switches]

[Store Conditional Properties]
-> Scene Link: 2 parameters
* Condition: Immediate
* Scene ID: 10010
-> Scene Link: 2 parameters
* Condition: Win via K.O.
* Scene ID: 10039
-> Scene Link: 2 parameters
* Condition: Win via K.O. (Opp.)
* Scene ID: 10049

[Store Player's Character Changes]

[Store Opponent's Character Changes]
-> Assign Properties to Character: 1 parameter
* Parameter 0: 4

[Post-Cutscene Event: 2 parameters]
* Event ID: Switch with Teammate #5 (Opp.)
* Character ID: Vegeta (Super) - Super Saiyajin

[Scene End & Battle Start]

===== SCENE 10010 =====

[Scene Start]

[Battle End: 1 parameter]
* Battle Outcome ID: -1

[Store Character Positions]

[Trigger Fade-Out: 1 parameter]
* Time (s): 1.2

[Assign Character Position & Rotation: 7 parameters]
* Character Index: 4 (Opp.)
* Position (X): -25.0
* Position (Y): -5.5
* Position (Z): 0.0
* Rotation (X): 0.0
* Rotation (Y): 90.0
* Rotation (Z): 0.0

[Assign Character Position & Rotation: 7 parameters]
* Character Index: 1
* Position (X): 58.0
* Position (Y): -5.5
* Position (Z): 0.0
* Rotation (X): 0.0
* Rotation (Y): -90.0
* Rotation (Z): 0.0

[Primary Camera Point: 6 parameters]
* Position (X): -6.908
* Position (Y): -14.358
* Position (Z): -12.94
* Rotation (Y): -5.023
* Rotation (X): -51.853
* Rotation (Z): 0.0

[Secondary Camera Point]
-> Additional Camera Point: 7 parameters
* Time (s): 3.0
* Position (X): -13.089
* Position (Y): -15.217
* Position (Z): -4.1
* Rotation (Y): 9.024
* Rotation (X): -66.617
* Rotation (Z): 0.0

[Music Change: 1 parameter]
* Music: RB2 OST - Vegeta vs Bojack
-> PROPERTY 119

[Assign Animation: 2 parameters]
* Character Index: 4 (Opp.)
* ANM Name: INTRO_IN
-> Wait until End of ANM

[Assign Animation: 2 parameters]
* Character Index: 4 (Opp.)
* ANM Name: INTRO_LOOP
-> Enable ANM Loop

[Play Character Voice Line: 2 parameters]
* Character Index: 4 (Opp.)
* Voice Line ID: 82
-> Wait until End of Voice Line

[Primary Camera Point: 6 parameters]
* Position (X): -45.758
* Position (Y): -21.007
* Position (Z): 14.974
* Rotation (Y): -11.365
* Rotation (X): 111.837
* Rotation (Z): 0.0

[Secondary Camera Point]
-> Additional Camera Point: 7 parameters
* Time (s): 10.0
* Position (X): -45.167
* Position (Y): -21.007
* Position (Z): -14.258
* Rotation (Y): -11.365
* Rotation (X): 67.53
* Rotation (Z): 0.0

[Play Character Voice Line: 2 parameters]
* Character Index: 3 (Opp.)
* Voice Line ID: 83
-> Wait until End of Voice Line

[Primary Camera Point: 6 parameters]
* Position (X): 9.526
* Position (Y): -6.913
* Position (Z): -0.806
* Rotation (Y): 10.652
* Rotation (X): -85.215
* Rotation (Z): 0.0

[Secondary Camera Point]
-> Additional Camera Point: 7 parameters
* Time (s): 2.0
* Position (X): -14.57
* Position (Y): -16.297
* Position (Z): -3.915
* Rotation (Y): 6.075
* Rotation (X): -68.18
* Rotation (Z): 0.0

[Play Character Voice Line: 2 parameters]
* Character Index: 4 (Opp.)
* Voice Line ID: 84
-> Wait until End of Voice Line

[Store VFX Switches]

[Store Conditional Properties]
-> Scene Link: 2 parameters
* Condition: Win via K.O.
* Scene ID: 10011
-> Scene Link: 2 parameters
* Condition: Win via K.O. (Opp.)
* Scene ID: 10044
-> Audio Link: 2 parameters
* Condition: Immediate
* Voice Line ID: 85
-> Audio Link: 2 parameters
* Condition: Immediate
* Voice Line ID: 86
-> Audio Link: 2 parameters
* Condition: Win Beam Struggle (Opp.)
* Voice Line ID: 87
-> Audio Link: 2 parameters
* Condition: Perform Normal Clash
* Voice Line ID: 88
-> Audio Link: 2 parameters
* Condition: Lose 3 Health Bars (Opp.)
* Voice Line ID: 89
-> Audio Link: 2 parameters
* Condition: Fall into ground/water (Opp.)
* Voice Line ID: 90
-> Audio Link: 2 parameters
* Condition: Lose 2 Health Bars (Opp.)
* Voice Line ID: 91
-> Audio Link: 2 parameters
* Condition: Win Normal Clash (Opp.)
* Voice Line ID: 92
-> Audio Link: 2 parameters
* Condition: Hit with Ultimate Blast
* Voice Line ID: 93
-> Audio Link: 2 parameters
* Condition: Hit with 1st Blast 2 (Opp.)
* Voice Line ID: 94
-> Audio Link: 2 parameters
* Condition: Hit with Ultimate Blast (Opp.)
* Voice Line ID: 95
-> Audio Link: 2 parameters
* Condition: Fall into ground/water
* Voice Line ID: 68
-> Audio Link: 2 parameters
* Condition: Perform Sonic Sway (Opp.)
* Voice Line ID: 87
-> Audio Link: 2 parameters
* Condition: Hit with 2nd Blast 2
* Voice Line ID: 90
-> Audio Link: 2 parameters
* Condition: Hit with 2nd Blast 2 (Opp.)
* Voice Line ID: 94

[Store Player's Character Changes]

[Store Opponent's Character Changes]

[Post-Cutscene Event: 2 parameters]
* Event ID: Battle Finish
* Character ID: N/A

[Scene End & Battle Start]

===== SCENE 10011 =====

[Scene Start]

[Battle End: 1 parameter]
* Battle Outcome ID: -1

[Store Character Positions]

[Store VFX Switches]

[Store Conditional Properties]
-> Scene Link: 2 parameters
* Condition: Immediate
* Scene ID: 10012
-> Scene Link: 2 parameters
* Condition: Win via K.O.
* Scene ID: 10039
-> Scene Link: 2 parameters
* Condition: Win via K.O. (Opp.)
* Scene ID: 10049

[Store Player's Character Changes]
-> Add Health: 1 parameter
* Health (%): 30

[Store Opponent's Character Changes]
-> Add Health: 1 parameter
* Health (%): 10
-> Assign Properties to Character: 1 parameter
* Parameter 0: 1

[Post-Cutscene Event: 2 parameters]
* Event ID: Switch with Teammate #2 (Opp.)
* Character ID: Gohan (Joven) - Super Saiyajin

[Scene End & Battle Start]

===== SCENE 10012 =====

[Scene Start]

[Battle End: 1 parameter]
* Battle Outcome ID: -1

[Store Character Positions]

[Trigger Fade-Out: 1 parameter]
* Time (s): 1.2

[Assign Character Position & Rotation: 7 parameters]
* Character Index: 1 (Opp.)
* Position (X): -25.0
* Position (Y): -5.5
* Position (Z): 0.0
* Rotation (X): 0.0
* Rotation (Y): 90.0
* Rotation (Z): 0.0

[Assign Character Position & Rotation: 7 parameters]
* Character Index: 1
* Position (X): 58.0
* Position (Y): -5.5
* Position (Z): 0.0
* Rotation (X): 0.0
* Rotation (Y): -90.0
* Rotation (Z): 0.0

[Primary Camera Point: 6 parameters]
* Position (X): 45.503
* Position (Y): -21.363
* Position (Z): 16.587
* Rotation (Y): 4.903
* Rotation (X): 148.638
* Rotation (Z): 0.0

[Secondary Camera Point]
-> Additional Camera Point: 7 parameters
* Time (s): 8.0
* Position (X): 44.834
* Position (Y): -24.066
* Position (Z): 6.269
* Rotation (Y): -2.843
* Rotation (X): 131.106
* Rotation (Z): 0.0

[Assign Animation: 2 parameters]
* Character Index: 1
* ANM Name: INTRO_LOOP
-> Enable ANM Loop

[Play Character Voice Line: 2 parameters]
* Character Index: 1
* Voice Line ID: 97
-> Wait until End of Voice Line

[Primary Camera Point: 6 parameters]
* Position (X): -32.93
* Position (Y): -12.861
* Position (Z): -11.167
* Rotation (Y): -1.016
* Rotation (X): 60.443
* Rotation (Z): 0.0

[Assign Animation: 2 parameters]
* Character Index: 1 (Opp.)
* ANM Name: GROUND_TIRED
-> Enable ANM Loop

[Play Character Voice Line: 2 parameters]
* Character Index: 1 (Opp.)
* Voice Line ID: 98
-> Wait until End of Voice Line

[Store VFX Switches]

[Store Conditional Properties]
-> Scene Link: 2 parameters
* Condition: Win via K.O.
* Scene ID: 10030
-> Scene Link: 2 parameters
* Condition: Win via K.O. (Opp.)
* Scene ID: 10045
-> Audio Link: 2 parameters
* Condition: Perform Dragon Homing (Opp.)
* Voice Line ID: 99
-> Audio Link: 2 parameters
* Condition: Fall into ground/water
* Voice Line ID: 100
-> Audio Link: 2 parameters
* Condition: Hit with 1st Blast 2
* Voice Line ID: 33
-> Audio Link: 2 parameters
* Condition: Lose 1 Health Bar (Opp.)
* Voice Line ID: 52
-> Audio Link: 2 parameters
* Condition: Hit with Ultimate Blast
* Voice Line ID: 104
-> Audio Link: 2 parameters
* Condition: Block 1st Blast 2
* Voice Line ID: 105
-> Audio Link: 2 parameters
* Condition: Go in MAX POWER Mode
* Voice Line ID: 106
-> Audio Link: 2 parameters
* Condition: Go in MAX POWER Mode (Opp.)
* Voice Line ID: 107
-> Audio Link: 2 parameters
* Condition: Lose 2 Health Bars (Opp.)
* Voice Line ID: 108
-> Audio Link: 2 parameters
* Condition: Perform Throw
* Voice Line ID: 109
-> Audio Link: 2 parameters
* Condition: Hit with Ultimate Blast (Opp.)
* Voice Line ID: 110
-> Audio Link: 2 parameters
* Condition: Perform Sonic Sway
* Voice Line ID: 111
-> Audio Link: 2 parameters
* Condition: Win Beam Struggle
* Voice Line ID: 112
-> Audio Link: 2 parameters
* Condition: Perform Vanishing Attack
* Voice Line ID: 113
-> Audio Link: 2 parameters
* Condition: Perform Rush Attack
* Voice Line ID: 114
-> Audio Link: 2 parameters
* Condition: Perform Vanishing Attack (Opp.)
* Voice Line ID: 99
-> Audio Link: 2 parameters
* Condition: Hit with 2nd Blast 2
* Voice Line ID: 33
-> Audio Link: 2 parameters
* Condition: Block 2nd Blast 2
* Voice Line ID: 105
-> Audio Link: 2 parameters
* Condition: Perform Dragon Homing
* Voice Line ID: 109
-> Audio Link: 2 parameters
* Condition: Win Normal Clash
* Voice Line ID: 112
-> Audio Link: 2 parameters
* Condition: UNKNOWN
* Voice Line ID: 113

[Store Player's Character Changes]

[Store Opponent's Character Changes]
-> Add Health: 1 parameter
* Health (%): 100

[Post-Cutscene Event: 2 parameters]
* Event ID: Battle Finish
* Character ID: N/A

[Scene End & Battle Start]

===== SCENE 10013 =====

[Scene Start]

[Battle End: 1 parameter]
* Battle Outcome ID: -1

[Store Character Positions]

[Store VFX Switches]

[Store Conditional Properties]
-> Scene Link: 2 parameters
* Condition: Immediate
* Scene ID: 10014
-> Scene Link: 2 parameters
* Condition: Win via K.O.
* Scene ID: 10039
-> Scene Link: 2 parameters
* Condition: Win via K.O. (Opp.)
* Scene ID: 10049

[Store Player's Character Changes]

[Store Opponent's Character Changes]
-> Assign Properties to Character: 1 parameter
* Parameter 0: 2

[Post-Cutscene Event: 2 parameters]
* Event ID: Switch with Teammate #3 (Opp.)
* Character ID: Piccolo (Fin)

[Scene End & Battle Start]

===== SCENE 10014 =====

[Scene Start]

[Battle End: 1 parameter]
* Battle Outcome ID: -1

[Store Character Positions]

[Trigger Fade-Out: 1 parameter]
* Time (s): 1.2

[Assign Character Position & Rotation: 7 parameters]
* Character Index: 2 (Opp.)
* Position (X): -25.0
* Position (Y): -5.5
* Position (Z): 0.0
* Rotation (X): 0.0
* Rotation (Y): 90.0
* Rotation (Z): 0.0

[Assign Character Position & Rotation: 7 parameters]
* Character Index: 1
* Position (X): 58.0
* Position (Y): -5.5
* Position (Z): 0.0
* Rotation (X): 0.0
* Rotation (Y): -90.0
* Rotation (Z): 0.0

[Primary Camera Point: 6 parameters]
* Position (X): -9.736
* Position (Y): -20.344
* Position (Z): 3.907
* Rotation (Y): -2.529
* Rotation (X): -109.412
* Rotation (Z): 0.0

[Secondary Camera Point]
-> Additional Camera Point: 7 parameters
* Time (s): 3.5
* Position (X): -15.285
* Position (Y): -21.999
* Position (Z): 1.952
* Rotation (Y): 2.55
* Rotation (X): -109.412
* Rotation (Z): 0.0

[Assign Animation: 2 parameters]
* Character Index: 2 (Opp.)
* ANM Name: INTRO_LOOP
-> Enable ANM Loop

[Play Character Voice Line: 2 parameters]
* Character Index: 2 (Opp.)
* Voice Line ID: 117
-> Wait until End of Voice Line

[Play Character Voice Line: 2 parameters]
* Character Index: 1 (Opp.)
* Voice Line ID: 118
-> Wait until End of Voice Line

[Store VFX Switches]

[Store Conditional Properties]
-> Scene Link: 2 parameters
* Condition: Win via K.O.
* Scene ID: 10015
-> Scene Link: 2 parameters
* Condition: Win via K.O. (Opp.)
* Scene ID: 10046
-> Audio Link: 2 parameters
* Condition: Fall into ground/water (Opp.)
* Voice Line ID: 51
-> Audio Link: 2 parameters
* Condition: Lose 2 Health Bars (Opp.)
* Voice Line ID: 53
-> Audio Link: 2 parameters
* Condition: Hit with 1st Blast 2
* Voice Line ID: 54
-> Audio Link: 2 parameters
* Condition: Go in MAX POWER Mode
* Voice Line ID: 55
-> Audio Link: 2 parameters
* Condition: Hit with 1st Blast 2 (Opp.)
* Voice Line ID: 56
-> Audio Link: 2 parameters
* Condition: Hit with Ultimate Blast
* Voice Line ID: 57
-> Audio Link: 2 parameters
* Condition: Perform Dragon Homing
* Voice Line ID: 58
-> Audio Link: 2 parameters
* Condition: Perform Vanishing Attack
* Voice Line ID: 59
-> Audio Link: 2 parameters
* Condition: Perform Vanishing Attack (Opp.)
* Voice Line ID: 60
-> Audio Link: 2 parameters
* Condition: Perform Rush Attack
* Voice Line ID: 61
-> Audio Link: 2 parameters
* Condition: Perform Teleport
* Voice Line ID: 62
-> Audio Link: 2 parameters
* Condition: Hit with 2nd Blast 2 (Opp.)
* Voice Line ID: 56
-> Audio Link: 2 parameters
* Condition: Perform Throw
* Voice Line ID: 58
-> Audio Link: 2 parameters
* Condition: Perform Sonic Sway
* Voice Line ID: 62
-> Audio Link: 2 parameters
* Condition: Perform Guard Crush
* Voice Line ID: 62

[Store Player's Character Changes]

[Store Opponent's Character Changes]
-> Assign Health: 1 parameter
* Health (%): 100
-> Replace Z-Item #1: 1 parameter
* Z-Item #1: Ultimate Warrior 1
-> Replace Z-Item #2: 1 parameter
* Z-Item #2: Master Roshi's Training

[Post-Cutscene Event: 2 parameters]
* Event ID: Battle Finish
* Character ID: N/A

[Scene End & Battle Start]

===== SCENE 10015 =====

[Scene Start]

[Battle End: 1 parameter]
* Battle Outcome ID: -1

[Store Character Positions]

[Store VFX Switches]

[Store Conditional Properties]
-> Scene Link: 2 parameters
* Condition: Immediate
* Scene ID: 10016
-> Scene Link: 2 parameters
* Condition: Win via K.O.
* Scene ID: 10039
-> Scene Link: 2 parameters
* Condition: Win via K.O. (Opp.)
* Scene ID: 10049

[Store Player's Character Changes]

[Store Opponent's Character Changes]
-> Assign Properties to Character: 1 parameter
* Parameter 0: 3

[Post-Cutscene Event: 2 parameters]
* Event ID: Switch with Teammate #4 (Opp.)
* Character ID: Trunks del Futuro - Super Saiyajin

[Scene End & Battle Start]

===== SCENE 10016 =====

[Scene Start]

[Battle End: 1 parameter]
* Battle Outcome ID: -1

[Store Character Positions]

[Trigger Fade-Out: 1 parameter]
* Time (s): 1.2

[Assign Character Position & Rotation: 7 parameters]
* Character Index: 3 (Opp.)
* Position (X): -25.0
* Position (Y): -5.5
* Position (Z): 0.0
* Rotation (X): 0.0
* Rotation (Y): 90.0
* Rotation (Z): 0.0

[Assign Character Position & Rotation: 7 parameters]
* Character Index: 1
* Position (X): 58.0
* Position (Y): -5.5
* Position (Z): 0.0
* Rotation (X): 0.0
* Rotation (Y): -90.0
* Rotation (Z): 0.0

[Primary Camera Point: 6 parameters]
* Position (X): 101.638
* Position (Y): -55.284
* Position (Z): -32.341
* Rotation (Y): -26.757
* Rotation (X): -72.581
* Rotation (Z): 0.0

[Secondary Camera Point]
-> Additional Camera Point: 7 parameters
* Time (s): 4.5
* Position (X): -16.513
* Position (Y): -20.245
* Position (Z): -1.871
* Rotation (Y): -8.487
* Rotation (X): -70.01
* Rotation (Z): 0.0

[Assign Animation: 2 parameters]
* Character Index: 3 (Opp.)
* ANM Name: INTRO_LOOP
-> Enable ANM Loop

[Play Character Voice Line: 2 parameters]
* Character Index: 3 (Opp.)
* Voice Line ID: 134
-> Wait until End of Voice Line

[Primary Camera Point: 6 parameters]
* Position (X): 26.269
* Position (Y): -24.078
* Position (Z): -6.613
* Rotation (Y): 2.214
* Rotation (X): 73.811
* Rotation (Z): 0.0

[Secondary Camera Point]
-> Additional Camera Point: 7 parameters
* Time (s): 3.0
* Position (X): 41.868
* Position (Y): -25.784
* Position (Z): -2.084
* Rotation (Y): 2.214
* Rotation (X): 73.811
* Rotation (Z): 0.0

[Assign Animation: 2 parameters]
* Character Index: 1
* ANM Name: GROUND
-> Enable ANM Loop

[Play Character Voice Line: 2 parameters]
* Character Index: 1
* Voice Line ID: 135
-> Wait until End of Voice Line

[Store VFX Switches]

[Store Conditional Properties]
-> Scene Link: 2 parameters
* Condition: Win via K.O.
* Scene ID: 10017
-> Scene Link: 2 parameters
* Condition: Win via K.O. (Opp.)
* Scene ID: 10047
-> Audio Link: 2 parameters
* Condition: Immediate
* Voice Line ID: 66
-> Audio Link: 2 parameters
* Condition: Fall into ground/water (Opp.)
* Voice Line ID: 67
-> Audio Link: 2 parameters
* Condition: Fall into ground/water
* Voice Line ID: 69
-> Audio Link: 2 parameters
* Condition: Hit with Ultimate Blast (Opp.)
* Voice Line ID: 72
-> Audio Link: 2 parameters
* Condition: Hit with 1st Blast 2
* Voice Line ID: 74
-> Audio Link: 2 parameters
* Condition: Perform Teleport (Opp.)
* Voice Line ID: 75
-> Audio Link: 2 parameters
* Condition: Perform 1st Blast 2 (Opp.)
* Voice Line ID: 76
-> Audio Link: 2 parameters
* Condition: Hit with 2nd Blast 2
* Voice Line ID: 77
-> Audio Link: 2 parameters
* Condition: Perform Normal Clash
* Voice Line ID: 78
-> Audio Link: 2 parameters
* Condition: Perform Rush Attack
* Voice Line ID: 79
-> Audio Link: 2 parameters
* Condition: Reach Full Ki Bars
* Voice Line ID: 80
-> Audio Link: 2 parameters
* Condition: Hit with Ultimate Blast
* Voice Line ID: 33
-> Audio Link: 2 parameters
* Condition: Perform 2nd Blast 2 (Opp.)
* Voice Line ID: 76
-> Audio Link: 2 parameters
* Condition: Perform Aerial Clash
* Voice Line ID: 78
-> Audio Link: 2 parameters
* Condition: Perform Z-Counter
* Voice Line ID: 80
-> Audio Link: 2 parameters
* Condition: Perform Guard Crush
* Voice Line ID: 80

[Store Player's Character Changes]

[Store Opponent's Character Changes]
-> Assign Health: 1 parameter
* Health (%): 100
-> Replace Z-Item #1: 1 parameter
* Z-Item #1: Ultimate Warrior 1
-> Replace Z-Item #2: 1 parameter
* Z-Item #2: Master Roshi's Training

[Post-Cutscene Event: 2 parameters]
* Event ID: Battle Finish
* Character ID: N/A

[Scene End & Battle Start]

===== SCENE 10017 =====

[Scene Start]

[Battle End: 1 parameter]
* Battle Outcome ID: -1

[Store Character Positions]

[Store VFX Switches]

[Store Conditional Properties]
-> Scene Link: 2 parameters
* Condition: Immediate
* Scene ID: 10018
-> Scene Link: 2 parameters
* Condition: Win via K.O.
* Scene ID: 10039
-> Scene Link: 2 parameters
* Condition: Win via K.O. (Opp.)
* Scene ID: 10049

[Store Player's Character Changes]

[Store Opponent's Character Changes]
-> Assign Properties to Character: 1 parameter
* Parameter 0: 4

[Post-Cutscene Event: 2 parameters]
* Event ID: Switch with Teammate #5 (Opp.)
* Character ID: Vegeta (Super) - Super Saiyajin

[Scene End & Battle Start]

===== SCENE 10018 =====

[Scene Start]

[Battle End: 1 parameter]
* Battle Outcome ID: -1

[Store Character Positions]

[Trigger Fade-Out: 1 parameter]
* Time (s): 1.2

[Assign Character Position & Rotation: 7 parameters]
* Character Index: 4 (Opp.)
* Position (X): -25.0
* Position (Y): -5.5
* Position (Z): 0.0
* Rotation (X): 0.0
* Rotation (Y): 90.0
* Rotation (Z): 0.0

[Assign Character Position & Rotation: 7 parameters]
* Character Index: 1
* Position (X): 58.0
* Position (Y): -5.5
* Position (Z): 0.0
* Rotation (X): 0.0
* Rotation (Y): -90.0
* Rotation (Z): 0.0

[Primary Camera Point: 6 parameters]
* Position (X): -6.908
* Position (Y): -13.958
* Position (Z): -12.94
* Rotation (Y): -5.023
* Rotation (X): -51.853
* Rotation (Z): 0.0

[Secondary Camera Point]
-> Additional Camera Point: 7 parameters
* Time (s): 3.0
* Position (X): -13.089
* Position (Y): -14.917
* Position (Z): -4.1
* Rotation (Y): 9.024
* Rotation (X): -66.617
* Rotation (Z): 0.0

[Assign Animation: 2 parameters]
* Character Index: 4 (Opp.)
* ANM Name: INTRO_LOOP
-> Enable ANM Loop

[Play Character Voice Line: 2 parameters]
* Character Index: 4 (Opp.)
* Voice Line ID: 152
-> Wait until End of Voice Line

[Primary Camera Point: 6 parameters]
* Position (X): -45.758
* Position (Y): -21.007
* Position (Z): 14.974
* Rotation (Y): -11.365
* Rotation (X): 111.837
* Rotation (Z): 0.0

[Secondary Camera Point]
-> Additional Camera Point: 7 parameters
* Time (s): 10.0
* Position (X): -45.167
* Position (Y): -21.007
* Position (Z): -14.258
* Rotation (Y): -11.365
* Rotation (X): 67.53
* Rotation (Z): 0.0

[Play Character Voice Line: 2 parameters]
* Character Index: 3 (Opp.)
* Voice Line ID: 83
-> Wait until End of Voice Line

[Primary Camera Point: 6 parameters]
* Position (X): 9.526
* Position (Y): -6.213
* Position (Z): -0.806
* Rotation (Y): 10.652
* Rotation (X): -85.215
* Rotation (Z): 0.0

[Secondary Camera Point]
-> Additional Camera Point: 7 parameters
* Time (s): 2.0
* Position (X): -14.57
* Position (Y): -16.297
* Position (Z): -3.915
* Rotation (Y): 6.075
* Rotation (X): -68.18
* Rotation (Z): 0.0

[Play Character Voice Line: 2 parameters]
* Character Index: 4 (Opp.)
* Voice Line ID: 84
-> Wait until End of Voice Line

[Store VFX Switches]

[Store Conditional Properties]
-> Scene Link: 2 parameters
* Condition: Win via K.O.
* Scene ID: 10031
-> Scene Link: 2 parameters
* Condition: Win via K.O. (Opp.)
* Scene ID: 10048
-> Audio Link: 2 parameters
* Condition: Immediate
* Voice Line ID: 85
-> Audio Link: 2 parameters
* Condition: Immediate
* Voice Line ID: 86
-> Audio Link: 2 parameters
* Condition: Win Beam Struggle (Opp.)
* Voice Line ID: 87
-> Audio Link: 2 parameters
* Condition: Perform Normal Clash
* Voice Line ID: 88
-> Audio Link: 2 parameters
* Condition: Lose 3 Health Bars (Opp.)
* Voice Line ID: 89
-> Audio Link: 2 parameters
* Condition: Fall into ground/water (Opp.)
* Voice Line ID: 90
-> Audio Link: 2 parameters
* Condition: Lose 2 Health Bars (Opp.)
* Voice Line ID: 91
-> Audio Link: 2 parameters
* Condition: Win Normal Clash (Opp.)
* Voice Line ID: 92
-> Audio Link: 2 parameters
* Condition: Hit with Ultimate Blast
* Voice Line ID: 93
-> Audio Link: 2 parameters
* Condition: Hit with 1st Blast 2 (Opp.)
* Voice Line ID: 94
-> Audio Link: 2 parameters
* Condition: Hit with Ultimate Blast (Opp.)
* Voice Line ID: 95
-> Audio Link: 2 parameters
* Condition: Fall into ground/water
* Voice Line ID: 68
-> Audio Link: 2 parameters
* Condition: Perform Sonic Sway (Opp.)
* Voice Line ID: 87
-> Audio Link: 2 parameters
* Condition: Hit with 2nd Blast 2
* Voice Line ID: 90
-> Audio Link: 2 parameters
* Condition: Hit with 2nd Blast 2 (Opp.)
* Voice Line ID: 94

[Store Player's Character Changes]

[Store Opponent's Character Changes]
-> Add Health: 1 parameter
* Health (%): 100
-> Replace Z-Item #1: 1 parameter
* Z-Item #1: Ultimate Warrior 1
-> Replace Z-Item #2: 1 parameter
* Z-Item #2: Master Roshi's Training

[Post-Cutscene Event: 2 parameters]
* Event ID: Normal Clash
* Character ID: N/A

[Scene End & Battle Start]

===== SCENE 10030 =====

[Scene Start]

[Battle End: 1 parameter]
* Battle Outcome ID: 1

[Store Character Positions]

[Assign Character Position & Rotation: 7 parameters]
* Character Index: 1
* Position (X): -22.0
* Position (Y): -5.5
* Position (Z): 0.0
* Rotation (X): 0.0
* Rotation (Y): 90.0
* Rotation (Z): 0.0

[Assign Character Position & Rotation: 7 parameters]
* Character Index: 1 (Opp.)
* Position (X): 55.0
* Position (Y): -5.5
* Position (Z): 0.0
* Rotation (X): 0.0
* Rotation (Y): -90.0
* Rotation (Z): 0.0

[Disable Lingering Aura: 1 parameter]
* Character Index: 1

[Disable Lingering Aura: 1 parameter]
* Character Index: 1 (Opp.)

[Primary Camera Point: 6 parameters]
* Position (X): -39.68
* Position (Y): -14.577
* Position (Z): -17.208
* Rotation (Y): 3.034
* Rotation (X): 65.781
* Rotation (Z): 0.0

[Assign Animation: 2 parameters]
* Character Index: 1 (Opp.)
* ANM Name: LOSE
-> Wait until End of ANM

[Primary Camera Point: 6 parameters]
* Position (X): 8.028
* Position (Y): -21.897
* Position (Z): -34.004
* Rotation (Y): -5.979
* Rotation (X): -35.901
* Rotation (Z): 0.0

[Secondary Camera Point]
-> Additional Camera Point: 7 parameters
* Time (s): 5.0
* Position (X): -6.089
* Position (Y): -19.955
* Position (Z): -4.782
* Rotation (Y): 16.362
* Rotation (X): -73.702
* Rotation (Z): 0.0

[Assign Animation: 2 parameters]
* Character Index: 1
* ANM Name: WIN_IN
-> Wait until End of ANM

[Assign Animation: 2 parameters]
* Character Index: 1
* ANM Name: WIN_LOOP
-> Enable ANM Loop

[Play Character Voice Line: 2 parameters]
* Character Index: 1
* Voice Line ID: 116
-> Wait until End of Voice Line

[Store VFX Switches]

[Store Conditional Properties]

[Store Player's Character Changes]

[Store Opponent's Character Changes]

[Post-Cutscene Event: 2 parameters]
* Event ID: Aerial Clash
* Character ID: N/A

[Scene End & Battle Start]

===== SCENE 10031 =====

[Scene Start]

[Battle End: 1 parameter]
* Battle Outcome ID: 1

[Store Character Positions]

[Assign Character Position & Rotation: 7 parameters]
* Character Index: 1
* Position (X): -22.0
* Position (Y): -5.5
* Position (Z): 0.0
* Rotation (X): 0.0
* Rotation (Y): 90.0
* Rotation (Z): 0.0

[Assign Character Position & Rotation: 7 parameters]
* Character Index: 1 (Opp.)
* Position (X): 55.0
* Position (Y): -5.5
* Position (Z): 0.0
* Rotation (X): 0.0
* Rotation (Y): -90.0
* Rotation (Z): 0.0

[Disable Lingering Aura: 1 parameter]
* Character Index: 1

[Disable Lingering Aura: 1 parameter]
* Character Index: 1 (Opp.)

[Primary Camera Point: 6 parameters]
* Position (X): -39.68
* Position (Y): -14.577
* Position (Z): -17.208
* Rotation (Y): 3.034
* Rotation (X): 65.781
* Rotation (Z): 0.0

[Assign Animation: 2 parameters]
* Character Index: 1 (Opp.)
* ANM Name: LOSE
-> Wait until End of ANM

[Primary Camera Point: 6 parameters]
* Position (X): 8.028
* Position (Y): -21.897
* Position (Z): -34.004
* Rotation (Y): -5.979
* Rotation (X): -35.901
* Rotation (Z): 0.0

[Secondary Camera Point]
-> Additional Camera Point: 7 parameters
* Time (s): 5.0
* Position (X): -6.089
* Position (Y): -20.155
* Position (Z): -4.782
* Rotation (Y): 16.362
* Rotation (X): -73.702
* Rotation (Z): 0.0

[Assign Animation: 2 parameters]
* Character Index: 1
* ANM Name: WIN_IN
-> Wait until End of ANM

[Assign Animation: 2 parameters]
* Character Index: 1
* ANM Name: WIN_LOOP
-> Enable ANM Loop

[Play Character Voice Line: 2 parameters]
* Character Index: 1
* Voice Line ID: 167
-> Wait until End of Voice Line

[Store VFX Switches]

[Store Conditional Properties]

[Store Player's Character Changes]

[Store Opponent's Character Changes]

[Post-Cutscene Event: 2 parameters]
* Event ID: Aerial Clash
* Character ID: N/A

[Scene End & Battle Start]

===== SCENE 10032 =====

[Scene Start]

[Battle End: 1 parameter]
* Battle Outcome ID: 1

[Store Character Positions]

[Assign Character Position & Rotation: 7 parameters]
* Character Index: 0 (Opp.)
* Position (X): 88.0
* Position (Y): -5.5
* Position (Z): 0.0
* Rotation (X): 0.0
* Rotation (Y): -90.0
* Rotation (Z): 0.0

[Assign Character Position & Rotation: 7 parameters]
* Character Index: 0
* Position (X): -88.0
* Position (Y): -5.5
* Position (Z): 0.0
* Rotation (X): 0.0
* Rotation (Y): 90.0
* Rotation (Z): 0.0

[Disable Lingering Aura: 1 parameter]
* Character Index: 0

[Disable Lingering Aura: 1 parameter]
* Character Index: 0 (Opp.)

[Primary Camera Point: 6 parameters]
* Position (X): -75.975
* Position (Y): -23.692
* Position (Z): 27.547
* Rotation (Y): -14.379
* Rotation (X): -156.601
* Rotation (Z): 0.0

[Secondary Camera Point]
-> Additional Camera Point: 7 parameters
* Time (s): 4.0
* Position (X): -79.182
* Position (Y): -13.883
* Position (Z): 4.454
* Rotation (Y): 14.564
* Rotation (X): -116.088
* Rotation (Z): 0.0

[Assign Animation: 2 parameters]
* Character Index: 0
* ANM Name: WIN_IN
-> Wait until End of ANM

[Assign Animation: 2 parameters]
* Character Index: 0
* ANM Name: WIN_LOOP
-> Enable ANM Loop

[Play Character Voice Line: 2 parameters]
* Character Index: 0
* Voice Line ID: 18
-> Wait until End of Voice Line

[Store VFX Switches]

[Store Conditional Properties]

[Store Player's Character Changes]

[Store Opponent's Character Changes]

[Post-Cutscene Event: 2 parameters]
* Event ID: Aerial Clash
* Character ID: N/A

[Scene End & Battle Start]

===== SCENE 10039 =====

[Scene Start]

[Battle End: 1 parameter]
* Battle Outcome ID: 1

[Store Character Positions]

[Store VFX Switches]

[Store Conditional Properties]

[Store Player's Character Changes]

[Store Opponent's Character Changes]

[Post-Cutscene Event: 2 parameters]
* Event ID: Aerial Clash
* Character ID: N/A

[Scene End & Battle Start]

===== SCENE 10040 =====

[Scene Start]

[Battle End: 1 parameter]
* Battle Outcome ID: 0

[Store Character Positions]

[Assign Character Position & Rotation: 7 parameters]
* Character Index: 0
* Position (X): 45.0
* Position (Y): -5.5
* Position (Z): 0.0
* Rotation (X): 0.0
* Rotation (Y): -90.0
* Rotation (Z): 0.0

[Assign Character Position & Rotation: 7 parameters]
* Character Index: 0 (Opp.)
* Position (X): -12.0
* Position (Y): -5.5
* Position (Z): 0.0
* Rotation (X): 0.0
* Rotation (Y): 90.0
* Rotation (Z): 0.0

[Disable Lingering Aura: 1 parameter]
* Character Index: 0

[Disable Lingering Aura: 1 parameter]
* Character Index: 0 (Opp.)

[Primary Camera Point: 6 parameters]
* Position (X): 55.709
* Position (Y): -19.344
* Position (Z): -24.393
* Rotation (Y): -14.436
* Rotation (X): -52.816
* Rotation (Z): 0.0

[Secondary Camera Point]
-> Additional Camera Point: 7 parameters
* Time (s): 6.0
* Position (X): 1.722
* Position (Y): -13.519
* Position (Z): -0.9
* Rotation (Y): 7.214
* Rotation (X): -81.245
* Rotation (Z): 0.0

[Assign Animation: 2 parameters]
* Character Index: 0
* ANM Name: LOSE

[Assign Animation: 2 parameters]
* Character Index: 0 (Opp.)
* ANM Name: WIN_IN
-> Wait until End of ANM

[Assign Animation: 2 parameters]
* Character Index: 0 (Opp.)
* ANM Name: WIN_LOOP
-> Enable ANM Loop

[Play Character Voice Line: 2 parameters]
* Character Index: 0 (Opp.)
* Voice Line ID: 11
-> Wait until End of Voice Line

[Store VFX Switches]

[Store Conditional Properties]

[Store Player's Character Changes]

[Store Opponent's Character Changes]

[Post-Cutscene Event: 2 parameters]
* Event ID: Aerial Clash
* Character ID: N/A

[Scene End & Battle Start]

===== SCENE 10041 =====

[Scene Start]

[Battle End: 1 parameter]
* Battle Outcome ID: 0

[Store Character Positions]

[Assign Character Position & Rotation: 7 parameters]
* Character Index: 1
* Position (X): 45.0
* Position (Y): -5.5
* Position (Z): 0.0
* Rotation (X): 0.0
* Rotation (Y): -90.0
* Rotation (Z): 0.0

[Assign Character Position & Rotation: 7 parameters]
* Character Index: 1 (Opp.)
* Position (X): -12.0
* Position (Y): -5.5
* Position (Z): 0.0
* Rotation (X): 0.0
* Rotation (Y): 90.0
* Rotation (Z): 0.0

[Disable Lingering Aura: 1 parameter]
* Character Index: 1

[Disable Lingering Aura: 1 parameter]
* Character Index: 1 (Opp.)

[Primary Camera Point: 6 parameters]
* Position (X): 55.709
* Position (Y): -19.344
* Position (Z): -24.393
* Rotation (Y): -14.436
* Rotation (X): -52.816
* Rotation (Z): 0.0

[Secondary Camera Point]
-> Additional Camera Point: 7 parameters
* Time (s): 6.0
* Position (X): 1.722
* Position (Y): -13.519
* Position (Z): -0.9
* Rotation (Y): 7.214
* Rotation (X): -81.245
* Rotation (Z): 0.0

[Assign Animation: 2 parameters]
* Character Index: 1
* ANM Name: LOSE

[Assign Animation: 2 parameters]
* Character Index: 1 (Opp.)
* ANM Name: WIN_IN
-> Wait until End of ANM

[Assign Animation: 2 parameters]
* Character Index: 1 (Opp.)
* ANM Name: WIN_LOOP
-> Enable ANM Loop

[Play Character Voice Line: 2 parameters]
* Character Index: 1 (Opp.)
* Voice Line ID: 43
-> Wait until End of Voice Line

[Store VFX Switches]

[Store Conditional Properties]

[Store Player's Character Changes]

[Store Opponent's Character Changes]

[Post-Cutscene Event: 2 parameters]
* Event ID: Aerial Clash
* Character ID: N/A

[Scene End & Battle Start]

===== SCENE 10042 =====

[Scene Start]

[Battle End: 1 parameter]
* Battle Outcome ID: 0

[Store Character Positions]

[Assign Character Position & Rotation: 7 parameters]
* Character Index: 1
* Position (X): 45.0
* Position (Y): -5.5
* Position (Z): 0.0
* Rotation (X): 0.0
* Rotation (Y): -90.0
* Rotation (Z): 0.0

[Assign Character Position & Rotation: 7 parameters]
* Character Index: 2 (Opp.)
* Position (X): -12.0
* Position (Y): -5.5
* Position (Z): 0.0
* Rotation (X): 0.0
* Rotation (Y): 90.0
* Rotation (Z): 0.0

[Disable Lingering Aura: 1 parameter]
* Character Index: 1

[Disable Lingering Aura: 1 parameter]
* Character Index: 2 (Opp.)

[Primary Camera Point: 6 parameters]
* Position (X): 55.709
* Position (Y): -18.944
* Position (Z): -24.393
* Rotation (Y): -14.436
* Rotation (X): -52.816
* Rotation (Z): 0.0

[Secondary Camera Point]
-> Additional Camera Point: 7 parameters
* Time (s): 6.0
* Position (X): 0.927
* Position (Y): -18.706
* Position (Z): -2.818
* Rotation (Y): 6.08
* Rotation (X): -77.591
* Rotation (Z): 0.0

[Assign Animation: 2 parameters]
* Character Index: 1
* ANM Name: LOSE

[Assign Animation: 2 parameters]
* Character Index: 2 (Opp.)
* ANM Name: WIN_IN
-> Wait until End of ANM

[Assign Animation: 2 parameters]
* Character Index: 2 (Opp.)
* ANM Name: WIN_LOOP
-> Enable ANM Loop

[Play Character Voice Line: 2 parameters]
* Character Index: 2 (Opp.)
* Voice Line ID: 63
-> Wait until End of Voice Line

[Store VFX Switches]

[Store Conditional Properties]

[Store Player's Character Changes]

[Store Opponent's Character Changes]

[Post-Cutscene Event: 2 parameters]
* Event ID: Aerial Clash
* Character ID: N/A

[Scene End & Battle Start]

===== SCENE 10043 =====

[Scene Start]

[Battle End: 1 parameter]
* Battle Outcome ID: 0

[Store Character Positions]

[Assign Character Position & Rotation: 7 parameters]
* Character Index: 1
* Position (X): 45.0
* Position (Y): -5.5
* Position (Z): 0.0
* Rotation (X): 0.0
* Rotation (Y): -90.0
* Rotation (Z): 0.0

[Assign Character Position & Rotation: 7 parameters]
* Character Index: 3 (Opp.)
* Position (X): -12.0
* Position (Y): -5.5
* Position (Z): 0.0
* Rotation (X): 0.0
* Rotation (Y): 90.0
* Rotation (Z): 0.0

[Disable Lingering Aura: 1 parameter]
* Character Index: 1

[Disable Lingering Aura: 1 parameter]
* Character Index: 3 (Opp.)

[Primary Camera Point: 6 parameters]
* Position (X): 55.709
* Position (Y): -18.944
* Position (Z): -24.393
* Rotation (Y): -14.436
* Rotation (X): -52.816
* Rotation (Z): 0.0

[Secondary Camera Point]
-> Additional Camera Point: 7 parameters
* Time (s): 6.0
* Position (X): 0.927
* Position (Y): -18.706
* Position (Z): -2.818
* Rotation (Y): 6.08
* Rotation (X): -77.591
* Rotation (Z): 0.0

[Assign Animation: 2 parameters]
* Character Index: 1
* ANM Name: LOSE

[Assign Animation: 2 parameters]
* Character Index: 3 (Opp.)
* ANM Name: WIN_IN
-> Wait until End of ANM

[Assign Animation: 2 parameters]
* Character Index: 3 (Opp.)
* ANM Name: WIN_LOOP
-> Enable ANM Loop

[Play Character Voice Line: 2 parameters]
* Character Index: 3 (Opp.)
* Voice Line ID: 81
-> Wait until End of Voice Line

[Store VFX Switches]

[Store Conditional Properties]

[Store Player's Character Changes]

[Store Opponent's Character Changes]

[Post-Cutscene Event: 2 parameters]
* Event ID: Aerial Clash
* Character ID: N/A

[Scene End & Battle Start]

===== SCENE 10044 =====

[Scene Start]

[Battle End: 1 parameter]
* Battle Outcome ID: 0

[Store Character Positions]

[Assign Character Position & Rotation: 7 parameters]
* Character Index: 1
* Position (X): 45.0
* Position (Y): -5.5
* Position (Z): 0.0
* Rotation (X): 0.0
* Rotation (Y): -90.0
* Rotation (Z): 0.0

[Assign Character Position & Rotation: 7 parameters]
* Character Index: 4 (Opp.)
* Position (X): -12.0
* Position (Y): -5.5
* Position (Z): 0.0
* Rotation (X): 0.0
* Rotation (Y): 90.0
* Rotation (Z): 0.0

[Disable Lingering Aura: 1 parameter]
* Character Index: 1

[Disable Lingering Aura: 1 parameter]
* Character Index: 4 (Opp.)

[Primary Camera Point: 6 parameters]
* Position (X): 55.709
* Position (Y): -19.244
* Position (Z): -24.393
* Rotation (Y): -14.436
* Rotation (X): -52.816
* Rotation (Z): 0.0

[Secondary Camera Point]
-> Additional Camera Point: 7 parameters
* Time (s): 6.0
* Position (X): 0.927
* Position (Y): -18.706
* Position (Z): -2.818
* Rotation (Y): 6.08
* Rotation (X): -77.591
* Rotation (Z): 0.0

[Assign Animation: 2 parameters]
* Character Index: 1
* ANM Name: LOSE

[Assign Animation: 2 parameters]
* Character Index: 4 (Opp.)
* ANM Name: WIN_IN
-> Wait until End of ANM

[Assign Animation: 2 parameters]
* Character Index: 4 (Opp.)
* ANM Name: WIN_LOOP
-> Enable ANM Loop

[Play Character Voice Line: 2 parameters]
* Character Index: 4 (Opp.)
* Voice Line ID: 96
-> Wait until End of Voice Line

[Store VFX Switches]

[Store Conditional Properties]

[Store Player's Character Changes]

[Store Opponent's Character Changes]

[Post-Cutscene Event: 2 parameters]
* Event ID: Aerial Clash
* Character ID: N/A

[Scene End & Battle Start]

===== SCENE 10045 =====

[Scene Start]

[Battle End: 1 parameter]
* Battle Outcome ID: 0

[Store Character Positions]

[Assign Character Position & Rotation: 7 parameters]
* Character Index: 1
* Position (X): 45.0
* Position (Y): -5.5
* Position (Z): 0.0
* Rotation (X): 0.0
* Rotation (Y): -90.0
* Rotation (Z): 0.0

[Assign Character Position & Rotation: 7 parameters]
* Character Index: 1 (Opp.)
* Position (X): -12.0
* Position (Y): -5.5
* Position (Z): 0.0
* Rotation (X): 0.0
* Rotation (Y): 90.0
* Rotation (Z): 0.0

[Disable Lingering Aura: 1 parameter]
* Character Index: 1

[Disable Lingering Aura: 1 parameter]
* Character Index: 1 (Opp.)

[Primary Camera Point: 6 parameters]
* Position (X): 55.709
* Position (Y): -18.944
* Position (Z): -24.393
* Rotation (Y): -14.436
* Rotation (X): -52.816
* Rotation (Z): 0.0

[Secondary Camera Point]
-> Additional Camera Point: 7 parameters
* Time (s): 6.0
* Position (X): 1.722
* Position (Y): -13.519
* Position (Z): -0.9
* Rotation (Y): 7.214
* Rotation (X): -81.245
* Rotation (Z): 0.0

[Assign Animation: 2 parameters]
* Character Index: 1
* ANM Name: LOSE

[Assign Animation: 2 parameters]
* Character Index: 1 (Opp.)
* ANM Name: WIN_IN
-> Wait until End of ANM

[Assign Animation: 2 parameters]
* Character Index: 1 (Opp.)
* ANM Name: WIN_LOOP
-> Enable ANM Loop

[Play Character Voice Line: 2 parameters]
* Character Index: 1 (Opp.)
* Voice Line ID: 115
-> Wait until End of Voice Line

[Store VFX Switches]

[Store Conditional Properties]

[Store Player's Character Changes]

[Store Opponent's Character Changes]

[Post-Cutscene Event: 2 parameters]
* Event ID: Aerial Clash
* Character ID: N/A

[Scene End & Battle Start]

===== SCENE 10046 =====

[Scene Start]

[Battle End: 1 parameter]
* Battle Outcome ID: 0

[Store Character Positions]

[Assign Character Position & Rotation: 7 parameters]
* Character Index: 1
* Position (X): 45.0
* Position (Y): -5.5
* Position (Z): 0.0
* Rotation (X): 0.0
* Rotation (Y): -90.0
* Rotation (Z): 0.0

[Assign Character Position & Rotation: 7 parameters]
* Character Index: 2 (Opp.)
* Position (X): -12.0
* Position (Y): -5.5
* Position (Z): 0.0
* Rotation (X): 0.0
* Rotation (Y): 90.0
* Rotation (Z): 0.0

[Disable Lingering Aura: 1 parameter]
* Character Index: 1

[Disable Lingering Aura: 1 parameter]
* Character Index: 2 (Opp.)

[Primary Camera Point: 6 parameters]
* Position (X): 55.709
* Position (Y): -18.944
* Position (Z): -24.393
* Rotation (Y): -14.436
* Rotation (X): -52.816
* Rotation (Z): 0.0

[Secondary Camera Point]
-> Additional Camera Point: 7 parameters
* Time (s): 6.0
* Position (X): 0.927
* Position (Y): -18.706
* Position (Z): -2.818
* Rotation (Y): 6.08
* Rotation (X): -77.591
* Rotation (Z): 0.0

[Assign Animation: 2 parameters]
* Character Index: 1
* ANM Name: LOSE

[Assign Animation: 2 parameters]
* Character Index: 2 (Opp.)
* ANM Name: WIN_IN
-> Wait until End of ANM

[Assign Animation: 2 parameters]
* Character Index: 2 (Opp.)
* ANM Name: WIN_LOOP
-> Enable ANM Loop

[Play Character Voice Line: 2 parameters]
* Character Index: 2 (Opp.)
* Voice Line ID: 133
-> Wait until End of Voice Line

[Store VFX Switches]

[Store Conditional Properties]

[Store Player's Character Changes]

[Store Opponent's Character Changes]

[Post-Cutscene Event: 2 parameters]
* Event ID: Aerial Clash
* Character ID: N/A

[Scene End & Battle Start]

===== SCENE 10047 =====

[Scene Start]

[Battle End: 1 parameter]
* Battle Outcome ID: 0

[Store Character Positions]

[Assign Character Position & Rotation: 7 parameters]
* Character Index: 1
* Position (X): 45.0
* Position (Y): -5.5
* Position (Z): 0.0
* Rotation (X): 0.0
* Rotation (Y): -90.0
* Rotation (Z): 0.0

[Assign Character Position & Rotation: 7 parameters]
* Character Index: 3 (Opp.)
* Position (X): -12.0
* Position (Y): -5.5
* Position (Z): 0.0
* Rotation (X): 0.0
* Rotation (Y): 90.0
* Rotation (Z): 0.0

[Disable Lingering Aura: 1 parameter]
* Character Index: 1

[Disable Lingering Aura: 1 parameter]
* Character Index: 3 (Opp.)

[Primary Camera Point: 6 parameters]
* Position (X): 55.709
* Position (Y): -18.944
* Position (Z): -24.393
* Rotation (Y): -14.436
* Rotation (X): -52.816
* Rotation (Z): 0.0

[Secondary Camera Point]
-> Additional Camera Point: 7 parameters
* Time (s): 6.0
* Position (X): 0.927
* Position (Y): -18.806
* Position (Z): -2.818
* Rotation (Y): 6.08
* Rotation (X): -77.591
* Rotation (Z): 0.0

[Assign Animation: 2 parameters]
* Character Index: 1
* ANM Name: LOSE

[Assign Animation: 2 parameters]
* Character Index: 3 (Opp.)
* ANM Name: WIN_IN
-> Wait until End of ANM

[Assign Animation: 2 parameters]
* Character Index: 3 (Opp.)
* ANM Name: WIN_LOOP
-> Enable ANM Loop

[Play Character Voice Line: 2 parameters]
* Character Index: 3 (Opp.)
* Voice Line ID: 151
-> Wait until End of Voice Line

[Store VFX Switches]

[Store Conditional Properties]

[Store Player's Character Changes]

[Store Opponent's Character Changes]

[Post-Cutscene Event: 2 parameters]
* Event ID: Aerial Clash
* Character ID: N/A

[Scene End & Battle Start]

===== SCENE 10048 =====

[Scene Start]

[Battle End: 1 parameter]
* Battle Outcome ID: 0

[Store Character Positions]

[Assign Character Position & Rotation: 7 parameters]
* Character Index: 1
* Position (X): 45.0
* Position (Y): -5.5
* Position (Z): 0.0
* Rotation (X): 0.0
* Rotation (Y): -90.0
* Rotation (Z): 0.0

[Assign Character Position & Rotation: 7 parameters]
* Character Index: 4 (Opp.)
* Position (X): -12.0
* Position (Y): -5.5
* Position (Z): 0.0
* Rotation (X): 0.0
* Rotation (Y): 90.0
* Rotation (Z): 0.0

[Disable Lingering Aura: 1 parameter]
* Character Index: 1

[Disable Lingering Aura: 1 parameter]
* Character Index: 4 (Opp.)

[Primary Camera Point: 6 parameters]
* Position (X): 55.709
* Position (Y): -19.344
* Position (Z): -24.393
* Rotation (Y): -14.436
* Rotation (X): -52.816
* Rotation (Z): 0.0

[Secondary Camera Point]
-> Additional Camera Point: 7 parameters
* Time (s): 6.0
* Position (X): 0.927
* Position (Y): -18.806
* Position (Z): -2.818
* Rotation (Y): 6.08
* Rotation (X): -77.591
* Rotation (Z): 0.0

[Assign Animation: 2 parameters]
* Character Index: 1
* ANM Name: LOSE

[Assign Animation: 2 parameters]
* Character Index: 4 (Opp.)
* ANM Name: WIN_IN
-> Wait until End of ANM

[Assign Animation: 2 parameters]
* Character Index: 4 (Opp.)
* ANM Name: WIN_LOOP
-> Enable ANM Loop

[Play Character Voice Line: 2 parameters]
* Character Index: 4 (Opp.)
* Voice Line ID: 166
-> Wait until End of Voice Line

[Store VFX Switches]

[Store Conditional Properties]

[Store Player's Character Changes]

[Store Opponent's Character Changes]

[Post-Cutscene Event: 2 parameters]
* Event ID: Aerial Clash
* Character ID: N/A

[Scene End & Battle Start]

===== SCENE 10049 =====

[Scene Start]

[Battle End: 1 parameter]
* Battle Outcome ID: 0

[Store Character Positions]

[Store VFX Switches]

[Store Conditional Properties]

[Store Player's Character Changes]

[Store Opponent's Character Changes]

[Post-Cutscene Event: 2 parameters]
* Event ID: Aerial Clash
* Character ID: N/A

[Scene End & Battle Start]
