GSC Origin: Budokai Tenkaichi 3

===== SCENE -1 =====

===== SCENE 1000 =====

===== SCENE -2 =====

[Load TXT PAK]

[Load LPS PAK]

===== SCENE -3 =====

[Scenario Identifier: 1 parameter]
* GSC Name: Explosion puno dragon! Si no puede Goku

[Rewards: 15 parameters]
* Z-Points (Easy): 1000
* Z-Points (Normal): 1500
* Z-Points (Hard): 2000
* Z-Item #1: N/A
* Z-Item #2: N/A
* Z-Item #3: N/A
* Map #1: N/A
* Map #2: N/A
* Map #3: N/A
* Character #1: Goku (GT)
* Character #2: Goku (GT) - Super Sayajin
* Character #3: Goku (GT) - Super Saiyan 3
* Scenario #1: Invalid (Value: 327681)
* Scenario #2: N/A
* Scenario #3: N/A

[Subtitle Settings]
-> Text Region: 1 parameter
* Region ID: 0
-> Text is Grey: 1 parameter
* Enable Grey Text: False
-> Text Position: 2 parameters
* Position (X): 256
* Position (Y): 428
-> Text Size: 2 parameters
* Width: 0.85
* Height: 0.85
-> Text Scale: 1 parameter
* Coefficient: 1.0
-> Text Color: 4 parameters
* Red: 255
* Green: 255
* Blue: 255
* Opacity: 128
-> Text Padding: 2 parameters
* Padding (Vertical): 2
* Padding (Horizontal): 5
-> Text Alignment: 1 parameter
* Alignment ID: 1
-> Symbol: 1 parameter
* Type: 2
-> Text Outline Size: 2 parameters
* Width: 1
* Height: 2
-> Text Outline Color: 4 parameters
* Red: 0
* Green: 0
* Blue: 0
* Opacity: 64

[Subtitle Settings]
-> Text Region: 1 parameter
* Region ID: 1
-> Text is Grey: 1 parameter
* Enable Grey Text: False
-> Text Position: 2 parameters
* Position (X): 256
* Position (Y): 428
-> Text Size: 2 parameters
* Width: 0.85
* Height: 0.85
-> Text Scale: 1 parameter
* Coefficient: 1.0
-> Text Color: 4 parameters
* Red: 255
* Green: 255
* Blue: 255
* Opacity: 128
-> Text Padding: 2 parameters
* Padding (Vertical): 2
* Padding (Horizontal): 5
-> Text Alignment: 1 parameter
* Alignment ID: 1
-> Symbol: 1 parameter
* Type: 2
-> Text Outline Size: 2 parameters
* Width: 1
* Height: 2
-> Text Outline Color: 4 parameters
* Red: 0
* Green: 0
* Blue: 0
* Opacity: 64

[Subtitle Settings]
-> Text Region: 1 parameter
* Region ID: 2
-> Text is Grey: 1 parameter
* Enable Grey Text: False
-> Text Position: 2 parameters
* Position (X): 256
* Position (Y): 428
-> Text Size: 2 parameters
* Width: 0.85
* Height: 0.85
-> Text Scale: 1 parameter
* Coefficient: 1.0
-> Text Color: 4 parameters
* Red: 255
* Green: 255
* Blue: 255
* Opacity: 128
-> Text Padding: 2 parameters
* Padding (Vertical): 2
* Padding (Horizontal): 5
-> Text Alignment: 1 parameter
* Alignment ID: 1
-> Symbol: 1 parameter
* Type: 2
-> Text Outline Size: 2 parameters
* Width: 1
* Height: 2
-> Text Outline Color: 4 parameters
* Red: 0
* Green: 0
* Blue: 0
* Opacity: 64

[Subtitle Settings]
-> Text Region: 1 parameter
* Region ID: 3
-> Text is Grey: 1 parameter
* Enable Grey Text: False
-> Text Position: 2 parameters
* Position (X): 256
* Position (Y): 428
-> Text Size: 2 parameters
* Width: 0.85
* Height: 0.85
-> Text Scale: 1 parameter
* Coefficient: 1.0
-> Text Color: 4 parameters
* Red: 255
* Green: 255
* Blue: 255
* Opacity: 128
-> Text Padding: 2 parameters
* Padding (Vertical): 2
* Padding (Horizontal): 5
-> Text Alignment: 1 parameter
* Alignment ID: 1
-> Symbol: 1 parameter
* Type: 2
-> Text Outline Size: 2 parameters
* Width: 2
* Height: 2
-> Text Outline Color: 4 parameters
* Red: 32
* Green: 32
* Blue: 32
* Opacity: 128

[Subtitle Settings]
-> Text Region: 1 parameter
* Region ID: 0
-> Text is Grey: 1 parameter
* Enable Grey Text: True
-> Text Position: 2 parameters
* Position (X): 256
* Position (Y): 428
-> Text Size: 2 parameters
* Width: 0.85
* Height: 0.85
-> Text Scale: 1 parameter
* Coefficient: 1.0
-> Text Color: 4 parameters
* Red: 140
* Green: 140
* Blue: 140
* Opacity: 128
-> Text Padding: 2 parameters
* Padding (Vertical): 2
* Padding (Horizontal): 5
-> Text Alignment: 1 parameter
* Alignment ID: 1
-> Symbol: 1 parameter
* Type: 2
-> Text Outline Size: 2 parameters
* Width: 1
* Height: 2
-> Text Outline Color: 4 parameters
* Red: 0
* Green: 0
* Blue: 0
* Opacity: 64

[Subtitle Settings]
-> Text Region: 1 parameter
* Region ID: 1
-> Text is Grey: 1 parameter
* Enable Grey Text: True
-> Text Position: 2 parameters
* Position (X): 256
* Position (Y): 428
-> Text Size: 2 parameters
* Width: 0.85
* Height: 0.85
-> Text Scale: 1 parameter
* Coefficient: 1.0
-> Text Color: 4 parameters
* Red: 140
* Green: 140
* Blue: 140
* Opacity: 128
-> Text Padding: 2 parameters
* Padding (Vertical): 2
* Padding (Horizontal): 5
-> Text Alignment: 1 parameter
* Alignment ID: 1
-> Symbol: 1 parameter
* Type: 2
-> Text Outline Size: 2 parameters
* Width: 1
* Height: 2
-> Text Outline Color: 4 parameters
* Red: 0
* Green: 0
* Blue: 0
* Opacity: 64

[Subtitle Settings]
-> Text Region: 1 parameter
* Region ID: 2
-> Text is Grey: 1 parameter
* Enable Grey Text: True
-> Text Position: 2 parameters
* Position (X): 256
* Position (Y): 428
-> Text Size: 2 parameters
* Width: 0.85
* Height: 0.85
-> Text Scale: 1 parameter
* Coefficient: 1.0
-> Text Color: 4 parameters
* Red: 140
* Green: 140
* Blue: 140
* Opacity: 128
-> Text Padding: 2 parameters
* Padding (Vertical): 2
* Padding (Horizontal): 5
-> Text Alignment: 1 parameter
* Alignment ID: 1
-> Symbol: 1 parameter
* Type: 2
-> Text Outline Size: 2 parameters
* Width: 1
* Height: 2
-> Text Outline Color: 4 parameters
* Red: 0
* Green: 0
* Blue: 0
* Opacity: 64

[Subtitle Settings]
-> Text Region: 1 parameter
* Region ID: 3
-> Text is Grey: 1 parameter
* Enable Grey Text: True
-> Text Position: 2 parameters
* Position (X): 256
* Position (Y): 428
-> Text Size: 2 parameters
* Width: 0.85
* Height: 0.85
-> Text Scale: 1 parameter
* Coefficient: 1.0
-> Text Color: 4 parameters
* Red: 140
* Green: 140
* Blue: 140
* Opacity: 128
-> Text Padding: 2 parameters
* Padding (Vertical): 2
* Padding (Horizontal): 5
-> Text Alignment: 1 parameter
* Alignment ID: 1
-> Symbol: 1 parameter
* Type: 2
-> Text Outline Size: 2 parameters
* Width: 2
* Height: 2
-> Text Outline Color: 4 parameters
* Red: 32
* Green: 32
* Blue: 32
* Opacity: 128

===== SCENE -4 =====

[Battle Settings: 5 parameters]
* Map: CIUDAD TSUFURU
* Music: Dragon Ball GT Song
* Battle Time (s): 0
* Referee: Shenron
* Enable Map Destruction: False

[Team Settings: 2 parameters]
* Team Index: 0
* Number of Teammates: 3

[Team Settings: 2 parameters]
* Team Index: 1
* Number of Teammates: 1

[Character Settings: 14 parameters]
* Character Index: 0
* Character: Goku (GT)
* Color: 0
* Damaged: False
* COM Level: 0
* Z-Item #8: Goku Type
* Health (%): 100
* Z-Item #1: N/A
* Z-Item #2: Master Roshi's Training
* Z-Item #3: N/A
* Z-Item #4: N/A
* Z-Item #5: N/A
* Z-Item #6: Dragon Crush
* Z-Item #7: Vanishing Rush

[Character Settings: 14 parameters]
* Character Index: 1
* Character: Majuub
* Color: 0
* Damaged: False
* COM Level: 0
* Z-Item #8: Goku Type
* Health (%): 100
* Z-Item #1: N/A
* Z-Item #2: Master Roshi's Training
* Z-Item #3: N/A
* Z-Item #4: N/A
* Z-Item #5: N/A
* Z-Item #6: Dragon Break
* Z-Item #7: Vanishing Break

[Character Settings: 14 parameters]
* Character Index: 2
* Character: Videl
* Color: 4
* Damaged: False
* COM Level: 0
* Z-Item #8: Goku Type
* Health (%): 100
* Z-Item #1: N/A
* Z-Item #2: Master Roshi's Training
* Z-Item #3: N/A
* Z-Item #4: N/A
* Z-Item #5: N/A
* Z-Item #6: Dragon Break
* Z-Item #7: Vanishing Break

[Character Settings: 14 parameters]
* Character Index: 0 (Opp.)
* Character: Baby Vegeta - Primera Forma
* Color: 0
* Damaged: False
* COM Level: 9
* Z-Item #8: Goku Type
* Health (%): 100
* Z-Item #1: N/A
* Z-Item #2: Strength Enhancement
* Z-Item #3: Defense +50
* Z-Item #4: Attack +15
* Z-Item #5: N/A
* Z-Item #6: Dragon Crush
* Z-Item #7: Vanishing Rush

===== SCENE -5 =====

[Store Audio-Related Properties]
-> Audio-Related Property: 2 parameters
* Voice Line ID: 0
* Character Index: 0
-> Audio-Related Property: 2 parameters
* Voice Line ID: 1
* Character Index: 0 (Opp.)
-> Audio-Related Property: 2 parameters
* Voice Line ID: 3
* Character Index: 0 (Opp.)
-> Audio-Related Property: 2 parameters
* Voice Line ID: 5
* Character Index: 0
-> Audio-Related Property: 2 parameters
* Voice Line ID: 8
* Character Index: 0
-> Audio-Related Property: 2 parameters
* Voice Line ID: 9
* Character Index: 0 (Opp.)
-> Audio-Related Property: 2 parameters
* Voice Line ID: 10
* Character Index: 0
-> Audio-Related Property: 2 parameters
* Voice Line ID: 11
* Character Index: 0
-> Audio-Related Property: 2 parameters
* Voice Line ID: 12
* Character Index: 0
-> Audio-Related Property: 2 parameters
* Voice Line ID: 13
* Character Index: 0 (Opp.)
-> Audio-Related Property: 2 parameters
* Voice Line ID: 14
* Character Index: 0 (Opp.)
-> Audio-Related Property: 2 parameters
* Voice Line ID: 15
* Character Index: 0 (Opp.)
-> Audio-Related Property: 2 parameters
* Voice Line ID: 16
* Character Index: 0 (Opp.)
-> Audio-Related Property: 2 parameters
* Voice Line ID: 17
* Character Index: 0
-> Audio-Related Property: 2 parameters
* Voice Line ID: 18
* Character Index: 0 (Opp.)
-> Audio-Related Property: 2 parameters
* Voice Line ID: 19
* Character Index: 0
-> Audio-Related Property: 2 parameters
* Voice Line ID: 21
* Character Index: 0 (Opp.)
-> Audio-Related Property: 2 parameters
* Voice Line ID: 22
* Character Index: 0
-> Audio-Related Property: 2 parameters
* Voice Line ID: 23
* Character Index: 0 (Opp.)
-> Audio-Related Property: 2 parameters
* Voice Line ID: 24
* Character Index: 0
-> Audio-Related Property: 2 parameters
* Voice Line ID: 25
* Character Index: 0
-> Audio-Related Property: 2 parameters
* Voice Line ID: 26
* Character Index: 0
-> Audio-Related Property: 2 parameters
* Voice Line ID: 27
* Character Index: 0
-> Audio-Related Property: 2 parameters
* Voice Line ID: 28
* Character Index: 0
-> Audio-Related Property: 2 parameters
* Voice Line ID: 29
* Character Index: 0 (Opp.)
-> Audio-Related Property: 2 parameters
* Voice Line ID: 30
* Character Index: 0
-> Audio-Related Property: 2 parameters
* Voice Line ID: 31
* Character Index: 0
-> Audio-Related Property: 2 parameters
* Voice Line ID: 32
* Character Index: 0 (Opp.)
-> Audio-Related Property: 2 parameters
* Voice Line ID: 33
* Character Index: 0 (Opp.)
-> Audio-Related Property: 2 parameters
* Voice Line ID: 34
* Character Index: 0
-> Audio-Related Property: 2 parameters
* Voice Line ID: 35
* Character Index: 0
-> Audio-Related Property: 2 parameters
* Voice Line ID: 36
* Character Index: 0
-> Audio-Related Property: 2 parameters
* Voice Line ID: 37
* Character Index: 0
-> Audio-Related Property: 2 parameters
* Voice Line ID: 38
* Character Index: 0 (Opp.)
-> Audio-Related Property: 2 parameters
* Voice Line ID: 39
* Character Index: 0 (Opp.)
-> Audio-Related Property: 2 parameters
* Voice Line ID: 40
* Character Index: 1
-> Audio-Related Property: 2 parameters
* Voice Line ID: 41
* Character Index: 0 (Opp.)
-> Audio-Related Property: 2 parameters
* Voice Line ID: 42
* Character Index: 0 (Opp.)
-> Audio-Related Property: 2 parameters
* Voice Line ID: 43
* Character Index: 0 (Opp.)
-> Audio-Related Property: 2 parameters
* Voice Line ID: 44
* Character Index: 0 (Opp.)
-> Audio-Related Property: 2 parameters
* Voice Line ID: 45
* Character Index: 0 (Opp.)
-> Audio-Related Property: 2 parameters
* Voice Line ID: 46
* Character Index: 0 (Opp.)
-> Audio-Related Property: 2 parameters
* Voice Line ID: 47
* Character Index: 0 (Opp.)
-> Audio-Related Property: 2 parameters
* Voice Line ID: 48
* Character Index: 0 (Opp.)
-> Audio-Related Property: 2 parameters
* Voice Line ID: 49
* Character Index: 0 (Opp.)
-> Audio-Related Property: 2 parameters
* Voice Line ID: 50
* Character Index: 1
-> Audio-Related Property: 2 parameters
* Voice Line ID: 51
* Character Index: 1
-> Audio-Related Property: 2 parameters
* Voice Line ID: 52
* Character Index: 1
-> Audio-Related Property: 2 parameters
* Voice Line ID: 53
* Character Index: 1
-> Audio-Related Property: 2 parameters
* Voice Line ID: 54
* Character Index: 1
-> Audio-Related Property: 2 parameters
* Voice Line ID: 55
* Character Index: 0 (Opp.)
-> Audio-Related Property: 2 parameters
* Voice Line ID: 56
* Character Index: 0 (Opp.)
-> Audio-Related Property: 2 parameters
* Voice Line ID: 57
* Character Index: 1
-> Audio-Related Property: 2 parameters
* Voice Line ID: 58
* Character Index: 0 (Opp.)
-> Audio-Related Property: 2 parameters
* Voice Line ID: 59
* Character Index: 0 (Opp.)
-> Audio-Related Property: 2 parameters
* Voice Line ID: 60
* Character Index: 0
-> Audio-Related Property: 2 parameters
* Voice Line ID: 61
* Character Index: 0 (Opp.)
-> Audio-Related Property: 2 parameters
* Voice Line ID: 62
* Character Index: 0
-> Audio-Related Property: 2 parameters
* Voice Line ID: 63
* Character Index: 0
-> Audio-Related Property: 2 parameters
* Voice Line ID: 64
* Character Index: 0
-> Audio-Related Property: 2 parameters
* Voice Line ID: 65
* Character Index: 0 (Opp.)
-> Audio-Related Property: 2 parameters
* Voice Line ID: 66
* Character Index: 0
-> Audio-Related Property: 2 parameters
* Voice Line ID: 67
* Character Index: 0
-> Audio-Related Property: 2 parameters
* Voice Line ID: 68
* Character Index: 0 (Opp.)
-> Audio-Related Property: 2 parameters
* Voice Line ID: 69
* Character Index: 0 (Opp.)
-> Audio-Related Property: 2 parameters
* Voice Line ID: 70
* Character Index: 0
-> Audio-Related Property: 2 parameters
* Voice Line ID: 71
* Character Index: 0 (Opp.)
-> Audio-Related Property: 2 parameters
* Voice Line ID: 72
* Character Index: 0 (Opp.)
-> Audio-Related Property: 2 parameters
* Voice Line ID: 73
* Character Index: 0
-> Audio-Related Property: 2 parameters
* Voice Line ID: 74
* Character Index: 0
-> Audio-Related Property: 2 parameters
* Voice Line ID: 75
* Character Index: 0
-> Audio-Related Property: 2 parameters
* Voice Line ID: 76
* Character Index: 0
-> Audio-Related Property: 2 parameters
* Voice Line ID: 77
* Character Index: 0 (Opp.)
-> Audio-Related Property: 2 parameters
* Voice Line ID: 78
* Character Index: 0 (Opp.)
-> Audio-Related Property: 2 parameters
* Voice Line ID: 79
* Character Index: 0 (Opp.)
-> Audio-Related Property: 2 parameters
* Voice Line ID: 80
* Character Index: 0 (Opp.)
-> Audio-Related Property: 2 parameters
* Voice Line ID: 81
* Character Index: 0 (Opp.)
-> Audio-Related Property: 2 parameters
* Voice Line ID: 82
* Character Index: 0 (Opp.)
-> Audio-Related Property: 2 parameters
* Voice Line ID: 83
* Character Index: 0
-> Audio-Related Property: 2 parameters
* Voice Line ID: 84
* Character Index: 0 (Opp.)
-> Audio-Related Property: 2 parameters
* Voice Line ID: 85
* Character Index: 0 (Opp.)
-> Audio-Related Property: 2 parameters
* Voice Line ID: 86
* Character Index: 0
-> Audio-Related Property: 2 parameters
* Voice Line ID: 87
* Character Index: 0 (Opp.)
-> Audio-Related Property: 2 parameters
* Voice Line ID: 88
* Character Index: 0 (Opp.)
-> Audio-Related Property: 2 parameters
* Voice Line ID: 89
* Character Index: 0
-> Audio-Related Property: 2 parameters
* Voice Line ID: 90
* Character Index: 0
-> Audio-Related Property: 2 parameters
* Voice Line ID: 91
* Character Index: 0 (Opp.)
-> Audio-Related Property: 2 parameters
* Voice Line ID: 92
* Character Index: 0 (Opp.)
-> Audio-Related Property: 2 parameters
* Voice Line ID: 93
* Character Index: 0 (Opp.)
-> Audio-Related Property: 2 parameters
* Voice Line ID: 94
* Character Index: 0
-> Audio-Related Property: 2 parameters
* Voice Line ID: 95
* Character Index: 0 (Opp.)
-> Audio-Related Property: 2 parameters
* Voice Line ID: 97
* Character Index: 0 (Opp.)
-> Audio-Related Property: 2 parameters
* Voice Line ID: 98
* Character Index: 0
-> Audio-Related Property: 2 parameters
* Voice Line ID: 99
* Character Index: 0 (Opp.)
-> Audio-Related Property: 2 parameters
* Voice Line ID: 100
* Character Index: 0 (Opp.)
-> Audio-Related Property: 2 parameters
* Voice Line ID: 101
* Character Index: 0 (Opp.)
-> Audio-Related Property: 2 parameters
* Voice Line ID: 102
* Character Index: 0 (Opp.)
-> Audio-Related Property: 2 parameters
* Voice Line ID: 103
* Character Index: 0 (Opp.)
-> Audio-Related Property: 2 parameters
* Voice Line ID: 104
* Character Index: 0 (Opp.)
-> Audio-Related Property: 2 parameters
* Voice Line ID: 105
* Character Index: 0
-> Audio-Related Property: 2 parameters
* Voice Line ID: 106
* Character Index: 0
-> Audio-Related Property: 2 parameters
* Voice Line ID: 107
* Character Index: 0
-> Audio-Related Property: 2 parameters
* Voice Line ID: 108
* Character Index: 0
-> Audio-Related Property: 2 parameters
* Voice Line ID: 109
* Character Index: 0 (Opp.)
-> Audio-Related Property: 2 parameters
* Voice Line ID: 110
* Character Index: 0
-> Audio-Related Property: 2 parameters
* Voice Line ID: 111
* Character Index: 0 (Opp.)
-> Audio-Related Property: 2 parameters
* Voice Line ID: 113
* Character Index: 0 (Opp.)
-> Audio-Related Property: 2 parameters
* Voice Line ID: 114
* Character Index: 0 (Opp.)
-> Audio-Related Property: 2 parameters
* Voice Line ID: 115
* Character Index: 2
-> Audio-Related Property: 2 parameters
* Voice Line ID: 116
* Character Index: 0 (Opp.)
-> Audio-Related Property: 2 parameters
* Voice Line ID: 117
* Character Index: 2
-> Audio-Related Property: 2 parameters
* Voice Line ID: 118
* Character Index: 2
-> Audio-Related Property: 2 parameters
* Voice Line ID: 119
* Character Index: 2
-> Audio-Related Property: 2 parameters
* Voice Line ID: 120
* Character Index: 0 (Opp.)
-> Audio-Related Property: 2 parameters
* Voice Line ID: 121
* Character Index: 0 (Opp.)
-> Audio-Related Property: 2 parameters
* Voice Line ID: 122
* Character Index: 0 (Opp.)
-> Audio-Related Property: 2 parameters
* Voice Line ID: 123
* Character Index: 2
-> Audio-Related Property: 2 parameters
* Voice Line ID: 124
* Character Index: 0 (Opp.)
-> Audio-Related Property: 2 parameters
* Voice Line ID: 125
* Character Index: 0 (Opp.)
-> Audio-Related Property: 2 parameters
* Voice Line ID: 126
* Character Index: 0 (Opp.)
-> Audio-Related Property: 2 parameters
* Voice Line ID: 127
* Character Index: 0 (Opp.)
-> Audio-Related Property: 2 parameters
* Voice Line ID: 128
* Character Index: 0 (Opp.)
-> Audio-Related Property: 2 parameters
* Voice Line ID: 129
* Character Index: 2
-> Audio-Related Property: 2 parameters
* Voice Line ID: 130
* Character Index: 2
-> Audio-Related Property: 2 parameters
* Voice Line ID: 131
* Character Index: 2
-> Audio-Related Property: 2 parameters
* Voice Line ID: 132
* Character Index: 2
-> Audio-Related Property: 2 parameters
* Voice Line ID: 133
* Character Index: 0 (Opp.)
-> Audio-Related Property: 2 parameters
* Voice Line ID: 134
* Character Index: 2
-> Audio-Related Property: 2 parameters
* Voice Line ID: 135
* Character Index: 0
-> Audio-Related Property: 2 parameters
* Voice Line ID: 136
* Character Index: 0 (Opp.)
-> Audio-Related Property: 2 parameters
* Voice Line ID: 137
* Character Index: 0 (Opp.)
-> Audio-Related Property: 2 parameters
* Voice Line ID: 138
* Character Index: 0
-> Audio-Related Property: 2 parameters
* Voice Line ID: 139
* Character Index: 0
-> Audio-Related Property: 2 parameters
* Voice Line ID: 140
* Character Index: 0 (Opp.)
-> Audio-Related Property: 2 parameters
* Voice Line ID: 141
* Character Index: 0 (Opp.)
-> Audio-Related Property: 2 parameters
* Voice Line ID: 142
* Character Index: 0 (Opp.)
-> Audio-Related Property: 2 parameters
* Voice Line ID: 143
* Character Index: 0 (Opp.)
-> Audio-Related Property: 2 parameters
* Voice Line ID: 144
* Character Index: 0 (Opp.)
-> Audio-Related Property: 2 parameters
* Voice Line ID: 145
* Character Index: 0 (Opp.)
-> Audio-Related Property: 2 parameters
* Voice Line ID: 146
* Character Index: 0
-> Audio-Related Property: 2 parameters
* Voice Line ID: 147
* Character Index: 0
-> Audio-Related Property: 2 parameters
* Voice Line ID: 148
* Character Index: 0
-> Audio-Related Property: 2 parameters
* Voice Line ID: 149
* Character Index: 0 (Opp.)
-> Audio-Related Property: 2 parameters
* Voice Line ID: 150
* Character Index: 0
-> Audio-Related Property: 2 parameters
* Voice Line ID: 151
* Character Index: 0 (Opp.)
-> Audio-Related Property: 2 parameters
* Voice Line ID: 152
* Character Index: 0

===== SCENE 10000 =====

[Scene Start]

[Battle End: 1 parameter]
* Battle Outcome ID: -1

[Store Character Positions]

[Assign Character Position & Rotation: 7 parameters]
* Character Index: 0
* Position (X): 88.0
* Position (Y): 0.0
* Position (Z): 0.0
* Rotation (X): 0.0
* Rotation (Y): -90.0
* Rotation (Z): 0.0

[Assign Character Position & Rotation: 7 parameters]
* Character Index: 0 (Opp.)
* Position (X): -55.0
* Position (Y): 0.0
* Position (Z): 0.0
* Rotation (X): 0.0
* Rotation (Y): 90.0
* Rotation (Z): 0.0

[Primary Camera Point: 6 parameters]
* Position (X): 68.459
* Position (Y): -3.617
* Position (Z): -6.544
* Rotation (Y): 6.673
* Rotation (X): 71.573
* Rotation (Z): 0.0

[Secondary Camera Point]
-> Additional Camera Point: 7 parameters
* Time (s): 3.0
* Position (X): 77.672
* Position (Y): -4.998
* Position (Z): -3.474
* Rotation (Y): 10.739
* Rotation (X): 71.573
* Rotation (Z): 0.0

[Assign Animation: 2 parameters]
* Character Index: 0
* ANM Name: SURPRISED
-> Enable ANM Loop

[Play Character Voice Line: 2 parameters]
* Character Index: 0
* Voice Line ID: 0
-> Wait until End of Voice Line

[Primary Camera Point: 6 parameters]
* Position (X): -31.297
* Position (Y): -11.53
* Position (Z): -13.556
* Rotation (Y): -1.996
* Rotation (X): -58.57
* Rotation (Z): 0.0

[Secondary Camera Point]
-> Additional Camera Point: 7 parameters
* Time (s): 2.0
* Position (X): -43.728
* Position (Y): -9.826
* Position (Z): 2.389
* Rotation (Y): 9.676
* Rotation (X): -107.861
* Rotation (Z): 0.0

[Assign Animation: 2 parameters]
* Character Index: 0 (Opp.)
* ANM Name: INTRO_IN
-> Wait until End of ANM

[Assign Animation: 2 parameters]
* Character Index: 0 (Opp.)
* ANM Name: INTRO_LOOP
-> Enable ANM Loop

[Play Character Voice Line: 2 parameters]
* Character Index: 0 (Opp.)
* Voice Line ID: 1
-> Wait until End of Voice Line

[Store VFX Switches]

[Store Conditional Properties]
-> Scene Link: 2 parameters
* Condition: Win via K.O.
* Scene ID: 10030
-> Scene Link: 2 parameters
* Condition: Win via K.O. (Opp.)
* Scene ID: 10040
-> Scene Link: 2 parameters
* Condition: Wait 60 seconds
* Scene ID: 10001
-> Audio Link: 2 parameters
* Condition: Immediate
* Voice Line ID: 2
-> Audio Link: 2 parameters
* Condition: Immediate
* Voice Line ID: 3
-> Audio Link: 2 parameters
* Condition: Immediate
* Voice Line ID: 4
-> Audio Link: 2 parameters
* Condition: Immediate
* Voice Line ID: 5
-> Audio Link: 2 parameters
* Condition: Immediate
* Voice Line ID: 6
-> Audio Link: 2 parameters
* Condition: Immediate
* Voice Line ID: 7
-> Audio Link: 2 parameters
* Condition: Immediate
* Voice Line ID: 8
-> Audio Link: 2 parameters
* Condition: Immediate
* Voice Line ID: 9
-> Audio Link: 2 parameters
* Condition: Immediate
* Voice Line ID: 10
-> Audio Link: 2 parameters
* Condition: Lose 2 Health Bars
* Voice Line ID: 11
-> Audio Link: 2 parameters
* Condition: Lose 1 Health Bar
* Voice Line ID: 12
-> Audio Link: 2 parameters
* Condition: Go in MAX POWER Mode (Opp.)
* Voice Line ID: 13
-> Audio Link: 2 parameters
* Condition: Perform Vanishing Attack (Opp.)
* Voice Line ID: 14
-> Audio Link: 2 parameters
* Condition: Block 1st Blast 2 (Opp.)
* Voice Line ID: 15
-> Audio Link: 2 parameters
* Condition: Perform Ultimate Blast (Opp.)
* Voice Line ID: 13
-> Audio Link: 2 parameters
* Condition: Perform 1st Blast 2 (Opp.)
* Voice Line ID: 16
-> Audio Link: 2 parameters
* Condition: Perform 2nd Blast 2 (Opp.)
* Voice Line ID: 16

[Store Player's Character Changes]

[Store Opponent's Character Changes]

[Post-Cutscene Event: 2 parameters]
* Event ID: Battle Finish
* Character ID: N/A

[Scene End & Battle Start]

===== SCENE 10001 =====

[Scene Start]

[Battle End: 1 parameter]
* Battle Outcome ID: -1

[Store Character Positions]

[Trigger Fade-Out: 1 parameter]
* Time (s): 1.2

[Assign Character Position & Rotation: 7 parameters]
* Character Index: 0
* Position (X): -20.0
* Position (Y): 0.0
* Position (Z): 0.0
* Rotation (X): 0.0
* Rotation (Y): 90.0
* Rotation (Z): 0.0

[Assign Character Position & Rotation: 7 parameters]
* Character Index: 0 (Opp.)
* Position (X): 53.0
* Position (Y): 0.0
* Position (Z): 0.0
* Rotation (X): 0.0
* Rotation (Y): -90.0
* Rotation (Z): 0.0

[Primary Camera Point: 6 parameters]
* Position (X): -2.193
* Position (Y): -0.902
* Position (Z): -3.289
* Rotation (Y): 10.272
* Rotation (X): -80.476
* Rotation (Z): 0.0

[Secondary Camera Point]
-> Additional Camera Point: 7 parameters
* Time (s): 8.0
* Position (X): -12.291
* Position (Y): -5.318
* Position (Z): -1.595
* Rotation (Y): 14.848
* Rotation (X): -80.476
* Rotation (Z): 0.0

[Assign Animation: 2 parameters]
* Character Index: 0
* ANM Name: GROUND_TIRED
-> Enable ANM Loop

[Play Character Voice Line: 2 parameters]
* Character Index: 0
* Voice Line ID: 19
-> Wait until End of Voice Line

[Store VFX Switches]

[Store Conditional Properties]
-> Scene Link: 2 parameters
* Condition: Win via K.O.
* Scene ID: 10031
-> Scene Link: 2 parameters
* Condition: Win via K.O. (Opp.)
* Scene ID: 10041
-> Scene Link: 2 parameters
* Condition: Wait 30 seconds
* Scene ID: 10011
-> Audio Link: 2 parameters
* Condition: Immediate
* Voice Line ID: 23
-> Audio Link: 2 parameters
* Condition: Immediate
* Voice Line ID: 24
-> Audio Link: 2 parameters
* Condition: Wait 20 seconds
* Voice Line ID: 25
-> Audio Link: 2 parameters
* Condition: Hit with 1st Blast 2 (Opp.)
* Voice Line ID: 26
-> Audio Link: 2 parameters
* Condition: Immediate
* Voice Line ID: 27
-> Audio Link: 2 parameters
* Condition: Hit with Charged Ki Blast
* Voice Line ID: 28
-> Audio Link: 2 parameters
* Condition: Fall into ground/water
* Voice Line ID: 29
-> Audio Link: 2 parameters
* Condition: Hit with 2nd Blast 2 (Opp.)
* Voice Line ID: 31
-> Audio Link: 2 parameters
* Condition: Perform 1st Blast 2 (Opp.)
* Voice Line ID: 32
-> Audio Link: 2 parameters
* Condition: Perform Dragon Homing (Opp.)
* Voice Line ID: 34
-> Audio Link: 2 parameters
* Condition: Fall into ground/water (Opp.)
* Voice Line ID: 35
-> Audio Link: 2 parameters
* Condition: Perform Normal Clash
* Voice Line ID: 36
-> Audio Link: 2 parameters
* Condition: Perform Teleport (Opp.)
* Voice Line ID: 37
-> Audio Link: 2 parameters
* Condition: Perform Vanishing Attack (Opp.)
* Voice Line ID: 104
-> Audio Link: 2 parameters
* Condition: Hit with Ultimate Blast (Opp.)
* Voice Line ID: 31
-> Audio Link: 2 parameters
* Condition: Perform 2nd Blast 2 (Opp.)
* Voice Line ID: 32
-> Audio Link: 2 parameters
* Condition: Perform Guard Crush
* Voice Line ID: 35
-> Audio Link: 2 parameters
* Condition: Perform Aerial Clash
* Voice Line ID: 36

[Store Player's Character Changes]
-> Add Health: 1 parameter
* Health (%): 50
-> Add Ki: 1 parameter
* Ki (%): 50

[Store Opponent's Character Changes]

[Post-Cutscene Event: 2 parameters]
* Event ID: Assign Transformation
* Character ID: Goku (GT) - Super Saiyan 3

[Scene End & Battle Start]

===== SCENE 10011 =====

[Scene Start]

[Battle End: 1 parameter]
* Battle Outcome ID: -1

[Store Character Positions]

[Trigger Fade-Out: 1 parameter]
* Time (s): 1.2

[Assign Character Position & Rotation: 7 parameters]
* Character Index: 0
* Position (X): 88.0
* Position (Y): 0.0
* Position (Z): 0.0
* Rotation (X): 0.0
* Rotation (Y): -90.0
* Rotation (Z): 0.0

[Assign Character Position & Rotation: 7 parameters]
* Character Index: 0 (Opp.)
* Position (X): -55.0
* Position (Y): 0.0
* Position (Z): 0.0
* Rotation (X): 0.0
* Rotation (Y): 90.0
* Rotation (Z): 0.0

[Primary Camera Point: 6 parameters]
* Position (X): 85.088
* Position (Y): -4.007
* Position (Z): -11.201
* Rotation (Y): 1.996
* Rotation (X): -3.864
* Rotation (Z): 0.0

[Secondary Camera Point]
-> Additional Camera Point: 7 parameters
* Time (s): 8.0
* Position (X): 73.374
* Position (Y): -4.329
* Position (Z): -2.987
* Rotation (Y): 1.996
* Rotation (X): 72.284
* Rotation (Z): 0.0

[Assign Animation: 2 parameters]
* Character Index: 0
* ANM Name: GROUND_TIRED
-> Enable ANM Loop

[Play Character Voice Line: 2 parameters]
* Character Index: 0
* Voice Line ID: 30
-> Wait until End of Voice Line

[Store VFX Switches]

[Store Conditional Properties]
-> Scene Link: 2 parameters
* Condition: Immediate
* Scene ID: 10012

[Store Player's Character Changes]

[Store Opponent's Character Changes]

[Post-Cutscene Event: 2 parameters]
* Event ID: Assign Transformation
* Character ID: Goku (GT)

[Scene End & Battle Start]

===== SCENE 10012 =====

[Scene Start]

[Battle End: 1 parameter]
* Battle Outcome ID: -1

[Store Character Positions]

[Trigger Fade-Out: 1 parameter]
* Time (s): 1.2

[Assign Character Position & Rotation: 7 parameters]
* Character Index: 0
* Position (X): 88.0
* Position (Y): 0.0
* Position (Z): 0.0
* Rotation (X): 0.0
* Rotation (Y): -90.0
* Rotation (Z): 0.0

[Assign Character Position & Rotation: 7 parameters]
* Character Index: 0 (Opp.)
* Position (X): -55.0
* Position (Y): 0.0
* Position (Z): 0.0
* Rotation (X): 0.0
* Rotation (Y): 90.0
* Rotation (Z): 0.0

[Primary Camera Point: 6 parameters]
* Position (X): -27.422
* Position (Y): -2.239
* Position (Z): -0.285
* Rotation (Y): 17.226
* Rotation (X): -91.321
* Rotation (Z): 0.0

[Secondary Camera Point]
-> Additional Camera Point: 7 parameters
* Time (s): 1.0
* Position (X): -43.564
* Position (Y): -10.159
* Position (Z): -1.801
* Rotation (Y): 1.7
* Rotation (X): -81.897
* Rotation (Z): 0.0

[Assign Animation: 2 parameters]
* Character Index: 0 (Opp.)
* ANM Name: GROUND
-> Enable ANM Loop

[Play Character Voice Line: 2 parameters]
* Character Index: 0 (Opp.)
* Voice Line ID: 33
-> Wait until End of Voice Line

[Store VFX Switches]

[Store Conditional Properties]
-> Scene Link: 2 parameters
* Condition: Win via K.O.
* Scene ID: 10034
-> Scene Link: 2 parameters
* Condition: Win via K.O. (Opp.)
* Scene ID: 10044
-> Scene Link: 2 parameters
* Condition: Wait 20 seconds
* Scene ID: 10007
-> Audio Link: 2 parameters
* Condition: Fall into ground/water (Opp.)
* Voice Line ID: 15
-> Audio Link: 2 parameters
* Condition: Perform 1st Blast 2 (Opp.)
* Voice Line ID: 16
-> Audio Link: 2 parameters
* Condition: Perform 2nd Blast 2 (Opp.)
* Voice Line ID: 16
-> Audio Link: 2 parameters
* Condition: Fall into ground/water
* Voice Line ID: 34
-> Audio Link: 2 parameters
* Condition: UNKNOWN
* Voice Line ID: 37
-> Audio Link: 2 parameters
* Condition: Hit with 1st Blast 2 (Opp.)
* Voice Line ID: 29
-> Audio Link: 2 parameters
* Condition: Hit with 2nd Blast 2 (Opp.)
* Voice Line ID: 29
-> Audio Link: 2 parameters
* Condition: Hit with Ultimate Blast
* Voice Line ID: 31
-> Audio Link: 2 parameters
* Condition: Block 1st Blast 2
* Voice Line ID: 35
-> Audio Link: 2 parameters
* Condition: Perform First Attack! (Opp.)
* Voice Line ID: 36
-> Audio Link: 2 parameters
* Condition: Block 2nd Blast 2
* Voice Line ID: 35

[Store Player's Character Changes]

[Store Opponent's Character Changes]
-> PROPERTY 108: 1 parameter
* Parameter 0: 8
-> Add Health: 1 parameter
* Health (%): 50
-> Replace Z-Item #1: 1 parameter
* Z-Item #1: Power Body
-> Replace Z-Item #4: 1 parameter
* Z-Item #4: Attack +10

[Post-Cutscene Event: 2 parameters]
* Event ID: Assign Transformation (Opp.)
* Character ID: Baby Vegeta - Segunda Forma

[Scene End & Battle Start]

===== SCENE 10007 =====

[Scene Start]

[Battle End: 1 parameter]
* Battle Outcome ID: -1

[Store Character Positions]

[Trigger Fade-Out: 1 parameter]
* Time (s): 1.2

[Assign Character Position & Rotation: 7 parameters]
* Character Index: 0
* Position (X): -20.0
* Position (Y): 0.0
* Position (Z): 0.0
* Rotation (X): 0.0
* Rotation (Y): 90.0
* Rotation (Z): 0.0

[Assign Character Position & Rotation: 7 parameters]
* Character Index: 0 (Opp.)
* Position (X): 53.0
* Position (Y): 0.0
* Position (Z): 0.0
* Rotation (X): 0.0
* Rotation (Y): -90.0
* Rotation (Z): 0.0

[Primary Camera Point: 6 parameters]
* Position (X): 61.511
* Position (Y): -6.89
* Position (Z): 8.204
* Rotation (Y): -4.084
* Rotation (X): -118.317
* Rotation (Z): 0.0

[Secondary Camera Point]
-> Additional Camera Point: 7 parameters
* Time (s): 11.0
* Position (X): 61.492
* Position (Y): -17.986
* Position (Z): 6.171
* Rotation (Y): -10.295
* Rotation (X): -110.85
* Rotation (Z): 0.0

[Assign Animation: 2 parameters]
* Character Index: 0 (Opp.)
* ANM Name: GROUND
-> Enable ANM Loop

[Play Character Voice Line: 2 parameters]
* Character Index: 0 (Opp.)
* Voice Line ID: 79
-> Wait until End of Voice Line

[Primary Camera Point: 6 parameters]
* Position (X): 29.417
* Position (Y): -2.967
* Position (Z): -3.084
* Rotation (Y): 11.108
* Rotation (X): 80.923
* Rotation (Z): 0.0

[Secondary Camera Point]
-> Additional Camera Point: 7 parameters
* Time (s): 1.0
* Position (X): 40.427
* Position (Y): -5.026
* Position (Z): -1.325
* Rotation (Y): 24.12
* Rotation (X): 80.923
* Rotation (Z): 0.0

[Enable Lingering Aura: 1 parameter]
* Character Index: 0 (Opp.)

[Assign Animation: 2 parameters]
* Character Index: 0 (Opp.)
* ANM Name: CHARGE_IN
-> Wait until End of ANM

[Enable Ki Charge Aura: 1 parameter]
* Character Index: 0 (Opp.)

[Assign Animation: 2 parameters]
* Character Index: 0 (Opp.)
* ANM Name: CHARGE_LOOP
-> Enable ANM Loop

[Play Character Voice Line: 2 parameters]
* Character Index: 0 (Opp.)
* Voice Line ID: 80
-> Wait until End of Voice Line

[Store VFX Switches]

[Store Conditional Properties]
-> Scene Link: 2 parameters
* Condition: Win via K.O.
* Scene ID: 10031
-> Scene Link: 2 parameters
* Condition: Win via K.O. (Opp.)
* Scene ID: 10047
-> Scene Link: 2 parameters
* Condition: Wait 10 seconds
* Scene ID: 10002
-> Audio Link: 2 parameters
* Condition: Fall into ground/water (Opp.)
* Voice Line ID: 15
-> Audio Link: 2 parameters
* Condition: Perform 1st Blast 2 (Opp.)
* Voice Line ID: 13
-> Audio Link: 2 parameters
* Condition: Perform 2nd Blast 2 (Opp.)
* Voice Line ID: 16
-> Audio Link: 2 parameters
* Condition: Fall into ground/water
* Voice Line ID: 34
-> Audio Link: 2 parameters
* Condition: UNKNOWN
* Voice Line ID: 37
-> Audio Link: 2 parameters
* Condition: Hit with 1st Blast 2 (Opp.)
* Voice Line ID: 29
-> Audio Link: 2 parameters
* Condition: Hit with 2nd Blast 2 (Opp.)
* Voice Line ID: 29
-> Audio Link: 2 parameters
* Condition: Hit with Ultimate Blast
* Voice Line ID: 31
-> Audio Link: 2 parameters
* Condition: Block 1st Blast 2
* Voice Line ID: 35
-> Audio Link: 2 parameters
* Condition: Perform First Attack! (Opp.)
* Voice Line ID: 36
-> Audio Link: 2 parameters
* Condition: Block 2nd Blast 2
* Voice Line ID: 35

[Store Player's Character Changes]

[Store Opponent's Character Changes]
-> Add Health: 1 parameter
* Health (%): 50
-> Replace Z-Item #1: 1 parameter
* Z-Item #1: Ultimate Body

[Post-Cutscene Event: 2 parameters]
* Event ID: Assign Transformation (Opp.)
* Character ID: Baby Vegeta - Tercera Forma

[Scene End & Battle Start]

===== SCENE 10002 =====

[Scene Start]

[Battle End: 1 parameter]
* Battle Outcome ID: -1

[Store Character Positions]

[Store VFX Switches]

[Store Conditional Properties]
-> Scene Link: 2 parameters
* Condition: Immediate
* Scene ID: 10003

[Store Player's Character Changes]
-> Assign Properties to Character: 1 parameter
* Character Index: 1

[Store Opponent's Character Changes]

[Post-Cutscene Event: 2 parameters]
* Event ID: Switch with Teammate #2
* Character ID: Gogeta - Fusion

[Scene End & Battle Start]

===== SCENE 10003 =====

[Scene Start]

[Battle End: 1 parameter]
* Battle Outcome ID: -1

[Store Character Positions]

[Trigger Fade-Out: 1 parameter]
* Time (s): 1.2

[Assign Character Position & Rotation: 7 parameters]
* Character Index: 1
* Position (X): 88.0
* Position (Y): 0.0
* Position (Z): 0.0
* Rotation (X): 0.0
* Rotation (Y): -90.0
* Rotation (Z): 0.0

[Assign Character Position & Rotation: 7 parameters]
* Character Index: 0 (Opp.)
* Position (X): -55.0
* Position (Y): 0.0
* Position (Z): 0.0
* Rotation (X): 0.0
* Rotation (Y): 90.0
* Rotation (Z): 0.0

[Primary Camera Point: 6 parameters]
* Position (X): 73.165
* Position (Y): -25.668
* Position (Z): 18.223
* Rotation (Y): -31.015
* Rotation (X): 140.176
* Rotation (Z): 0.0

[Secondary Camera Point]
-> Additional Camera Point: 7 parameters
* Time (s): 3.0
* Position (X): 78.114
* Position (Y): -10.532
* Position (Z): -5.585
* Rotation (Y): 11.938
* Rotation (X): 59.631
* Rotation (Z): 0.0

[Assign Animation: 2 parameters]
* Character Index: 1
* ANM Name: INTRO_IN
-> Wait until End of ANM

[Assign Animation: 2 parameters]
* Character Index: 1
* ANM Name: INTRO_LOOP
-> Enable ANM Loop

[Play Character Voice Line: 2 parameters]
* Character Index: 1
* Voice Line ID: 40
-> Wait until End of Voice Line

[Primary Camera Point: 6 parameters]
* Position (X): -43.676
* Position (Y): -19.402
* Position (Z): -7.044
* Rotation (Y): -22.957
* Rotation (X): -56.624
* Rotation (Z): 0.0

[Secondary Camera Point]
-> Additional Camera Point: 7 parameters
* Time (s): 6.0
* Position (X): -49.998
* Position (Y): -17.203
* Position (Z): -6.437
* Rotation (Y): -11.091
* Rotation (X): -29.862
* Rotation (Z): 0.0

[Assign Animation: 2 parameters]
* Character Index: 0 (Opp.)
* ANM Name: GROUND
-> Enable ANM Loop

[Play Character Voice Line: 2 parameters]
* Character Index: 0 (Opp.)
* Voice Line ID: 41
-> Wait until End of Voice Line

[Store VFX Switches]

[Store Conditional Properties]
-> Scene Link: 2 parameters
* Condition: Win via K.O.
* Scene ID: 10032
-> Scene Link: 2 parameters
* Condition: Win via K.O. (Opp.)
* Scene ID: 10042
-> Scene Link: 2 parameters
* Condition: Wait 45 seconds
* Scene ID: 10004
-> Audio Link: 2 parameters
* Condition: Immediate
* Voice Line ID: 42
-> Audio Link: 2 parameters
* Condition: Block 1st Blast 2
* Voice Line ID: 43
-> Audio Link: 2 parameters
* Condition: Perform 1st Blast 2 (Opp.)
* Voice Line ID: 44
-> Audio Link: 2 parameters
* Condition: Perform Sonic Sway
* Voice Line ID: 45
-> Audio Link: 2 parameters
* Condition: Perform First Attack!
* Voice Line ID: 46
-> Audio Link: 2 parameters
* Condition: Perform Ultimate Blast (Opp.)
* Voice Line ID: 47
-> Audio Link: 2 parameters
* Condition: Hit with 1st Blast 2
* Voice Line ID: 48
-> Audio Link: 2 parameters
* Condition: Perform Aerial Clash
* Voice Line ID: 49
-> Audio Link: 2 parameters
* Condition: Perform 1st Blast 2
* Voice Line ID: 50
-> Audio Link: 2 parameters
* Condition: Go in MAX POWER Mode
* Voice Line ID: 51
-> Audio Link: 2 parameters
* Condition: Hit with 1st Blast 2 (Opp.)
* Voice Line ID: 52
-> Audio Link: 2 parameters
* Condition: Hit with 2nd Blast 2 (Opp.)
* Voice Line ID: 53
-> Audio Link: 2 parameters
* Condition: Perform Hyper Smash
* Voice Line ID: 54
-> Audio Link: 2 parameters
* Condition: Fall into ground/water (Opp.)
* Voice Line ID: 55
-> Audio Link: 2 parameters
* Condition: Go in MAX POWER Mode (Opp.)
* Voice Line ID: 56
-> Audio Link: 2 parameters
* Condition: Perform Rush Attack
* Voice Line ID: 54
-> Audio Link: 2 parameters
* Condition: Perform Normal Clash
* Voice Line ID: 49
-> Audio Link: 2 parameters
* Condition: Perform 2nd Blast 2 (Opp.)
* Voice Line ID: 44

[Store Player's Character Changes]
-> Add Health: 1 parameter
* Health (%): 100

[Store Opponent's Character Changes]

[Post-Cutscene Event: 2 parameters]
* Event ID: Battle Finish
* Character ID: N/A

[Scene End & Battle Start]

===== SCENE 10004 =====

[Scene Start]

[Battle End: 1 parameter]
* Battle Outcome ID: -1

[Store Character Positions]

[Store VFX Switches]

[Store Conditional Properties]
-> Scene Link: 2 parameters
* Condition: Immediate
* Scene ID: 10005

[Store Player's Character Changes]
-> Assign Properties to Character: 1 parameter
* Character Index: 0

[Store Opponent's Character Changes]

[Post-Cutscene Event: 2 parameters]
* Event ID: Switch with Teammate #1
* Character ID: Goku (GT)

[Scene End & Battle Start]

===== SCENE 10005 =====

[Scene Start]

[Battle End: 1 parameter]
* Battle Outcome ID: -1

[Store Character Positions]

[Trigger Fade-Out: 1 parameter]
* Time (s): 1.2

[Assign Character Position & Rotation: 7 parameters]
* Character Index: 0
* Position (X): -7.0
* Position (Y): 0.0
* Position (Z): 0.0
* Rotation (X): 0.0
* Rotation (Y): 90.0
* Rotation (Z): 0.0

[Assign Character Position & Rotation: 7 parameters]
* Character Index: 0 (Opp.)
* Position (X): 40.0
* Position (Y): 0.0
* Position (Z): 0.0
* Rotation (X): 0.0
* Rotation (Y): -90.0
* Rotation (Z): 0.0

[Primary Camera Point: 6 parameters]
* Position (X): 31.746
* Position (Y): -11.217
* Position (Z): 6.159
* Rotation (Y): 22.955
* Rotation (X): 128.693
* Rotation (Z): 0.0

[Secondary Camera Point]
-> Additional Camera Point: 7 parameters
* Time (s): 0.5
* Position (X): 35.709
* Position (Y): -14.637
* Position (Z): 2.984
* Rotation (Y): 22.955
* Rotation (X): 128.693
* Rotation (Z): 0.0

[Assign Animation: 2 parameters]
* Character Index: 0 (Opp.)
* ANM Name: GROUND
-> Enable ANM Loop

[Play Character Voice Line: 2 parameters]
* Character Index: 0 (Opp.)
* Voice Line ID: 59
-> Wait until End of Voice Line

[Primary Camera Point: 6 parameters]
* Position (X): 64.479
* Position (Y): -18.902
* Position (Z): 12.919
* Rotation (Y): -15.747
* Rotation (X): -106.292
* Rotation (Z): 0.0

[Secondary Camera Point]
-> Additional Camera Point: 7 parameters
* Time (s): 8.0
* Position (X): 3.857
* Position (Y): -6.638
* Position (Z): 3.655
* Rotation (Y): -9.019
* Rotation (X): -101.819
* Rotation (Z): 0.0

[Assign Animation: 2 parameters]
* Character Index: 0
* ANM Name: INTRO_IN
-> Wait until End of ANM

[Assign Animation: 2 parameters]
* Character Index: 0
* ANM Name: INTRO_LOOP
-> Enable ANM Loop

[Play Character Voice Line: 2 parameters]
* Character Index: 0
* Voice Line ID: 60
-> Wait until End of Voice Line

[Store VFX Switches]

[Store Conditional Properties]
-> Scene Link: 2 parameters
* Condition: Win via K.O.
* Scene ID: 10033
-> Scene Link: 2 parameters
* Condition: Win via K.O. (Opp.)
* Scene ID: 10043
-> Scene Link: 2 parameters
* Condition: Wait 20 seconds
* Scene ID: 10006
-> Audio Link: 2 parameters
* Condition: Immediate
* Voice Line ID: 61
-> Audio Link: 2 parameters
* Condition: Immediate
* Voice Line ID: 62
-> Audio Link: 2 parameters
* Condition: Perform Dragon Homing
* Voice Line ID: 63
-> Audio Link: 2 parameters
* Condition: Perform Vanishing Attack
* Voice Line ID: 63
-> Audio Link: 2 parameters
* Condition: Go in MAX POWER Mode (Opp.)
* Voice Line ID: 13
-> Audio Link: 2 parameters
* Condition: Perform Ultimate Blast (Opp.)
* Voice Line ID: 13
-> Audio Link: 2 parameters
* Condition: Perform 1st Blast 2 (Opp.)
* Voice Line ID: 16
-> Audio Link: 2 parameters
* Condition: Perform Throw
* Voice Line ID: 35
-> Audio Link: 2 parameters
* Condition: Perform 2nd Blast 2 (Opp.)
* Voice Line ID: 16
-> Audio Link: 2 parameters
* Condition: Fall into ground/water
* Voice Line ID: 96

[Store Player's Character Changes]
-> Add Health: 1 parameter
* Health (%): 50

[Store Opponent's Character Changes]

[Post-Cutscene Event: 2 parameters]
* Event ID: Battle Finish
* Character ID: N/A

[Scene End & Battle Start]

===== SCENE 10006 =====

[Scene Start]

[Battle End: 1 parameter]
* Battle Outcome ID: -1

[Store Character Positions]

[Store VFX Switches]

[Store Conditional Properties]
-> Scene Link: 2 parameters
* Condition: Win via K.O.
* Scene ID: 10008
-> Scene Link: 2 parameters
* Condition: Win via K.O. (Opp.)
* Scene ID: 10044
-> Scene Link: 2 parameters
* Condition: Wait 120 seconds
* Scene ID: 10009
-> Audio Link: 2 parameters
* Condition: Immediate
* Voice Line ID: 64
-> Audio Link: 2 parameters
* Condition: Immediate
* Voice Line ID: 68
-> Audio Link: 2 parameters
* Condition: Perform Aerial Clash
* Voice Line ID: 68
-> Audio Link: 2 parameters
* Condition: Perform Sonic Sway (Opp.)
* Voice Line ID: 78
-> Audio Link: 2 parameters
* Condition: Go in MAX POWER Mode (Opp.)
* Voice Line ID: 13
-> Audio Link: 2 parameters
* Condition: Perform Ultimate Blast (Opp.)
* Voice Line ID: 13
-> Audio Link: 2 parameters
* Condition: Perform 1st Blast 2 (Opp.)
* Voice Line ID: 16
-> Audio Link: 2 parameters
* Condition: Perform 2nd Blast 2 (Opp.)
* Voice Line ID: 16
-> Audio Link: 2 parameters
* Condition: Fall into ground/water (Opp.)
* Voice Line ID: 105
-> Audio Link: 2 parameters
* Condition: Hit with Ultimate Blast (Opp.)
* Voice Line ID: 106
-> Audio Link: 2 parameters
* Condition: Hit with 1st Blast 2 (Opp.)
* Voice Line ID: 102
-> Audio Link: 2 parameters
* Condition: Perform Hyper Smash
* Voice Line ID: 108
-> Audio Link: 2 parameters
* Condition: UNKNOWN
* Voice Line ID: 108
-> Audio Link: 2 parameters
* Condition: Fall into ground/water
* Voice Line ID: 96
-> Audio Link: 2 parameters
* Condition: Perform Burst Meteo Finisher
* Voice Line ID: 112
-> Audio Link: 2 parameters
* Condition: Perform Aerial Clash
* Voice Line ID: 103
-> Audio Link: 2 parameters
* Condition: Hit with 2nd Blast 2 (Opp.)
* Voice Line ID: 102

[Store Player's Character Changes]
-> Add Health: 1 parameter
* Health (%): 70
-> Replace Z-Item #1: 1 parameter
* Z-Item #1: King Kai's Training
-> Replace Z-Item #2: 1 parameter
* Z-Item #2: Ultimate Warrior 1
-> Replace Z-Item #3: 1 parameter
* Z-Item #3: Defense +20
-> Replace Z-Item #4: 1 parameter
* Z-Item #4: Attack +30

[Store Opponent's Character Changes]
-> PROPERTY 108: 1 parameter
* Parameter 0: 7
-> Replace Z-Item #1: 1 parameter
* Z-Item #1: N/A
-> Replace Z-Item #2: 1 parameter
* Z-Item #2: Strength Enhancement
-> Replace Z-Item #3: 1 parameter
* Z-Item #3: N/A
-> Replace Z-Item #4: 1 parameter
* Z-Item #4: N/A
-> Replace Z-Item #5: 1 parameter
* Z-Item #5: N/A
-> Replace Z-Item #6: 1 parameter
* Z-Item #6: Dragon Crush
-> Replace Z-Item #7: 1 parameter
* Z-Item #7: Vanishing Rush

[Post-Cutscene Event: 2 parameters]
* Event ID: Assign Transformation
* Character ID: Goku (GT) - Super Saiyan 4

[Scene End & Battle Start]

===== SCENE 10008 =====

[Scene Start]

[Battle End: 1 parameter]
* Battle Outcome ID: -1

[Store Character Positions]

[Trigger Fade-Out: 1 parameter]
* Time (s): 1.2

[Assign Character Position & Rotation: 7 parameters]
* Character Index: 0
* Position (X): -20.0
* Position (Y): 0.0
* Position (Z): 0.0
* Rotation (X): 0.0
* Rotation (Y): 90.0
* Rotation (Z): 0.0

[Assign Character Position & Rotation: 7 parameters]
* Character Index: 0 (Opp.)
* Position (X): 53.0
* Position (Y): 0.0
* Position (Z): 0.0
* Rotation (X): 0.0
* Rotation (Y): -90.0
* Rotation (Z): 0.0

[Primary Camera Point: 6 parameters]
* Position (X): -44.045
* Position (Y): -17.02
* Position (Z): -21.137
* Rotation (Y): -13.201
* Rotation (X): 71.476
* Rotation (Z): 0.0

[Secondary Camera Point]
-> Additional Camera Point: 7 parameters
* Time (s): 6.0
* Position (X): 34.364
* Position (Y): -13.65
* Position (Z): -3.774
* Rotation (Y): 0.831
* Rotation (X): 77.153
* Rotation (Z): 0.0

[Assign Animation: 2 parameters]
* Character Index: 0 (Opp.)
* ANM Name: GROUND
-> Enable ANM Loop

[Play Character Voice Line: 2 parameters]
* Character Index: 0 (Opp.)
* Voice Line ID: 82
-> Wait until End of Voice Line

[Primary Camera Point: 6 parameters]
* Position (X): -9.603
* Position (Y): -1.368
* Position (Z): -2.416
* Rotation (Y): 41.724
* Rotation (X): -83.299
* Rotation (Z): 0.0

[Secondary Camera Point]
-> Additional Camera Point: 7 parameters
* Time (s): 3.0
* Position (X): -11.24
* Position (Y): -18.69
* Position (Z): 0.802
* Rotation (Y): -22.743
* Rotation (X): -93.243
* Rotation (Z): 0.0

[Assign Animation: 2 parameters]
* Character Index: 0
* ANM Name: INTRO_IN
-> Wait until End of ANM

[Assign Animation: 2 parameters]
* Character Index: 0
* ANM Name: INTRO_LOOP
-> Enable ANM Loop

[Play Character Voice Line: 2 parameters]
* Character Index: 0
* Voice Line ID: 138
-> Wait until End of Voice Line

[Music Change: 1 parameter]
* Music: Dragon Ball GT Song

[Store VFX Switches]

[Store Conditional Properties]
-> Scene Link: 2 parameters
* Condition: Win via K.O.
* Scene ID: 10035
-> Scene Link: 2 parameters
* Condition: Win via K.O. (Opp.)
* Scene ID: 10045
-> Audio Link: 2 parameters
* Condition: Immediate
* Voice Line ID: 137
-> Audio Link: 2 parameters
* Condition: Immediate
* Voice Line ID: 139
-> Audio Link: 2 parameters
* Condition: Immediate
* Voice Line ID: 140
-> Audio Link: 2 parameters
* Condition: Go in MAX POWER Mode (Opp.)
* Voice Line ID: 141
-> Audio Link: 2 parameters
* Condition: Fall into ground/water
* Voice Line ID: 142
-> Audio Link: 2 parameters
* Condition: Fall into ground/water (Opp.)
* Voice Line ID: 143
-> Audio Link: 2 parameters
* Condition: Perform Throw (Opp.)
* Voice Line ID: 144
-> Audio Link: 2 parameters
* Condition: Perform Teleport
* Voice Line ID: 145
-> Audio Link: 2 parameters
* Condition: Hit with Ultimate Blast
* Voice Line ID: 146
-> Audio Link: 2 parameters
* Condition: Perform Dragon Homing (Opp.)
* Voice Line ID: 147
-> Audio Link: 2 parameters
* Condition: Perform Vanishing Attack (Opp.)
* Voice Line ID: 147
-> Audio Link: 2 parameters
* Condition: Perform 1st Blast 2 (Opp.)
* Voice Line ID: 149
-> Audio Link: 2 parameters
* Condition: Perform 2nd Blast 2 (Opp.)
* Voice Line ID: 149
-> Audio Link: 2 parameters
* Condition: Hit with 1st Blast 2
* Voice Line ID: 105
-> Audio Link: 2 parameters
* Condition: Hit with Ultimate Blast (Opp.)
* Voice Line ID: 106
-> Audio Link: 2 parameters
* Condition: Fall into ground/water
* Voice Line ID: 96
-> Audio Link: 2 parameters
* Condition: Hit with 2nd Blast 2
* Voice Line ID: 105

[Store Player's Character Changes]
-> Add Health: 1 parameter
* Health (%): 50

[Store Opponent's Character Changes]
-> PROPERTY 108: 1 parameter
* Parameter 0: 6
-> Add Health: 1 parameter
* Health (%): 100
-> Replace Z-Item #1: 1 parameter
* Z-Item #1: N/A
-> Replace Z-Item #3: 1 parameter
* Z-Item #3: Defense -10
-> Replace Z-Item #4: 1 parameter
* Z-Item #4: N/A
-> Replace Z-Item #5: 1 parameter
* Z-Item #5: N/A
-> Replace Z-Item #6: 1 parameter
* Z-Item #6: N/A
-> Replace Z-Item #7: 1 parameter
* Z-Item #7: N/A

[Post-Cutscene Event: 2 parameters]
* Event ID: Assign Transformation (Opp.)
* Character ID: Baby Vegeta - Oozaru

[Scene End & Battle Start]

===== SCENE 10009 =====

[Scene Start]

[Battle End: 1 parameter]
* Battle Outcome ID: -1

[Store Character Positions]

[Store VFX Switches]

[Store Conditional Properties]
-> Scene Link: 2 parameters
* Condition: Immediate
* Scene ID: 10010

[Store Player's Character Changes]
-> Assign Properties to Character: 1 parameter
* Character Index: 2

[Store Opponent's Character Changes]

[Post-Cutscene Event: 2 parameters]
* Event ID: Switch with Teammate #3
* Character ID: Krillin (Teen)

[Scene End & Battle Start]

===== SCENE 10010 =====

[Scene Start]

[Battle End: 1 parameter]
* Battle Outcome ID: -1

[Store Character Positions]

[Trigger Fade-Out: 1 parameter]
* Time (s): 1.2

[Assign Character Position & Rotation: 7 parameters]
* Character Index: 2
* Position (X): -20.0
* Position (Y): 0.0
* Position (Z): 0.0
* Rotation (X): 0.0
* Rotation (Y): 90.0
* Rotation (Z): 0.0

[Assign Character Position & Rotation: 7 parameters]
* Character Index: 0 (Opp.)
* Position (X): 53.0
* Position (Y): 0.0
* Position (Z): 0.0
* Rotation (X): 0.0
* Rotation (Y): -90.0
* Rotation (Z): 0.0

[Primary Camera Point: 6 parameters]
* Position (X): 36.422
* Position (Y): -2.792
* Position (Z): -0.309
* Rotation (Y): 39.114
* Rotation (X): 89.148
* Rotation (Z): 0.0

[Secondary Camera Point]
-> Additional Camera Point: 7 parameters
* Time (s): 3.0
* Position (X): 42.146
* Position (Y): -11.241
* Position (Z): -0.224
* Rotation (Y): 20.816
* Rotation (X): 89.148
* Rotation (Z): 0.0

[Assign Animation: 2 parameters]
* Character Index: 0 (Opp.)
* ANM Name: INTRO_IN
-> Wait until End of ANM

[Assign Animation: 2 parameters]
* Character Index: 0 (Opp.)
* ANM Name: INTRO_LOOP
-> Enable ANM Loop

[Play Character Voice Line: 2 parameters]
* Character Index: 0 (Opp.)
* Voice Line ID: 114
-> Wait until End of Voice Line

[Primary Camera Point: 6 parameters]
* Position (X): -6.924
* Position (Y): -6.351
* Position (Z): 5.65
* Rotation (Y): 9.552
* Rotation (X): -114.14
* Rotation (Z): 0.0

[Secondary Camera Point]
-> Additional Camera Point: 7 parameters
* Time (s): 3.0
* Position (X): -9.818
* Position (Y): -7.571
* Position (Z): 4.353
* Rotation (Y): 9.552
* Rotation (X): -114.14
* Rotation (Z): 0.0

[Assign Animation: 2 parameters]
* Character Index: 2
* ANM Name: STAND_LOOP
-> Enable ANM Loop

[Play Character Voice Line: 2 parameters]
* Character Index: 2
* Voice Line ID: 115
-> Wait until End of Voice Line

[Primary Camera Point: 6 parameters]
* Position (X): 42.146
* Position (Y): -11.241
* Position (Z): -0.224
* Rotation (Y): 20.816
* Rotation (X): 89.148
* Rotation (Z): 0.0

[Assign Animation: 2 parameters]
* Character Index: 0 (Opp.)
* ANM Name: GROUND
-> Enable ANM Loop

[Play Character Voice Line: 2 parameters]
* Character Index: 0 (Opp.)
* Voice Line ID: 116
-> Wait until End of Voice Line

[Store VFX Switches]

[Store Conditional Properties]
-> Scene Link: 2 parameters
* Condition: Win via K.O.
* Scene ID: 10036
-> Scene Link: 2 parameters
* Condition: Win via K.O. (Opp.)
* Scene ID: 10046
-> Audio Link: 2 parameters
* Condition: Immediate
* Voice Line ID: 117
-> Audio Link: 2 parameters
* Condition: Immediate
* Voice Line ID: 118
-> Audio Link: 2 parameters
* Condition: Immediate
* Voice Line ID: 119
-> Audio Link: 2 parameters
* Condition: Immediate
* Voice Line ID: 120
-> Audio Link: 2 parameters
* Condition: Perform First Attack! (Opp.)
* Voice Line ID: 121
-> Audio Link: 2 parameters
* Condition: Fall into ground/water (Opp.)
* Voice Line ID: 122
-> Audio Link: 2 parameters
* Condition: Perform Ultimate Blast
* Voice Line ID: 123
-> Audio Link: 2 parameters
* Condition: Go in MAX POWER Mode (Opp.)
* Voice Line ID: 124
-> Audio Link: 2 parameters
* Condition: Perform Guard Crush (Opp.)
* Voice Line ID: 125
-> Audio Link: 2 parameters
* Condition: Perform Hyper Smash (Opp.)
* Voice Line ID: 126
-> Audio Link: 2 parameters
* Condition: Perform 1st Blast 2 (Opp.)
* Voice Line ID: 127
-> Audio Link: 2 parameters
* Condition: Fall into ground/water
* Voice Line ID: 128
-> Audio Link: 2 parameters
* Condition: Go in MAX POWER Mode
* Voice Line ID: 129
-> Audio Link: 2 parameters
* Condition: Block 1st Blast 2
* Voice Line ID: 130
-> Audio Link: 2 parameters
* Condition: Hit with Ultimate Blast (Opp.)
* Voice Line ID: 131
-> Audio Link: 2 parameters
* Condition: Perform Dragon Homing
* Voice Line ID: 132
-> Audio Link: 2 parameters
* Condition: Perform Dragon Smash (Opp.)
* Voice Line ID: 125
-> Audio Link: 2 parameters
* Condition: Perform 2nd Blast 2 (Opp.)
* Voice Line ID: 127
-> Audio Link: 2 parameters
* Condition: Perform Vanishing Attack
* Voice Line ID: 132
-> Audio Link: 2 parameters
* Condition: Block 2nd Blast 2
* Voice Line ID: 130

[Store Player's Character Changes]
-> Add Health: 1 parameter
* Health (%): 100

[Store Opponent's Character Changes]

[Post-Cutscene Event: 2 parameters]
* Event ID: Battle Finish
* Character ID: N/A

[Scene End & Battle Start]

===== SCENE 10030 =====

[Scene Start]

[Battle End: 1 parameter]
* Battle Outcome ID: 1

[Store Character Positions]

[Trigger Fade-Out: 1 parameter]
* Time (s): 1.2

[Assign Character Position & Rotation: 7 parameters]
* Character Index: 0
* Position (X): -22.0
* Position (Y): 0.0
* Position (Z): 0.0
* Rotation (X): 0.0
* Rotation (Y): 90.0
* Rotation (Z): 0.0

[Assign Character Position & Rotation: 7 parameters]
* Character Index: 0 (Opp.)
* Position (X): 55.0
* Position (Y): 0.0
* Position (Z): 0.0
* Rotation (X): 0.0
* Rotation (Y): -90.0
* Rotation (Z): 0.0

[Disable Lingering Aura: 1 parameter]
* Character Index: 0

[Disable Lingering Aura: 1 parameter]
* Character Index: 0 (Opp.)

[Primary Camera Point: 6 parameters]
* Position (X): -6.199
* Position (Y): -24.138
* Position (Z): 19.991
* Rotation (Y): -21.025
* Rotation (X): -145.75
* Rotation (Z): 0.0

[Secondary Camera Point]
-> Additional Camera Point: 7 parameters
* Time (s): 6.0
* Position (X): -6.853
* Position (Y): -10.924
* Position (Z): 1.974
* Rotation (Y): -17.569
* Rotation (X): -95.924
* Rotation (Z): 0.0

[Assign Animation: 2 parameters]
* Character Index: 0 (Opp.)
* ANM Name: LOSE

[Assign Animation: 2 parameters]
* Character Index: 0
* ANM Name: WIN_IN
-> Wait until End of ANM

[Assign Animation: 2 parameters]
* Character Index: 0
* ANM Name: WIN_LOOP
-> Enable ANM Loop

[Play Character Voice Line: 2 parameters]
* Character Index: 0
* Voice Line ID: 22
-> Wait until End of Voice Line

[Store VFX Switches]

[Store Conditional Properties]

[Store Player's Character Changes]

[Store Opponent's Character Changes]

[Post-Cutscene Event: 2 parameters]
* Event ID: Aerial Clash
* Character ID: N/A

[Scene End & Battle Start]

===== SCENE 10031 =====

[Scene Start]

[Battle End: 1 parameter]
* Battle Outcome ID: 1

[Store Character Positions]

[Trigger Fade-Out: 1 parameter]
* Time (s): 1.2

[Assign Character Position & Rotation: 7 parameters]
* Character Index: 0
* Position (X): -22.0
* Position (Y): 0.0
* Position (Z): 0.0
* Rotation (X): 0.0
* Rotation (Y): 90.0
* Rotation (Z): 0.0

[Assign Character Position & Rotation: 7 parameters]
* Character Index: 0 (Opp.)
* Position (X): 55.0
* Position (Y): 0.0
* Position (Z): 0.0
* Rotation (X): 0.0
* Rotation (Y): -90.0
* Rotation (Z): 0.0

[Disable Lingering Aura: 1 parameter]
* Character Index: 0

[Disable Lingering Aura: 1 parameter]
* Character Index: 0 (Opp.)

[Primary Camera Point: 6 parameters]
* Position (X): -6.199
* Position (Y): -24.138
* Position (Z): 19.991
* Rotation (Y): -21.025
* Rotation (X): -145.75
* Rotation (Z): 0.0

[Secondary Camera Point]
-> Additional Camera Point: 7 parameters
* Time (s): 6.0
* Position (X): -6.853
* Position (Y): -10.924
* Position (Z): 1.974
* Rotation (Y): -17.569
* Rotation (X): -95.924
* Rotation (Z): 0.0

[Assign Animation: 2 parameters]
* Character Index: 0 (Opp.)
* ANM Name: LOSE

[Assign Animation: 2 parameters]
* Character Index: 0
* ANM Name: WIN_IN
-> Wait until End of ANM

[Assign Animation: 2 parameters]
* Character Index: 0
* ANM Name: WIN_LOOP
-> Enable ANM Loop

[Play Character Voice Line: 2 parameters]
* Character Index: 0
* Voice Line ID: 22
-> Wait until End of Voice Line

[Store VFX Switches]

[Store Conditional Properties]

[Store Player's Character Changes]

[Store Opponent's Character Changes]

[Post-Cutscene Event: 2 parameters]
* Event ID: Aerial Clash
* Character ID: N/A

[Scene End & Battle Start]

===== SCENE 10032 =====

[Scene Start]

[Battle End: 1 parameter]
* Battle Outcome ID: 1

[Store Character Positions]

[Trigger Fade-Out: 1 parameter]
* Time (s): 1.2

[Assign Character Position & Rotation: 7 parameters]
* Character Index: 1
* Position (X): -22.0
* Position (Y): 0.0
* Position (Z): 0.0
* Rotation (X): 0.0
* Rotation (Y): 90.0
* Rotation (Z): 0.0

[Assign Character Position & Rotation: 7 parameters]
* Character Index: 0 (Opp.)
* Position (X): 55.0
* Position (Y): 0.0
* Position (Z): 0.0
* Rotation (X): 0.0
* Rotation (Y): -90.0
* Rotation (Z): 0.0

[Disable Lingering Aura: 1 parameter]
* Character Index: 1

[Disable Lingering Aura: 1 parameter]
* Character Index: 0 (Opp.)

[Primary Camera Point: 6 parameters]
* Position (X): -6.199
* Position (Y): -24.138
* Position (Z): 19.991
* Rotation (Y): -21.025
* Rotation (X): -145.75
* Rotation (Z): 0.0

[Secondary Camera Point]
-> Additional Camera Point: 7 parameters
* Time (s): 6.0
* Position (X): -11.948
* Position (Y): -17.715
* Position (Z): 2.059
* Rotation (Y): -12.724
* Rotation (X): -106.388
* Rotation (Z): 0.0

[Assign Animation: 2 parameters]
* Character Index: 0 (Opp.)
* ANM Name: LOSE

[Assign Animation: 2 parameters]
* Character Index: 1
* ANM Name: WIN_IN
-> Wait until End of ANM

[Assign Animation: 2 parameters]
* Character Index: 1
* ANM Name: WIN_LOOP
-> Enable ANM Loop

[Play Character Voice Line: 2 parameters]
* Character Index: 1
* Voice Line ID: 57
-> Wait until End of Voice Line

[Store VFX Switches]

[Store Conditional Properties]

[Store Player's Character Changes]

[Store Opponent's Character Changes]

[Post-Cutscene Event: 2 parameters]
* Event ID: Aerial Clash
* Character ID: N/A

[Scene End & Battle Start]

===== SCENE 10033 =====

[Scene Start]

[Battle End: 1 parameter]
* Battle Outcome ID: 1

[Store Character Positions]

[Trigger Fade-Out: 1 parameter]
* Time (s): 1.2

[Assign Character Position & Rotation: 7 parameters]
* Character Index: 0
* Position (X): -22.0
* Position (Y): 0.0
* Position (Z): 0.0
* Rotation (X): 0.0
* Rotation (Y): 90.0
* Rotation (Z): 0.0

[Assign Character Position & Rotation: 7 parameters]
* Character Index: 0 (Opp.)
* Position (X): 55.0
* Position (Y): 0.0
* Position (Z): 0.0
* Rotation (X): 0.0
* Rotation (Y): -90.0
* Rotation (Z): 0.0

[Disable Lingering Aura: 1 parameter]
* Character Index: 0

[Disable Lingering Aura: 1 parameter]
* Character Index: 0 (Opp.)

[Primary Camera Point: 6 parameters]
* Position (X): -6.199
* Position (Y): -24.138
* Position (Z): 19.991
* Rotation (Y): -21.025
* Rotation (X): -145.75
* Rotation (Z): 0.0

[Secondary Camera Point]
-> Additional Camera Point: 7 parameters
* Time (s): 6.0
* Position (X): -6.853
* Position (Y): -10.924
* Position (Z): 1.974
* Rotation (Y): -17.569
* Rotation (X): -95.924
* Rotation (Z): 0.0

[Assign Animation: 2 parameters]
* Character Index: 0 (Opp.)
* ANM Name: LOSE

[Assign Animation: 2 parameters]
* Character Index: 0
* ANM Name: WIN_IN
-> Wait until End of ANM

[Assign Animation: 2 parameters]
* Character Index: 0
* ANM Name: WIN_LOOP
-> Enable ANM Loop

[Play Character Voice Line: 2 parameters]
* Character Index: 0
* Voice Line ID: 22
-> Wait until End of Voice Line

[Store VFX Switches]

[Store Conditional Properties]

[Store Player's Character Changes]

[Store Opponent's Character Changes]

[Post-Cutscene Event: 2 parameters]
* Event ID: Aerial Clash
* Character ID: N/A

[Scene End & Battle Start]

===== SCENE 10034 =====

[Scene Start]

[Battle End: 1 parameter]
* Battle Outcome ID: 1

[Store Character Positions]

[Trigger Fade-Out: 1 parameter]
* Time (s): 1.2

[Assign Character Position & Rotation: 7 parameters]
* Character Index: 0
* Position (X): -22.0
* Position (Y): 0.0
* Position (Z): 0.0
* Rotation (X): 0.0
* Rotation (Y): 90.0
* Rotation (Z): 0.0

[Assign Character Position & Rotation: 7 parameters]
* Character Index: 0 (Opp.)
* Position (X): 55.0
* Position (Y): 0.0
* Position (Z): 0.0
* Rotation (X): 0.0
* Rotation (Y): -90.0
* Rotation (Z): 0.0

[Disable Lingering Aura: 1 parameter]
* Character Index: 0

[Disable Lingering Aura: 1 parameter]
* Character Index: 0 (Opp.)

[Primary Camera Point: 6 parameters]
* Position (X): -6.199
* Position (Y): -24.138
* Position (Z): 19.991
* Rotation (Y): -21.025
* Rotation (X): -145.75
* Rotation (Z): 0.0

[Secondary Camera Point]
-> Additional Camera Point: 7 parameters
* Time (s): 6.0
* Position (X): -6.853
* Position (Y): -10.924
* Position (Z): 1.974
* Rotation (Y): -17.569
* Rotation (X): -95.924
* Rotation (Z): 0.0

[Assign Animation: 2 parameters]
* Character Index: 0 (Opp.)
* ANM Name: LOSE

[Assign Animation: 2 parameters]
* Character Index: 0
* ANM Name: WIN_IN
-> Wait until End of ANM

[Assign Animation: 2 parameters]
* Character Index: 0
* ANM Name: WIN_LOOP
-> Enable ANM Loop

[Play Character Voice Line: 2 parameters]
* Character Index: 0
* Voice Line ID: 22
-> Wait until End of Voice Line

[Store VFX Switches]

[Store Conditional Properties]

[Store Player's Character Changes]

[Store Opponent's Character Changes]

[Post-Cutscene Event: 2 parameters]
* Event ID: Aerial Clash
* Character ID: N/A

[Scene End & Battle Start]

===== SCENE 10035 =====

[Scene Start]

[Battle End: 1 parameter]
* Battle Outcome ID: 1

[Store Character Positions]

[Trigger Fade-Out: 1 parameter]
* Time (s): 1.2

[Assign Character Position & Rotation: 7 parameters]
* Character Index: 0
* Position (X): -22.0
* Position (Y): 0.0
* Position (Z): 0.0
* Rotation (X): 0.0
* Rotation (Y): 90.0
* Rotation (Z): 0.0

[Assign Character Position & Rotation: 7 parameters]
* Character Index: 0 (Opp.)
* Position (X): 55.0
* Position (Y): 0.0
* Position (Z): 0.0
* Rotation (X): 0.0
* Rotation (Y): -90.0
* Rotation (Z): 0.0

[Disable Lingering Aura: 1 parameter]
* Character Index: 0

[Disable Lingering Aura: 1 parameter]
* Character Index: 0 (Opp.)

[Primary Camera Point: 6 parameters]
* Position (X): 94.914
* Position (Y): -36.564
* Position (Z): 1.187
* Rotation (Y): -22.743
* Rotation (X): -90.323
* Rotation (Z): 0.0

[Assign Animation: 2 parameters]
* Character Index: 0 (Opp.)
* ANM Name: LOSE
-> Wait until End of ANM

[Primary Camera Point: 6 parameters]
* Position (X): -6.199
* Position (Y): -24.138
* Position (Z): 19.991
* Rotation (Y): -21.025
* Rotation (X): -145.75
* Rotation (Z): 0.0

[Secondary Camera Point]
-> Additional Camera Point: 7 parameters
* Time (s): 6.0
* Position (X): -11.948
* Position (Y): -17.715
* Position (Z): 2.059
* Rotation (Y): -12.724
* Rotation (X): -106.388
* Rotation (Z): 0.0

[Assign Animation: 2 parameters]
* Character Index: 0
* ANM Name: WIN_IN
-> Wait until End of ANM

[Assign Animation: 2 parameters]
* Character Index: 0
* ANM Name: WIN_LOOP
-> Enable ANM Loop

[Play Character Voice Line: 2 parameters]
* Character Index: 0
* Voice Line ID: 150
-> Wait until End of Voice Line

[Store VFX Switches]

[Store Conditional Properties]

[Store Player's Character Changes]

[Store Opponent's Character Changes]

[Post-Cutscene Event: 2 parameters]
* Event ID: Aerial Clash
* Character ID: N/A

[Scene End & Battle Start]

===== SCENE 10036 =====

[Scene Start]

[Battle End: 1 parameter]
* Battle Outcome ID: 1

[Store Character Positions]

[Trigger Fade-Out: 1 parameter]
* Time (s): 1.2

[Assign Character Position & Rotation: 7 parameters]
* Character Index: 2
* Position (X): -9.0
* Position (Y): 0.0
* Position (Z): 0.0
* Rotation (X): 0.0
* Rotation (Y): 90.0
* Rotation (Z): 0.0

[Assign Character Position & Rotation: 7 parameters]
* Character Index: 0 (Opp.)
* Position (X): 42.0
* Position (Y): 0.0
* Position (Z): 0.0
* Rotation (X): 0.0
* Rotation (Y): -90.0
* Rotation (Z): 0.0

[Disable Lingering Aura: 1 parameter]
* Character Index: 2

[Disable Lingering Aura: 1 parameter]
* Character Index: 0 (Opp.)

[Primary Camera Point: 6 parameters]
* Position (X): -14.29
* Position (Y): -4.579
* Position (Z): -8.16
* Rotation (Y): 3.078
* Rotation (X): 61.675
* Rotation (Z): 0.0

[Assign Animation: 2 parameters]
* Character Index: 0 (Opp.)
* ANM Name: LOSE

[Play Character Voice Line: 2 parameters]
* Character Index: 0 (Opp.)
* Voice Line ID: 133
-> Wait until End of Voice Line

[Primary Camera Point: 6 parameters]
* Position (X): 1.795
* Position (Y): -17.278
* Position (Z): 11.035
* Rotation (Y): -31.447
* Rotation (X): -133.794
* Rotation (Z): 0.0

[Secondary Camera Point]
-> Additional Camera Point: 7 parameters
* Time (s): 6.0
* Position (X): 0.102
* Position (Y): -7.614
* Position (Z): -5.187
* Rotation (Y): 1.535
* Rotation (X): -58.069
* Rotation (Z): 0.0

[Assign Animation: 2 parameters]
* Character Index: 2
* ANM Name: WIN_IN
-> Wait until End of ANM

[Assign Animation: 2 parameters]
* Character Index: 2
* ANM Name: WIN_LOOP
-> Enable ANM Loop

[Play Character Voice Line: 2 parameters]
* Character Index: 2
* Voice Line ID: 134
-> Wait until End of Voice Line

[Play Character Voice Line: 2 parameters]
* Character Index: 0
* Voice Line ID: 135
-> Wait until End of Voice Line

[Store VFX Switches]

[Store Conditional Properties]

[Store Player's Character Changes]

[Store Opponent's Character Changes]

[Post-Cutscene Event: 2 parameters]
* Event ID: Aerial Clash
* Character ID: N/A

[Scene End & Battle Start]

===== SCENE 10040 =====

[Scene Start]

[Battle End: 1 parameter]
* Battle Outcome ID: 0

[Store Character Positions]

[Assign Character Position & Rotation: 7 parameters]
* Character Index: 0
* Position (X): 45.0
* Position (Y): 0.0
* Position (Z): 0.0
* Rotation (X): 0.0
* Rotation (Y): -90.0
* Rotation (Z): 0.0

[Assign Character Position & Rotation: 7 parameters]
* Character Index: 0 (Opp.)
* Position (X): -12.0
* Position (Y): 0.0
* Position (Z): 0.0
* Rotation (X): 0.0
* Rotation (Y): 90.0
* Rotation (Z): 0.0

[Disable Lingering Aura: 1 parameter]
* Character Index: 0

[Disable Lingering Aura: 1 parameter]
* Character Index: 0 (Opp.)

[Primary Camera Point: 6 parameters]
* Position (X): 55.709
* Position (Y): -13.844
* Position (Z): -24.393
* Rotation (Y): -14.436
* Rotation (X): -52.816
* Rotation (Z): 0.0

[Secondary Camera Point]
-> Additional Camera Point: 7 parameters
* Time (s): 6.0
* Position (X): 0.987
* Position (Y): -14.099
* Position (Z): 0.47
* Rotation (Y): 2.58
* Rotation (X): -88.173
* Rotation (Z): 0.0

[Assign Animation: 2 parameters]
* Character Index: 0
* ANM Name: LOSE

[Assign Animation: 2 parameters]
* Character Index: 0 (Opp.)
* ANM Name: WIN_IN
-> Wait until End of ANM

[Assign Animation: 2 parameters]
* Character Index: 0 (Opp.)
* ANM Name: WIN_LOOP
-> Enable ANM Loop

[Play Character Voice Line: 2 parameters]
* Character Index: 0 (Opp.)
* Voice Line ID: 21
-> Wait until End of Voice Line

[Store VFX Switches]

[Store Conditional Properties]

[Store Player's Character Changes]

[Store Opponent's Character Changes]

[Post-Cutscene Event: 2 parameters]
* Event ID: Aerial Clash
* Character ID: N/A

[Scene End & Battle Start]

===== SCENE 10041 =====

[Scene Start]

[Battle End: 1 parameter]
* Battle Outcome ID: 0

[Store Character Positions]

[Assign Character Position & Rotation: 7 parameters]
* Character Index: 0
* Position (X): 45.0
* Position (Y): 0.0
* Position (Z): 0.0
* Rotation (X): 0.0
* Rotation (Y): -90.0
* Rotation (Z): 0.0

[Assign Character Position & Rotation: 7 parameters]
* Character Index: 0 (Opp.)
* Position (X): -12.0
* Position (Y): 0.0
* Position (Z): 0.0
* Rotation (X): 0.0
* Rotation (Y): 90.0
* Rotation (Z): 0.0

[Disable Lingering Aura: 1 parameter]
* Character Index: 0

[Disable Lingering Aura: 1 parameter]
* Character Index: 0 (Opp.)

[Primary Camera Point: 6 parameters]
* Position (X): 55.709
* Position (Y): -13.844
* Position (Z): -24.393
* Rotation (Y): -14.436
* Rotation (X): -52.816
* Rotation (Z): 0.0

[Secondary Camera Point]
-> Additional Camera Point: 7 parameters
* Time (s): 6.0
* Position (X): 0.987
* Position (Y): -14.099
* Position (Z): 0.47
* Rotation (Y): 2.58
* Rotation (X): -88.173
* Rotation (Z): 0.0

[Assign Animation: 2 parameters]
* Character Index: 0
* ANM Name: LOSE

[Assign Animation: 2 parameters]
* Character Index: 0 (Opp.)
* ANM Name: WIN_IN
-> Wait until End of ANM

[Assign Animation: 2 parameters]
* Character Index: 0 (Opp.)
* ANM Name: WIN_LOOP
-> Enable ANM Loop

[Play Character Voice Line: 2 parameters]
* Character Index: 0 (Opp.)
* Voice Line ID: 21
-> Wait until End of Voice Line

[Store VFX Switches]

[Store Conditional Properties]

[Store Player's Character Changes]

[Store Opponent's Character Changes]

[Post-Cutscene Event: 2 parameters]
* Event ID: Aerial Clash
* Character ID: N/A

[Scene End & Battle Start]

===== SCENE 10042 =====

[Scene Start]

[Battle End: 1 parameter]
* Battle Outcome ID: 0

[Store Character Positions]

[Assign Character Position & Rotation: 7 parameters]
* Character Index: 1
* Position (X): 45.0
* Position (Y): 0.0
* Position (Z): 0.0
* Rotation (X): 0.0
* Rotation (Y): -90.0
* Rotation (Z): 0.0

[Assign Character Position & Rotation: 7 parameters]
* Character Index: 0 (Opp.)
* Position (X): -12.0
* Position (Y): 0.0
* Position (Z): 0.0
* Rotation (X): 0.0
* Rotation (Y): 90.0
* Rotation (Z): 0.0

[Disable Lingering Aura: 1 parameter]
* Character Index: 1

[Disable Lingering Aura: 1 parameter]
* Character Index: 0 (Opp.)

[Primary Camera Point: 6 parameters]
* Position (X): 55.709
* Position (Y): -13.844
* Position (Z): -24.393
* Rotation (Y): -14.436
* Rotation (X): -52.816
* Rotation (Z): 0.0

[Secondary Camera Point]
-> Additional Camera Point: 7 parameters
* Time (s): 6.0
* Position (X): 0.987
* Position (Y): -14.099
* Position (Z): 0.47
* Rotation (Y): 2.58
* Rotation (X): -88.173
* Rotation (Z): 0.0

[Assign Animation: 2 parameters]
* Character Index: 1
* ANM Name: LOSE

[Assign Animation: 2 parameters]
* Character Index: 0 (Opp.)
* ANM Name: WIN_IN
-> Wait until End of ANM

[Assign Animation: 2 parameters]
* Character Index: 0 (Opp.)
* ANM Name: WIN_LOOP
-> Enable ANM Loop

[Play Character Voice Line: 2 parameters]
* Character Index: 0 (Opp.)
* Voice Line ID: 21
-> Wait until End of Voice Line

[Store VFX Switches]

[Store Conditional Properties]

[Store Player's Character Changes]

[Store Opponent's Character Changes]

[Post-Cutscene Event: 2 parameters]
* Event ID: Aerial Clash
* Character ID: N/A

[Scene End & Battle Start]

===== SCENE 10043 =====

[Scene Start]

[Battle End: 1 parameter]
* Battle Outcome ID: 0

[Store Character Positions]

[Assign Character Position & Rotation: 7 parameters]
* Character Index: 0
* Position (X): 45.0
* Position (Y): 0.0
* Position (Z): 0.0
* Rotation (X): 0.0
* Rotation (Y): -90.0
* Rotation (Z): 0.0

[Assign Character Position & Rotation: 7 parameters]
* Character Index: 0 (Opp.)
* Position (X): -12.0
* Position (Y): 0.0
* Position (Z): 0.0
* Rotation (X): 0.0
* Rotation (Y): 90.0
* Rotation (Z): 0.0

[Disable Lingering Aura: 1 parameter]
* Character Index: 0

[Disable Lingering Aura: 1 parameter]
* Character Index: 0 (Opp.)

[Primary Camera Point: 6 parameters]
* Position (X): 55.709
* Position (Y): -13.844
* Position (Z): -24.393
* Rotation (Y): -14.436
* Rotation (X): -52.816
* Rotation (Z): 0.0

[Secondary Camera Point]
-> Additional Camera Point: 7 parameters
* Time (s): 6.0
* Position (X): 0.987
* Position (Y): -14.099
* Position (Z): 0.47
* Rotation (Y): 2.58
* Rotation (X): -88.173
* Rotation (Z): 0.0

[Assign Animation: 2 parameters]
* Character Index: 0
* ANM Name: LOSE

[Assign Animation: 2 parameters]
* Character Index: 0 (Opp.)
* ANM Name: WIN_IN
-> Wait until End of ANM

[Assign Animation: 2 parameters]
* Character Index: 0 (Opp.)
* ANM Name: WIN_LOOP
-> Enable ANM Loop

[Play Character Voice Line: 2 parameters]
* Character Index: 0 (Opp.)
* Voice Line ID: 21
-> Wait until End of Voice Line

[Store VFX Switches]

[Store Conditional Properties]

[Store Player's Character Changes]

[Store Opponent's Character Changes]

[Post-Cutscene Event: 2 parameters]
* Event ID: Aerial Clash
* Character ID: N/A

[Scene End & Battle Start]

===== SCENE 10044 =====

[Scene Start]

[Battle End: 1 parameter]
* Battle Outcome ID: 0

[Store Character Positions]

[Assign Character Position & Rotation: 7 parameters]
* Character Index: 0
* Position (X): 45.0
* Position (Y): 0.0
* Position (Z): 0.0
* Rotation (X): 0.0
* Rotation (Y): -90.0
* Rotation (Z): 0.0

[Assign Character Position & Rotation: 7 parameters]
* Character Index: 0 (Opp.)
* Position (X): -12.0
* Position (Y): 0.0
* Position (Z): 0.0
* Rotation (X): 0.0
* Rotation (Y): 90.0
* Rotation (Z): 0.0

[Disable Lingering Aura: 1 parameter]
* Character Index: 0

[Disable Lingering Aura: 1 parameter]
* Character Index: 0 (Opp.)

[Primary Camera Point: 6 parameters]
* Position (X): 55.709
* Position (Y): -13.844
* Position (Z): -24.393
* Rotation (Y): -14.436
* Rotation (X): -52.816
* Rotation (Z): 0.0

[Secondary Camera Point]
-> Additional Camera Point: 7 parameters
* Time (s): 6.0
* Position (X): 0.987
* Position (Y): -14.099
* Position (Z): 0.47
* Rotation (Y): 2.58
* Rotation (X): -88.173
* Rotation (Z): 0.0

[Assign Animation: 2 parameters]
* Character Index: 0
* ANM Name: LOSE

[Assign Animation: 2 parameters]
* Character Index: 0 (Opp.)
* ANM Name: WIN_IN
-> Wait until End of ANM

[Assign Animation: 2 parameters]
* Character Index: 0 (Opp.)
* ANM Name: WIN_LOOP
-> Enable ANM Loop

[Play Character Voice Line: 2 parameters]
* Character Index: 0 (Opp.)
* Voice Line ID: 21
-> Wait until End of Voice Line

[Store VFX Switches]

[Store Conditional Properties]

[Store Player's Character Changes]

[Store Opponent's Character Changes]

[Post-Cutscene Event: 2 parameters]
* Event ID: Aerial Clash
* Character ID: N/A

[Scene End & Battle Start]

===== SCENE 10045 =====

[Scene Start]

[Battle End: 1 parameter]
* Battle Outcome ID: 0

[Store Character Positions]

[Assign Character Position & Rotation: 7 parameters]
* Character Index: 0
* Position (X): 45.0
* Position (Y): 0.0
* Position (Z): 0.0
* Rotation (X): 0.0
* Rotation (Y): -90.0
* Rotation (Z): 0.0

[Assign Character Position & Rotation: 7 parameters]
* Character Index: 0 (Opp.)
* Position (X): -12.0
* Position (Y): 0.0
* Position (Z): 0.0
* Rotation (X): 0.0
* Rotation (Y): 90.0
* Rotation (Z): 0.0

[Disable Lingering Aura: 1 parameter]
* Character Index: 0

[Disable Lingering Aura: 1 parameter]
* Character Index: 0 (Opp.)

[Primary Camera Point: 6 parameters]
* Position (X): 55.709
* Position (Y): -13.844
* Position (Z): -24.393
* Rotation (Y): -14.436
* Rotation (X): -52.816
* Rotation (Z): 0.0

[Secondary Camera Point]
-> Additional Camera Point: 7 parameters
* Time (s): 6.0
* Position (X): 21.241
* Position (Y): -15.133
* Position (Z): 5.959
* Rotation (Y): 37.945
* Rotation (X): -86.305
* Rotation (Z): 0.0

[Assign Animation: 2 parameters]
* Character Index: 0
* ANM Name: LOSE

[Assign Animation: 2 parameters]
* Character Index: 0 (Opp.)
* ANM Name: WIN_IN
-> Wait until End of ANM

[Assign Animation: 2 parameters]
* Character Index: 0 (Opp.)
* ANM Name: WIN_LOOP
-> Enable ANM Loop

[Play Character Voice Line: 2 parameters]
* Character Index: 0 (Opp.)
* Voice Line ID: 151
-> Wait until End of Voice Line

[Store VFX Switches]

[Store Conditional Properties]

[Store Player's Character Changes]

[Store Opponent's Character Changes]

[Post-Cutscene Event: 2 parameters]
* Event ID: Aerial Clash
* Character ID: N/A

[Scene End & Battle Start]

===== SCENE 10046 =====

[Scene Start]

[Battle End: 1 parameter]
* Battle Outcome ID: 0

[Store Character Positions]

[Assign Character Position & Rotation: 7 parameters]
* Character Index: 2
* Position (X): 45.0
* Position (Y): 0.0
* Position (Z): 0.0
* Rotation (X): 0.0
* Rotation (Y): -90.0
* Rotation (Z): 0.0

[Assign Character Position & Rotation: 7 parameters]
* Character Index: 0 (Opp.)
* Position (X): -12.0
* Position (Y): 0.0
* Position (Z): 0.0
* Rotation (X): 0.0
* Rotation (Y): 90.0
* Rotation (Z): 0.0

[Disable Lingering Aura: 1 parameter]
* Character Index: 2

[Disable Lingering Aura: 1 parameter]
* Character Index: 0 (Opp.)

[Primary Camera Point: 6 parameters]
* Position (X): 55.709
* Position (Y): -13.844
* Position (Z): -24.393
* Rotation (Y): -14.436
* Rotation (X): -52.816
* Rotation (Z): 0.0

[Secondary Camera Point]
-> Additional Camera Point: 7 parameters
* Time (s): 6.0
* Position (X): 0.987
* Position (Y): -14.099
* Position (Z): 0.47
* Rotation (Y): 2.58
* Rotation (X): -88.173
* Rotation (Z): 0.0

[Assign Animation: 2 parameters]
* Character Index: 2
* ANM Name: LOSE

[Assign Animation: 2 parameters]
* Character Index: 0 (Opp.)
* ANM Name: WIN_IN
-> Wait until End of ANM

[Assign Animation: 2 parameters]
* Character Index: 0 (Opp.)
* ANM Name: WIN_LOOP
-> Enable ANM Loop

[Play Character Voice Line: 2 parameters]
* Character Index: 0 (Opp.)
* Voice Line ID: 136
-> Wait until End of Voice Line

[Store VFX Switches]

[Store Conditional Properties]

[Store Player's Character Changes]

[Store Opponent's Character Changes]

[Post-Cutscene Event: 2 parameters]
* Event ID: Aerial Clash
* Character ID: N/A

[Scene End & Battle Start]

===== SCENE 10047 =====

[Scene Start]

[Battle End: 1 parameter]
* Battle Outcome ID: 0

[Store Character Positions]

[Assign Character Position & Rotation: 7 parameters]
* Character Index: 0
* Position (X): 45.0
* Position (Y): 0.0
* Position (Z): 0.0
* Rotation (X): 0.0
* Rotation (Y): -90.0
* Rotation (Z): 0.0

[Assign Character Position & Rotation: 7 parameters]
* Character Index: 0 (Opp.)
* Position (X): -12.0
* Position (Y): 0.0
* Position (Z): 0.0
* Rotation (X): 0.0
* Rotation (Y): 90.0
* Rotation (Z): 0.0

[Disable Lingering Aura: 1 parameter]
* Character Index: 0

[Disable Lingering Aura: 1 parameter]
* Character Index: 0 (Opp.)

[Primary Camera Point: 6 parameters]
* Position (X): 55.709
* Position (Y): -13.844
* Position (Z): -24.393
* Rotation (Y): -14.436
* Rotation (X): -52.816
* Rotation (Z): 0.0

[Secondary Camera Point]
-> Additional Camera Point: 7 parameters
* Time (s): 6.0
* Position (X): 0.987
* Position (Y): -14.099
* Position (Z): 0.47
* Rotation (Y): 2.58
* Rotation (X): -88.173
* Rotation (Z): 0.0

[Assign Animation: 2 parameters]
* Character Index: 0
* ANM Name: LOSE

[Assign Animation: 2 parameters]
* Character Index: 0 (Opp.)
* ANM Name: WIN_IN
-> Wait until End of ANM

[Assign Animation: 2 parameters]
* Character Index: 0 (Opp.)
* ANM Name: WIN_LOOP
-> Enable ANM Loop

[Play Character Voice Line: 2 parameters]
* Character Index: 0 (Opp.)
* Voice Line ID: 113
-> Wait until End of Voice Line

[Store VFX Switches]

[Store Conditional Properties]

[Store Player's Character Changes]

[Store Opponent's Character Changes]

[Post-Cutscene Event: 2 parameters]
* Event ID: Aerial Clash
* Character ID: N/A

[Scene End & Battle Start]
