GSC Origin: Budokai Tenkaichi 3

===== SCENE -1 =====

===== SCENE 1000 =====

===== SCENE -2 =====

[Load TXT PAK]

[Load LPS PAK]

===== SCENE -3 =====

[Scenario Identifier: 1 parameter]
* GSC Name: Enemigo comun

[Rewards: 15 parameters]
* Z-Points (Easy): 500
* Z-Points (Normal): 1000
* Z-Points (Hard): 1500
* Z-Item #1: N/A
* Z-Item #2: N/A
* Z-Item #3: N/A
* Map #1: N/A
* Map #2: N/A
* Map #3: N/A
* Character #1: N/A
* Character #2: N/A
* Character #3: N/A
* Scenario #1: Ataque Saibamen!
* Scenario #2: N/A
* Scenario #3: N/A

[Subtitle Settings]
-> Text Region: 1 parameter
* Region ID: 0
-> Text is Grey: 1 parameter
* Enable Grey Text: False
-> Text Position: 2 parameters
* Position (X): 256
* Position (Y): 428
-> Text Size: 2 parameters
* Width: 0.85
* Height: 0.85
-> Text Scale: 1 parameter
* Coefficient: 1.0
-> Text Color: 4 parameters
* Red: 255
* Green: 255
* Blue: 255
* Opacity: 128
-> Text Padding: 2 parameters
* Padding (Vertical): 2
* Padding (Horizontal): 5
-> Text Alignment: 1 parameter
* Alignment ID: 1
-> Symbol: 1 parameter
* Type: 2
-> Text Outline Size: 2 parameters
* Width: 1
* Height: 2
-> Text Outline Color: 4 parameters
* Red: 0
* Green: 0
* Blue: 0
* Opacity: 64

[Subtitle Settings]
-> Text Region: 1 parameter
* Region ID: 1
-> Text is Grey: 1 parameter
* Enable Grey Text: False
-> Text Position: 2 parameters
* Position (X): 256
* Position (Y): 428
-> Text Size: 2 parameters
* Width: 0.85
* Height: 0.85
-> Text Scale: 1 parameter
* Coefficient: 1.0
-> Text Color: 4 parameters
* Red: 255
* Green: 255
* Blue: 255
* Opacity: 128
-> Text Padding: 2 parameters
* Padding (Vertical): 2
* Padding (Horizontal): 5
-> Text Alignment: 1 parameter
* Alignment ID: 1
-> Symbol: 1 parameter
* Type: 2
-> Text Outline Size: 2 parameters
* Width: 1
* Height: 2
-> Text Outline Color: 4 parameters
* Red: 0
* Green: 0
* Blue: 0
* Opacity: 64

[Subtitle Settings]
-> Text Region: 1 parameter
* Region ID: 2
-> Text is Grey: 1 parameter
* Enable Grey Text: False
-> Text Position: 2 parameters
* Position (X): 256
* Position (Y): 428
-> Text Size: 2 parameters
* Width: 0.85
* Height: 0.85
-> Text Scale: 1 parameter
* Coefficient: 1.0
-> Text Color: 4 parameters
* Red: 255
* Green: 255
* Blue: 255
* Opacity: 128
-> Text Padding: 2 parameters
* Padding (Vertical): 2
* Padding (Horizontal): 5
-> Text Alignment: 1 parameter
* Alignment ID: 1
-> Symbol: 1 parameter
* Type: 2
-> Text Outline Size: 2 parameters
* Width: 1
* Height: 2
-> Text Outline Color: 4 parameters
* Red: 0
* Green: 0
* Blue: 0
* Opacity: 64

[Subtitle Settings]
-> Text Region: 1 parameter
* Region ID: 3
-> Text is Grey: 1 parameter
* Enable Grey Text: False
-> Text Position: 2 parameters
* Position (X): 256
* Position (Y): 428
-> Text Size: 2 parameters
* Width: 0.85
* Height: 0.85
-> Text Scale: 1 parameter
* Coefficient: 1.0
-> Text Color: 4 parameters
* Red: 255
* Green: 255
* Blue: 255
* Opacity: 128
-> Text Padding: 2 parameters
* Padding (Vertical): 2
* Padding (Horizontal): 5
-> Text Alignment: 1 parameter
* Alignment ID: 1
-> Symbol: 1 parameter
* Type: 2
-> Text Outline Size: 2 parameters
* Width: 2
* Height: 2
-> Text Outline Color: 4 parameters
* Red: 32
* Green: 32
* Blue: 32
* Opacity: 128

[Subtitle Settings]
-> Text Region: 1 parameter
* Region ID: 0
-> Text is Grey: 1 parameter
* Enable Grey Text: True
-> Text Position: 2 parameters
* Position (X): 256
* Position (Y): 428
-> Text Size: 2 parameters
* Width: 0.85
* Height: 0.85
-> Text Scale: 1 parameter
* Coefficient: 1.0
-> Text Color: 4 parameters
* Red: 140
* Green: 140
* Blue: 140
* Opacity: 128
-> Text Padding: 2 parameters
* Padding (Vertical): 2
* Padding (Horizontal): 5
-> Text Alignment: 1 parameter
* Alignment ID: 1
-> Symbol: 1 parameter
* Type: 2
-> Text Outline Size: 2 parameters
* Width: 1
* Height: 2
-> Text Outline Color: 4 parameters
* Red: 0
* Green: 0
* Blue: 0
* Opacity: 64

[Subtitle Settings]
-> Text Region: 1 parameter
* Region ID: 1
-> Text is Grey: 1 parameter
* Enable Grey Text: True
-> Text Position: 2 parameters
* Position (X): 256
* Position (Y): 428
-> Text Size: 2 parameters
* Width: 0.85
* Height: 0.85
-> Text Scale: 1 parameter
* Coefficient: 1.0
-> Text Color: 4 parameters
* Red: 140
* Green: 140
* Blue: 140
* Opacity: 128
-> Text Padding: 2 parameters
* Padding (Vertical): 2
* Padding (Horizontal): 5
-> Text Alignment: 1 parameter
* Alignment ID: 1
-> Symbol: 1 parameter
* Type: 2
-> Text Outline Size: 2 parameters
* Width: 1
* Height: 2
-> Text Outline Color: 4 parameters
* Red: 0
* Green: 0
* Blue: 0
* Opacity: 64

[Subtitle Settings]
-> Text Region: 1 parameter
* Region ID: 2
-> Text is Grey: 1 parameter
* Enable Grey Text: True
-> Text Position: 2 parameters
* Position (X): 256
* Position (Y): 428
-> Text Size: 2 parameters
* Width: 0.85
* Height: 0.85
-> Text Scale: 1 parameter
* Coefficient: 1.0
-> Text Color: 4 parameters
* Red: 140
* Green: 140
* Blue: 140
* Opacity: 128
-> Text Padding: 2 parameters
* Padding (Vertical): 2
* Padding (Horizontal): 5
-> Text Alignment: 1 parameter
* Alignment ID: 1
-> Symbol: 1 parameter
* Type: 2
-> Text Outline Size: 2 parameters
* Width: 1
* Height: 2
-> Text Outline Color: 4 parameters
* Red: 0
* Green: 0
* Blue: 0
* Opacity: 64

[Subtitle Settings]
-> Text Region: 1 parameter
* Region ID: 3
-> Text is Grey: 1 parameter
* Enable Grey Text: True
-> Text Position: 2 parameters
* Position (X): 256
* Position (Y): 428
-> Text Size: 2 parameters
* Width: 0.85
* Height: 0.85
-> Text Scale: 1 parameter
* Coefficient: 1.0
-> Text Color: 4 parameters
* Red: 140
* Green: 140
* Blue: 140
* Opacity: 128
-> Text Padding: 2 parameters
* Padding (Vertical): 2
* Padding (Horizontal): 5
-> Text Alignment: 1 parameter
* Alignment ID: 1
-> Symbol: 1 parameter
* Type: 2
-> Text Outline Size: 2 parameters
* Width: 2
* Height: 2
-> Text Outline Color: 4 parameters
* Red: 32
* Green: 32
* Blue: 32
* Opacity: 128

===== SCENE -4 =====

[Battle Settings: 5 parameters]
* Map: YERMO DE ESPINACA - DIA
* Music: Mverse - Rugal Bernstein
* Battle Time (s): 0
* Referee: Shenron
* Enable Map Destruction: False

[Team Settings: 2 parameters]
* Team Index: 0
* Number of Teammates: 4

[Team Settings: 2 parameters]
* Team Index: 1
* Number of Teammates: 2

[Character Settings: 14 parameters]
* Character Index: 0
* Character: Goku Joven - Saga Piccoro Jr.
* Color: 6
* Damaged: False
* COM Level: 0
* Z-Item #8: Goku Type
* Health (%): 100
* Z-Item #1: N/A
* Z-Item #2: N/A
* Z-Item #3: N/A
* Z-Item #4: N/A
* Z-Item #5: N/A
* Z-Item #6: N/A
* Z-Item #7: N/A

[Character Settings: 14 parameters]
* Character Index: 1
* Character: Piccolo (inicio)
* Color: 0
* Damaged: False
* COM Level: 0
* Z-Item #8: Goku Type
* Health (%): 100
* Z-Item #1: N/A
* Z-Item #2: N/A
* Z-Item #3: N/A
* Z-Item #4: N/A
* Z-Item #5: N/A
* Z-Item #6: N/A
* Z-Item #7: N/A

[Character Settings: 14 parameters]
* Character Index: 2
* Character: Gohan (Niño)
* Color: 4
* Damaged: False
* COM Level: 0
* Z-Item #8: Goku Type
* Health (%): 100
* Z-Item #1: N/A
* Z-Item #2: N/A
* Z-Item #3: N/A
* Z-Item #4: N/A
* Z-Item #5: N/A
* Z-Item #6: N/A
* Z-Item #7: N/A

[Character Settings: 14 parameters]
* Character Index: 3
* Character: Piccolo (inicio)
* Color: 2
* Damaged: False
* COM Level: 0
* Z-Item #8: Goku Type
* Health (%): 100
* Z-Item #1: N/A
* Z-Item #2: N/A
* Z-Item #3: N/A
* Z-Item #4: N/A
* Z-Item #5: N/A
* Z-Item #6: N/A
* Z-Item #7: N/A

[Character Settings: 14 parameters]
* Character Index: 0 (Opp.)
* Character: Raditz
* Color: 0
* Damaged: False
* COM Level: 4
* Z-Item #8: Broly Type
* Health (%): 150
* Z-Item #1: N/A
* Z-Item #2: Defense +30
* Z-Item #3: King Kai's Training
* Z-Item #4: Dragon Break
* Z-Item #5: Vanishing Break
* Z-Item #6: Ultimate Body
* Z-Item #7: N/A

[Character Settings: 14 parameters]
* Character Index: 1 (Opp.)
* Character: Goku Joven - Saga Piccoro Jr.
* Color: 6
* Damaged: False
* COM Level: 4
* Z-Item #8: Broly Type
* Health (%): 100
* Z-Item #1: N/A
* Z-Item #2: Defense +30
* Z-Item #3: King Kai's Training
* Z-Item #4: Dragon Break
* Z-Item #5: Vanishing Break
* Z-Item #6: Ultimate Body
* Z-Item #7: N/A

===== SCENE -5 =====

[Store Audio-Related Properties]
-> Audio-Related Property: 2 parameters
* Voice Line ID: 0
* Character Index: 0 (Opp.)
-> Audio-Related Property: 2 parameters
* Voice Line ID: 1
* Character Index: 0
-> Audio-Related Property: 2 parameters
* Voice Line ID: 2
* Character Index: 0 (Opp.)
-> Audio-Related Property: 2 parameters
* Voice Line ID: 3
* Character Index: 0
-> Audio-Related Property: 2 parameters
* Voice Line ID: 4
* Character Index: 0 (Opp.)
-> Audio-Related Property: 2 parameters
* Voice Line ID: 5
* Character Index: 0 (Opp.)
-> Audio-Related Property: 2 parameters
* Voice Line ID: 6
* Character Index: 1
-> Audio-Related Property: 2 parameters
* Voice Line ID: 7
* Character Index: 0 (Opp.)
-> Audio-Related Property: 2 parameters
* Voice Line ID: 8
* Character Index: 0
-> Audio-Related Property: 2 parameters
* Voice Line ID: 9
* Character Index: 0 (Opp.)
-> Audio-Related Property: 2 parameters
* Voice Line ID: 10
* Character Index: 0 (Opp.)
-> Audio-Related Property: 2 parameters
* Voice Line ID: 11
* Character Index: 0 (Opp.)
-> Audio-Related Property: 2 parameters
* Voice Line ID: 12
* Character Index: 0
-> Audio-Related Property: 2 parameters
* Voice Line ID: 13
* Character Index: 1
-> Audio-Related Property: 2 parameters
* Voice Line ID: 14
* Character Index: 0 (Opp.)
-> Audio-Related Property: 2 parameters
* Voice Line ID: 15
* Character Index: 0 (Opp.)
-> Audio-Related Property: 2 parameters
* Voice Line ID: 16
* Character Index: 1
-> Audio-Related Property: 2 parameters
* Voice Line ID: 17
* Character Index: 0 (Opp.)
-> Audio-Related Property: 2 parameters
* Voice Line ID: 18
* Character Index: 0 (Opp.)
-> Audio-Related Property: 2 parameters
* Voice Line ID: 19
* Character Index: 0 (Opp.)
-> Audio-Related Property: 2 parameters
* Voice Line ID: 20
* Character Index: 0 (Opp.)
-> Audio-Related Property: 2 parameters
* Voice Line ID: 21
* Character Index: 0 (Opp.)
-> Audio-Related Property: 2 parameters
* Voice Line ID: 22
* Character Index: 1
-> Audio-Related Property: 2 parameters
* Voice Line ID: 23
* Character Index: 1
-> Audio-Related Property: 2 parameters
* Voice Line ID: 24
* Character Index: 0
-> Audio-Related Property: 2 parameters
* Voice Line ID: 25
* Character Index: 1
-> Audio-Related Property: 2 parameters
* Voice Line ID: 26
* Character Index: 0
-> Audio-Related Property: 2 parameters
* Voice Line ID: 27
* Character Index: 0
-> Audio-Related Property: 2 parameters
* Voice Line ID: 28
* Character Index: 0 (Opp.)
-> Audio-Related Property: 2 parameters
* Voice Line ID: 29
* Character Index: 0 (Opp.)
-> Audio-Related Property: 2 parameters
* Voice Line ID: 30
* Character Index: 0
-> Audio-Related Property: 2 parameters
* Voice Line ID: 31
* Character Index: 1
-> Audio-Related Property: 2 parameters
* Voice Line ID: 32
* Character Index: 0 (Opp.)
-> Audio-Related Property: 2 parameters
* Voice Line ID: 33
* Character Index: 0
-> Audio-Related Property: 2 parameters
* Voice Line ID: 34
* Character Index: 0 (Opp.)
-> Audio-Related Property: 2 parameters
* Voice Line ID: 35
* Character Index: 0
-> Audio-Related Property: 2 parameters
* Voice Line ID: 36
* Character Index: 0 (Opp.)
-> Audio-Related Property: 2 parameters
* Voice Line ID: 37
* Character Index: 1
-> Audio-Related Property: 2 parameters
* Voice Line ID: 38
* Character Index: 0
-> Audio-Related Property: 2 parameters
* Voice Line ID: 39
* Character Index: 1
-> Audio-Related Property: 2 parameters
* Voice Line ID: 40
* Character Index: 0 (Opp.)
-> Audio-Related Property: 2 parameters
* Voice Line ID: 41
* Character Index: 0 (Opp.)
-> Audio-Related Property: 2 parameters
* Voice Line ID: 42
* Character Index: 0
-> Audio-Related Property: 2 parameters
* Voice Line ID: 43
* Character Index: 1
-> Audio-Related Property: 2 parameters
* Voice Line ID: 44
* Character Index: 1
-> Audio-Related Property: 2 parameters
* Voice Line ID: 45
* Character Index: 0
-> Audio-Related Property: 2 parameters
* Voice Line ID: 46
* Character Index: 1
-> Audio-Related Property: 2 parameters
* Voice Line ID: 47
* Character Index: 0 (Opp.)
-> Audio-Related Property: 2 parameters
* Voice Line ID: 48
* Character Index: 0 (Opp.)
-> Audio-Related Property: 2 parameters
* Voice Line ID: 49
* Character Index: 0
-> Audio-Related Property: 2 parameters
* Voice Line ID: 50
* Character Index: 0
-> Audio-Related Property: 2 parameters
* Voice Line ID: 51
* Character Index: 0 (Opp.)
-> Audio-Related Property: 2 parameters
* Voice Line ID: 52
* Character Index: 0 (Opp.)
-> Audio-Related Property: 2 parameters
* Voice Line ID: 53
* Character Index: 1
-> Audio-Related Property: 2 parameters
* Voice Line ID: 54
* Character Index: 0 (Opp.)
-> Audio-Related Property: 2 parameters
* Voice Line ID: 55
* Character Index: 1
-> Audio-Related Property: 2 parameters
* Voice Line ID: 56
* Character Index: 0 (Opp.)
-> Audio-Related Property: 2 parameters
* Voice Line ID: 57
* Character Index: 0 (Opp.)
-> Audio-Related Property: 2 parameters
* Voice Line ID: 58
* Character Index: 1
-> Audio-Related Property: 2 parameters
* Voice Line ID: 59
* Character Index: 0 (Opp.)
-> Audio-Related Property: 2 parameters
* Voice Line ID: 60
* Character Index: 0 (Opp.)
-> Audio-Related Property: 2 parameters
* Voice Line ID: 61
* Character Index: 0 (Opp.)
-> Audio-Related Property: 2 parameters
* Voice Line ID: 62
* Character Index: 0
-> Audio-Related Property: 2 parameters
* Voice Line ID: 63
* Character Index: 0 (Opp.)
-> Audio-Related Property: 2 parameters
* Voice Line ID: 64
* Character Index: 0 (Opp.)
-> Audio-Related Property: 2 parameters
* Voice Line ID: 65
* Character Index: 0
-> Audio-Related Property: 2 parameters
* Voice Line ID: 66
* Character Index: 1
-> Audio-Related Property: 2 parameters
* Voice Line ID: 67
* Character Index: 0
-> Audio-Related Property: 2 parameters
* Voice Line ID: 68
* Character Index: 1
-> Audio-Related Property: 2 parameters
* Voice Line ID: 69
* Character Index: 0
-> Audio-Related Property: 2 parameters
* Voice Line ID: 70
* Character Index: 0 (Opp.)
-> Audio-Related Property: 2 parameters
* Voice Line ID: 71
* Character Index: 0 (Opp.)
-> Audio-Related Property: 2 parameters
* Voice Line ID: 72
* Character Index: 0 (Opp.)
-> Audio-Related Property: 2 parameters
* Voice Line ID: 73
* Character Index: 0 (Opp.)
-> Audio-Related Property: 2 parameters
* Voice Line ID: 74
* Character Index: 0 (Opp.)
-> Audio-Related Property: 2 parameters
* Voice Line ID: 75
* Character Index: 0 (Opp.)
-> Audio-Related Property: 2 parameters
* Voice Line ID: 76
* Character Index: 1
-> Audio-Related Property: 2 parameters
* Voice Line ID: 77
* Character Index: 1
-> Audio-Related Property: 2 parameters
* Voice Line ID: 78
* Character Index: 1
-> Audio-Related Property: 2 parameters
* Voice Line ID: 79
* Character Index: 0
-> Audio-Related Property: 2 parameters
* Voice Line ID: 80
* Character Index: 0 (Opp.)
-> Audio-Related Property: 2 parameters
* Voice Line ID: 81
* Character Index: 0
-> Audio-Related Property: 2 parameters
* Voice Line ID: 82
* Character Index: 0
-> Audio-Related Property: 2 parameters
* Voice Line ID: 83
* Character Index: 0
-> Audio-Related Property: 2 parameters
* Voice Line ID: 84
* Character Index: 0
-> Audio-Related Property: 2 parameters
* Voice Line ID: 85
* Character Index: 0
-> Audio-Related Property: 2 parameters
* Voice Line ID: 86
* Character Index: 0
-> Audio-Related Property: 2 parameters
* Voice Line ID: 87
* Character Index: 0
-> Audio-Related Property: 2 parameters
* Voice Line ID: 88
* Character Index: 0
-> Audio-Related Property: 2 parameters
* Voice Line ID: 89
* Character Index: 0
-> Audio-Related Property: 2 parameters
* Voice Line ID: 90
* Character Index: 0
-> Audio-Related Property: 2 parameters
* Voice Line ID: 91
* Character Index: 1
-> Audio-Related Property: 2 parameters
* Voice Line ID: 92
* Character Index: 1
-> Audio-Related Property: 2 parameters
* Voice Line ID: 93
* Character Index: 1
-> Audio-Related Property: 2 parameters
* Voice Line ID: 94
* Character Index: 1
-> Audio-Related Property: 2 parameters
* Voice Line ID: 95
* Character Index: 1
-> Audio-Related Property: 2 parameters
* Voice Line ID: 96
* Character Index: 1
-> Audio-Related Property: 2 parameters
* Voice Line ID: 97
* Character Index: 1
-> Audio-Related Property: 2 parameters
* Voice Line ID: 98
* Character Index: 1
-> Audio-Related Property: 2 parameters
* Voice Line ID: 99
* Character Index: 1
-> Audio-Related Property: 2 parameters
* Voice Line ID: 100
* Character Index: 1
-> Audio-Related Property: 2 parameters
* Voice Line ID: 101
* Character Index: 0 (Opp.)
-> Audio-Related Property: 2 parameters
* Voice Line ID: 102
* Character Index: 0 (Opp.)
-> Audio-Related Property: 2 parameters
* Voice Line ID: 103
* Character Index: 0 (Opp.)
-> Audio-Related Property: 2 parameters
* Voice Line ID: 104
* Character Index: 0 (Opp.)
-> Audio-Related Property: 2 parameters
* Voice Line ID: 105
* Character Index: 0 (Opp.)
-> Audio-Related Property: 2 parameters
* Voice Line ID: 106
* Character Index: 0 (Opp.)
-> Audio-Related Property: 2 parameters
* Voice Line ID: 107
* Character Index: 0 (Opp.)
-> Audio-Related Property: 2 parameters
* Voice Line ID: 108
* Character Index: 0 (Opp.)
-> Audio-Related Property: 2 parameters
* Voice Line ID: 109
* Character Index: 0 (Opp.)
-> Audio-Related Property: 2 parameters
* Voice Line ID: 110
* Character Index: 0 (Opp.)

===== SCENE 10000 =====

[Scene Start]

[Battle End: 1 parameter]
* Battle Outcome ID: -1

[Store Character Positions]

[Assign Character Position & Rotation: 7 parameters]
* Character Index: 0
* Position (X): 88.0
* Position (Y): 0.0
* Position (Z): 0.0
* Rotation (X): 0.0
* Rotation (Y): -90.0
* Rotation (Z): 0.0

[Assign Character Position & Rotation: 7 parameters]
* Character Index: 0 (Opp.)
* Position (X): -88.0
* Position (Y): 0.0
* Position (Z): 0.0
* Rotation (X): 0.0
* Rotation (Y): 90.0
* Rotation (Z): 0.0

[Primary Camera Point: 6 parameters]
* Position (X): -40.331
* Position (Y): -34.808
* Position (Z): 2.366
* Rotation (Y): -23.939
* Rotation (X): -93.405
* Rotation (Z): 0.0

[Secondary Camera Point]
-> Additional Camera Point: 7 parameters
* Time (s): 4.0
* Position (X): -76.512
* Position (Y): -17.792
* Position (Z): 0.214
* Rotation (Y): -11.94
* Rotation (X): -90.921
* Rotation (Z): 0.0

[Assign Animation: 2 parameters]
* Character Index: 0 (Opp.)
* ANM Name: INTRO_LOOP
-> Wait until End of ANM

[Play Character Voice Line: 2 parameters]
* Character Index: 0 (Opp.)
* Voice Line ID: 0
-> Wait until End of Voice Line

[Primary Camera Point: 6 parameters]
* Position (X): 66.181
* Position (Y): -2.412
* Position (Z): 2.81
* Rotation (Y): 12.336
* Rotation (X): 95.831
* Rotation (Z): 0.0

[Secondary Camera Point]
-> Additional Camera Point: 7 parameters
* Time (s): 6.0
* Position (X): 79.43
* Position (Y): -6.133
* Position (Z): 0.378
* Rotation (Y): 23.906
* Rotation (X): 110.528
* Rotation (Z): 0.0

[Assign Animation: 2 parameters]
* Character Index: 0
* ANM Name: INTRO_IN
-> Wait until End of ANM

[Assign Animation: 2 parameters]
* Character Index: 0
* ANM Name: INTRO_LOOP
-> Enable ANM Loop

[Play Character Voice Line: 2 parameters]
* Character Index: 0
* Voice Line ID: 1
-> Wait until End of Voice Line

[Primary Camera Point: 6 parameters]
* Position (X): -76.755
* Position (Y): -16.01
* Position (Z): 10.17
* Rotation (Y): -1.387
* Rotation (X): -139.886
* Rotation (Z): 0.0

[Secondary Camera Point]
-> Additional Camera Point: 7 parameters
* Time (s): 5.0
* Position (X): -80.37
* Position (Y): -15.942
* Position (Z): 5.878
* Rotation (Y): 5.503
* Rotation (X): -136.892
* Rotation (Z): 0.0

[Play Character Voice Line: 2 parameters]
* Character Index: 0 (Opp.)
* Voice Line ID: 2
-> Wait until End of Voice Line

[Primary Camera Point: 6 parameters]
* Position (X): 78.036
* Position (Y): -9.635
* Position (Z): 4.857
* Rotation (Y): -3.137
* Rotation (X): 135.44
* Rotation (Z): 0.0

[Secondary Camera Point]
-> Additional Camera Point: 7 parameters
* Time (s): 5.0
* Position (X): 82.537
* Position (Y): -9.391
* Position (Z): 1.498
* Rotation (Y): 4.94
* Rotation (X): 131.647
* Rotation (Z): 0.0

[Play Character Voice Line: 2 parameters]
* Character Index: 0
* Voice Line ID: 3
-> Wait until End of Voice Line

[Store VFX Switches]

[Store Conditional Properties]
-> Scene Link: 2 parameters
* Condition: Win via K.O.
* Scene ID: 10031
-> Scene Link: 2 parameters
* Condition: Win via K.O. (Opp.)
* Scene ID: 10041
-> Scene Link: 2 parameters
* Condition: Wait 20 seconds
* Scene ID: 10001
-> Audio Link: 2 parameters
* Condition: Immediate
* Voice Line ID: 4
-> Audio Link: 2 parameters
* Condition: Immediate
* Voice Line ID: 5

[Store Player's Character Changes]

[Store Opponent's Character Changes]

[Post-Cutscene Event: 2 parameters]
* Event ID: Battle Finish
* Character ID: N/A

[Scene End & Battle Start]

===== SCENE 10001 =====

[Scene Start]

[Battle End: 1 parameter]
* Battle Outcome ID: -1

[Store Character Positions]

[Store VFX Switches]

[Store Conditional Properties]
-> Scene Link: 2 parameters
* Condition: Win via K.O.
* Scene ID: 10030
-> Scene Link: 2 parameters
* Condition: Win via K.O. (Opp.)
* Scene ID: 10040
-> Scene Link: 2 parameters
* Condition: Lose 2 Health Bars (Opp.)
* Scene ID: 10010
-> Audio Link: 2 parameters
* Condition: Immediate
* Voice Line ID: 6
-> Audio Link: 2 parameters
* Condition: Immediate
* Voice Line ID: 7
-> Audio Link: 2 parameters
* Condition: Immediate
* Voice Line ID: 8
-> Audio Link: 2 parameters
* Condition: Immediate
* Voice Line ID: 9
-> Audio Link: 2 parameters
* Condition: Lose 2 Health Bars
* Voice Line ID: 55
-> Audio Link: 2 parameters
* Condition: Perform Throw (Opp.)
* Voice Line ID: 19
-> Audio Link: 2 parameters
* Condition: Perform Dragon Smash (Opp.)
* Voice Line ID: 12
-> Audio Link: 2 parameters
* Condition: Perform Vanishing Attack (Opp.)
* Voice Line ID: 13
-> Audio Link: 2 parameters
* Condition: Fall into ground/water
* Voice Line ID: 33
-> Audio Link: 2 parameters
* Condition: Fall into ground/water (Opp.)
* Voice Line ID: 34
-> Audio Link: 2 parameters
* Condition: Lose 1 Health Bar
* Voice Line ID: 14
-> Audio Link: 2 parameters
* Condition: Perform Dragon Smash
* Voice Line ID: 85
-> Audio Link: 2 parameters
* Condition: Perform Vanishing Attack
* Voice Line ID: 87
-> Audio Link: 2 parameters
* Condition: Go in MAX POWER Mode (Opp.)
* Voice Line ID: 86
-> Audio Link: 2 parameters
* Condition: Hit with 1st Blast 2
* Voice Line ID: 104
-> Audio Link: 2 parameters
* Condition: Hit with 2nd Blast 2
* Voice Line ID: 104
-> Audio Link: 2 parameters
* Condition: Perform Rush Attack (Opp.)
* Voice Line ID: 12
-> Audio Link: 2 parameters
* Condition: Lose 1 Health Bar (Opp.)
* Voice Line ID: 103
-> Audio Link: 2 parameters
* Condition: Hit with 2nd Blast 2 (Opp.)
* Voice Line ID: 20
-> Audio Link: 2 parameters
* Condition: Hit with 1st Blast 2 (Opp.)
* Voice Line ID: 21
-> Audio Link: 2 parameters
* Condition: Perform Fully Charged Left Smash Attack (Opp.)
* Voice Line ID: 52
-> Audio Link: 2 parameters
* Condition: Perform Dragon Homing
* Voice Line ID: 53
-> Audio Link: 2 parameters
* Condition: Perform Ultimate Blast (Opp.)
* Voice Line ID: 56
-> Audio Link: 2 parameters
* Condition: Perform Dragon Homing (Opp.)
* Voice Line ID: 110
-> Audio Link: 2 parameters
* Condition: Perform Rush Attack (Opp.)
* Voice Line ID: 102
-> Audio Link: 2 parameters
* Condition: Perform Fully Charged Down Smash Attack (Opp.)
* Voice Line ID: 52
-> Audio Link: 2 parameters
* Condition: Perform Fully Charged Neutral Smash Attack (Opp.)
* Voice Line ID: 52

[Store Player's Character Changes]
-> Assign Properties to Character: 1 parameter
* Character Index: 1

[Store Opponent's Character Changes]

[Post-Cutscene Event: 2 parameters]
* Event ID: Switch with Teammate #2
* Character ID: Piccolo (inicio)

[Scene End & Battle Start]

===== SCENE 10002 =====

[Scene Start]

[Battle End: 1 parameter]
* Battle Outcome ID: -1

[Store Character Positions]

[Assign Character Position & Rotation: 7 parameters]
* Character Index: 1
* Position (X): -51.4
* Position (Y): -0.4
* Position (Z): 61.3
* Rotation (X): 0.0
* Rotation (Y): 140.0
* Rotation (Z): 0.0

[Assign Character Position & Rotation: 7 parameters]
* Character Index: 1 (Opp.)
* Position (X): -89.97
* Position (Y): -0.4
* Position (Z): 34.17
* Rotation (X): 0.0
* Rotation (Y): 140.0
* Rotation (Z): 0.0

[Disable Lingering Aura: 1 parameter]
* Character Index: 1

[Primary Camera Point: 6 parameters]
* Position (X): -43.869
* Position (Y): -12.291
* Position (Z): 36.749
* Rotation (Y): -11.406
* Rotation (X): -14.904
* Rotation (Z): 0.0

[Secondary Camera Point]
-> Additional Camera Point: 7 parameters
* Time (s): 4.0
* Position (X): -46.396
* Position (Y): -12.515
* Position (Z): 46.242
* Rotation (Y): -5.13
* Rotation (X): -14.904
* Rotation (Z): 0.0

[Assign Animation: 2 parameters]
* Character Index: 1
* ANM Name: GROUND_TIRED
-> Enable ANM Loop

[Assign Animation: 2 parameters]
* Character Index: 1 (Opp.)
* ANM Name: GROUND_TIRED
-> Enable ANM Loop

[Play Character Voice Line: 2 parameters]
* Character Index: 0
* Voice Line ID: 35
-> Wait until End of Voice Line

[Wait for Period of Time: 1 parameter]
* Time (s): 2.5

[Primary Camera Point: 6 parameters]
* Position (X): -58.619
* Position (Y): -10.401
* Position (Z): 44.129
* Rotation (Y): -9.096
* Rotation (X): 40.434
* Rotation (Z): 0.0

[Secondary Camera Point]
-> Additional Camera Point: 7 parameters
* Time (s): 4.0
* Position (X): -92.156
* Position (Y): -13.185
* Position (Z): 9.802001
* Rotation (Y): -15.67
* Rotation (X): 35.804
* Rotation (Z): 0.0

[Play Character Voice Line: 2 parameters]
* Character Index: 0 (Opp.)
* Voice Line ID: 36
-> Wait until End of Voice Line

[Primary Camera Point: 6 parameters]
* Position (X): -36.484
* Position (Y): -14.704
* Position (Z): 57.326
* Rotation (Y): -21.389
* Rotation (X): -95.538
* Rotation (Z): 0.0

[Play Character Voice Line: 2 parameters]
* Character Index: 1
* Voice Line ID: 37
-> Wait until End of Voice Line

[Primary Camera Point: 6 parameters]
* Position (X): -95.134
* Position (Y): -11.544
* Position (Z): 23.266
* Rotation (Y): -10.038999
* Rotation (X): 34.198
* Rotation (Z): 0.0

[Play Character Voice Line: 2 parameters]
* Character Index: 1 (Opp.)
* Voice Line ID: 38
-> Wait until End of Voice Line

[Primary Camera Point: 6 parameters]
* Position (X): -43.354
* Position (Y): -11.684
* Position (Z): 50.806
* Rotation (Y): 4.638999
* Rotation (X): -35.208004
* Rotation (Z): 0.0

[Play Character Voice Line: 2 parameters]
* Character Index: 1
* Voice Line ID: 39
-> Wait until End of Voice Line

[Primary Camera Point: 6 parameters]
* Position (X): -53.999
* Position (Y): -25.651
* Position (Z): 18.239
* Rotation (Y): -28.566
* Rotation (X): -28.544
* Rotation (Z): 0.0

[Secondary Camera Point]
-> Additional Camera Point: 7 parameters
* Time (s): 0.6
* Position (X): -41.506
* Position (Y): -29.135
* Position (Z): -6.882001
* Rotation (Y): -24.37
* Rotation (X): -28.544
* Rotation (Z): 0.0

[Trigger Camera Shake: 1 parameter]
* Force/Intensity: 1.0

[Play Character Voice Line: 2 parameters]
* Character Index: 0 (Opp.)
* Voice Line ID: 40
-> Wait until End of Voice Line

[Play Character Voice Line: 2 parameters]
* Character Index: 0 (Opp.)
* Voice Line ID: 41
-> Wait until End of Voice Line

[Primary Camera Point: 6 parameters]
* Position (X): -83.479
* Position (Y): -15.501
* Position (Z): 22.639002
* Rotation (Y): -24.176
* Rotation (X): -26.894
* Rotation (Z): 0.0

[Secondary Camera Point]
-> Additional Camera Point: 7 parameters
* Time (s): 3.6
* Position (X): -85.386
* Position (Y): -11.125
* Position (Z): 26.402
* Rotation (Y): 4.27
* Rotation (X): -26.894
* Rotation (Z): 0.0

[Play Character Voice Line: 2 parameters]
* Character Index: 1 (Opp.)
* Voice Line ID: 42
-> Wait until End of Voice Line

[Primary Camera Point: 6 parameters]
* Position (X): -37.319
* Position (Y): -14.091
* Position (Z): 64.409004
* Rotation (Y): -15.346
* Rotation (X): -111.594
* Rotation (Z): 0.0

[Secondary Camera Point]
-> Additional Camera Point: 7 parameters
* Time (s): 6.0
* Position (X): -36.656
* Position (Y): -12.255
* Position (Z): 50.962
* Rotation (Y): -10.54
* Rotation (X): -84.334
* Rotation (Z): 0.0
-> Additional Camera Point: 7 parameters
* Time (s): 3.6
* Position (X): -47.046
* Position (Y): -9.645
* Position (Z): 17.392
* Rotation (Y): -10.0
* Rotation (X): -32.694
* Rotation (Z): 0.0
-> Additional Camera Point: 7 parameters
* Time (s): 6.0
* Position (X): -99.236
* Position (Y): -11.975
* Position (Z): 19.432001
* Rotation (Y): -10.77
* Rotation (X): 47.614
* Rotation (Z): 0.0

[Play Character Voice Line: 2 parameters]
* Character Index: 1
* Voice Line ID: 43
-> Wait until End of Voice Line

[Play Character Voice Line: 2 parameters]
* Character Index: 1
* Voice Line ID: 44
-> Wait until End of Voice Line

[Play Character Voice Line: 2 parameters]
* Character Index: 1 (Opp.)
* Voice Line ID: 111
-> Wait until End of Voice Line

[Primary Camera Point: 6 parameters]
* Position (X): -33.979
* Position (Y): -9.221
* Position (Z): 43.769
* Rotation (Y): -1.776
* Rotation (X): -45.054
* Rotation (Z): 0.0

[Secondary Camera Point]
-> Additional Camera Point: 7 parameters
* Time (s): 5.6
* Position (X): -41.726
* Position (Y): -13.085
* Position (Z): 51.502003
* Rotation (Y): -7.55
* Rotation (X): -45.054
* Rotation (Z): 0.0

[Play Character Voice Line: 2 parameters]
* Character Index: 1
* Voice Line ID: 112
-> Wait until End of Voice Line

[Primary Camera Point: 6 parameters]
* Position (X): -73.149
* Position (Y): -8.561
* Position (Z): 21.809002
* Rotation (Y): 11.926
* Rotation (X): -56.534
* Rotation (Z): 0.0

[Secondary Camera Point]
-> Additional Camera Point: 7 parameters
* Time (s): 4.0
* Position (X): -73.149
* Position (Y): -8.561
* Position (Z): 21.809002
* Rotation (Y): -5.406
* Rotation (X): -56.534
* Rotation (Z): 0.0

[Assign Animation: 2 parameters]
* Character Index: 1 (Opp.)
* ANM Name: INTRO_LOOP
-> Wait until End of ANM

[Play Character Voice Line: 2 parameters]
* Character Index: 1 (Opp.)
* Voice Line ID: 45
-> Wait until End of Voice Line

[Primary Camera Point: 6 parameters]
* Position (X): -44.329
* Position (Y): -14.451
* Position (Z): 56.969
* Rotation (Y): -4.466
* Rotation (X): -116.834
* Rotation (Z): 0.0

[Play Character Voice Line: 2 parameters]
* Character Index: 1
* Voice Line ID: 46
-> Wait until End of Voice Line

[Store VFX Switches]

[Store Conditional Properties]
-> Scene Link: 2 parameters
* Condition: Win via K.O.
* Scene ID: 10031
-> Scene Link: 2 parameters
* Condition: Win via K.O. (Opp.)
* Scene ID: 10041
-> Scene Link: 2 parameters
* Condition: Wait 30 seconds
* Scene ID: 10003
-> Audio Link: 2 parameters
* Condition: Immediate
* Voice Line ID: 30
-> Audio Link: 2 parameters
* Condition: Immediate
* Voice Line ID: 47
-> Audio Link: 2 parameters
* Condition: Perform Fully Charged Left Smash Attack (Opp.)
* Voice Line ID: 61
-> Audio Link: 2 parameters
* Condition: Fall into ground/water
* Voice Line ID: 62
-> Audio Link: 2 parameters
* Condition: Fall into ground/water (Opp.)
* Voice Line ID: 63
-> Audio Link: 2 parameters
* Condition: Hit with 1st Blast 2 (Opp.)
* Voice Line ID: 16
-> Audio Link: 2 parameters
* Condition: Perform Vanishing Attack (Opp.)
* Voice Line ID: 96
-> Audio Link: 2 parameters
* Condition: Hit with 1st Blast 2
* Voice Line ID: 27
-> Audio Link: 2 parameters
* Condition: Perform Fully Charged Up Smash Attack (Opp.)
* Voice Line ID: 61
-> Audio Link: 2 parameters
* Condition: Perform Fully Charged Down Smash Attack (Opp.)
* Voice Line ID: 61
-> Audio Link: 2 parameters
* Condition: Perform Fully Charged Neutral Smash Attack (Opp.)
* Voice Line ID: 61
-> Audio Link: 2 parameters
* Condition: Perform Fully Charged Right Smash Attack (Opp.)
* Voice Line ID: 61
-> Audio Link: 2 parameters
* Condition: Hit with 2nd Blast 2 (Opp.)
* Voice Line ID: 16
-> Audio Link: 2 parameters
* Condition: Perform Throw (Opp.)
* Voice Line ID: 19
-> Audio Link: 2 parameters
* Condition: Lose 1 Health Bar (Opp.)
* Voice Line ID: 103
-> Audio Link: 2 parameters
* Condition: Hit with 2nd Blast 2 (Opp.)
* Voice Line ID: 20
-> Audio Link: 2 parameters
* Condition: Perform Fully Charged Right Smash Attack (Opp.)
* Voice Line ID: 52
-> Audio Link: 2 parameters
* Condition: Perform Ultimate Blast (Opp.)
* Voice Line ID: 56
-> Audio Link: 2 parameters
* Condition: Hit with Charged Ki Blast (Opp.)
* Voice Line ID: 102
-> Audio Link: 2 parameters
* Condition: Perform Dragon Homing (Opp.)
* Voice Line ID: 110
-> Audio Link: 2 parameters
* Condition: Perform Rush Attack (Opp.)
* Voice Line ID: 102
-> Audio Link: 2 parameters
* Condition: Perform Fully Charged Up Smash Attack (Opp.)
* Voice Line ID: 52

[Store Player's Character Changes]
-> Assign Properties to Character: 1 parameter
* Character Index: 0

[Store Opponent's Character Changes]

[Post-Cutscene Event: 2 parameters]
* Event ID: Switch with Teammate #1
* Character ID: Goku (Inicio)

[Scene End & Battle Start]
-> PROPERTY 119

[Post-Cutscene Event: 2 parameters]
* Event ID: Switch with Teammate #1 (Opp.)
* Character ID: Goku (Inicio)

===== SCENE 10004 =====

[Scene Start]

[Battle End: 1 parameter]
* Battle Outcome ID: -1

[Store Character Positions]

[Store VFX Switches]

[Store Conditional Properties]
-> Scene Link: 2 parameters
* Condition: Win via K.O.
* Scene ID: 10031
-> Scene Link: 2 parameters
* Condition: Win via K.O. (Opp.)
* Scene ID: 10041
-> Scene Link: 2 parameters
* Condition: Immediate
* Scene ID: 10005

[Store Player's Character Changes]

[Store Opponent's Character Changes]

[Post-Cutscene Event: 2 parameters]
* Event ID: Battle Finish
* Character ID: N/A

[Scene End & Battle Start]

===== SCENE 10003 =====

[Scene Start]

[Battle End: 1 parameter]
* Battle Outcome ID: -1

[Store Character Positions]

[Assign Character Position & Rotation: 7 parameters]
* Character Index: 0 (Opp.)
* Position (X): -51.4
* Position (Y): -0.4
* Position (Z): 61.3
* Rotation (X): 0.0
* Rotation (Y): 140.0
* Rotation (Z): 0.0

[Assign Character Position & Rotation: 7 parameters]
* Character Index: 0
* Position (X): 107.490005
* Position (Y): -69.89
* Position (Z): -45.05
* Rotation (X): 0.0
* Rotation (Y): -53.57
* Rotation (Z): 0.0

[Primary Camera Point: 6 parameters]
* Position (X): 121.47
* Position (Y): -79.802
* Position (Z): -37.281
* Rotation (Y): -3.01
* Rotation (X): -111.26
* Rotation (Z): 0.0

[Secondary Camera Point]
-> Additional Camera Point: 7 parameters
* Time (s): 2.0
* Position (X): 108.408005
* Position (Y): -79.8
* Position (Z): -27.491999
* Rotation (Y): -3.01
* Rotation (X): -165.65
* Rotation (Z): 0.0
-> Additional Camera Point: 7 parameters
* Time (s): 2.0
* Position (X): 98.938
* Position (Y): -79.8
* Position (Z): -30.261997
* Rotation (Y): -3.017
* Rotation (X): -223.98
* Rotation (Z): 0.0

[Assign Animation: 2 parameters]
* Character Index: 0
* ANM Name: SKILL_003_CHARGE
-> Enable ANM Loop

[Trigger Camera Shake: 1 parameter]
* Force/Intensity: 1.0
-> PROPERTY 119

[Enable Ki Charge Aura: 1 parameter]
* Character Index: 0
-> PROPERTY 119

[Assign Animation: 2 parameters]
* Character Index: 0 (Opp.)
* ANM Name: SURPRISED
-> Enable ANM Loop

[Play Character Voice Line: 2 parameters]
* Character Index: 0
* Voice Line ID: 114
-> Wait until End of Voice Line

[Primary Camera Point: 6 parameters]
* Position (X): 121.47
* Position (Y): -79.802
* Position (Z): -37.281
* Rotation (Y): -3.01
* Rotation (X): -111.26
* Rotation (Z): 0.0

[Play Character Voice Line: 2 parameters]
* Character Index: 0 (Opp.)
* Voice Line ID: 115
-> Wait until End of Voice Line

[Primary Camera Point: 6 parameters]
* Position (X): -66.52
* Position (Y): -17.082
* Position (Z): 70.041
* Rotation (Y): 1.27
* Rotation (X): 120.49
* Rotation (Z): 0.0

[Secondary Camera Point]
-> Additional Camera Point: 7 parameters
* Time (s): 0.8
* Position (X): -81.728004
* Position (Y): -20.3
* Position (Z): 82.521996
* Rotation (Y): 0.15
* Rotation (X): 124.4
* Rotation (Z): 0.0

[Trigger Camera Shake: 1 parameter]
* Force/Intensity: 1.0

[Play Character Voice Line: 2 parameters]
* Character Index: 0 (Opp.)
* Voice Line ID: 116
-> Wait until End of Voice Line

[Primary Camera Point: 6 parameters]
* Position (X): 104.76
* Position (Y): -83.562
* Position (Z): -29.041
* Rotation (Y): -15.88
* Rotation (X): 168.81
* Rotation (Z): 0.0

[Play Character Voice Line: 2 parameters]
* Character Index: 0
* Voice Line ID: 117
-> Wait until End of Voice Line

[Enable MAX POWER Mode Explosion: 1 parameter]
* Character Index: 0
-> PROPERTY 119

[Primary Camera Point: 6 parameters]
* Position (X): -38.97
* Position (Y): -25.732
* Position (Z): 55.201
* Rotation (Y): -51.05
* Rotation (X): -69.65
* Rotation (Z): 0.0

[Play Character Voice Line: 2 parameters]
* Character Index: 0 (Opp.)
* Voice Line ID: 118
-> Wait until End of Voice Line

[Store VFX Switches]

[Store Conditional Properties]
-> Scene Link: 2 parameters
* Condition: Win via K.O.
* Scene ID: 10031
-> Scene Link: 2 parameters
* Condition: Win via K.O. (Opp.)
* Scene ID: 10041
-> Scene Link: 2 parameters
* Condition: Hit with 1st Blast 2
* Scene ID: 10004
-> Audio Link: 2 parameters
* Condition: Immediate
* Voice Line ID: 48

[Store Player's Character Changes]

[Store Opponent's Character Changes]
-> Add Health: 1 parameter
* Health (%): 100

[Post-Cutscene Event: 2 parameters]
* Event ID: Trigger 1st Blast 2
* Character ID: N/A

[Scene End & Battle Start]

===== SCENE 10005 =====

[Scene Start]

[Battle End: 1 parameter]
* Battle Outcome ID: -1

[Store Character Positions]

[Trigger Fade-Out: 1 parameter]
* Time (s): 1.0

[Assign Character Position & Rotation: 7 parameters]
* Character Index: 0 (Opp.)
* Position (X): -51.4
* Position (Y): -0.4
* Position (Z): 61.3
* Rotation (X): 0.0
* Rotation (Y): 140.0
* Rotation (Z): 0.0

[Assign Character Position & Rotation: 7 parameters]
* Character Index: 0
* Position (X): 107.490005
* Position (Y): -69.89
* Position (Z): -45.05
* Rotation (X): 0.0
* Rotation (Y): -53.57
* Rotation (Z): 0.0

[Primary Camera Point: 6 parameters]
* Position (X): 95.49
* Position (Y): -84.062
* Position (Z): -31.391
* Rotation (Y): -16.16
* Rotation (X): 138.1
* Rotation (Z): 0.0

[Assign Animation: 2 parameters]
* Character Index: 0
* ANM Name: FLIGHTLESS_FLY
-> Enable ANM Loop

[Play Character Voice Line: 2 parameters]
* Character Index: 0
* Voice Line ID: 119
-> Wait until End of Voice Line

[Assign Animation: 2 parameters]
* Character Index: 0 (Opp.)
* ANM Name: SKILL_005_CHARGE
-> Enable ANM Loop

[Primary Camera Point: 6 parameters]
* Position (X): 79.74
* Position (Y): -78.012
* Position (Z): -29.281
* Rotation (Y): 7.77
* Rotation (X): 117.27
* Rotation (Z): 0.0

[Secondary Camera Point]
-> Additional Camera Point: 7 parameters
* Time (s): 4.5
* Position (X): 98.138
* Position (Y): -80.83
* Position (Z): -38.761997
* Rotation (Y): 7.77
* Rotation (X): 117.27
* Rotation (Z): 0.0

[Play Character Voice Line: 2 parameters]
* Character Index: 0
* Voice Line ID: 120
-> Wait until End of Voice Line

[Enable Ki Charge Aura: 1 parameter]
* Character Index: 0 (Opp.)

[Primary Camera Point: 6 parameters]
* Position (X): -54.36
* Position (Y): -17.182
* Position (Z): 19.111
* Rotation (Y): -3.12
* Rotation (X): 5.0
* Rotation (Z): 0.0

[Secondary Camera Point]
-> Additional Camera Point: 7 parameters
* Time (s): 4.8
* Position (X): -51.828
* Position (Y): -15.59
* Position (Z): 48.171997
* Rotation (Y): -3.12
* Rotation (X): 5.0
* Rotation (Z): 0.0

[Play Character Voice Line: 2 parameters]
* Character Index: 0 (Opp.)
* Voice Line ID: 51
-> Wait until End of Voice Line

[Play Character Voice Line: 2 parameters]
* Character Index: 0 (Opp.)
* Voice Line ID: 52
-> Wait until End of Voice Line

[Store VFX Switches]

[Store Conditional Properties]
-> Scene Link: 2 parameters
* Condition: Win via K.O.
* Scene ID: 10030
-> Scene Link: 2 parameters
* Condition: Win via K.O. (Opp.)
* Scene ID: 10040
-> Scene Link: 2 parameters
* Condition: Immediate
* Scene ID: 10012

[Store Player's Character Changes]
-> Add Health: 1 parameter
* Health (%): 50
-> Assign Properties to Character: 1 parameter
* Character Index: 1

[Store Opponent's Character Changes]

[Post-Cutscene Event: 2 parameters]
* Event ID: Switch with Teammate #4
* Character ID: Piccolo (inicio)

[Scene End & Battle Start]

===== SCENE 10006 =====

[Scene Start]

[Battle End: 1 parameter]
* Battle Outcome ID: -1

[Store Character Positions]

[Assign Character Position & Rotation: 7 parameters]
* Character Index: 1
* Position (X): -51.4
* Position (Y): -0.4
* Position (Z): 61.3
* Rotation (X): 0.0
* Rotation (Y): 140.0
* Rotation (Z): 0.0

[Assign Character Position & Rotation: 7 parameters]
* Character Index: 0 (Opp.)
* Position (X): 51.4
* Position (Y): -1.3
* Position (Z): -61.3
* Rotation (X): 0.0
* Rotation (Y): -40.0
* Rotation (Z): 0.0

[Primary Camera Point: 6 parameters]
* Position (X): -23.57
* Position (Y): -1.652
* Position (Z): 34.701
* Rotation (Y): 9.731
* Rotation (X): -45.455
* Rotation (Z): 0.0

[Secondary Camera Point]
-> Additional Camera Point: 7 parameters
* Time (s): 2.0
* Position (X): -43.588
* Position (Y): -9.85
* Position (Z): 55.392
* Rotation (Y): 3.397
* Rotation (X): -60.53
* Rotation (Z): 0.0

[Assign Animation: 2 parameters]
* Character Index: 1
* ANM Name: SKILL_005_IN
-> Wait until End of ANM

[Enable Ki Charge Aura: 1 parameter]
* Character Index: 1

[Trigger Camera Shake: 1 parameter]
* Force/Intensity: 1.0

[Assign Animation: 2 parameters]
* Character Index: 1
* ANM Name: SKILL_005_CHARGE
-> Enable ANM Loop

[Play Character Voice Line: 2 parameters]
* Character Index: 1
* Voice Line ID: 68
-> Wait until End of Voice Line

[Play Character Voice Line: 2 parameters]
* Character Index: 0
* Voice Line ID: 69
-> Wait until End of Voice Line

[Primary Camera Point: 6 parameters]
* Position (X): -26.969
* Position (Y): -11.076
* Position (Z): 33.827
* Rotation (Y): -3.984
* Rotation (X): 139.954
* Rotation (Z): 0.0

[Secondary Camera Point]
-> Additional Camera Point: 7 parameters
* Time (s): 2.0
* Position (X): 46.611
* Position (Y): -14.634
* Position (Z): -54.973
* Rotation (Y): 20.749
* Rotation (X): 141.475
* Rotation (Z): 0.0

[Assign Animation: 2 parameters]
* Character Index: 0 (Opp.)
* ANM Name: SURPRISED
-> Enable ANM Loop

[Trigger Camera Shake: 1 parameter]
* Force/Intensity: 1.0

[Play Character Voice Line: 2 parameters]
* Character Index: 0 (Opp.)
* Voice Line ID: 70
-> Wait until End of Voice Line

[Store VFX Switches]

[Store Conditional Properties]
-> Scene Link: 2 parameters
* Condition: Win via K.O.
* Scene ID: 10032
-> Scene Link: 2 parameters
* Condition: Win via K.O. (Opp.)
* Scene ID: 10040

[Store Player's Character Changes]
-> Replace Z-Item #7: 1 parameter
* Z-Item #7: Go To Hell

[Store Opponent's Character Changes]

[Post-Cutscene Event: 2 parameters]
* Event ID: Trigger Ultimate Blast
* Character ID: N/A

[Scene End & Battle Start]

===== SCENE 10007 =====

[Scene Start]

[Battle End: 1 parameter]
* Battle Outcome ID: -1

[Store Character Positions]

[Store VFX Switches]

[Store Conditional Properties]
-> Scene Link: 2 parameters
* Condition: Win via K.O.
* Scene ID: 10030
-> Scene Link: 2 parameters
* Condition: Win via K.O. (Opp.)
* Scene ID: 10040
-> Audio Link: 2 parameters
* Condition: Immediate
* Voice Line ID: 110
-> Audio Link: 2 parameters
* Condition: Immediate
* Voice Line ID: 99
-> Audio Link: 2 parameters
* Condition: Immediate
* Voice Line ID: 56
-> Audio Link: 2 parameters
* Condition: Lose 2 Health Bars
* Voice Line ID: 55
-> Audio Link: 2 parameters
* Condition: Perform Dragon Smash
* Voice Line ID: 53
-> Audio Link: 2 parameters
* Condition: Lose 1 Health Bar (Opp.)
* Voice Line ID: 103
-> Audio Link: 2 parameters
* Condition: Perform 1st Blast 2 (Opp.)
* Voice Line ID: 51
-> Audio Link: 2 parameters
* Condition: Hit with 2nd Blast 2 (Opp.)
* Voice Line ID: 94
-> Audio Link: 2 parameters
* Condition: Hit with Ultimate Blast (Opp.)
* Voice Line ID: 20
-> Audio Link: 2 parameters
* Condition: Fall into ground/water (Opp.)
* Voice Line ID: 104
-> Audio Link: 2 parameters
* Condition: Perform Throw (Opp.)
* Voice Line ID: 102
-> Audio Link: 2 parameters
* Condition: Perform Ultimate Blast
* Voice Line ID: 68
-> Audio Link: 2 parameters
* Condition: Hit with Ultimate Blast
* Voice Line ID: 54
-> Audio Link: 2 parameters
* Condition: Perform Vanishing Attack
* Voice Line ID: 63
-> Audio Link: 2 parameters
* Condition: Go in MAX POWER Mode
* Voice Line ID: 64
-> Audio Link: 2 parameters
* Condition: Perform Throw (Opp.)
* Voice Line ID: 19
-> Audio Link: 2 parameters
* Condition: Perform Fully Charged Left Smash Attack
* Voice Line ID: 63
-> Audio Link: 2 parameters
* Condition: Perform Fully Charged Right Smash Attack (Opp.)
* Voice Line ID: 52
-> Audio Link: 2 parameters
* Condition: Perform Dragon Homing
* Voice Line ID: 53
-> Audio Link: 2 parameters
* Condition: Go in MAX POWER Mode (Opp.)
* Voice Line ID: 54
-> Audio Link: 2 parameters
* Condition: Perform Fully Charged Right Smash Attack (Opp.)
* Voice Line ID: 52
-> Audio Link: 2 parameters
* Condition: Perform Fully Charged Up Smash Attack
* Voice Line ID: 63
-> Audio Link: 2 parameters
* Condition: Perform Fully Charged Down Smash Attack
* Voice Line ID: 63

[Store Player's Character Changes]
-> Assign Properties to Character: 1 parameter
* Character Index: 1

[Store Opponent's Character Changes]

[Post-Cutscene Event: 2 parameters]
* Event ID: Switch with Teammate #2
* Character ID: Piccolo (inicio)

[Scene End & Battle Start]

===== SCENE 10008 =====

[Scene Start]

[Battle End: 1 parameter]
* Battle Outcome ID: -1

[Store Character Positions]

[Assign Character Position & Rotation: 7 parameters]
* Character Index: 1
* Position (X): -51.4
* Position (Y): -0.4
* Position (Z): 61.3
* Rotation (X): 0.0
* Rotation (Y): 140.0
* Rotation (Z): 0.0

[Assign Character Position & Rotation: 7 parameters]
* Character Index: 0 (Opp.)
* Position (X): 107.490005
* Position (Y): -69.89
* Position (Z): -45.05
* Rotation (X): 0.0
* Rotation (Y): -53.57
* Rotation (Z): 0.0

[Primary Camera Point: 6 parameters]
* Position (X): 86.31
* Position (Y): -56.492
* Position (Z): -31.231
* Rotation (Y): 48.04
* Rotation (X): 124.37
* Rotation (Z): 0.0

[Secondary Camera Point]
-> Additional Camera Point: 7 parameters
* Time (s): 10.0
* Position (X): 54.868
* Position (Y): -14.11
* Position (Z): -9.721998
* Rotation (Y): 48.04
* Rotation (X): 124.37
* Rotation (Z): 0.0
-> Additional Camera Point: 7 parameters
* Time (s): 0.0
* Position (X): -11.938001
* Position (Y): -22.75
* Position (Z): 23.391998
* Rotation (Y): -13.497
* Rotation (X): -44.71
* Rotation (Z): 0.0
-> Additional Camera Point: 7 parameters
* Time (s): 4.7
* Position (X): -42.268
* Position (Y): -14.22
* Position (Z): 51.112
* Rotation (Y): -6.487
* Rotation (X): -44.71
* Rotation (Z): 0.0

[Assign Animation: 2 parameters]
* Character Index: 0 (Opp.)
* ANM Name: SKILL_003_CHARGE
-> Enable ANM Loop

[Trigger Camera Shake: 1 parameter]
* Force/Intensity: 1.0
-> PROPERTY 119

[Enable Ki Charge Aura: 1 parameter]
* Character Index: 0 (Opp.)
-> PROPERTY 119

[Assign Animation: 2 parameters]
* Character Index: 1
* ANM Name: SURPRISED
-> Enable ANM Loop

[Play Character Voice Line: 2 parameters]
* Character Index: 0 (Opp.)
* Voice Line ID: 19
-> Wait until End of Voice Line

[Enable MAX POWER Mode Explosion: 1 parameter]
* Character Index: 0 (Opp.)

[Store VFX Switches]

[Store Conditional Properties]
-> Scene Link: 2 parameters
* Condition: Win via K.O.
* Scene ID: 10031
-> Scene Link: 2 parameters
* Condition: Win via K.O. (Opp.)
* Scene ID: 10041
-> Scene Link: 2 parameters
* Condition: Immediate
* Scene ID: 10009

[Store Player's Character Changes]
-> Add Health: 1 parameter
* Health (%): 50

[Store Opponent's Character Changes]

[Post-Cutscene Event: 2 parameters]
* Event ID: Trigger 1st Blast 2 (Opp.)
* Character ID: N/A

[Scene End & Battle Start]

===== SCENE 10009 =====

[Scene Start]

[Battle End: 1 parameter]
* Battle Outcome ID: -1

[Store Character Positions]

[Store VFX Switches]

[Store Conditional Properties]
-> Scene Link: 2 parameters
* Condition: Win via K.O.
* Scene ID: 10031
-> Scene Link: 2 parameters
* Condition: Win via K.O. (Opp.)
* Scene ID: 10007
-> Scene Link: 2 parameters
* Condition: Immediate
* Scene ID: 10002

[Store Player's Character Changes]

[Store Opponent's Character Changes]

[Post-Cutscene Event: 2 parameters]
* Event ID: Switch with Teammate #2 (Opp.)
* Character ID: N/A

[Scene End & Battle Start]

===== SCENE 10010 =====

[Scene Start]

[Battle End: 1 parameter]
* Battle Outcome ID: -1

[Store Character Positions]

[Store VFX Switches]

[Store Conditional Properties]
-> Scene Link: 2 parameters
* Condition: Win via K.O.
* Scene ID: 10031
-> Scene Link: 2 parameters
* Condition: Win via K.O. (Opp.)
* Scene ID: 10041
-> Scene Link: 2 parameters
* Condition: Wait 30 seconds
* Scene ID: 10011
-> Audio Link: 2 parameters
* Condition: Immediate
* Voice Line ID: 10
-> Audio Link: 2 parameters
* Condition: Immediate
* Voice Line ID: 11
-> Audio Link: 2 parameters
* Condition: Perform Fully Charged Left Smash Attack (Opp.)
* Voice Line ID: 61
-> Audio Link: 2 parameters
* Condition: Fall into ground/water
* Voice Line ID: 62
-> Audio Link: 2 parameters
* Condition: Fall into ground/water (Opp.)
* Voice Line ID: 63
-> Audio Link: 2 parameters
* Condition: Hit with 1st Blast 2 (Opp.)
* Voice Line ID: 16
-> Audio Link: 2 parameters
* Condition: Perform Vanishing Attack (Opp.)
* Voice Line ID: 96
-> Audio Link: 2 parameters
* Condition: Hit with 1st Blast 2
* Voice Line ID: 27
-> Audio Link: 2 parameters
* Condition: Perform Fully Charged Up Smash Attack (Opp.)
* Voice Line ID: 61
-> Audio Link: 2 parameters
* Condition: Perform Fully Charged Down Smash Attack (Opp.)
* Voice Line ID: 61
-> Audio Link: 2 parameters
* Condition: Perform Fully Charged Neutral Smash Attack (Opp.)
* Voice Line ID: 61
-> Audio Link: 2 parameters
* Condition: Perform Fully Charged Right Smash Attack (Opp.)
* Voice Line ID: 61
-> Audio Link: 2 parameters
* Condition: Hit with 2nd Blast 2 (Opp.)
* Voice Line ID: 16
-> Audio Link: 2 parameters
* Condition: Perform Throw (Opp.)
* Voice Line ID: 19
-> Audio Link: 2 parameters
* Condition: Lose 1 Health Bar (Opp.)
* Voice Line ID: 103
-> Audio Link: 2 parameters
* Condition: Hit with 2nd Blast 2 (Opp.)
* Voice Line ID: 20
-> Audio Link: 2 parameters
* Condition: Perform Fully Charged Right Smash Attack (Opp.)
* Voice Line ID: 52
-> Audio Link: 2 parameters
* Condition: Perform Ultimate Blast (Opp.)
* Voice Line ID: 56
-> Audio Link: 2 parameters
* Condition: Hit with Charged Ki Blast (Opp.)
* Voice Line ID: 102
-> Audio Link: 2 parameters
* Condition: Perform Dragon Homing (Opp.)
* Voice Line ID: 110
-> Audio Link: 2 parameters
* Condition: Perform Rush Attack (Opp.)
* Voice Line ID: 102
-> Audio Link: 2 parameters
* Condition: Perform Fully Charged Up Smash Attack (Opp.)
* Voice Line ID: 52

[Store Player's Character Changes]
-> Add Health: 1 parameter
* Health (%): 20
-> Assign Properties to Character: 1 parameter
* Character Index: 0

[Store Opponent's Character Changes]

[Post-Cutscene Event: 2 parameters]
* Event ID: Switch with Teammate #1
* Character ID: Goku (Inicio)

[Scene End & Battle Start]

===== SCENE 10011 =====

[Scene Start]

[Battle End: 1 parameter]
* Battle Outcome ID: -1

[Store Character Positions]

[Store VFX Switches]

[Store Conditional Properties]
-> Scene Link: 2 parameters
* Condition: Win via K.O.
* Scene ID: 10030
-> Scene Link: 2 parameters
* Condition: Win via K.O. (Opp.)
* Scene ID: 10041
-> Scene Link: 2 parameters
* Condition: Wait 30 seconds
* Scene ID: 10008
-> Audio Link: 2 parameters
* Condition: Immediate
* Voice Line ID: 31
-> Audio Link: 2 parameters
* Condition: Immediate
* Voice Line ID: 47
-> Audio Link: 2 parameters
* Condition: Immediate
* Voice Line ID: 80
-> Audio Link: 2 parameters
* Condition: Lose 2 Health Bars
* Voice Line ID: 55
-> Audio Link: 2 parameters
* Condition: Perform Throw (Opp.)
* Voice Line ID: 19
-> Audio Link: 2 parameters
* Condition: Perform Dragon Smash (Opp.)
* Voice Line ID: 12
-> Audio Link: 2 parameters
* Condition: Perform Vanishing Attack (Opp.)
* Voice Line ID: 13
-> Audio Link: 2 parameters
* Condition: Fall into ground/water
* Voice Line ID: 33
-> Audio Link: 2 parameters
* Condition: Fall into ground/water (Opp.)
* Voice Line ID: 34
-> Audio Link: 2 parameters
* Condition: Lose 1 Health Bar
* Voice Line ID: 14
-> Audio Link: 2 parameters
* Condition: Perform Dragon Smash
* Voice Line ID: 85
-> Audio Link: 2 parameters
* Condition: Perform Vanishing Attack
* Voice Line ID: 87
-> Audio Link: 2 parameters
* Condition: Go in MAX POWER Mode (Opp.)
* Voice Line ID: 86
-> Audio Link: 2 parameters
* Condition: Hit with 1st Blast 2
* Voice Line ID: 104
-> Audio Link: 2 parameters
* Condition: Hit with 2nd Blast 2
* Voice Line ID: 104
-> Audio Link: 2 parameters
* Condition: Perform Rush Attack (Opp.)
* Voice Line ID: 12
-> Audio Link: 2 parameters
* Condition: Lose 1 Health Bar (Opp.)
* Voice Line ID: 103
-> Audio Link: 2 parameters
* Condition: Hit with 2nd Blast 2 (Opp.)
* Voice Line ID: 20
-> Audio Link: 2 parameters
* Condition: Hit with 1st Blast 2 (Opp.)
* Voice Line ID: 21
-> Audio Link: 2 parameters
* Condition: Perform Fully Charged Left Smash Attack (Opp.)
* Voice Line ID: 52
-> Audio Link: 2 parameters
* Condition: Perform Dragon Homing
* Voice Line ID: 53
-> Audio Link: 2 parameters
* Condition: Perform Ultimate Blast (Opp.)
* Voice Line ID: 56
-> Audio Link: 2 parameters
* Condition: Perform Dragon Homing (Opp.)
* Voice Line ID: 110
-> Audio Link: 2 parameters
* Condition: Perform Rush Attack (Opp.)
* Voice Line ID: 102
-> Audio Link: 2 parameters
* Condition: Perform Fully Charged Down Smash Attack (Opp.)
* Voice Line ID: 52
-> Audio Link: 2 parameters
* Condition: Perform Fully Charged Neutral Smash Attack (Opp.)
* Voice Line ID: 52

[Store Player's Character Changes]
-> Assign Properties to Character: 1 parameter
* Character Index: 0

[Store Opponent's Character Changes]

[Post-Cutscene Event: 2 parameters]
* Event ID: Switch with Teammate #2
* Character ID: Goku (Inicio)

[Scene End & Battle Start]

===== SCENE 10012 =====

[Scene Start]

[Battle End: 1 parameter]
* Battle Outcome ID: -1

[Store Character Positions]

[Trigger Fade-Out: 1 parameter]
* Time (s): 1.0

[Enable Ki Charge Aura: 1 parameter]
* Character Index: 1

[Assign Character Position & Rotation: 7 parameters]
* Character Index: 0 (Opp.)
* Position (X): -49.640003
* Position (Y): -0.4
* Position (Z): 60.39
* Rotation (X): 0.0
* Rotation (Y): 132.91
* Rotation (Z): 0.0

[Assign Character Position & Rotation: 7 parameters]
* Character Index: 1
* Position (X): 166.71
* Position (Y): -0.4
* Position (Z): -43.93
* Rotation (X): 0.0
* Rotation (Y): -66.28
* Rotation (Z): 0.0

[Primary Camera Point: 6 parameters]
* Position (X): 202.73
* Position (Y): -41.602
* Position (Z): -59.751
* Rotation (Y): -24.02
* Rotation (X): -66.28
* Rotation (Z): 0.0

[Trigger Camera Shake: 1 parameter]
* Force/Intensity: 1.0
-> PROPERTY 119

[Assign Animation: 2 parameters]
* Character Index: 1
* ANM Name: SKILL_005_CHARGE_U
-> Enable ANM Loop

[Assign Animation: 2 parameters]
* Character Index: 0 (Opp.)
* ANM Name: SURPRISED
-> Enable ANM Loop

[Play Character Voice Line: 2 parameters]
* Character Index: 1
* Voice Line ID: 121
-> Wait until End of Voice Line

[Primary Camera Point: 6 parameters]
* Position (X): -51.02
* Position (Y): -15.502
* Position (Z): 43.751
* Rotation (Y): -8.11
* Rotation (X): -43.42
* Rotation (Z): 0.0

[Secondary Camera Point]
-> Additional Camera Point: 7 parameters
* Time (s): 4.8
* Position (X): -41.438
* Position (Y): -15.5
* Position (Z): 52.822
* Rotation (Y): -8.11
* Rotation (X): -43.42
* Rotation (Z): 0.0

[Play Character Voice Line: 2 parameters]
* Character Index: 0 (Opp.)
* Voice Line ID: 122
-> Wait until End of Voice Line

[Enable MAX POWER Mode Explosion: 1 parameter]
* Character Index: 1
-> PROPERTY 119

[Enable Ki Charge Aura: 1 parameter]
* Character Index: 1

[Primary Camera Point: 6 parameters]
* Position (X): 149.31
* Position (Y): -17.062
* Position (Z): -39.711
* Rotation (Y): -14.28
* Rotation (X): 101.11
* Rotation (Z): 0.0

[Secondary Camera Point]
-> Additional Camera Point: 7 parameters
* Time (s): 4.8
* Position (X): 156.388
* Position (Y): -12.7
* Position (Z): -38.581997
* Rotation (Y): 7.18
* Rotation (X): 116.04
* Rotation (Z): 0.0

[Play Character Voice Line: 2 parameters]
* Character Index: 0 (Opp.)
* Voice Line ID: 123
-> Wait until End of Voice Line

[Store VFX Switches]

[Store Conditional Properties]
-> Scene Link: 2 parameters
* Condition: Win via K.O.
* Scene ID: 10013
-> Scene Link: 2 parameters
* Condition: Win via K.O. (Opp.)
* Scene ID: 10040
-> Scene Link: 2 parameters
* Condition: Hit with Ultimate Blast
* Scene ID: 10013
-> Audio Link: 2 parameters
* Condition: Immediate
* Voice Line ID: 124

[Store Player's Character Changes]
-> Add Health: 1 parameter
* Health (%): 50
-> Replace Z-Item #2: 1 parameter
* Z-Item #2: Go To Hell

[Store Opponent's Character Changes]
-> Add Health: 1 parameter
* Health (%): 50

[Post-Cutscene Event: 2 parameters]
* Event ID: Trigger Ultimate Blast
* Character ID: Piccolo (inicio)

[Scene End & Battle Start]

===== SCENE 10013 =====

[Scene Start]

[Battle End: 1 parameter]
* Battle Outcome ID: -1

[Store Character Positions]

[Assign Character Position & Rotation: 7 parameters]
* Character Index: 0 (Opp.)
* Position (X): -49.640003
* Position (Y): -0.4
* Position (Z): 60.39
* Rotation (X): 0.0
* Rotation (Y): 132.91
* Rotation (Z): 0.0

[Assign Character Position & Rotation: 7 parameters]
* Character Index: 1
* Position (X): 166.71
* Position (Y): -0.4
* Position (Z): -43.93
* Rotation (X): 0.0
* Rotation (Y): -66.28
* Rotation (Z): 0.0

[Primary Camera Point: 6 parameters]
* Position (X): 128.06
* Position (Y): -19.962
* Position (Z): -25.051
* Rotation (Y): -4.49
* Rotation (X): 116.12
* Rotation (Z): 0.0

[Secondary Camera Point]
-> Additional Camera Point: 7 parameters
* Time (s): 1.8
* Position (X): 153.19
* Position (Y): -17.762
* Position (Z): -37.371
* Rotation (Y): -4.49
* Rotation (X): 116.12
* Rotation (Z): 0.0
-> Additional Camera Point: 7 parameters
* Time (s): 0.0
* Position (X): 186.16
* Position (Y): -21.512
* Position (Z): -39.891
* Rotation (Y): -20.52
* Rotation (X): -79.91
* Rotation (Z): 0.0
-> Additional Camera Point: 7 parameters
* Time (s): 4.0
* Position (X): 201.02
* Position (Y): -27.162
* Position (Z): -42.541
* Rotation (Y): -20.52
* Rotation (X): -79.91
* Rotation (Z): 0.0

[Trigger Camera Shake: 1 parameter]
* Force/Intensity: 1.0
-> PROPERTY 119

[Assign Animation: 2 parameters]
* Character Index: 3
* ANM Name: SURPRISED
-> Enable ANM Loop

[Play Character Voice Line: 2 parameters]
* Character Index: 3
* Voice Line ID: 125
-> Wait until End of Voice Line

[Assign Animation: 2 parameters]
* Character Index: 0 (Opp.)
* ANM Name: GROUND_TIRED
-> Enable ANM Loop

[Primary Camera Point: 6 parameters]
* Position (X): -43.33
* Position (Y): -13.602
* Position (Z): 52.291
* Rotation (Y): -11.91
* Rotation (X): -47.09
* Rotation (Z): 0.0

[Assign Animation: 2 parameters]
* Character Index: 0 (Opp.)
* ANM Name: SKILL_003_EVENT_1
-> Wait until End of ANM

[Play Character Voice Line: 2 parameters]
* Character Index: 0 (Opp.)
* Voice Line ID: 126
-> Wait until End of Voice Line

[Primary Camera Point: 6 parameters]
* Position (X): -38.69
* Position (Y): -11.922
* Position (Z): 59.801
* Rotation (Y): 5.52
* Rotation (X): -100.54
* Rotation (Z): 0.0

[Secondary Camera Point]
-> Additional Camera Point: 7 parameters
* Time (s): 4.8
* Position (X): -26.888
* Position (Y): -10.76
* Position (Z): 62.002
* Rotation (Y): 5.52
* Rotation (X): -100.54
* Rotation (Z): 0.0

[Play Character Voice Line: 2 parameters]
* Character Index: 0 (Opp.)
* Voice Line ID: 127
-> Wait until End of Voice Line

[Primary Camera Point: 6 parameters]
* Position (X): -46.86
* Position (Y): -12.502
* Position (Z): 44.811
* Rotation (Y): -1.18
* Rotation (X): -11.84
* Rotation (Z): 0.0

[Enable MAX POWER Mode Explosion: 1 parameter]
* Character Index: 0 (Opp.)
-> PROPERTY 119

[Play Character Voice Line: 2 parameters]
* Character Index: 0 (Opp.)
* Voice Line ID: 128
-> Wait until End of Voice Line

[Enable Ki Charge Aura: 1 parameter]
* Character Index: 0 (Opp.)

[Primary Camera Point: 6 parameters]
* Position (X): 188.79
* Position (Y): -23.922
* Position (Z): -47.381
* Rotation (Y): -58.42
* Rotation (X): -76.33
* Rotation (Z): 0.0

[Secondary Camera Point]
-> Additional Camera Point: 7 parameters
* Time (s): 1.0
* Position (X): 188.79
* Position (Y): -23.922
* Position (Z): -47.381
* Rotation (Y): -10.18
* Rotation (X): -76.33
* Rotation (Z): 0.0

[Play Character Voice Line: 2 parameters]
* Character Index: 1
* Voice Line ID: 55
-> Wait until End of Voice Line

[Primary Camera Point: 6 parameters]
* Position (X): 28.9
* Position (Y): -11.422
* Position (Z): -6.881
* Rotation (Y): -10.11
* Rotation (X): -49.83
* Rotation (Z): 0.0

[Secondary Camera Point]
-> Additional Camera Point: 7 parameters
* Time (s): 1.8
* Position (X): -37.058002
* Position (Y): -10.22
* Position (Z): 48.811996
* Rotation (Y): 1.39
* Rotation (X): -49.83
* Rotation (Z): 0.0

[Trigger Camera Shake: 1 parameter]
* Force/Intensity: 0.7

[Assign Animation: 2 parameters]
* Character Index: 0 (Opp.)
* ANM Name: SKILL_005_CHARGE_U
-> Enable ANM Loop

[Play Character Voice Line: 2 parameters]
* Character Index: 0 (Opp.)
* Voice Line ID: 56
-> Wait until End of Voice Line

[Store VFX Switches]

[Store Conditional Properties]
-> Scene Link: 2 parameters
* Condition: Win via K.O.
* Scene ID: 10030
-> Scene Link: 2 parameters
* Condition: Win via K.O. (Opp.)
* Scene ID: 10040
-> Scene Link: 2 parameters
* Condition: Immediate
* Scene ID: 10014
-> Audio Link: 2 parameters
* Condition: Immediate
* Voice Line ID: 125

[Store Player's Character Changes]
-> Add Health: 1 parameter
* Health (%): 50
-> Assign Properties to Character: 1 parameter
* Character Index: 1

[Store Opponent's Character Changes]
-> Add Health: 1 parameter
* Health (%): 50

[Post-Cutscene Event: 2 parameters]
* Event ID: Switch with Teammate #1
* Character ID: Piccolo (inicio)

[Scene End & Battle Start]

===== SCENE 10014 =====

[Scene Start]

[Battle End: 1 parameter]
* Battle Outcome ID: -1

[Store Character Positions]

[Assign Character Position & Rotation: 7 parameters]
* Character Index: 0 (Opp.)
* Position (X): -49.640003
* Position (Y): -0.4
* Position (Z): 60.39
* Rotation (X): 0.0
* Rotation (Y): 132.91
* Rotation (Z): 0.0

[Assign Character Position & Rotation: 7 parameters]
* Character Index: 0
* Position (X): -55.890003
* Position (Y): -0.8
* Position (Z): 67.07
* Rotation (X): 0.0
* Rotation (Y): 121.21
* Rotation (Z): 0.0

[Primary Camera Point: 6 parameters]
* Position (X): -60.98
* Position (Y): -28.672
* Position (Z): 22.291
* Rotation (Y): -20.34
* Rotation (X): 15.17
* Rotation (Z): 0.0

[Secondary Camera Point]
-> Additional Camera Point: 7 parameters
* Time (s): 8.0
* Position (X): -50.83
* Position (Y): -18.212
* Position (Z): 46.181
* Rotation (Y): -16.99
* Rotation (X): -8.2
* Rotation (Z): 0.0

[Trigger Camera Shake: 1 parameter]
* Force/Intensity: 1.0

[Assign Animation: 2 parameters]
* Character Index: 0
* ANM Name: SKILL_003_EVENT_1

[Assign Animation: 2 parameters]
* Character Index: 0 (Opp.)
* ANM Name: SKILL_003_EVENT_2
-> Wait until End of ANM

[Play Character Voice Line: 2 parameters]
* Character Index: 0
* Voice Line ID: 129
-> Wait until End of Voice Line

[Play Character Voice Line: 2 parameters]
* Character Index: 0
* Voice Line ID: 130
-> Wait until End of Voice Line

[Primary Camera Point: 6 parameters]
* Position (X): -62.32
* Position (Y): -15.352
* Position (Z): 69.791
* Rotation (Y): -12.69
* Rotation (X): 135.64
* Rotation (Z): 0.0

[Secondary Camera Point]
-> Additional Camera Point: 7 parameters
* Time (s): 8.0
* Position (X): -100.59
* Position (Y): -27.682
* Position (Z): 108.921
* Rotation (Y): -12.69
* Rotation (X): 135.64
* Rotation (Z): 0.0

[Play Character Voice Line: 2 parameters]
* Character Index: 1
* Voice Line ID: 131
-> Wait until End of Voice Line

[Assign Character Position & Rotation: 7 parameters]
* Character Index: 0 (Opp.)
* Position (X): -51.260002
* Position (Y): -0.4
* Position (Z): 59.87
* Rotation (X): 70.44
* Rotation (Y): 137.33
* Rotation (Z): 0.0

[Primary Camera Point: 6 parameters]
* Position (X): -20.57
* Position (Y): -8.182
* Position (Z): 24.861
* Rotation (Y): -9.06
* Rotation (X): -35.76
* Rotation (Z): 0.0

[Assign Animation: 2 parameters]
* Character Index: 0 (Opp.)
* ANM Name: SKILL_003_EVENT_3
-> Wait until End of ANM

[Assign Animation: 2 parameters]
* Character Index: 0
* ANM Name: SKILL_003_EVENT_2
-> Wait until End of ANM

[Play Character Voice Line: 2 parameters]
* Character Index: 0 (Opp.)
* Voice Line ID: 132
-> Wait until End of Voice Line

[Primary Camera Point: 6 parameters]
* Position (X): -49.53
* Position (Y): -14.952
* Position (Z): 62.351
* Rotation (Y): -16.11
* Rotation (X): -77.13
* Rotation (Z): 0.0

[Play Character Voice Line: 2 parameters]
* Character Index: 0
* Voice Line ID: 133
-> Wait until End of Voice Line

[Primary Camera Point: 6 parameters]
* Position (X): -40.19
* Position (Y): -2.522
* Position (Z): 43.291
* Rotation (Y): -4.49
* Rotation (X): -19.92
* Rotation (Z): 0.0

[Play Character Voice Line: 2 parameters]
* Character Index: 0 (Opp.)
* Voice Line ID: 134
-> Wait until End of Voice Line

[Primary Camera Point: 6 parameters]
* Position (X): -66.54
* Position (Y): -12.642
* Position (Z): 73.191
* Rotation (Y): -15.64
* Rotation (X): 131.6
* Rotation (Z): 0.0

[Secondary Camera Point]
-> Additional Camera Point: 7 parameters
* Time (s): 4.8
* Position (X): -90.318
* Position (Y): -24.56
* Position (Z): 91.282
* Rotation (Y): -17.72
* Rotation (X): 131.4
* Rotation (Z): 0.0

[Play Character Voice Line: 2 parameters]
* Character Index: 1
* Voice Line ID: 135
-> Wait until End of Voice Line

[Primary Camera Point: 6 parameters]
* Position (X): -42.14
* Position (Y): -3.192
* Position (Z): 40.891
* Rotation (Y): 12.83
* Rotation (X): -3.67
* Rotation (Z): 0.0

[Play Character Voice Line: 2 parameters]
* Character Index: 0 (Opp.)
* Voice Line ID: 136
-> Wait until End of Voice Line

[Primary Camera Point: 6 parameters]
* Position (X): -50.66
* Position (Y): -11.552
* Position (Z): 64.981
* Rotation (Y): 3.63
* Rotation (X): -118.42
* Rotation (Z): 0.0

[Play Character Voice Line: 2 parameters]
* Character Index: 0
* Voice Line ID: 137
-> Wait until End of Voice Line

[Primary Camera Point: 6 parameters]
* Position (X): -49.8
* Position (Y): -11.342
* Position (Z): 64.891
* Rotation (Y): -0.93
* Rotation (X): -102.31
* Rotation (Z): 0.0

[Secondary Camera Point]
-> Additional Camera Point: 7 parameters
* Time (s): 0.8
* Position (X): -11.428001
* Position (Y): -16.41
* Position (Z): 68.161995
* Rotation (Y): -19.06
* Rotation (X): -102.31
* Rotation (Z): 0.0

[Trigger Camera Shake: 1 parameter]
* Force/Intensity: 0.7

[Play Character Voice Line: 2 parameters]
* Character Index: 1
* Voice Line ID: 138
-> Wait until End of Voice Line

[Primary Camera Point: 6 parameters]
* Position (X): -32.5
* Position (Y): -11.082
* Position (Z): 28.101
* Rotation (Y): -8.12
* Rotation (X): -24.08
* Rotation (Z): 0.0

[Play Character Voice Line: 2 parameters]
* Character Index: 0 (Opp.)
* Voice Line ID: 139
-> Wait until End of Voice Line

[Assign Animation: 2 parameters]
* Character Index: 0
* ANM Name: GROUND_TIRED
-> Wait until End of ANM

[Play Character Voice Line: 2 parameters]
* Character Index: 0 (Opp.)
* Voice Line ID: 140
-> Wait until End of Voice Line

[Assign Character Position & Rotation: 7 parameters]
* Character Index: 0 (Opp.)
* Position (X): -49.640003
* Position (Y): -0.4
* Position (Z): 60.39
* Rotation (X): 0.0
* Rotation (Y): 132.91
* Rotation (Z): 0.0

[Assign Character Position & Rotation: 7 parameters]
* Character Index: 0
* Position (X): -49.640003
* Position (Y): -0.8
* Position (Z): 60.39
* Rotation (X): 180.0
* Rotation (Y): -175.24
* Rotation (Z): 0.0

[Primary Camera Point: 6 parameters]
* Position (X): -50.2
* Position (Y): -13.152
* Position (Z): 51.811
* Rotation (Y): 12.7
* Rotation (X): -2.94
* Rotation (Z): 0.0

[Secondary Camera Point]
-> Additional Camera Point: 7 parameters
* Time (s): 10.0
* Position (X): -49.77
* Position (Y): -1.962
* Position (Z): 43.551
* Rotation (Y): 26.27
* Rotation (X): -2.94
* Rotation (Z): 0.0

[Assign Animation: 2 parameters]
* Character Index: 0
* ANM Name: SKILL_003_EVENT_3
-> Wait until End of ANM

[Assign Animation: 2 parameters]
* Character Index: 0 (Opp.)
* ANM Name: SKILL_003_EVENT_4
-> Wait until End of ANM

[Play Character Voice Line: 2 parameters]
* Character Index: 0 (Opp.)
* Voice Line ID: 141
-> Wait until End of Voice Line

[Primary Camera Point: 6 parameters]
* Position (X): -49.99
* Position (Y): -10.842
* Position (Z): 54.031
* Rotation (Y): -90.7
* Rotation (X): 177.52
* Rotation (Z): 0.0

[Play Character Voice Line: 2 parameters]
* Character Index: 0
* Voice Line ID: 142
-> Wait until End of Voice Line

[Primary Camera Point: 6 parameters]
* Position (X): -35.85
* Position (Y): -13.002
* Position (Z): 32.031
* Rotation (Y): -5.42
* Rotation (X): -24.16
* Rotation (Z): 0.0

[Secondary Camera Point]
-> Additional Camera Point: 7 parameters
* Time (s): 20.8
* Position (X): -19.798
* Position (Y): -14.24
* Position (Z): 49.202
* Rotation (Y): -14.56
* Rotation (X): -67.8
* Rotation (Z): 0.0

[Trigger Camera Shake: 1 parameter]
* Force/Intensity: 0.7

[Play Character Voice Line: 2 parameters]
* Character Index: 0 (Opp.)
* Voice Line ID: 59
-> Wait until End of Voice Line

[Play Character Voice Line: 2 parameters]
* Character Index: 0 (Opp.)
* Voice Line ID: 144
-> Wait until End of Voice Line

[Play Character Voice Line: 2 parameters]
* Character Index: 0
* Voice Line ID: 145
-> Wait until End of Voice Line

[Primary Camera Point: 6 parameters]
* Position (X): -47.18
* Position (Y): -6.622
* Position (Z): 26.541
* Rotation (Y): 4.11
* Rotation (X): -3.48
* Rotation (Z): 0.0

[Secondary Camera Point]
-> Additional Camera Point: 7 parameters
* Time (s): 0.8
* Position (X): -48.198
* Position (Y): -7.8
* Position (Z): 43.022
* Rotation (Y): 4.11
* Rotation (X): -3.48
* Rotation (Z): 0.0

[Trigger Camera Shake: 1 parameter]
* Force/Intensity: 0.7

[Play Character Voice Line: 2 parameters]
* Character Index: 0 (Opp.)
* Voice Line ID: 146
-> Wait until End of Voice Line

[Store VFX Switches]

[Store Conditional Properties]
-> Scene Link: 2 parameters
* Condition: Win via K.O.
* Scene ID: 10030
-> Scene Link: 2 parameters
* Condition: Win via K.O. (Opp.)
* Scene ID: 10040
-> Scene Link: 2 parameters
* Condition: Immediate
* Scene ID: 10015

[Store Player's Character Changes]
-> Add Health: 1 parameter
* Health (%): 50
-> Assign Properties to Character: 1 parameter
* Character Index: 1

[Store Opponent's Character Changes]
-> Add Health: 1 parameter
* Health (%): 50

[Post-Cutscene Event: 2 parameters]
* Event ID: Switch with Teammate #3
* Character ID: Piccolo (inicio)

[Scene End & Battle Start]

===== SCENE 10015 =====

[Scene Start]

[Battle End: 1 parameter]
* Battle Outcome ID: -1

[Store Character Positions]

[Assign Character Position & Rotation: 7 parameters]
* Character Index: 0 (Opp.)
* Position (X): -49.640003
* Position (Y): -0.4
* Position (Z): 60.39
* Rotation (X): 0.0
* Rotation (Y): 132.91
* Rotation (Z): 0.0

[Assign Character Position & Rotation: 7 parameters]
* Character Index: 2
* Position (X): 166.71
* Position (Y): -0.4
* Position (Z): -43.93
* Rotation (X): 0.0
* Rotation (Y): -66.28
* Rotation (Z): 0.0

[Primary Camera Point: 6 parameters]
* Position (X): -75.06
* Position (Y): -22.052
* Position (Z): 52.121
* Rotation (Y): -18.41
* Rotation (X): 98.43
* Rotation (Z): 0.0

[Secondary Camera Point]
-> Additional Camera Point: 7 parameters
* Time (s): 2.8
* Position (X): -96.47
* Position (Y): -29.262
* Position (Z): 55.291
* Rotation (Y): -18.41
* Rotation (X): 98.43
* Rotation (Z): 0.0

[Trigger Camera Shake: 1 parameter]
* Force/Intensity: 1.0

[Enable Ki Charge Aura: 1 parameter]
* Character Index: 2
-> PROPERTY 119

[Assign Animation: 2 parameters]
* Character Index: 0 (Opp.)
* ANM Name: SURPRISED
-> Enable ANM Loop

[Assign Animation: 2 parameters]
* Character Index: 2
* ANM Name: SURPRISED
-> Enable ANM Loop

[Play Character Voice Line: 2 parameters]
* Character Index: 0 (Opp.)
* Voice Line ID: 147
-> Wait until End of Voice Line

[Primary Camera Point: 6 parameters]
* Position (X): 162.78
* Position (Y): -12.902
* Position (Z): -35.211
* Rotation (Y): -10.6
* Rotation (X): 105.93
* Rotation (Z): 0.0

[Secondary Camera Point]
-> Additional Camera Point: 7 parameters
* Time (s): 2.8
* Position (X): 160.168
* Position (Y): -12.9
* Position (Z): -44.371998
* Rotation (Y): -10.6
* Rotation (X): 105.93
* Rotation (Z): 0.0

[Play Character Voice Line: 2 parameters]
* Character Index: 1
* Voice Line ID: 148
-> Wait until End of Voice Line

[Primary Camera Point: 6 parameters]
* Position (X): -45.55
* Position (Y): -14.832
* Position (Z): 54.131
* Rotation (Y): -1.94
* Rotation (X): -28.69
* Rotation (Z): 0.0

[Secondary Camera Point]
-> Additional Camera Point: 7 parameters
* Time (s): 4.8
* Position (X): -45.55
* Position (Y): -14.832
* Position (Z): 54.131
* Rotation (Y): -1.94
* Rotation (X): -28.69
* Rotation (Z): -26.7

[Play Character Voice Line: 2 parameters]
* Character Index: 0 (Opp.)
* Voice Line ID: 149
-> Wait until End of Voice Line

[Play Character Voice Line: 2 parameters]
* Character Index: 0 (Opp.)
* Voice Line ID: 150
-> Wait until End of Voice Line

[Primary Camera Point: 6 parameters]
* Position (X): 144.25
* Position (Y): -18.252
* Position (Z): -34.791
* Rotation (Y): -31.35
* Rotation (X): 110.99
* Rotation (Z): 0.0

[Secondary Camera Point]
-> Additional Camera Point: 7 parameters
* Time (s): 4.8
* Position (X): 157.358
* Position (Y): -9.02
* Position (Z): -39.822
* Rotation (Y): 4.27
* Rotation (X): 110.99
* Rotation (Z): 0.0

[Assign Animation: 2 parameters]
* Character Index: 2
* ANM Name: CHARGE_IN
-> Wait until End of ANM

[Play Character Voice Line: 2 parameters]
* Character Index: 2
* Voice Line ID: 151
-> Wait until End of Voice Line

[Store VFX Switches]

[Store Conditional Properties]
-> Scene Link: 2 parameters
* Condition: Win via K.O.
* Scene ID: 10016
-> Scene Link: 2 parameters
* Condition: Win via K.O. (Opp.)
* Scene ID: 10040
-> Audio Link: 2 parameters
* Condition: Immediate
* Voice Line ID: 152

[Store Player's Character Changes]
-> Add Health: 1 parameter
* Health (%): 50
-> Replace Z-Item #7: 1 parameter
* Z-Item #7: Go To Hell

[Store Opponent's Character Changes]
-> Add Health: 1 parameter
* Health (%): 50

[Post-Cutscene Event: 2 parameters]
* Event ID: Trigger 1st Blast 2
* Character ID: Piccolo (inicio)

[Scene End & Battle Start]

===== SCENE 10016 =====

[Scene Start]

[Battle End: 1 parameter]
* Battle Outcome ID: -1

[Store Character Positions]

[Music Change: 1 parameter]
* Music: Vacio 3
-> PROPERTY 119

[Assign Character Position & Rotation: 7 parameters]
* Character Index: 0 (Opp.)
* Position (X): -49.640003
* Position (Y): -0.4
* Position (Z): 60.39
* Rotation (X): 0.0
* Rotation (Y): 132.91
* Rotation (Z): 0.0

[Assign Character Position & Rotation: 7 parameters]
* Character Index: 2
* Position (X): -42.940002
* Position (Y): -6.36
* Position (Z): 43.039997
* Rotation (X): 0.0
* Rotation (Y): -20.1
* Rotation (Z): 0.0

[Primary Camera Point: 6 parameters]
* Position (X): -39.34
* Position (Y): -16.672
* Position (Z): 50.281
* Rotation (Y): -10.3
* Rotation (X): -47.95
* Rotation (Z): -11.11

[Trigger Camera Shake: 1 parameter]
* Force/Intensity: 1.0
-> PROPERTY 119

[Assign Animation: 2 parameters]
* Character Index: 2
* ANM Name: SKILL_003_EVENT_5
-> Wait until End of ANM

[Assign Animation: 2 parameters]
* Character Index: 0 (Opp.)
* ANM Name: SKILL_005_EVENT_1
-> Wait until End of ANM

[Play Character Voice Line: 2 parameters]
* Character Index: 0 (Opp.)
* Voice Line ID: 153
-> Wait until End of Voice Line

[Assign Character Position & Rotation: 7 parameters]
* Character Index: 2
* Position (X): -42.940002
* Position (Y): -6.36
* Position (Z): 43.039997
* Rotation (X): 0.0
* Rotation (Y): -20.1
* Rotation (Z): -22.92

[Primary Camera Point: 6 parameters]
* Position (X): -42.94
* Position (Y): -15.642
* Position (Z): 54.931
* Rotation (Y): -2.51
* Rotation (X): -56.01
* Rotation (Z): -18.1

[Secondary Camera Point]
-> Additional Camera Point: 7 parameters
* Time (s): 5.8
* Position (X): -41.63
* Position (Y): -15.432
* Position (Z): 55.391
* Rotation (Y): -2.51
* Rotation (X): -56.01
* Rotation (Z): 20.4

[Assign Animation: 2 parameters]
* Character Index: 0 (Opp.)
* ANM Name: SKILL_005_EVENT_2
-> Wait until End of ANM

[Play Character Voice Line: 2 parameters]
* Character Index: 0 (Opp.)
* Voice Line ID: 154
-> Wait until End of Voice Line

[Store VFX Switches]

[Store Conditional Properties]
-> Scene Link: 2 parameters
* Condition: Win via K.O.
* Scene ID: 10030
-> Scene Link: 2 parameters
* Condition: Win via K.O. (Opp.)
* Scene ID: 10040
-> Scene Link: 2 parameters
* Condition: Immediate
* Scene ID: 10017

[Store Player's Character Changes]
-> Add Health: 1 parameter
* Health (%): 50
-> Assign Properties to Character: 1 parameter
* Character Index: 1

[Store Opponent's Character Changes]
-> Add Health: 1 parameter
* Health (%): 50

[Post-Cutscene Event: 2 parameters]
* Event ID: Battle Finish
* Character ID: Piccolo (inicio)

[Scene End & Battle Start]

===== SCENE 10017 =====

[Scene Start]

[Battle End: 1 parameter]
* Battle Outcome ID: -1

[Store Character Positions]

[Music Change: 1 parameter]
* Music: DBZ - Fearsome Ginyu Force

[Assign Character Position & Rotation: 7 parameters]
* Character Index: 0 (Opp.)
* Position (X): -49.640003
* Position (Y): -0.4
* Position (Z): 60.39
* Rotation (X): 0.0
* Rotation (Y): 132.91
* Rotation (Z): 0.0

[Assign Character Position & Rotation: 7 parameters]
* Character Index: 2
* Position (X): -16.270002
* Position (Y): -0.5
* Position (Z): -10.419999
* Rotation (X): 0.0
* Rotation (Y): -36.02
* Rotation (Z): 0.0

[Primary Camera Point: 6 parameters]
* Position (X): -45.62
* Position (Y): -13.662
* Position (Z): 36.811
* Rotation (Y): -16.48
* Rotation (X): -12.82
* Rotation (Z): -11.11

[Trigger Camera Shake: 1 parameter]
* Force/Intensity: 1.0

[Assign Animation: 2 parameters]
* Character Index: 0 (Opp.)
* ANM Name: GROUND_TIRED
-> Enable ANM Loop

[Assign Animation: 2 parameters]
* Character Index: 2
* ANM Name: LOSE
-> Wait until End of ANM

[Play Character Voice Line: 2 parameters]
* Character Index: 0 (Opp.)
* Voice Line ID: 155
-> Wait until End of Voice Line

[Primary Camera Point: 6 parameters]
* Position (X): -67.7
* Position (Y): -17.472
* Position (Z): 71.081
* Rotation (Y): -11.1
* Rotation (X): 135.44
* Rotation (Z): -18.1

[Secondary Camera Point]
-> Additional Camera Point: 7 parameters
* Time (s): 3.8
* Position (X): -82.29
* Position (Y): -21.552
* Position (Z): 85.901
* Rotation (Y): -11.1
* Rotation (X): 135.44
* Rotation (Z): 20.4

[Play Character Voice Line: 2 parameters]
* Character Index: 0 (Opp.)
* Voice Line ID: 156
-> Wait until End of Voice Line

[Play Character Voice Line: 2 parameters]
* Character Index: 0 (Opp.)
* Voice Line ID: 157
-> Wait until End of Voice Line

[Assign Character Position & Rotation: 7 parameters]
* Character Index: 0 (Opp.)
* Position (X): -43.02
* Position (Y): -0.4
* Position (Z): 31.58
* Rotation (X): 0.0
* Rotation (Y): 149.14
* Rotation (Z): 0.0

[Primary Camera Point: 6 parameters]
* Position (X): -36.17
* Position (Y): -14.282
* Position (Z): 56.581
* Rotation (Y): -4.12
* Rotation (X): -178.1
* Rotation (Z): 0.0

[Assign Animation: 2 parameters]
* Character Index: 0 (Opp.)
* ANM Name: SKILL_005_IN
-> Wait until End of ANM

[Play Character Voice Line: 2 parameters]
* Character Index: 0 (Opp.)
* Voice Line ID: 158
-> Wait until End of Voice Line

[Store VFX Switches]

[Store Conditional Properties]
-> Scene Link: 2 parameters
* Condition: Win via K.O.
* Scene ID: 10030
-> Scene Link: 2 parameters
* Condition: Win via K.O. (Opp.)
* Scene ID: 10040
-> Scene Link: 2 parameters
* Condition: Immediate
* Scene ID: 10018

[Store Player's Character Changes]
-> Add Health: 1 parameter
* Health (%): 50
-> Replace Z-Item #2: 1 parameter
* Z-Item #2: N/A

[Store Opponent's Character Changes]
-> Add Health: 1 parameter
* Health (%): 50

[Post-Cutscene Event: 2 parameters]
* Event ID: Switch with Teammate #1
* Character ID: Piccolo (inicio)

[Scene End & Battle Start]

===== SCENE 10018 =====

[Scene Start]

[Battle End: 1 parameter]
* Battle Outcome ID: -1

[Store Character Positions]

[Assign Character Position & Rotation: 7 parameters]
* Character Index: 0 (Opp.)
* Position (X): -49.640003
* Position (Y): -0.4
* Position (Z): 60.39
* Rotation (X): 0.0
* Rotation (Y): 132.91
* Rotation (Z): 0.0

[Assign Character Position & Rotation: 7 parameters]
* Character Index: 0
* Position (X): -51.460003
* Position (Y): -1.8
* Position (Z): 62.25
* Rotation (X): 0.0
* Rotation (Y): 132.91
* Rotation (Z): 0.0

[Primary Camera Point: 6 parameters]
* Position (X): -31.81
* Position (Y): -17.632
* Position (Z): 70.321
* Rotation (Y): -5.91
* Rotation (X): -107.09
* Rotation (Z): 0.0

[Secondary Camera Point]
-> Additional Camera Point: 7 parameters
* Time (s): 8.0
* Position (X): -29.78
* Position (Y): -17.632
* Position (Z): 59.631
* Rotation (Y): -5.91
* Rotation (X): -86.67
* Rotation (Z): 0.0

[Trigger Camera Shake: 1 parameter]
* Force/Intensity: 1.0

[Assign Animation: 2 parameters]
* Character Index: 0
* ANM Name: SKILL_003_EVENT_4

[Assign Animation: 2 parameters]
* Character Index: 0 (Opp.)
* ANM Name: SKILL_003_EVENT_5
-> Wait until End of ANM

[Play Character Voice Line: 2 parameters]
* Character Index: 0
* Voice Line ID: 65
-> Wait until End of Voice Line

[Play Character Voice Line: 2 parameters]
* Character Index: 0 (Opp.)
* Voice Line ID: 159
-> Wait until End of Voice Line

[Primary Camera Point: 6 parameters]
* Position (X): -37.05
* Position (Y): -13.062
* Position (Z): 60.571
* Rotation (Y): -35.99
* Rotation (X): -85.06
* Rotation (Z): 0.0

[Secondary Camera Point]
-> Additional Camera Point: 7 parameters
* Time (s): 1.0
* Position (X): -37.05
* Position (Y): -13.062
* Position (Z): 60.571
* Rotation (Y): 3.22
* Rotation (X): -85.06
* Rotation (Z): 0.0

[Play Character Voice Line: 2 parameters]
* Character Index: 0 (Opp.)
* Voice Line ID: 160
-> Wait until End of Voice Line

[Primary Camera Point: 6 parameters]
* Position (X): -47.48
* Position (Y): -17.712
* Position (Z): 66.981
* Rotation (Y): -23.63
* Rotation (X): -165.63
* Rotation (Z): 0.0

[Play Character Voice Line: 2 parameters]
* Character Index: 0
* Voice Line ID: 161
-> Wait until End of Voice Line

[Store VFX Switches]

[Store Conditional Properties]
-> Scene Link: 2 parameters
* Condition: Win via K.O.
* Scene ID: 10030
-> Scene Link: 2 parameters
* Condition: Win via K.O. (Opp.)
* Scene ID: 10040
-> Scene Link: 2 parameters
* Condition: Immediate
* Scene ID: 10006

[Store Player's Character Changes]
-> Add Health: 1 parameter
* Health (%): 50
-> Assign Properties to Character: 1 parameter
* Character Index: 1

[Store Opponent's Character Changes]
-> Add Health: 1 parameter
* Health (%): 50

[Post-Cutscene Event: 2 parameters]
* Event ID: Switch with Teammate #2
* Character ID: Piccolo (inicio)

[Scene End & Battle Start]

===== SCENE 10030 =====

[Scene Start]

[Battle End: 1 parameter]
* Battle Outcome ID: 1

[Store Character Positions]

[Assign Character Position & Rotation: 7 parameters]
* Character Index: 0 (Opp.)
* Position (X): -88.0
* Position (Y): 0.0
* Position (Z): 0.0
* Rotation (X): 0.0
* Rotation (Y): 90.0
* Rotation (Z): 0.0

[Assign Character Position & Rotation: 7 parameters]
* Character Index: 1
* Position (X): -51.2
* Position (Y): -0.7
* Position (Z): 0.0
* Rotation (X): 0.0
* Rotation (Y): -90.0
* Rotation (Z): 0.0

[Disable Lingering Aura: 1 parameter]
* Character Index: 0 (Opp.)

[Disable Lingering Aura: 1 parameter]
* Character Index: 1

[Assign Animation: 2 parameters]
* Character Index: 0 (Opp.)
* ANM Name: LOSE

[Assign Animation: 2 parameters]
* Character Index: 1
* ANM Name: WIN_LOOP
-> Enable ANM Loop

[Primary Camera Point: 6 parameters]
* Position (X): -34.355
* Position (Y): -16.53
* Position (Z): -20.669
* Rotation (Y): -12.775
* Rotation (X): -51.65
* Rotation (Z): 0.0

[Play Character Voice Line: 2 parameters]
* Character Index: 1
* Voice Line ID: 78
-> Wait until End of Voice Line

[Store VFX Switches]

[Store Conditional Properties]

[Store Player's Character Changes]

[Store Opponent's Character Changes]

[Post-Cutscene Event: 2 parameters]
* Event ID: Aerial Clash
* Character ID: N/A

[Scene End & Battle Start]

===== SCENE 10031 =====

[Scene Start]

[Battle End: 1 parameter]
* Battle Outcome ID: 1

[Store Character Positions]

[Assign Character Position & Rotation: 7 parameters]
* Character Index: 0 (Opp.)
* Position (X): -88.0
* Position (Y): 0.0
* Position (Z): 0.0
* Rotation (X): 0.0
* Rotation (Y): 90.0
* Rotation (Z): 0.0

[Assign Character Position & Rotation: 7 parameters]
* Character Index: 0
* Position (X): -51.2
* Position (Y): 0.0
* Position (Z): 0.0
* Rotation (X): 0.0
* Rotation (Y): -90.0
* Rotation (Z): 0.0

[Disable Lingering Aura: 1 parameter]
* Character Index: 0 (Opp.)

[Disable Lingering Aura: 1 parameter]
* Character Index: 0

[Assign Animation: 2 parameters]
* Character Index: 0 (Opp.)
* ANM Name: LOSE

[Assign Animation: 2 parameters]
* Character Index: 0
* ANM Name: WIN_LOOP
-> Enable ANM Loop

[Primary Camera Point: 6 parameters]
* Position (X): -83.077
* Position (Y): -7.979
* Position (Z): 16.748
* Rotation (Y): 0.393
* Rotation (X): 139.766
* Rotation (Z): 0.0

[Play Character Voice Line: 2 parameters]
* Character Index: 0
* Voice Line ID: 79
-> Wait until End of Voice Line

[Store VFX Switches]

[Store Conditional Properties]

[Store Player's Character Changes]

[Store Opponent's Character Changes]

[Post-Cutscene Event: 2 parameters]
* Event ID: Aerial Clash
* Character ID: N/A

[Scene End & Battle Start]

===== SCENE 10032 =====

[Scene Start]

[Battle End: 1 parameter]
* Battle Outcome ID: 1

[Store Character Positions]

[Assign Character Position & Rotation: 7 parameters]
* Character Index: 1
* Position (X): 24.67
* Position (Y): -0.4
* Position (Z): -55.32
* Rotation (X): 0.0
* Rotation (Y): 7.5
* Rotation (Z): 0.0

[Assign Character Position & Rotation: 7 parameters]
* Character Index: 0 (Opp.)
* Position (X): 25.7
* Position (Y): -4.2
* Position (Z): -30.6
* Rotation (X): 0.0
* Rotation (Y): -40.0
* Rotation (Z): 0.0

[Assign Animation: 2 parameters]
* Character Index: 1
* ANM Name: STAND_LOOP
-> Enable ANM Loop

[Assign Animation: 2 parameters]
* Character Index: 0 (Opp.)
* ANM Name: SKILL_005_EVENT_3
-> Wait until End of ANM

[Disable Lingering Aura: 1 parameter]
* Character Index: 0 (Opp.)

[Disable Lingering Aura: 1 parameter]
* Character Index: 1

[Primary Camera Point: 6 parameters]
* Position (X): 26.769
* Position (Y): -3.872
* Position (Z): -38.404
* Rotation (Y): -7.723
* Rotation (X): -171.197
* Rotation (Z): 0.0

[Secondary Camera Point]
-> Additional Camera Point: 7 parameters
* Time (s): 5.0
* Position (X): 26.769
* Position (Y): -3.872
* Position (Z): -38.404
* Rotation (Y): 25.583
* Rotation (X): -171.197
* Rotation (Z): 0.0

[Play Character Voice Line: 2 parameters]
* Character Index: 0 (Opp.)
* Voice Line ID: 71
-> Wait until End of Voice Line

[Primary Camera Point: 6 parameters]
* Position (X): 21.969
* Position (Y): -4.582
* Position (Z): -39.584
* Rotation (Y): -17.393
* Rotation (X): 52.917
* Rotation (Z): 0.0

[Play Character Voice Line: 2 parameters]
* Character Index: 0 (Opp.)
* Voice Line ID: 162
-> Wait until End of Voice Line

[Primary Camera Point: 6 parameters]
* Position (X): 36.448997
* Position (Y): -3.902
* Position (Z): -28.404
* Rotation (Y): -6.113
* Rotation (X): -152.927
* Rotation (Z): 0.0

[Secondary Camera Point]
-> Additional Camera Point: 7 parameters
* Time (s): 6.0
* Position (X): 34.189
* Position (Y): -5.742
* Position (Z): -29.254
* Rotation (Y): 2.483
* Rotation (X): -155.617
* Rotation (Z): 0.0
-> Additional Camera Point: 7 parameters
* Time (s): 0.0
* Position (X): 30.939
* Position (Y): -17.312
* Position (Z): -70.524
* Rotation (Y): -18.473
* Rotation (X): 0.277
* Rotation (Z): 0.0
-> Additional Camera Point: 7 parameters
* Time (s): 6.0
* Position (X): 30.859
* Position (Y): -23.272
* Position (Z): -88.384
* Rotation (Y): -18.473
* Rotation (X): 0.277
* Rotation (Z): 0.0

[Play Character Voice Line: 2 parameters]
* Character Index: 1
* Voice Line ID: 163
-> Wait until End of Voice Line

[Primary Camera Point: 6 parameters]
* Position (X): 25.758999
* Position (Y): -3.312
* Position (Z): -39.694
* Rotation (Y): -21.153
* Rotation (X): 28.217
* Rotation (Z): 0.0

[Play Character Voice Line: 2 parameters]
* Character Index: 0 (Opp.)
* Voice Line ID: 164
-> Wait until End of Voice Line

[Music Change: 1 parameter]
* Music: Vacio 3
-> PROPERTY 119

[Play Character Voice Line: 2 parameters]
* Character Index: 0 (Opp.)
* Voice Line ID: 72
-> Wait until End of Voice Line

[Primary Camera Point: 6 parameters]
* Position (X): 25.709
* Position (Y): -14.602
* Position (Z): -48.344
* Rotation (Y): 19.673
* Rotation (X): -173.767
* Rotation (Z): 0.0

[Play Character Voice Line: 2 parameters]
* Character Index: 0 (Opp.)
* Voice Line ID: 165
-> Wait until End of Voice Line

[Play Character Voice Line: 2 parameters]
* Character Index: 0
* Voice Line ID: 166
-> Wait until End of Voice Line

[Primary Camera Point: 6 parameters]
* Position (X): 28.619
* Position (Y): -5.762
* Position (Z): -43.044
* Rotation (Y): -35.123
* Rotation (X): 9.527
* Rotation (Z): 0.0

[Play Character Voice Line: 2 parameters]
* Character Index: 0 (Opp.)
* Voice Line ID: 167
-> Wait until End of Voice Line

[Primary Camera Point: 6 parameters]
* Position (X): 26.52
* Position (Y): -2.866
* Position (Z): -39.882
* Rotation (Y): -29.212
* Rotation (X): 33.698997
* Rotation (Z): 0.0

[Secondary Camera Point]
-> Additional Camera Point: 7 parameters
* Time (s): 10.0
* Position (X): 22.864
* Position (Y): -6.554
* Position (Z): -45.361
* Rotation (Y): -29.212
* Rotation (X): 33.698997
* Rotation (Z): 0.0

[Play Character Voice Line: 2 parameters]
* Character Index: 0 (Opp.)
* Voice Line ID: 74
-> Wait until End of Voice Line

[Primary Camera Point: 6 parameters]
* Position (X): 27.526999
* Position (Y): -2.893
* Position (Z): -40.901
* Rotation (Y): -21.69
* Rotation (X): 10.056001
* Rotation (Z): 0.0

[Play Character Voice Line: 2 parameters]
* Character Index: 0 (Opp.)
* Voice Line ID: 168
-> Wait until End of Voice Line

[Primary Camera Point: 6 parameters]
* Position (X): 29.315
* Position (Y): -2.824
* Position (Z): -41.854
* Rotation (Y): -16.326002
* Rotation (X): -8.219001
* Rotation (Z): 0.0

[Secondary Camera Point]
-> Additional Camera Point: 7 parameters
* Time (s): 9.0
* Position (X): 31.646
* Position (Y): -7.593
* Position (Z): -57.979
* Rotation (Y): -16.324001
* Rotation (X): -8.213
* Rotation (Z): 0.0

[Play Character Voice Line: 2 parameters]
* Character Index: 0 (Opp.)
* Voice Line ID: 75
-> Wait until End of Voice Line

[Primary Camera Point: 6 parameters]
* Position (X): 26.535
* Position (Y): -14.527
* Position (Z): -37.732002
* Rotation (Y): 1.413
* Rotation (X): -172.041
* Rotation (Z): 0.0

[Secondary Camera Point]
-> Additional Camera Point: 7 parameters
* Time (s): 0.5
* Position (X): 25.007
* Position (Y): -17.632
* Position (Z): -52.118
* Rotation (Y): 17.523
* Rotation (X): -172.046
* Rotation (Z): 0.0

[Trigger Camera Shake: 1 parameter]
* Force/Intensity: 0.4

[Play Character Voice Line: 2 parameters]
* Character Index: 0 (Opp.)
* Voice Line ID: 76
-> Wait until End of Voice Line

[Primary Camera Point: 6 parameters]
* Position (X): 33.281
* Position (Y): -13.271
* Position (Z): -16.981
* Rotation (Y): -16.328999
* Rotation (X): -171.392
* Rotation (Z): 0.0

[Play Character Voice Line: 2 parameters]
* Character Index: 1
* Voice Line ID: 77
-> Wait until End of Voice Line

[Store VFX Switches]

[Store Conditional Properties]

[Store Player's Character Changes]

[Store Opponent's Character Changes]

[Post-Cutscene Event: 2 parameters]
* Event ID: Aerial Clash
* Character ID: N/A

[Scene End & Battle Start]

===== SCENE 10040 =====

[Scene Start]

[Battle End: 1 parameter]
* Battle Outcome ID: 0

[Store Character Positions]

[Assign Character Position & Rotation: 7 parameters]
* Character Index: 1
* Position (X): -19.3
* Position (Y): -0.4
* Position (Z): 23.0
* Rotation (X): 0.0
* Rotation (Y): 140.0
* Rotation (Z): 0.0

[Assign Character Position & Rotation: 7 parameters]
* Character Index: 0 (Opp.)
* Position (X): 19.3
* Position (Y): -1.3
* Position (Z): -23.0
* Rotation (X): 0.0
* Rotation (Y): -40.0
* Rotation (Z): 0.0

[Disable Lingering Aura: 1 parameter]
* Character Index: 0 (Opp.)

[Disable Lingering Aura: 1 parameter]
* Character Index: 1

[Assign Animation: 2 parameters]
* Character Index: 1
* ANM Name: LOSE

[Assign Animation: 2 parameters]
* Character Index: 0 (Opp.)
* ANM Name: WIN_LOOP
-> Enable ANM Loop

[Primary Camera Point: 6 parameters]
* Position (X): -11.8
* Position (Y): -22.112
* Position (Z): 34.985
* Rotation (Y): -22.058
* Rotation (X): 163.165
* Rotation (Z): 0.0

[Play Character Voice Line: 2 parameters]
* Character Index: 0 (Opp.)
* Voice Line ID: 32
-> Wait until End of Voice Line

[Store VFX Switches]

[Store Conditional Properties]

[Store Player's Character Changes]

[Store Opponent's Character Changes]

[Post-Cutscene Event: 2 parameters]
* Event ID: Aerial Clash
* Character ID: N/A

[Scene End & Battle Start]

===== SCENE 10041 =====

[Scene Start]

[Battle End: 1 parameter]
* Battle Outcome ID: 0

[Store Character Positions]

[Assign Character Position & Rotation: 7 parameters]
* Character Index: 0
* Position (X): -19.3
* Position (Y): -0.4
* Position (Z): 23.0
* Rotation (X): 0.0
* Rotation (Y): 140.0
* Rotation (Z): 0.0

[Assign Character Position & Rotation: 7 parameters]
* Character Index: 0 (Opp.)
* Position (X): 19.3
* Position (Y): -1.3
* Position (Z): -23.0
* Rotation (X): 0.0
* Rotation (Y): -40.0
* Rotation (Z): 0.0

[Disable Lingering Aura: 1 parameter]
* Character Index: 0 (Opp.)

[Disable Lingering Aura: 1 parameter]
* Character Index: 0

[Assign Animation: 2 parameters]
* Character Index: 0
* ANM Name: LOSE

[Assign Animation: 2 parameters]
* Character Index: 0 (Opp.)
* ANM Name: WIN_LOOP
-> Enable ANM Loop

[Primary Camera Point: 6 parameters]
* Position (X): -11.8
* Position (Y): -22.112
* Position (Z): 34.985
* Rotation (Y): -22.058
* Rotation (X): 163.165
* Rotation (Z): 0.0

[Play Character Voice Line: 2 parameters]
* Character Index: 0 (Opp.)
* Voice Line ID: 80
-> Wait until End of Voice Line

[Store VFX Switches]

[Store Conditional Properties]

[Store Player's Character Changes]

[Store Opponent's Character Changes]

[Post-Cutscene Event: 2 parameters]
* Event ID: Aerial Clash
* Character ID: N/A

[Scene End & Battle Start]
