GSC Origin: Budokai Tenkaichi 3

===== SCENE -1 =====

===== SCENE 1000 =====

===== SCENE -2 =====

[Load TXT PAK]

[Load LPS PAK]

===== SCENE -3 =====

[Scenario Identifier: 1 parameter]
* GSC Name: Super Saiyan Goku

[Rewards: 15 parameters]
* Z-Points (Easy): 1000
* Z-Points (Normal): 1500
* Z-Points (Hard): 2000
* Z-Item #1: N/A
* Z-Item #2: N/A
* Z-Item #3: N/A
* Map #1: N/A
* Map #2: N/A
* Map #3: N/A
* Character #1: N/A
* Character #2: N/A
* Character #3: N/A
* Scenario #1: N/A
* Scenario #2: N/A
* Scenario #3: N/A

[Subtitle Settings]
-> Text Region: 1 parameter
* Region ID: 0
-> Text is Grey: 1 parameter
* Enable Grey Text: False
-> Text Position: 2 parameters
* Position (X): 256
* Position (Y): 428
-> Text Size: 2 parameters
* Width: 0.85
* Height: 0.85
-> Text Scale: 1 parameter
* Coefficient: 1.0
-> Text Color: 4 parameters
* Red: 255
* Green: 255
* Blue: 255
* Opacity: 128
-> Text Padding: 2 parameters
* Padding (Vertical): 2
* Padding (Horizontal): 5
-> Text Alignment: 1 parameter
* Alignment ID: 1
-> Symbol: 1 parameter
* Type: 2
-> Text Outline Size: 2 parameters
* Width: 1
* Height: 2
-> Text Outline Color: 4 parameters
* Red: 0
* Green: 0
* Blue: 0
* Opacity: 64

[Subtitle Settings]
-> Text Region: 1 parameter
* Region ID: 1
-> Text is Grey: 1 parameter
* Enable Grey Text: False
-> Text Position: 2 parameters
* Position (X): 256
* Position (Y): 428
-> Text Size: 2 parameters
* Width: 0.85
* Height: 0.85
-> Text Scale: 1 parameter
* Coefficient: 1.0
-> Text Color: 4 parameters
* Red: 255
* Green: 255
* Blue: 255
* Opacity: 128
-> Text Padding: 2 parameters
* Padding (Vertical): 2
* Padding (Horizontal): 5
-> Text Alignment: 1 parameter
* Alignment ID: 1
-> Symbol: 1 parameter
* Type: 2
-> Text Outline Size: 2 parameters
* Width: 1
* Height: 2
-> Text Outline Color: 4 parameters
* Red: 0
* Green: 0
* Blue: 0
* Opacity: 64

[Subtitle Settings]
-> Text Region: 1 parameter
* Region ID: 2
-> Text is Grey: 1 parameter
* Enable Grey Text: False
-> Text Position: 2 parameters
* Position (X): 256
* Position (Y): 428
-> Text Size: 2 parameters
* Width: 0.85
* Height: 0.85
-> Text Scale: 1 parameter
* Coefficient: 1.0
-> Text Color: 4 parameters
* Red: 255
* Green: 255
* Blue: 255
* Opacity: 128
-> Text Padding: 2 parameters
* Padding (Vertical): 2
* Padding (Horizontal): 5
-> Text Alignment: 1 parameter
* Alignment ID: 1
-> Symbol: 1 parameter
* Type: 2
-> Text Outline Size: 2 parameters
* Width: 1
* Height: 2
-> Text Outline Color: 4 parameters
* Red: 0
* Green: 0
* Blue: 0
* Opacity: 64

[Subtitle Settings]
-> Text Region: 1 parameter
* Region ID: 3
-> Text is Grey: 1 parameter
* Enable Grey Text: False
-> Text Position: 2 parameters
* Position (X): 256
* Position (Y): 428
-> Text Size: 2 parameters
* Width: 0.85
* Height: 0.85
-> Text Scale: 1 parameter
* Coefficient: 1.0
-> Text Color: 4 parameters
* Red: 255
* Green: 255
* Blue: 255
* Opacity: 128
-> Text Padding: 2 parameters
* Padding (Vertical): 2
* Padding (Horizontal): 5
-> Text Alignment: 1 parameter
* Alignment ID: 1
-> Symbol: 1 parameter
* Type: 2
-> Text Outline Size: 2 parameters
* Width: 2
* Height: 2
-> Text Outline Color: 4 parameters
* Red: 32
* Green: 32
* Blue: 32
* Opacity: 128

[Subtitle Settings]
-> Text Region: 1 parameter
* Region ID: 0
-> Text is Grey: 1 parameter
* Enable Grey Text: True
-> Text Position: 2 parameters
* Position (X): 256
* Position (Y): 428
-> Text Size: 2 parameters
* Width: 0.85
* Height: 0.85
-> Text Scale: 1 parameter
* Coefficient: 1.0
-> Text Color: 4 parameters
* Red: 140
* Green: 140
* Blue: 140
* Opacity: 128
-> Text Padding: 2 parameters
* Padding (Vertical): 2
* Padding (Horizontal): 5
-> Text Alignment: 1 parameter
* Alignment ID: 1
-> Symbol: 1 parameter
* Type: 2
-> Text Outline Size: 2 parameters
* Width: 1
* Height: 2
-> Text Outline Color: 4 parameters
* Red: 0
* Green: 0
* Blue: 0
* Opacity: 64

[Subtitle Settings]
-> Text Region: 1 parameter
* Region ID: 1
-> Text is Grey: 1 parameter
* Enable Grey Text: True
-> Text Position: 2 parameters
* Position (X): 256
* Position (Y): 428
-> Text Size: 2 parameters
* Width: 0.85
* Height: 0.85
-> Text Scale: 1 parameter
* Coefficient: 1.0
-> Text Color: 4 parameters
* Red: 140
* Green: 140
* Blue: 140
* Opacity: 128
-> Text Padding: 2 parameters
* Padding (Vertical): 2
* Padding (Horizontal): 5
-> Text Alignment: 1 parameter
* Alignment ID: 1
-> Symbol: 1 parameter
* Type: 2
-> Text Outline Size: 2 parameters
* Width: 1
* Height: 2
-> Text Outline Color: 4 parameters
* Red: 0
* Green: 0
* Blue: 0
* Opacity: 64

[Subtitle Settings]
-> Text Region: 1 parameter
* Region ID: 2
-> Text is Grey: 1 parameter
* Enable Grey Text: True
-> Text Position: 2 parameters
* Position (X): 256
* Position (Y): 428
-> Text Size: 2 parameters
* Width: 0.85
* Height: 0.85
-> Text Scale: 1 parameter
* Coefficient: 1.0
-> Text Color: 4 parameters
* Red: 140
* Green: 140
* Blue: 140
* Opacity: 128
-> Text Padding: 2 parameters
* Padding (Vertical): 2
* Padding (Horizontal): 5
-> Text Alignment: 1 parameter
* Alignment ID: 1
-> Symbol: 1 parameter
* Type: 2
-> Text Outline Size: 2 parameters
* Width: 1
* Height: 2
-> Text Outline Color: 4 parameters
* Red: 0
* Green: 0
* Blue: 0
* Opacity: 64

[Subtitle Settings]
-> Text Region: 1 parameter
* Region ID: 3
-> Text is Grey: 1 parameter
* Enable Grey Text: True
-> Text Position: 2 parameters
* Position (X): 256
* Position (Y): 428
-> Text Size: 2 parameters
* Width: 0.85
* Height: 0.85
-> Text Scale: 1 parameter
* Coefficient: 1.0
-> Text Color: 4 parameters
* Red: 140
* Green: 140
* Blue: 140
* Opacity: 128
-> Text Padding: 2 parameters
* Padding (Vertical): 2
* Padding (Horizontal): 5
-> Text Alignment: 1 parameter
* Alignment ID: 1
-> Symbol: 1 parameter
* Type: 2
-> Text Outline Size: 2 parameters
* Width: 2
* Height: 2
-> Text Outline Color: 4 parameters
* Red: 32
* Green: 32
* Blue: 32
* Opacity: 128

===== SCENE -4 =====

[Battle Settings: 5 parameters]
* Map: CIUDAD RUINAS - NOCHE
* Music: BT2 ST - Goku Confront Slug
* Battle Time (s): 0
* Referee: Shenron
* Enable Map Destruction: False

[Team Settings: 2 parameters]
* Team Index: 0
* Number of Teammates: 1

[Team Settings: 2 parameters]
* Team Index: 1
* Number of Teammates: 1

[Character Settings: 14 parameters]
* Character Index: 0
* Character: Goku (Inicio)
* Color: 4
* Damaged: False
* COM Level: 0
* Z-Item #8: Broly Type
* Health (%): 100
* Z-Item #1: Master Roshi's Training
* Z-Item #2: N/A
* Z-Item #3: N/A
* Z-Item #4: N/A
* Z-Item #5: N/A
* Z-Item #6: Dragon Break
* Z-Item #7: Vanishing Break

[Character Settings: 14 parameters]
* Character Index: 0 (Opp.)
* Character: Slug
* Color: 0
* Damaged: False
* COM Level: 7
* Z-Item #8: Broly Type
* Health (%): 100
* Z-Item #1: King Kai's Training
* Z-Item #2: N/A
* Z-Item #3: N/A
* Z-Item #4: N/A
* Z-Item #5: N/A
* Z-Item #6: N/A
* Z-Item #7: N/A

===== SCENE -5 =====

[Store Audio-Related Properties]
-> Audio-Related Property: 2 parameters
* Voice Line ID: 0
* Character Index: 0
-> Audio-Related Property: 2 parameters
* Voice Line ID: 1
* Character Index: 0 (Opp.)
-> Audio-Related Property: 2 parameters
* Voice Line ID: 2
* Character Index: 0
-> Audio-Related Property: 2 parameters
* Voice Line ID: 3
* Character Index: 0 (Opp.)
-> Audio-Related Property: 2 parameters
* Voice Line ID: 4
* Character Index: 0
-> Audio-Related Property: 2 parameters
* Voice Line ID: 5
* Character Index: 0 (Opp.)
-> Audio-Related Property: 2 parameters
* Voice Line ID: 6
* Character Index: 0 (Opp.)
-> Audio-Related Property: 2 parameters
* Voice Line ID: 7
* Character Index: 0
-> Audio-Related Property: 2 parameters
* Voice Line ID: 8
* Character Index: 0
-> Audio-Related Property: 2 parameters
* Voice Line ID: 9
* Character Index: 0 (Opp.)
-> Audio-Related Property: 2 parameters
* Voice Line ID: 10
* Character Index: 0 (Opp.)
-> Audio-Related Property: 2 parameters
* Voice Line ID: 19
* Character Index: 0
-> Audio-Related Property: 2 parameters
* Voice Line ID: 20
* Character Index: 0
-> Audio-Related Property: 2 parameters
* Voice Line ID: 25
* Character Index: 0 (Opp.)
-> Audio-Related Property: 2 parameters
* Voice Line ID: 26
* Character Index: 0
-> Audio-Related Property: 2 parameters
* Voice Line ID: 27
* Character Index: 0
-> Audio-Related Property: 2 parameters
* Voice Line ID: 28
* Character Index: 0
-> Audio-Related Property: 2 parameters
* Voice Line ID: 30
* Character Index: 0 (Opp.)
-> Audio-Related Property: 2 parameters
* Voice Line ID: 31
* Character Index: 0 (Opp.)
-> Audio-Related Property: 2 parameters
* Voice Line ID: 32
* Character Index: 0 (Opp.)
-> Audio-Related Property: 2 parameters
* Voice Line ID: 33
* Character Index: 0 (Opp.)
-> Audio-Related Property: 2 parameters
* Voice Line ID: 36
* Character Index: 0 (Opp.)
-> Audio-Related Property: 2 parameters
* Voice Line ID: 49
* Character Index: 0 (Opp.)
-> Audio-Related Property: 2 parameters
* Voice Line ID: 50
* Character Index: 0 (Opp.)
-> Audio-Related Property: 2 parameters
* Voice Line ID: 51
* Character Index: 0
-> Audio-Related Property: 2 parameters
* Voice Line ID: 57
* Character Index: 0
-> Audio-Related Property: 2 parameters
* Voice Line ID: 58
* Character Index: 0 (Opp.)
-> Audio-Related Property: 2 parameters
* Voice Line ID: 59
* Character Index: 0 (Opp.)
-> Audio-Related Property: 2 parameters
* Voice Line ID: 60
* Character Index: 0 (Opp.)
-> Audio-Related Property: 2 parameters
* Voice Line ID: 61
* Character Index: 0 (Opp.)
-> Audio-Related Property: 2 parameters
* Voice Line ID: 62
* Character Index: 0 (Opp.)
-> Audio-Related Property: 2 parameters
* Voice Line ID: 66
* Character Index: 0 (Opp.)
-> Audio-Related Property: 2 parameters
* Voice Line ID: 67
* Character Index: 0 (Opp.)
-> Audio-Related Property: 2 parameters
* Voice Line ID: 69
* Character Index: 0 (Opp.)
-> Audio-Related Property: 2 parameters
* Voice Line ID: 71
* Character Index: 0
-> Audio-Related Property: 2 parameters
* Voice Line ID: 72
* Character Index: 0 (Opp.)
-> Audio-Related Property: 2 parameters
* Voice Line ID: 85
* Character Index: 0
-> Audio-Related Property: 2 parameters
* Voice Line ID: 90
* Character Index: 0 (Opp.)
-> Audio-Related Property: 2 parameters
* Voice Line ID: 91
* Character Index: 0 (Opp.)

===== SCENE 10000 =====

[Scene Start]

[Battle End: 1 parameter]
* Battle Outcome ID: -1

[Store Character Positions]

[Assign Character Position & Rotation: 7 parameters]
* Character Index: 0 (Opp.)
* Position (X): 88.0
* Position (Y): 0.0
* Position (Z): 0.0
* Rotation (X): 0.0
* Rotation (Y): -90.0
* Rotation (Z): 0.0

[Assign Character Position & Rotation: 7 parameters]
* Character Index: 0
* Position (X): -88.0
* Position (Y): 0.0
* Position (Z): 0.0
* Rotation (X): 0.0
* Rotation (Y): 90.0
* Rotation (Z): 0.0

[Primary Camera Point: 6 parameters]
* Position (X): -69.106
* Position (Y): -0.472
* Position (Z): 8.807
* Rotation (Y): 20.558
* Rotation (X): -110.307
* Rotation (Z): 0.0

[Secondary Camera Point]
-> Additional Camera Point: 7 parameters
* Time (s): 4.0
* Position (X): -74.978
* Position (Y): -4.542
* Position (Z): 4.413
* Rotation (Y): 9.944
* Rotation (X): -96.639
* Rotation (Z): 0.0

[Assign Animation: 2 parameters]
* Character Index: 0
* ANM Name: INTRO_IN
-> Wait until End of ANM

[Assign Animation: 2 parameters]
* Character Index: 0
* ANM Name: INTRO_LOOP
-> Enable ANM Loop

[Play Character Voice Line: 2 parameters]
* Character Index: 0
* Voice Line ID: 0
-> Wait until End of Voice Line

[Primary Camera Point: 6 parameters]
* Position (X): 45.192
* Position (Y): -7.498
* Position (Z): -10.589
* Rotation (Y): 11.274
* Rotation (X): 76.023
* Rotation (Z): 0.0

[Secondary Camera Point]
-> Additional Camera Point: 7 parameters
* Time (s): 5.0
* Position (X): 66.526
* Position (Y): -14.163
* Position (Z): -4.784
* Rotation (Y): 11.274
* Rotation (X): 76.023
* Rotation (Z): 0.0

[Assign Animation: 2 parameters]
* Character Index: 0 (Opp.)
* ANM Name: INTRO_IN
-> Wait until End of ANM

[Assign Animation: 2 parameters]
* Character Index: 0 (Opp.)
* ANM Name: INTRO_LOOP
-> Enable ANM Loop

[Play Character Voice Line: 2 parameters]
* Character Index: 0 (Opp.)
* Voice Line ID: 1
-> Wait until End of Voice Line

[Primary Camera Point: 6 parameters]
* Position (X): -80.869
* Position (Y): -8.486
* Position (Z): 3.591
* Rotation (Y): 3.466
* Rotation (X): -93.508
* Rotation (Z): 0.0

[Play Character Voice Line: 2 parameters]
* Character Index: 0
* Voice Line ID: 2
-> Wait until End of Voice Line

[Primary Camera Point: 6 parameters]
* Position (X): 58.161
* Position (Y): -10.891
* Position (Z): 6.42
* Rotation (Y): 6.26
* Rotation (X): 112.673
* Rotation (Z): 0.0

[Secondary Camera Point]
-> Additional Camera Point: 7 parameters
* Time (s): 7.0
* Position (X): 56.684
* Position (Y): -10.891
* Position (Z): -7.772
* Rotation (Y): 6.26
* Rotation (X): 75.043
* Rotation (Z): 0.0

[Assign Animation: 2 parameters]
* Character Index: 0 (Opp.)
* ANM Name: INTRO_LOOP
-> Enable ANM Loop

[Play Character Voice Line: 2 parameters]
* Character Index: 0 (Opp.)
* Voice Line ID: 3
-> Wait until End of Voice Line

[Store VFX Switches]

[Store Conditional Properties]
-> Scene Link: 2 parameters
* Condition: Wait 60 seconds
* Scene ID: 10001
-> Scene Link: 2 parameters
* Condition: Win via K.O.
* Scene ID: 10031
-> Scene Link: 2 parameters
* Condition: Win via K.O. (Opp.)
* Scene ID: 10040
-> Audio Link: 2 parameters
* Condition: Immediate
* Voice Line ID: 4
-> Audio Link: 2 parameters
* Condition: Hit with 1st Blast 2 (Opp.)
* Voice Line ID: 5
-> Audio Link: 2 parameters
* Condition: Hit with 2nd Blast 2 (Opp.)
* Voice Line ID: 5
-> Audio Link: 2 parameters
* Condition: Lose 1 Health Bar
* Voice Line ID: 6
-> Audio Link: 2 parameters
* Condition: Lose 2 Health Bars
* Voice Line ID: 7
-> Audio Link: 2 parameters
* Condition: Hit with 1st Blast 2 (Opp.)
* Voice Line ID: 8
-> Audio Link: 2 parameters
* Condition: Fall into ground/water
* Voice Line ID: 9
-> Audio Link: 2 parameters
* Condition: Perform Dragon Homing (Opp.)
* Voice Line ID: 10
-> Audio Link: 2 parameters
* Condition: Perform Dash Smash (Opp.)
* Voice Line ID: 10
-> Audio Link: 2 parameters
* Condition: Perform Aerial Clash
* Voice Line ID: 11
-> Audio Link: 2 parameters
* Condition: Perform Hyper Smash (Opp.)
* Voice Line ID: 12
-> Audio Link: 2 parameters
* Condition: Perform Hyper Smash
* Voice Line ID: 13
-> Audio Link: 2 parameters
* Condition: Perform Dragon Homing
* Voice Line ID: 13
-> Audio Link: 2 parameters
* Condition: Perform Rush Attack (Opp.)
* Voice Line ID: 14
-> Audio Link: 2 parameters
* Condition: Perform Vanishing Attack (Opp.)
* Voice Line ID: 14
-> Audio Link: 2 parameters
* Condition: Perform Dash Smash
* Voice Line ID: 15
-> Audio Link: 2 parameters
* Condition: Perform Rush Attack
* Voice Line ID: 15
-> Audio Link: 2 parameters
* Condition: Perform Throw (Opp.)
* Voice Line ID: 16
-> Audio Link: 2 parameters
* Condition: Hit with Charged Ki Blast (Opp.)
* Voice Line ID: 16
-> Audio Link: 2 parameters
* Condition: Win Normal Clash (Opp.)
* Voice Line ID: 17
-> Audio Link: 2 parameters
* Condition: Perform Guard Crush
* Voice Line ID: 18
-> Audio Link: 2 parameters
* Condition: Perform Sonic Sway (Opp.)
* Voice Line ID: 19
-> Audio Link: 2 parameters
* Condition: Perform Teleport (Opp.)
* Voice Line ID: 21
-> Audio Link: 2 parameters
* Condition: Go in MAX POWER Mode (Opp.)
* Voice Line ID: 23
-> Audio Link: 2 parameters
* Condition: Hit with Ultimate Blast (Opp.)
* Voice Line ID: 24

[Store Player's Character Changes]

[Store Opponent's Character Changes]
-> Replace Z-Item #2: 1 parameter
* Z-Item #2: King Kai's Training
-> Replace Z-Item #3: 1 parameter
* Z-Item #3: N/A
-> Replace Z-Item #4: 1 parameter
* Z-Item #4: Defense +15
-> Replace Z-Item #5: 1 parameter
* Z-Item #5: Attack +10
-> Replace Z-Item #6: 1 parameter
* Z-Item #6: N/A
-> Replace Z-Item #7: 1 parameter
* Z-Item #7: N/A

[Post-Cutscene Event: 2 parameters]
* Event ID: Battle Finish
* Character ID: N/A

[Scene End & Battle Start]

===== SCENE 10001 =====

[Scene Start]

[Battle End: 1 parameter]
* Battle Outcome ID: -1

[Store Character Positions]

[Trigger Fade-Out: 1 parameter]
* Time (s): 1.2

[Assign Character Position & Rotation: 7 parameters]
* Character Index: 0
* Position (X): 58.0
* Position (Y): 0.0
* Position (Z): 0.0
* Rotation (X): 0.0
* Rotation (Y): -90.0
* Rotation (Z): 0.0

[Assign Character Position & Rotation: 7 parameters]
* Character Index: 0 (Opp.)
* Position (X): -25.0
* Position (Y): 0.0
* Position (Z): 0.0
* Rotation (X): 0.0
* Rotation (Y): 90.0
* Rotation (Z): 0.0

[Primary Camera Point: 6 parameters]
* Position (X): 78.616
* Position (Y): -4.595
* Position (Z): 12.531
* Rotation (Y): 2.183
* Rotation (X): -100.522
* Rotation (Z): 0.0

[Secondary Camera Point]
-> Additional Camera Point: 7 parameters
* Time (s): 5.5
* Position (X): -4.651
* Position (Y): -14.031
* Position (Z): 2.248
* Rotation (Y): 15.542
* Rotation (X): -90.384
* Rotation (Z): 0.0

[Assign Animation: 2 parameters]
* Character Index: 0 (Opp.)
* ANM Name: INTRO_IN
-> Wait until End of ANM

[Assign Animation: 2 parameters]
* Character Index: 0 (Opp.)
* ANM Name: INTRO_LOOP
-> Enable ANM Loop

[Play Character Voice Line: 2 parameters]
* Character Index: 0 (Opp.)
* Voice Line ID: 30
-> Wait until End of Voice Line

[Primary Camera Point: 6 parameters]
* Position (X): 39.704
* Position (Y): -12.756
* Position (Z): 20.304
* Rotation (Y): -13.442
* Rotation (X): 141.223
* Rotation (Z): 0.0

[Secondary Camera Point]
-> Additional Camera Point: 7 parameters
* Time (s): 2.6
* Position (X): 39.704
* Position (Y): -12.756
* Position (Z): 20.304
* Rotation (Y): -13.442
* Rotation (X): 141.223
* Rotation (Z): 0.0
-> Additional Camera Point: 7 parameters
* Time (s): 0.2
* Position (X): 49.696
* Position (Y): -10.243
* Position (Z): 6.196
* Rotation (Y): 10.0
* Rotation (X): 131.913
* Rotation (Z): 0.0

[Assign Animation: 2 parameters]
* Character Index: 0
* ANM Name: GROUND
-> Enable ANM Loop

[Play Character Voice Line: 2 parameters]
* Character Index: 0
* Voice Line ID: 27
-> Wait until End of Voice Line

[Primary Camera Point: 6 parameters]
* Position (X): -7.969
* Position (Y): -18.46
* Position (Z): 9.695
* Rotation (Y): -13.068
* Rotation (X): 96.43
* Rotation (Z): 0.0

[Secondary Camera Point]
-> Additional Camera Point: 7 parameters
* Time (s): 9.0
* Position (X): 45.443
* Position (Y): -10.42
* Position (Z): 2.831
* Rotation (Y): -3.752
* Rotation (X): 103.26
* Rotation (Z): 0.0

[Enable Ki Charge Aura: 1 parameter]
* Character Index: 0

[Assign Animation: 2 parameters]
* Character Index: 0
* ANM Name: CHARGE_IN
-> Wait until End of ANM

[Assign Animation: 2 parameters]
* Character Index: 0
* ANM Name: CHARGE_LOOP
-> Enable ANM Loop

[Play Character Voice Line: 2 parameters]
* Character Index: 0
* Voice Line ID: 28
-> Wait until End of Voice Line

[Music Change: 1 parameter]
* Music: DBZ - Humans Go To Town
-> PROPERTY 119

[Store VFX Switches]

[Store Conditional Properties]
-> Scene Link: 2 parameters
* Condition: Wait 35 seconds (Opp.)
* Scene ID: 10002
-> Scene Link: 2 parameters
* Condition: Win via K.O.
* Scene ID: 10002
-> Scene Link: 2 parameters
* Condition: Win via K.O. (Opp.)
* Scene ID: 10041
-> Audio Link: 2 parameters
* Condition: Immediate
* Voice Line ID: 33
-> Audio Link: 2 parameters
* Condition: Immediate
* Voice Line ID: 34
-> Audio Link: 2 parameters
* Condition: Immediate
* Voice Line ID: 35
-> Audio Link: 2 parameters
* Condition: Perform 1st Blast 2 (Opp.)
* Voice Line ID: 31
-> Audio Link: 2 parameters
* Condition: Perform 2nd Blast 2 (Opp.)
* Voice Line ID: 31
-> Audio Link: 2 parameters
* Condition: Perform Sonic Sway
* Voice Line ID: 32
-> Audio Link: 2 parameters
* Condition: Hit with Ultimate Blast
* Voice Line ID: 36
-> Audio Link: 2 parameters
* Condition: Perform Normal Clash
* Voice Line ID: 37
-> Audio Link: 2 parameters
* Condition: Hit with 1st Blast 2 (Opp.)
* Voice Line ID: 5
-> Audio Link: 2 parameters
* Condition: Hit with 2nd Blast 2 (Opp.)
* Voice Line ID: 5
-> Audio Link: 2 parameters
* Condition: UNKNOWN
* Voice Line ID: 7
-> Audio Link: 2 parameters
* Condition: Fall into ground/water
* Voice Line ID: 9
-> Audio Link: 2 parameters
* Condition: Perform Dragon Homing (Opp.)
* Voice Line ID: 10
-> Audio Link: 2 parameters
* Condition: Perform Vanishing Attack (Opp.)
* Voice Line ID: 10
-> Audio Link: 2 parameters
* Condition: Perform Aerial Clash
* Voice Line ID: 11
-> Audio Link: 2 parameters
* Condition: Perform Hyper Smash (Opp.)
* Voice Line ID: 12
-> Audio Link: 2 parameters
* Condition: Perform Vanishing Attack
* Voice Line ID: 13
-> Audio Link: 2 parameters
* Condition: UNKNOWN
* Voice Line ID: 13
-> Audio Link: 2 parameters
* Condition: Perform Rush Attack (Opp.)
* Voice Line ID: 14
-> Audio Link: 2 parameters
* Condition: Perform Vanishing Attack (Opp.)
* Voice Line ID: 14
-> Audio Link: 2 parameters
* Condition: Perform Dash Smash
* Voice Line ID: 15
-> Audio Link: 2 parameters
* Condition: Perform Rush Attack
* Voice Line ID: 15
-> Audio Link: 2 parameters
* Condition: Perform Throw (Opp.)
* Voice Line ID: 16
-> Audio Link: 2 parameters
* Condition: Win Beam Struggle (Opp.)
* Voice Line ID: 16
-> Audio Link: 2 parameters
* Condition: Hit with Charged Ki Blast (Opp.)
* Voice Line ID: 17
-> Audio Link: 2 parameters
* Condition: Perform Guard Crush
* Voice Line ID: 18
-> Audio Link: 2 parameters
* Condition: Go in MAX POWER Mode (Opp.)
* Voice Line ID: 23
-> Audio Link: 2 parameters
* Condition: Hit with Ultimate Blast (Opp.)
* Voice Line ID: 24

[Store Player's Character Changes]
-> Add Health: 1 parameter
* Health (%): 100
-> Add Ki: 1 parameter
* Ki (%): 100
-> Assign Blast Stocks: 1 parameter
* Blast Stock Amount: 1
-> Replace Z-Item #1: 1 parameter
* Z-Item #1: Master Roshi's Training
-> Replace Z-Item #2: 1 parameter
* Z-Item #2: Ultimate Warrior 1
-> Replace Z-Item #3: 1 parameter
* Z-Item #3: Attack +15
-> Replace Z-Item #4: 1 parameter
* Z-Item #4: Defense +10
-> Replace Z-Item #5: 1 parameter
* Z-Item #5: N/A
-> Replace Z-Item #6: 1 parameter
* Z-Item #6: N/A
-> Replace Z-Item #7: 1 parameter
* Z-Item #7: N/A

[Store Opponent's Character Changes]
-> Add Health: 1 parameter
* Health (%): 100

[Post-Cutscene Event: 2 parameters]
* Event ID: Assign Transformation
* Character ID: Goku (Inicio)

[Scene End & Battle Start]

===== SCENE 10002 =====

[Scene Start]

[Battle End: 1 parameter]
* Battle Outcome ID: -1

[Store Character Positions]

[Trigger Fade-Out: 1 parameter]
* Time (s): 1.2

[Assign Character Position & Rotation: 7 parameters]
* Character Index: 0
* Position (X): 58.0
* Position (Y): 0.0
* Position (Z): 0.0
* Rotation (X): 0.0
* Rotation (Y): -90.0
* Rotation (Z): 0.0

[Assign Character Position & Rotation: 7 parameters]
* Character Index: 0 (Opp.)
* Position (X): -25.0
* Position (Y): 0.0
* Position (Z): 0.0
* Rotation (X): 0.0
* Rotation (Y): 90.0
* Rotation (Z): 0.0

[Assign Animation: 2 parameters]
* Character Index: 0
* ANM Name: GROUND
-> Enable ANM Loop

[Primary Camera Point: 6 parameters]
* Position (X): -12.04
* Position (Y): -11.739
* Position (Z): -10.708
* Rotation (Y): 8.763
* Rotation (X): -47.733
* Rotation (Z): 0.0

[Secondary Camera Point]
-> Additional Camera Point: 7 parameters
* Time (s): 8.0
* Position (X): -10.657
* Position (Y): -12.324
* Position (Z): 4.274
* Rotation (Y): 8.763
* Rotation (X): -106.5
* Rotation (Z): 0.0

[Assign Animation: 2 parameters]
* Character Index: 0 (Opp.)
* ANM Name: GROUND
-> Enable ANM Loop

[Play Character Voice Line: 2 parameters]
* Character Index: 0 (Opp.)
* Voice Line ID: 49
-> Wait until End of Voice Line

[Primary Camera Point: 6 parameters]
* Position (X): -17.142
* Position (Y): -17.713
* Position (Z): 0.898
* Rotation (Y): -2.619
* Rotation (X): -98.183
* Rotation (Z): 0.0

[Play Character Voice Line: 2 parameters]
* Character Index: 0 (Opp.)
* Voice Line ID: 50
-> Wait until End of Voice Line

[Primary Camera Point: 6 parameters]
* Position (X): 51.965
* Position (Y): -9.202
* Position (Z): -7.216
* Rotation (Y): 5.011
* Rotation (X): 6.663
* Rotation (Z): 0.0

[Assign Animation: 2 parameters]
* Character Index: 0
* ANM Name: GROUND
-> Enable ANM Loop

[Play Character Voice Line: 2 parameters]
* Character Index: 0
* Voice Line ID: 51
-> Wait until End of Voice Line

[Primary Camera Point: 6 parameters]
* Position (X): 64.417
* Position (Y): -67.214
* Position (Z): -56.724
* Rotation (Y): -36.944
* Rotation (X): -36.691
* Rotation (Z): 0.0

[Secondary Camera Point]
-> Additional Camera Point: 7 parameters
* Time (s): 24.0
* Position (X): 3.495
* Position (Y): -11.103
* Position (Z): 0.857
* Rotation (Y): -2.056
* Rotation (X): -89.915
* Rotation (Z): 0.0

[Play Character Voice Line: 2 parameters]
* Character Index: 32767
* Voice Line ID: 52
-> Wait until End of Voice Line

[Play Character Voice Line: 2 parameters]
* Character Index: 32767
* Voice Line ID: 53
-> Wait until End of Voice Line

[Play Character Voice Line: 2 parameters]
* Character Index: 32767
* Voice Line ID: 54
-> Wait until End of Voice Line

[Primary Camera Point: 6 parameters]
* Position (X): -51.827
* Position (Y): -22.35
* Position (Z): -12.855
* Rotation (Y): -20.038
* Rotation (X): 70.94
* Rotation (Z): 0.0

[Secondary Camera Point]
-> Additional Camera Point: 7 parameters
* Time (s): 4.0
* Position (X): -38.422
* Position (Y): -18.058
* Position (Z): -8.223
* Rotation (Y): -11.418
* Rotation (X): 70.94
* Rotation (Z): 0.0

[Play Character Voice Line: 2 parameters]
* Character Index: 32767
* Voice Line ID: 55
-> Wait until End of Voice Line

[Primary Camera Point: 6 parameters]
* Position (X): -16.188
* Position (Y): -2.044
* Position (Z): -1.09
* Rotation (Y): -3.28
* Rotation (X): -80.06
* Rotation (Z): 0.0

[Secondary Camera Point]
-> Additional Camera Point: 7 parameters
* Time (s): 9.0
* Position (X): -17.066
* Position (Y): -17.606
* Position (Z): -0.936
* Rotation (Y): -3.28
* Rotation (X): -80.06
* Rotation (Z): 0.0

[Play Character Voice Line: 2 parameters]
* Character Index: 32767
* Voice Line ID: 56
-> Wait until End of Voice Line

[Primary Camera Point: 6 parameters]
* Position (X): -17.599
* Position (Y): -16.574
* Position (Z): 3.404
* Rotation (Y): 3.297
* Rotation (X): -89.079
* Rotation (Z): 0.0

[Secondary Camera Point]
-> Additional Camera Point: 7 parameters
* Time (s): 4.0
* Position (X): -17.68
* Position (Y): -16.574
* Position (Z): -1.621
* Rotation (Y): 3.297
* Rotation (X): -89.079
* Rotation (Z): 0.0

[Play Character Voice Line: 2 parameters]
* Character Index: 0
* Voice Line ID: 57
-> Wait until End of Voice Line

[Store VFX Switches]

[Store Conditional Properties]
-> Scene Link: 2 parameters
* Condition: Immediate
* Scene ID: 10003
-> Scene Link: 2 parameters
* Condition: Win via K.O.
* Scene ID: 10039
-> Scene Link: 2 parameters
* Condition: Win via K.O. (Opp.)
* Scene ID: 10049

[Store Player's Character Changes]

[Store Opponent's Character Changes]

[Post-Cutscene Event: 2 parameters]
* Event ID: Assign Transformation (Opp.)
* Character ID: Slug

[Scene End & Battle Start]

===== SCENE 10003 =====

[Scene Start]

[Battle End: 1 parameter]
* Battle Outcome ID: -1

[Store Character Positions]

[Trigger Fade-Out: 1 parameter]
* Time (s): 1.2

[Assign Character Position & Rotation: 7 parameters]
* Character Index: 0
* Position (X): 78.0
* Position (Y): 0.0
* Position (Z): 0.0
* Rotation (X): 0.0
* Rotation (Y): -90.0
* Rotation (Z): 0.0

[Assign Character Position & Rotation: 7 parameters]
* Character Index: 0 (Opp.)
* Position (X): -45.0
* Position (Y): 0.0
* Position (Z): 0.0
* Rotation (X): 0.0
* Rotation (Y): 90.0
* Rotation (Z): 0.0

[Primary Camera Point: 6 parameters]
* Position (X): -79.66
* Position (Y): -7.71
* Position (Z): -22.202
* Rotation (Y): -9.037
* Rotation (X): 74.721
* Rotation (Z): 0.0

[Secondary Camera Point]
-> Additional Camera Point: 7 parameters
* Time (s): 5.0
* Position (X): -66.092
* Position (Y): -63.068
* Position (Z): -18.495
* Rotation (Y): -24.621
* Rotation (X): 74.721
* Rotation (Z): 0.0

[Assign Animation: 2 parameters]
* Character Index: 0 (Opp.)
* ANM Name: GROUND
-> Enable ANM Loop

[Play Character Voice Line: 2 parameters]
* Character Index: 0 (Opp.)
* Voice Line ID: 59
-> Wait until End of Voice Line

[Primary Camera Point: 6 parameters]
* Position (X): 91.439
* Position (Y): -4.3
* Position (Z): -5.424
* Rotation (Y): 12.313
* Rotation (X): -76.377
* Rotation (Z): 0.0

[Secondary Camera Point]
-> Additional Camera Point: 7 parameters
* Time (s): 1.3
* Position (X): 91.439
* Position (Y): -4.3
* Position (Z): -5.424
* Rotation (Y): 12.313
* Rotation (X): -76.377
* Rotation (Z): 0.0
-> Additional Camera Point: 7 parameters
* Time (s): 0.7
* Position (X): -14.104
* Position (Y): -32.799
* Position (Z): -1.026
* Rotation (Y): 29.978
* Rotation (X): -88.836
* Rotation (Z): 0.0

[Music Change: 1 parameter]
* Music: Ublast OST - Sign Of Hope
-> PROPERTY 119

[Assign Animation: 2 parameters]
* Character Index: 0
* ANM Name: GROUND
-> Enable ANM Loop

[Play Character Voice Line: 2 parameters]
* Character Index: 0
* Voice Line ID: 71
-> Wait until End of Voice Line

[Wait for Period of Time: 1 parameter]
* Time (s): 0.8

[Store VFX Switches]

[Store Conditional Properties]
-> Scene Link: 2 parameters
* Condition: Win via K.O.
* Scene ID: 10030
-> Scene Link: 2 parameters
* Condition: Win via K.O. (Opp.)
* Scene ID: 10042
-> Audio Link: 2 parameters
* Condition: Immediate
* Voice Line ID: 61
-> Audio Link: 2 parameters
* Condition: Hit with 1st Blast 2 (Opp.)
* Voice Line ID: 62
-> Audio Link: 2 parameters
* Condition: Hit with 2nd Blast 2 (Opp.)
* Voice Line ID: 75
-> Audio Link: 2 parameters
* Condition: Hit with Ultimate Blast
* Voice Line ID: 63
-> Audio Link: 2 parameters
* Condition: Fall into ground/water
* Voice Line ID: 64
-> Audio Link: 2 parameters
* Condition: Perform Dragon Homing (Opp.)
* Voice Line ID: 65
-> Audio Link: 2 parameters
* Condition: Lose 2 Health Bars
* Voice Line ID: 66
-> Audio Link: 2 parameters
* Condition: Fall into ground/water (Opp.)
* Voice Line ID: 67
-> Audio Link: 2 parameters
* Condition: Lose 1 Health Bar (Opp.)
* Voice Line ID: 69
-> Audio Link: 2 parameters
* Condition: Lose 2 Health Bars (Opp.)
* Voice Line ID: 70
-> Audio Link: 2 parameters
* Condition: Perform 1st Blast 2
* Voice Line ID: 71
-> Audio Link: 2 parameters
* Condition: Perform 2nd Blast 2
* Voice Line ID: 71
-> Audio Link: 2 parameters
* Condition: Go in MAX POWER Mode
* Voice Line ID: 72
-> Audio Link: 2 parameters
* Condition: Hit with Ultimate Blast (Opp.)
* Voice Line ID: 73
-> Audio Link: 2 parameters
* Condition: Perform Hyper Smash (Opp.)
* Voice Line ID: 12
-> Audio Link: 2 parameters
* Condition: Perform Vanishing Attack
* Voice Line ID: 13
-> Audio Link: 2 parameters
* Condition: Hit with Charged Ki Blast
* Voice Line ID: 13
-> Audio Link: 2 parameters
* Condition: Perform Dash Smash
* Voice Line ID: 15
-> Audio Link: 2 parameters
* Condition: Perform Rush Attack
* Voice Line ID: 15
-> Audio Link: 2 parameters
* Condition: Perform Throw (Opp.)
* Voice Line ID: 16
-> Audio Link: 2 parameters
* Condition: Hit with Charged Ki Blast (Opp.)
* Voice Line ID: 16
-> Audio Link: 2 parameters
* Condition: Win Beam Struggle (Opp.)
* Voice Line ID: 17
-> Audio Link: 2 parameters
* Condition: Perform Teleport (Opp.)
* Voice Line ID: 84

[Store Player's Character Changes]

[Store Opponent's Character Changes]
-> Add Health: 1 parameter
* Health (%): 100
-> Replace Z-Item #1: 1 parameter
* Z-Item #1: King Kai's Training
-> Replace Z-Item #2: 1 parameter
* Z-Item #2: N/A
-> Replace Z-Item #3: 1 parameter
* Z-Item #3: N/A
-> Replace Z-Item #4: 1 parameter
* Z-Item #4: N/A
-> Replace Z-Item #5: 1 parameter
* Z-Item #5: N/A
-> Replace Z-Item #6: 1 parameter
* Z-Item #6: N/A
-> Replace Z-Item #7: 1 parameter
* Z-Item #7: N/A

[Post-Cutscene Event: 2 parameters]
* Event ID: Assign Transformation
* Character ID: Goku (Inicio)

[Scene End & Battle Start]

===== SCENE 10030 =====

[Scene Start]

[Battle End: 1 parameter]
* Battle Outcome ID: 1

[Store Character Positions]

[Trigger Fade-Out: 1 parameter]
* Time (s): 1.2

[Assign Character Position & Rotation: 7 parameters]
* Character Index: 0
* Position (X): 88.0
* Position (Y): 0.0
* Position (Z): 0.0
* Rotation (X): 0.0
* Rotation (Y): -90.0
* Rotation (Z): 0.0

[Assign Character Position & Rotation: 7 parameters]
* Character Index: 0 (Opp.)
* Position (X): -55.0
* Position (Y): 0.0
* Position (Z): 0.0
* Rotation (X): 0.0
* Rotation (Y): 90.0
* Rotation (Z): 0.0

[Disable Lingering Aura: 1 parameter]
* Character Index: 0 (Opp.)

[Disable Lingering Aura: 1 parameter]
* Character Index: 0

[Primary Camera Point: 6 parameters]
* Position (X): 63.031
* Position (Y): -6.736
* Position (Z): 15.53
* Rotation (Y): 8.83
* Rotation (X): -98.853
* Rotation (Z): 0.0

[Secondary Camera Point]
-> Additional Camera Point: 7 parameters
* Time (s): 2.0
* Position (X): 30.105
* Position (Y): -8.303
* Position (Z): 10.401
* Rotation (Y): -2.282
* Rotation (X): -98.853
* Rotation (Z): 0.0

[Assign Animation: 2 parameters]
* Character Index: 0 (Opp.)
* ANM Name: LOSE
-> Wait until End of ANM

[Wait for Period of Time: 1 parameter]
* Time (s): 0.8

[Primary Camera Point: 6 parameters]
* Position (X): -52.782
* Position (Y): -46.445
* Position (Z): 24.876
* Rotation (Y): -32.978
* Rotation (X): 106.48
* Rotation (Z): 0.0

[Secondary Camera Point]
-> Additional Camera Point: 7 parameters
* Time (s): 4.0
* Position (X): 78.541
* Position (Y): -12.134
* Position (Z): -1.863
* Rotation (Y): 12.792
* Rotation (X): 77.393
* Rotation (Z): 0.0

[Assign Animation: 2 parameters]
* Character Index: 0
* ANM Name: WIN_IN
-> Wait until End of ANM

[Assign Animation: 2 parameters]
* Character Index: 0
* ANM Name: WIN_LOOP
-> Enable ANM Loop

[Play Character Voice Line: 2 parameters]
* Character Index: 0
* Voice Line ID: 85
-> Wait until End of Voice Line

[Primary Camera Point: 6 parameters]
* Position (X): 64.16
* Position (Y): -11.958
* Position (Z): 26.951
* Rotation (Y): -1.136
* Rotation (X): 141.317
* Rotation (Z): 0.0

[Secondary Camera Point]
-> Additional Camera Point: 7 parameters
* Time (s): 17.0
* Position (X): 61.254
* Position (Y): -10.528
* Position (Z): -19.567
* Rotation (Y): -1.136
* Rotation (X): 47.537
* Rotation (Z): 0.0

[Play Character Voice Line: 2 parameters]
* Character Index: 32767
* Voice Line ID: 86
-> Wait until End of Voice Line

[Play Character Voice Line: 2 parameters]
* Character Index: 32767
* Voice Line ID: 87
-> Wait until End of Voice Line

[Play Character Voice Line: 2 parameters]
* Character Index: 32767
* Voice Line ID: 88
-> Wait until End of Voice Line

[Primary Camera Point: 6 parameters]
* Position (X): 98.281
* Position (Y): -17.788
* Position (Z): -9.49
* Rotation (Y): -13.436
* Rotation (X): -67.665
* Rotation (Z): 0.0

[Secondary Camera Point]
-> Additional Camera Point: 7 parameters
* Time (s): 6.5
* Position (X): 127.71
* Position (Y): -57.272
* Position (Z): -21.457
* Rotation (Y): -35.231
* Rotation (X): -78.481
* Rotation (Z): 0.0

[Play Character Voice Line: 2 parameters]
* Character Index: 32767
* Voice Line ID: 89
-> Wait until End of Voice Line

[Store VFX Switches]

[Store Conditional Properties]

[Store Player's Character Changes]

[Store Opponent's Character Changes]

[Post-Cutscene Event: 2 parameters]
* Event ID: Aerial Clash
* Character ID: N/A

[Scene End & Battle Start]

===== SCENE 10031 =====

[Scene Start]

[Battle End: 1 parameter]
* Battle Outcome ID: 1

[Store Character Positions]

[Trigger Fade-Out: 1 parameter]
* Time (s): 1.2

[Assign Character Position & Rotation: 7 parameters]
* Character Index: 0
* Position (X): 88.0
* Position (Y): 0.0
* Position (Z): 0.0
* Rotation (X): 0.0
* Rotation (Y): -90.0
* Rotation (Z): 0.0

[Assign Character Position & Rotation: 7 parameters]
* Character Index: 0 (Opp.)
* Position (X): -55.0
* Position (Y): 0.0
* Position (Z): 0.0
* Rotation (X): 0.0
* Rotation (Y): 90.0
* Rotation (Z): 0.0

[Disable Lingering Aura: 1 parameter]
* Character Index: 0 (Opp.)

[Disable Lingering Aura: 1 parameter]
* Character Index: 0

[Primary Camera Point: 6 parameters]
* Position (X): 85.028
* Position (Y): -34.97
* Position (Z): -0.119
* Rotation (Y): -90.0
* Rotation (X): 82.137
* Rotation (Z): 0.0

[Secondary Camera Point]
-> Additional Camera Point: 7 parameters
* Time (s): 3.0
* Position (X): 78.541
* Position (Y): -12.134
* Position (Z): -1.863
* Rotation (Y): 12.792
* Rotation (X): 77.393
* Rotation (Z): 0.0

[Assign Animation: 2 parameters]
* Character Index: 0
* ANM Name: WIN_IN
-> Wait until End of ANM

[Assign Animation: 2 parameters]
* Character Index: 0
* ANM Name: WIN_LOOP
-> Enable ANM Loop

[Play Character Voice Line: 2 parameters]
* Character Index: 0
* Voice Line ID: 85
-> Wait until End of Voice Line

[Store VFX Switches]

[Store Conditional Properties]

[Store Player's Character Changes]

[Store Opponent's Character Changes]

[Post-Cutscene Event: 2 parameters]
* Event ID: Aerial Clash
* Character ID: N/A

[Scene End & Battle Start]

===== SCENE 10039 =====

[Scene Start]

[Battle End: 1 parameter]
* Battle Outcome ID: 1

[Store Character Positions]

[Store VFX Switches]

[Store Conditional Properties]

[Store Player's Character Changes]

[Store Opponent's Character Changes]

[Post-Cutscene Event: 2 parameters]
* Event ID: Aerial Clash
* Character ID: N/A

[Scene End & Battle Start]

===== SCENE 10040 =====

[Scene Start]

[Battle End: 1 parameter]
* Battle Outcome ID: 0

[Store Character Positions]

[Assign Character Position & Rotation: 7 parameters]
* Character Index: 0
* Position (X): 33.0
* Position (Y): 0.0
* Position (Z): -35.0
* Rotation (X): 0.0
* Rotation (Y): -90.0
* Rotation (Z): 0.0

[Assign Character Position & Rotation: 7 parameters]
* Character Index: 0 (Opp.)
* Position (X): -33.0
* Position (Y): 0.0
* Position (Z): -35.0
* Rotation (X): 0.0
* Rotation (Y): 90.0
* Rotation (Z): 0.0

[Disable Lingering Aura: 1 parameter]
* Character Index: 0 (Opp.)

[Disable Lingering Aura: 1 parameter]
* Character Index: 0

[Primary Camera Point: 6 parameters]
* Position (X): 49.668
* Position (Y): -13.006
* Position (Z): -50.749
* Rotation (Y): -5.914
* Rotation (X): -76.305
* Rotation (Z): 0.0

[Secondary Camera Point]
-> Additional Camera Point: 7 parameters
* Time (s): 6.0
* Position (X): -24.139
* Position (Y): -15.152
* Position (Z): -36.101
* Rotation (Y): 10.786
* Rotation (X): -82.397
* Rotation (Z): 0.0

[Assign Animation: 2 parameters]
* Character Index: 0
* ANM Name: LOSE

[Assign Animation: 2 parameters]
* Character Index: 0 (Opp.)
* ANM Name: WIN_IN
-> Wait until End of ANM

[Assign Animation: 2 parameters]
* Character Index: 0 (Opp.)
* ANM Name: WIN_LOOP
-> Enable ANM Loop

[Play Character Voice Line: 2 parameters]
* Character Index: 0 (Opp.)
* Voice Line ID: 25
-> Wait until End of Voice Line

[Store VFX Switches]

[Store Conditional Properties]

[Store Player's Character Changes]

[Store Opponent's Character Changes]

[Post-Cutscene Event: 2 parameters]
* Event ID: Aerial Clash
* Character ID: N/A

[Scene End & Battle Start]

===== SCENE 10041 =====

[Scene Start]

[Battle End: 1 parameter]
* Battle Outcome ID: 0

[Store Character Positions]

[Assign Character Position & Rotation: 7 parameters]
* Character Index: 0
* Position (X): 33.0
* Position (Y): 0.0
* Position (Z): -35.0
* Rotation (X): 0.0
* Rotation (Y): -90.0
* Rotation (Z): 0.0

[Assign Character Position & Rotation: 7 parameters]
* Character Index: 0 (Opp.)
* Position (X): -33.0
* Position (Y): 0.0
* Position (Z): -35.0
* Rotation (X): 0.0
* Rotation (Y): 90.0
* Rotation (Z): 0.0

[Disable Lingering Aura: 1 parameter]
* Character Index: 0 (Opp.)

[Disable Lingering Aura: 1 parameter]
* Character Index: 0

[Primary Camera Point: 6 parameters]
* Position (X): 49.668
* Position (Y): -13.006
* Position (Z): -50.749
* Rotation (Y): -5.914
* Rotation (X): -76.305
* Rotation (Z): 0.0

[Secondary Camera Point]
-> Additional Camera Point: 7 parameters
* Time (s): 6.0
* Position (X): -24.139
* Position (Y): -15.152
* Position (Z): -36.101
* Rotation (Y): 10.786
* Rotation (X): -82.397
* Rotation (Z): 0.0

[Assign Animation: 2 parameters]
* Character Index: 0
* ANM Name: LOSE

[Assign Animation: 2 parameters]
* Character Index: 0 (Opp.)
* ANM Name: WIN_IN
-> Wait until End of ANM

[Assign Animation: 2 parameters]
* Character Index: 0 (Opp.)
* ANM Name: WIN_LOOP
-> Enable ANM Loop

[Play Character Voice Line: 2 parameters]
* Character Index: 0 (Opp.)
* Voice Line ID: 25
-> Wait until End of Voice Line

[Store VFX Switches]

[Store Conditional Properties]

[Store Player's Character Changes]

[Store Opponent's Character Changes]

[Post-Cutscene Event: 2 parameters]
* Event ID: Aerial Clash
* Character ID: N/A

[Scene End & Battle Start]

===== SCENE 10042 =====

[Scene Start]

[Battle End: 1 parameter]
* Battle Outcome ID: 0

[Store Character Positions]

[Assign Character Position & Rotation: 7 parameters]
* Character Index: 0
* Position (X): 33.0
* Position (Y): 0.0
* Position (Z): -35.0
* Rotation (X): 0.0
* Rotation (Y): -90.0
* Rotation (Z): 0.0

[Assign Character Position & Rotation: 7 parameters]
* Character Index: 0 (Opp.)
* Position (X): -33.0
* Position (Y): 0.0
* Position (Z): -35.0
* Rotation (X): 0.0
* Rotation (Y): 90.0
* Rotation (Z): 0.0

[Disable Lingering Aura: 1 parameter]
* Character Index: 0 (Opp.)

[Disable Lingering Aura: 1 parameter]
* Character Index: 0

[Primary Camera Point: 6 parameters]
* Position (X): 11.2
* Position (Y): -15.499
* Position (Z): -25.563
* Rotation (Y): -5.343
* Rotation (X): -101.45
* Rotation (Z): 0.0

[Secondary Camera Point]
-> Additional Camera Point: 7 parameters
* Time (s): 4.0
* Position (X): -6.02
* Position (Y): -18.764
* Position (Z): -27.676
* Rotation (Y): 39.101
* Rotation (X): -103.578
* Rotation (Z): 0.0

[Assign Animation: 2 parameters]
* Character Index: 0
* ANM Name: LOSE

[Assign Animation: 2 parameters]
* Character Index: 0 (Opp.)
* ANM Name: WIN_IN
-> Wait until End of ANM

[Assign Animation: 2 parameters]
* Character Index: 0 (Opp.)
* ANM Name: WIN_LOOP
-> Enable ANM Loop

[Play Character Voice Line: 2 parameters]
* Character Index: 0 (Opp.)
* Voice Line ID: 90
-> Wait until End of Voice Line

[Play Character Voice Line: 2 parameters]
* Character Index: 0 (Opp.)
* Voice Line ID: 91
-> Wait until End of Voice Line

[Store VFX Switches]

[Store Conditional Properties]

[Store Player's Character Changes]

[Store Opponent's Character Changes]

[Post-Cutscene Event: 2 parameters]
* Event ID: Aerial Clash
* Character ID: N/A

[Scene End & Battle Start]

===== SCENE 10049 =====

[Scene Start]

[Battle End: 1 parameter]
* Battle Outcome ID: 0

[Store Character Positions]

[Store VFX Switches]

[Store Conditional Properties]

[Store Player's Character Changes]

[Store Opponent's Character Changes]

[Post-Cutscene Event: 2 parameters]
* Event ID: Aerial Clash
* Character ID: N/A

[Scene End & Battle Start]
