GSC Origin: Budokai Tenkaichi 3

===== SCENE -1 =====

===== SCENE 1000 =====

===== SCENE -2 =====

[Load TXT PAK]

[Load LPS PAK]

===== SCENE -3 =====

[Scenario Identifier: 1 parameter]
* GSC Name: Monstruo inocente

[Rewards: 15 parameters]
* Z-Points (Easy): 1500
* Z-Points (Normal): 2000
* Z-Points (Hard): 2500
* Z-Item #1: N/A
* Z-Item #2: N/A
* Z-Item #3: N/A
* Map #1: INFIERNO
* Map #2: N/A
* Map #3: N/A
* Character #1: N/A
* Character #2: N/A
* Character #3: N/A
* Scenario #1: Invalid (Value: 262159)
* Scenario #2: N/A
* Scenario #3: N/A

[Subtitle Settings]
-> Text Region: 1 parameter
* Region ID: 0
-> Text is Grey: 1 parameter
* Enable Grey Text: False
-> Text Position: 2 parameters
* Position (X): 256
* Position (Y): 428
-> Text Size: 2 parameters
* Width: 0.85
* Height: 0.85
-> Text Scale: 1 parameter
* Coefficient: 1.0
-> Text Color: 4 parameters
* Red: 255
* Green: 255
* Blue: 255
* Opacity: 128
-> Text Padding: 2 parameters
* Padding (Vertical): 2
* Padding (Horizontal): 5
-> Text Alignment: 1 parameter
* Alignment ID: 1
-> Symbol: 1 parameter
* Type: 2
-> Text Outline Size: 2 parameters
* Width: 1
* Height: 2
-> Text Outline Color: 4 parameters
* Red: 0
* Green: 0
* Blue: 0
* Opacity: 64

[Subtitle Settings]
-> Text Region: 1 parameter
* Region ID: 1
-> Text is Grey: 1 parameter
* Enable Grey Text: False
-> Text Position: 2 parameters
* Position (X): 256
* Position (Y): 428
-> Text Size: 2 parameters
* Width: 0.85
* Height: 0.85
-> Text Scale: 1 parameter
* Coefficient: 1.0
-> Text Color: 4 parameters
* Red: 255
* Green: 255
* Blue: 255
* Opacity: 128
-> Text Padding: 2 parameters
* Padding (Vertical): 2
* Padding (Horizontal): 5
-> Text Alignment: 1 parameter
* Alignment ID: 1
-> Symbol: 1 parameter
* Type: 2
-> Text Outline Size: 2 parameters
* Width: 1
* Height: 2
-> Text Outline Color: 4 parameters
* Red: 0
* Green: 0
* Blue: 0
* Opacity: 64

[Subtitle Settings]
-> Text Region: 1 parameter
* Region ID: 2
-> Text is Grey: 1 parameter
* Enable Grey Text: False
-> Text Position: 2 parameters
* Position (X): 256
* Position (Y): 428
-> Text Size: 2 parameters
* Width: 0.85
* Height: 0.85
-> Text Scale: 1 parameter
* Coefficient: 1.0
-> Text Color: 4 parameters
* Red: 255
* Green: 255
* Blue: 255
* Opacity: 128
-> Text Padding: 2 parameters
* Padding (Vertical): 2
* Padding (Horizontal): 5
-> Text Alignment: 1 parameter
* Alignment ID: 1
-> Symbol: 1 parameter
* Type: 2
-> Text Outline Size: 2 parameters
* Width: 1
* Height: 2
-> Text Outline Color: 4 parameters
* Red: 0
* Green: 0
* Blue: 0
* Opacity: 64

[Subtitle Settings]
-> Text Region: 1 parameter
* Region ID: 3
-> Text is Grey: 1 parameter
* Enable Grey Text: False
-> Text Position: 2 parameters
* Position (X): 256
* Position (Y): 428
-> Text Size: 2 parameters
* Width: 0.85
* Height: 0.85
-> Text Scale: 1 parameter
* Coefficient: 1.0
-> Text Color: 4 parameters
* Red: 255
* Green: 255
* Blue: 255
* Opacity: 128
-> Text Padding: 2 parameters
* Padding (Vertical): 2
* Padding (Horizontal): 5
-> Text Alignment: 1 parameter
* Alignment ID: 1
-> Symbol: 1 parameter
* Type: 2
-> Text Outline Size: 2 parameters
* Width: 2
* Height: 2
-> Text Outline Color: 4 parameters
* Red: 32
* Green: 32
* Blue: 32
* Opacity: 128

[Subtitle Settings]
-> Text Region: 1 parameter
* Region ID: 0
-> Text is Grey: 1 parameter
* Enable Grey Text: True
-> Text Position: 2 parameters
* Position (X): 256
* Position (Y): 428
-> Text Size: 2 parameters
* Width: 0.85
* Height: 0.85
-> Text Scale: 1 parameter
* Coefficient: 1.0
-> Text Color: 4 parameters
* Red: 140
* Green: 140
* Blue: 140
* Opacity: 128
-> Text Padding: 2 parameters
* Padding (Vertical): 2
* Padding (Horizontal): 5
-> Text Alignment: 1 parameter
* Alignment ID: 1
-> Symbol: 1 parameter
* Type: 2
-> Text Outline Size: 2 parameters
* Width: 1
* Height: 2
-> Text Outline Color: 4 parameters
* Red: 0
* Green: 0
* Blue: 0
* Opacity: 64

[Subtitle Settings]
-> Text Region: 1 parameter
* Region ID: 1
-> Text is Grey: 1 parameter
* Enable Grey Text: True
-> Text Position: 2 parameters
* Position (X): 256
* Position (Y): 428
-> Text Size: 2 parameters
* Width: 0.85
* Height: 0.85
-> Text Scale: 1 parameter
* Coefficient: 1.0
-> Text Color: 4 parameters
* Red: 140
* Green: 140
* Blue: 140
* Opacity: 128
-> Text Padding: 2 parameters
* Padding (Vertical): 2
* Padding (Horizontal): 5
-> Text Alignment: 1 parameter
* Alignment ID: 1
-> Symbol: 1 parameter
* Type: 2
-> Text Outline Size: 2 parameters
* Width: 1
* Height: 2
-> Text Outline Color: 4 parameters
* Red: 0
* Green: 0
* Blue: 0
* Opacity: 64

[Subtitle Settings]
-> Text Region: 1 parameter
* Region ID: 2
-> Text is Grey: 1 parameter
* Enable Grey Text: True
-> Text Position: 2 parameters
* Position (X): 256
* Position (Y): 428
-> Text Size: 2 parameters
* Width: 0.85
* Height: 0.85
-> Text Scale: 1 parameter
* Coefficient: 1.0
-> Text Color: 4 parameters
* Red: 140
* Green: 140
* Blue: 140
* Opacity: 128
-> Text Padding: 2 parameters
* Padding (Vertical): 2
* Padding (Horizontal): 5
-> Text Alignment: 1 parameter
* Alignment ID: 1
-> Symbol: 1 parameter
* Type: 2
-> Text Outline Size: 2 parameters
* Width: 1
* Height: 2
-> Text Outline Color: 4 parameters
* Red: 0
* Green: 0
* Blue: 0
* Opacity: 64

[Subtitle Settings]
-> Text Region: 1 parameter
* Region ID: 3
-> Text is Grey: 1 parameter
* Enable Grey Text: True
-> Text Position: 2 parameters
* Position (X): 256
* Position (Y): 428
-> Text Size: 2 parameters
* Width: 0.85
* Height: 0.85
-> Text Scale: 1 parameter
* Coefficient: 1.0
-> Text Color: 4 parameters
* Red: 140
* Green: 140
* Blue: 140
* Opacity: 128
-> Text Padding: 2 parameters
* Padding (Vertical): 2
* Padding (Horizontal): 5
-> Text Alignment: 1 parameter
* Alignment ID: 1
-> Symbol: 1 parameter
* Type: 2
-> Text Outline Size: 2 parameters
* Width: 2
* Height: 2
-> Text Outline Color: 4 parameters
* Red: 32
* Green: 32
* Blue: 32
* Opacity: 128

===== SCENE -4 =====

[Battle Settings: 5 parameters]
* Map: INFIERNO
* Music: Interdimensional Punches
* Battle Time (s): 0
* Referee: Shenron
* Enable Map Destruction: False

[Team Settings: 2 parameters]
* Team Index: 0
* Number of Teammates: 2

[Team Settings: 2 parameters]
* Team Index: 1
* Number of Teammates: 1

[Character Settings: 14 parameters]
* Character Index: 0
* Character: Son-Goku (Super) - Super Saiyajin 3
* Color: 1
* Damaged: False
* COM Level: 0
* Z-Item #8: Goku Type
* Health (%): 100
* Z-Item #1: Master Roshi's Training
* Z-Item #2: N/A
* Z-Item #3: N/A
* Z-Item #4: N/A
* Z-Item #5: Halo
* Z-Item #6: Dragon Crush
* Z-Item #7: Vanishing Rush

[Character Settings: 14 parameters]
* Character Index: 1
* Character: Vegeta (Super)
* Color: 1
* Damaged: False
* COM Level: 0
* Z-Item #8: Goku Type
* Health (%): 100
* Z-Item #1: Master Roshi's Training
* Z-Item #2: N/A
* Z-Item #3: N/A
* Z-Item #4: N/A
* Z-Item #5: Halo
* Z-Item #6: Dragon Crush
* Z-Item #7: Vanishing Rush

[Character Settings: 14 parameters]
* Character Index: 2
* Character: Son-Goku (Super)
* Color: 1
* Damaged: False
* COM Level: 0
* Z-Item #8: Goku Type
* Health (%): 100
* Z-Item #1: N/A
* Z-Item #2: N/A
* Z-Item #3: N/A
* Z-Item #4: N/A
* Z-Item #5: N/A
* Z-Item #6: N/A
* Z-Item #7: N/A

[Character Settings: 14 parameters]
* Character Index: 0 (Opp.)
* Character: Súper Janemba
* Color: 0
* Damaged: False
* COM Level: 10
* Z-Item #8: Majin Buu Type
* Health (%): 100
* Z-Item #1: Ultimate Body
* Z-Item #2: Strength Enhancement
* Z-Item #3: Defense +30
* Z-Item #4: Attack +20
* Z-Item #5: N/A
* Z-Item #6: Dragon Crush
* Z-Item #7: Vanishing Rush

===== SCENE -5 =====

[Store Audio-Related Properties]
-> Audio-Related Property: 2 parameters
* Voice Line ID: 0
* Character Index: 0
-> Audio-Related Property: 2 parameters
* Voice Line ID: 1
* Character Index: 0 (Opp.)
-> Audio-Related Property: 2 parameters
* Voice Line ID: 2
* Character Index: 0 (Opp.)
-> Audio-Related Property: 2 parameters
* Voice Line ID: 3
* Character Index: 0
-> Audio-Related Property: 2 parameters
* Voice Line ID: 4
* Character Index: 0
-> Audio-Related Property: 2 parameters
* Voice Line ID: 5
* Character Index: 0
-> Audio-Related Property: 2 parameters
* Voice Line ID: 6
* Character Index: 0
-> Audio-Related Property: 2 parameters
* Voice Line ID: 7
* Character Index: 0
-> Audio-Related Property: 2 parameters
* Voice Line ID: 8
* Character Index: 0
-> Audio-Related Property: 2 parameters
* Voice Line ID: 9
* Character Index: 0
-> Audio-Related Property: 2 parameters
* Voice Line ID: 10
* Character Index: 1
-> Audio-Related Property: 2 parameters
* Voice Line ID: 11
* Character Index: 0
-> Audio-Related Property: 2 parameters
* Voice Line ID: 12
* Character Index: 1
-> Audio-Related Property: 2 parameters
* Voice Line ID: 13
* Character Index: 1
-> Audio-Related Property: 2 parameters
* Voice Line ID: 14
* Character Index: 0
-> Audio-Related Property: 2 parameters
* Voice Line ID: 15
* Character Index: 1
-> Audio-Related Property: 2 parameters
* Voice Line ID: 16
* Character Index: 1
-> Audio-Related Property: 2 parameters
* Voice Line ID: 17
* Character Index: 0
-> Audio-Related Property: 2 parameters
* Voice Line ID: 18
* Character Index: 1
-> Audio-Related Property: 2 parameters
* Voice Line ID: 19
* Character Index: 1
-> Audio-Related Property: 2 parameters
* Voice Line ID: 20
* Character Index: 1
-> Audio-Related Property: 2 parameters
* Voice Line ID: 21
* Character Index: 0
-> Audio-Related Property: 2 parameters
* Voice Line ID: 22
* Character Index: 0 (Opp.)
-> Audio-Related Property: 2 parameters
* Voice Line ID: 23
* Character Index: 1
-> Audio-Related Property: 2 parameters
* Voice Line ID: 24
* Character Index: 1
-> Audio-Related Property: 2 parameters
* Voice Line ID: 25
* Character Index: 1
-> Audio-Related Property: 2 parameters
* Voice Line ID: 26
* Character Index: 1
-> Audio-Related Property: 2 parameters
* Voice Line ID: 27
* Character Index: 1
-> Audio-Related Property: 2 parameters
* Voice Line ID: 28
* Character Index: 1
-> Audio-Related Property: 2 parameters
* Voice Line ID: 29
* Character Index: 0
-> Audio-Related Property: 2 parameters
* Voice Line ID: 30
* Character Index: 0
-> Audio-Related Property: 2 parameters
* Voice Line ID: 31
* Character Index: 0
-> Audio-Related Property: 2 parameters
* Voice Line ID: 32
* Character Index: 0
-> Audio-Related Property: 2 parameters
* Voice Line ID: 33
* Character Index: 0
-> Audio-Related Property: 2 parameters
* Voice Line ID: 34
* Character Index: 0
-> Audio-Related Property: 2 parameters
* Voice Line ID: 35
* Character Index: 0
-> Audio-Related Property: 2 parameters
* Voice Line ID: 36
* Character Index: 1
-> Audio-Related Property: 2 parameters
* Voice Line ID: 37
* Character Index: 1
-> Audio-Related Property: 2 parameters
* Voice Line ID: 38
* Character Index: 1
-> Audio-Related Property: 2 parameters
* Voice Line ID: 39
* Character Index: 0
-> Audio-Related Property: 2 parameters
* Voice Line ID: 40
* Character Index: 1
-> Audio-Related Property: 2 parameters
* Voice Line ID: 41
* Character Index: 0
-> Audio-Related Property: 2 parameters
* Voice Line ID: 42
* Character Index: 1
-> Audio-Related Property: 2 parameters
* Voice Line ID: 43
* Character Index: 0
-> Audio-Related Property: 2 parameters
* Voice Line ID: 44
* Character Index: 1
-> Audio-Related Property: 2 parameters
* Voice Line ID: 45
* Character Index: 0
-> Audio-Related Property: 2 parameters
* Voice Line ID: 46
* Character Index: 1
-> Audio-Related Property: 2 parameters
* Voice Line ID: 47
* Character Index: 0
-> Audio-Related Property: 2 parameters
* Voice Line ID: 48
* Character Index: 1
-> Audio-Related Property: 2 parameters
* Voice Line ID: 49
* Character Index: 0
-> Audio-Related Property: 2 parameters
* Voice Line ID: 50
* Character Index: 1
-> Audio-Related Property: 2 parameters
* Voice Line ID: 51
* Character Index: 0
-> Audio-Related Property: 2 parameters
* Voice Line ID: 52
* Character Index: 1
-> Audio-Related Property: 2 parameters
* Voice Line ID: 53
* Character Index: 1
-> Audio-Related Property: 2 parameters
* Voice Line ID: 54
* Character Index: 1
-> Audio-Related Property: 2 parameters
* Voice Line ID: 55
* Character Index: 0 (Opp.)
-> Audio-Related Property: 2 parameters
* Voice Line ID: 56
* Character Index: 1
-> Audio-Related Property: 2 parameters
* Voice Line ID: 57
* Character Index: 1
-> Audio-Related Property: 2 parameters
* Voice Line ID: 58
* Character Index: 1
-> Audio-Related Property: 2 parameters
* Voice Line ID: 59
* Character Index: 1
-> Audio-Related Property: 2 parameters
* Voice Line ID: 60
* Character Index: 0 (Opp.)
-> Audio-Related Property: 2 parameters
* Voice Line ID: 61
* Character Index: 0
-> Audio-Related Property: 2 parameters
* Voice Line ID: 62
* Character Index: 1
-> Audio-Related Property: 2 parameters
* Voice Line ID: 63
* Character Index: 0
-> Audio-Related Property: 2 parameters
* Voice Line ID: 64
* Character Index: 1
-> Audio-Related Property: 2 parameters
* Voice Line ID: 65
* Character Index: 0 (Opp.)
-> Audio-Related Property: 2 parameters
* Voice Line ID: 66
* Character Index: 0 (Opp.)

===== SCENE 10000 =====

[Scene Start]

[Battle End: 1 parameter]
* Battle Outcome ID: -1

[Store Character Positions]

[Assign Character Position & Rotation: 7 parameters]
* Character Index: 0
* Position (X): 88.0
* Position (Y): 0.0
* Position (Z): 0.0
* Rotation (X): 0.0
* Rotation (Y): -90.0
* Rotation (Z): 0.0

[Assign Character Position & Rotation: 7 parameters]
* Character Index: 0 (Opp.)
* Position (X): -88.0
* Position (Y): 0.0
* Position (Z): 0.0
* Rotation (X): 0.0
* Rotation (Y): 90.0
* Rotation (Z): 0.0

[Primary Camera Point: 6 parameters]
* Position (X): 43.698
* Position (Y): -0.497
* Position (Z): -1.77
* Rotation (Y): 12.975
* Rotation (X): 88.881
* Rotation (Z): 0.0

[Secondary Camera Point]
-> Additional Camera Point: 7 parameters
* Time (s): 3.0
* Position (X): 71.778
* Position (Y): -11.998
* Position (Z): -0.441
* Rotation (Y): 2.698
* Rotation (X): 93.465
* Rotation (Z): 0.0

[Assign Animation: 2 parameters]
* Character Index: 0
* ANM Name: INTRO_IN
-> Wait until End of ANM

[Assign Animation: 2 parameters]
* Character Index: 0
* ANM Name: INTRO_LOOP
-> Enable ANM Loop
-> Enable ANM Loop

[Play Character Voice Line: 2 parameters]
* Character Index: 0
* Voice Line ID: 0
-> Wait until End of Voice Line

[Primary Camera Point: 6 parameters]
* Position (X): -44.154
* Position (Y): -6.327
* Position (Z): 12.849
* Rotation (Y): 6.111
* Rotation (X): -111.741
* Rotation (Z): 0.0

[Secondary Camera Point]
-> Additional Camera Point: 7 parameters
* Time (s): 6.0
* Position (X): -62.346
* Position (Y): -17.192
* Position (Z): 4.967
* Rotation (Y): -4.633
* Rotation (X): -114.35
* Rotation (Z): 0.0

[Assign Animation: 2 parameters]
* Character Index: 0 (Opp.)
* ANM Name: INTRO_IN
-> Wait until End of ANM

[Assign Animation: 2 parameters]
* Character Index: 0 (Opp.)
* ANM Name: INTRO_LOOP
-> Enable ANM Loop

[Play Character Voice Line: 2 parameters]
* Character Index: 0 (Opp.)
* Voice Line ID: 1
-> Wait until End of Voice Line

[Store VFX Switches]

[Store Conditional Properties]
-> Scene Link: 2 parameters
* Condition: Wait 40 seconds
* Scene ID: 10004
-> Scene Link: 2 parameters
* Condition: Win via K.O.
* Scene ID: 10030
-> Scene Link: 2 parameters
* Condition: Win via K.O. (Opp.)
* Scene ID: 10040
-> Audio Link: 2 parameters
* Condition: Perform Vanishing Attack (Opp.)
* Voice Line ID: 2
-> Audio Link: 2 parameters
* Condition: Wait 15 seconds
* Voice Line ID: 3
-> Audio Link: 2 parameters
* Condition: Wait 30 seconds
* Voice Line ID: 4
-> Audio Link: 2 parameters
* Condition: Go in MAX POWER Mode
* Voice Line ID: 5
-> Audio Link: 2 parameters
* Condition: Go in MAX POWER Mode (Opp.)
* Voice Line ID: 7
-> Audio Link: 2 parameters
* Condition: Lose 2 Health Bars (Opp.)
* Voice Line ID: 8
-> Audio Link: 2 parameters
* Condition: Win Normal Clash (Opp.)
* Voice Line ID: 2
-> Audio Link: 2 parameters
* Condition: Fall into ground/water
* Voice Line ID: 55

[Store Player's Character Changes]

[Store Opponent's Character Changes]

[Post-Cutscene Event: 2 parameters]
* Event ID: Battle Finish
* Character ID: N/A

[Scene End & Battle Start]

===== SCENE 10004 =====

[Scene Start]

[Battle End: 1 parameter]
* Battle Outcome ID: -1

[Store Character Positions]

[Trigger Fade-Out: 1 parameter]
* Time (s): 1.2

[Assign Character Position & Rotation: 7 parameters]
* Character Index: 0
* Position (X): 88.0
* Position (Y): 0.0
* Position (Z): 0.0
* Rotation (X): 0.0
* Rotation (Y): -90.0
* Rotation (Z): 0.0

[Assign Character Position & Rotation: 7 parameters]
* Character Index: 0 (Opp.)
* Position (X): -88.0
* Position (Y): 0.0
* Position (Z): 0.0
* Rotation (X): 0.0
* Rotation (Y): 90.0
* Rotation (Z): 0.0

[Primary Camera Point: 6 parameters]
* Position (X): 61.093
* Position (Y): -1.747
* Position (Z): 4.197
* Rotation (Y): 22.579
* Rotation (X): 96.705
* Rotation (Z): 0.0

[Secondary Camera Point]
-> Additional Camera Point: 7 parameters
* Time (s): 5.0
* Position (X): 76.666
* Position (Y): -9.443
* Position (Z): 4.117
* Rotation (Y): 7.374
* Rotation (X): 106.29
* Rotation (Z): 0.0

[Assign Animation: 2 parameters]
* Character Index: 0
* ANM Name: GROUND_TIRED
-> Enable ANM Loop

[Play Character Voice Line: 2 parameters]
* Character Index: 0
* Voice Line ID: 6
-> Wait until End of Voice Line

[Store VFX Switches]

[Store Conditional Properties]
-> Scene Link: 2 parameters
* Condition: Wait 30 seconds
* Scene ID: 10001
-> Scene Link: 2 parameters
* Condition: Win via K.O.
* Scene ID: 10030
-> Scene Link: 2 parameters
* Condition: Win via K.O. (Opp.)
* Scene ID: 10040
-> Audio Link: 2 parameters
* Condition: Immediate
* Voice Line ID: 2
-> Audio Link: 2 parameters
* Condition: Immediate
* Voice Line ID: 3
-> Audio Link: 2 parameters
* Condition: Fall into ground/water
* Voice Line ID: 2
-> Audio Link: 2 parameters
* Condition: Go in MAX POWER Mode (Opp.)
* Voice Line ID: 7
-> Audio Link: 2 parameters
* Condition: Perform Teleport
* Voice Line ID: 4
-> Audio Link: 2 parameters
* Condition: Go in MAX POWER Mode
* Voice Line ID: 5
-> Audio Link: 2 parameters
* Condition: Hit with 1st Blast 2 (Opp.)
* Voice Line ID: 6
-> Audio Link: 2 parameters
* Condition: Hit with 2nd Blast 2 (Opp.)
* Voice Line ID: 6
-> Audio Link: 2 parameters
* Condition: Hit with Ultimate Blast (Opp.)
* Voice Line ID: 6
-> Audio Link: 2 parameters
* Condition: Go in MAX POWER Mode (Opp.)
* Voice Line ID: 7
-> Audio Link: 2 parameters
* Condition: Fall into ground/water (Opp.)
* Voice Line ID: 8

[Store Player's Character Changes]

[Store Opponent's Character Changes]

[Post-Cutscene Event: 2 parameters]
* Event ID: Assign Transformation
* Character ID: Son-Goku (Super)

[Scene End & Battle Start]

===== SCENE 10001 =====

[Scene Start]

[Battle End: 1 parameter]
* Battle Outcome ID: -1

[Store Character Positions]

[Store VFX Switches]

[Store Conditional Properties]
-> Scene Link: 2 parameters
* Condition: Immediate
* Scene ID: 10002

[Store Player's Character Changes]
-> Assign Properties to Character: 1 parameter
* Character Index: 1

[Store Opponent's Character Changes]

[Post-Cutscene Event: 2 parameters]
* Event ID: Switch with Teammate #2
* Character ID: Vegeta (Super) - Super Saiyajin 3

[Scene End & Battle Start]

===== SCENE 10002 =====

[Scene Start]

[Battle End: 1 parameter]
* Battle Outcome ID: -1

[Store Character Positions]

[Trigger Fade-Out: 1 parameter]
* Time (s): 1.2

[Assign Character Position & Rotation: 7 parameters]
* Character Index: 1
* Position (X): -51.4
* Position (Y): 0.0
* Position (Z): 61.3
* Rotation (X): 0.0
* Rotation (Y): 140.0
* Rotation (Z): 0.0

[Assign Character Position & Rotation: 7 parameters]
* Character Index: 0 (Opp.)
* Position (X): 51.4
* Position (Y): 0.0
* Position (Z): -61.3
* Rotation (X): 0.0
* Rotation (Y): -40.0
* Rotation (Z): 0.0

[Primary Camera Point: 6 parameters]
* Position (X): -52.468
* Position (Y): -6.25
* Position (Z): 24.251
* Rotation (Y): -2.674
* Rotation (X): 1.575
* Rotation (Z): 0.0

[Secondary Camera Point]
-> Additional Camera Point: 7 parameters
* Time (s): 8.0
* Position (X): -52.883
* Position (Y): -13.002
* Position (Z): 53.993
* Rotation (Y): -5.025
* Rotation (X): 23.775
* Rotation (Z): 0.0

[Assign Animation: 2 parameters]
* Character Index: 1
* ANM Name: INTRO_IN
-> Wait until End of ANM

[Assign Animation: 2 parameters]
* Character Index: 1
* ANM Name: INTRO_LOOP
-> Enable ANM Loop

[Play Character Voice Line: 2 parameters]
* Character Index: 1
* Voice Line ID: 10
-> Wait until End of Voice Line

[Primary Camera Point: 6 parameters]
* Position (X): -79.584
* Position (Y): -10.078
* Position (Z): 68.939
* Rotation (Y): -6.253
* Rotation (X): 120.922
* Rotation (Z): 0.0

[Play Character Voice Line: 2 parameters]
* Character Index: 0
* Voice Line ID: 11
-> Wait until End of Voice Line

[Primary Camera Point: 6 parameters]
* Position (X): -65.601
* Position (Y): -134.561
* Position (Z): -6.415
* Rotation (Y): -66.437
* Rotation (X): 83.127
* Rotation (Z): 0.0

[Secondary Camera Point]
-> Additional Camera Point: 7 parameters
* Time (s): 11.0
* Position (X): -55.619
* Position (Y): -23.379
* Position (Z): 43.859
* Rotation (Y): -38.922
* Rotation (X): 19.549
* Rotation (Z): 0.0

[Play Character Voice Line: 2 parameters]
* Character Index: 1
* Voice Line ID: 12
-> Wait until End of Voice Line

[Play Character Voice Line: 2 parameters]
* Character Index: 1
* Voice Line ID: 13
-> Wait until End of Voice Line

[Primary Camera Point: 6 parameters]
* Position (X): -72.524
* Position (Y): -14.033
* Position (Z): 76.325
* Rotation (Y): -16.068
* Rotation (X): 134.633
* Rotation (Z): 0.0

[Secondary Camera Point]
-> Additional Camera Point: 7 parameters
* Time (s): 5.0
* Position (X): -64.343
* Position (Y): -11.506
* Position (Z): 68.248
* Rotation (Y): -6.641
* Rotation (X): 134.633
* Rotation (Z): 0.0

[Play Character Voice Line: 2 parameters]
* Character Index: 0
* Voice Line ID: 14
-> Wait until End of Voice Line

[Store VFX Switches]

[Store Conditional Properties]
-> Scene Link: 2 parameters
* Condition: Win via K.O.
* Scene ID: 10031
-> Scene Link: 2 parameters
* Condition: Win via K.O. (Opp.)
* Scene ID: 10041
-> Scene Link: 2 parameters
* Condition: Wait 80 seconds
* Scene ID: 10006
-> Audio Link: 2 parameters
* Condition: Immediate
* Voice Line ID: 15
-> Audio Link: 2 parameters
* Condition: Immediate
* Voice Line ID: 16
-> Audio Link: 2 parameters
* Condition: Immediate
* Voice Line ID: 17
-> Audio Link: 2 parameters
* Condition: Immediate
* Voice Line ID: 18
-> Audio Link: 2 parameters
* Condition: Immediate
* Voice Line ID: 19
-> Audio Link: 2 parameters
* Condition: Perform Dragon Homing (Opp.)
* Voice Line ID: 20
-> Audio Link: 2 parameters
* Condition: Fall into ground/water
* Voice Line ID: 21
-> Audio Link: 2 parameters
* Condition: Go in MAX POWER Mode (Opp.)
* Voice Line ID: 22
-> Audio Link: 2 parameters
* Condition: Go in MAX POWER Mode
* Voice Line ID: 23
-> Audio Link: 2 parameters
* Condition: Lose 1 Health Bar
* Voice Line ID: 24
-> Audio Link: 2 parameters
* Condition: Lose 2 Health Bars
* Voice Line ID: 25
-> Audio Link: 2 parameters
* Condition: Perform Dragon Homing
* Voice Line ID: 26
-> Audio Link: 2 parameters
* Condition: Perform Vanishing Attack
* Voice Line ID: 27
-> Audio Link: 2 parameters
* Condition: Hit with 1st Blast 2
* Voice Line ID: 28
-> Audio Link: 2 parameters
* Condition: Hit with 2nd Blast 2
* Voice Line ID: 29
-> Audio Link: 2 parameters
* Condition: Perform Teleport (Opp.)
* Voice Line ID: 30
-> Audio Link: 2 parameters
* Condition: Perform Burst Meteo Finisher
* Voice Line ID: 31
-> Audio Link: 2 parameters
* Condition: Taunt
* Voice Line ID: 32
-> Audio Link: 2 parameters
* Condition: Fall into ground/water (Opp.)
* Voice Line ID: 33
-> Audio Link: 2 parameters
* Condition: Win Normal Clash (Opp.)
* Voice Line ID: 34
-> Audio Link: 2 parameters
* Condition: Block 1st Blast 2
* Voice Line ID: 35
-> Audio Link: 2 parameters
* Condition: Perform Sonic Sway (Opp.)
* Voice Line ID: 20
-> Audio Link: 2 parameters
* Condition: Hit with Ultimate Blast
* Voice Line ID: 28
-> Audio Link: 2 parameters
* Condition: Reach Max Amount of Blast Stocks (Opp.)
* Voice Line ID: 30
-> Audio Link: 2 parameters
* Condition: Win Normal Clash (Opp.)
* Voice Line ID: 2
-> Audio Link: 2 parameters
* Condition: Win Beam Struggle (Opp.)
* Voice Line ID: 2
-> Audio Link: 2 parameters
* Condition: Hit with 1st Blast 2 (Opp.)
* Voice Line ID: 21
-> Audio Link: 2 parameters
* Condition: Hit with 2nd Blast 2 (Opp.)
* Voice Line ID: 21
-> Audio Link: 2 parameters
* Condition: Hit with Ultimate Blast (Opp.)
* Voice Line ID: 21

[Store Player's Character Changes]
-> Add Health: 1 parameter
* Health (%): 100

[Store Opponent's Character Changes]

[Post-Cutscene Event: 2 parameters]
* Event ID: Battle Finish
* Character ID: N/A

[Scene End & Battle Start]

===== SCENE 10006 =====

[Scene Start]

[Battle End: 1 parameter]
* Battle Outcome ID: -1

[Store Character Positions]

[Trigger Fade-Out: 1 parameter]
* Time (s): 1.2

[Assign Character Position & Rotation: 7 parameters]
* Character Index: 1
* Position (X): -51.4
* Position (Y): 0.0
* Position (Z): 61.3
* Rotation (X): 0.0
* Rotation (Y): 140.0
* Rotation (Z): 0.0

[Assign Character Position & Rotation: 7 parameters]
* Character Index: 0 (Opp.)
* Position (X): 51.4
* Position (Y): -58.0
* Position (Z): -61.3
* Rotation (X): 0.0
* Rotation (Y): -40.0
* Rotation (Z): 0.0

[Disable Lingering Aura: 1 parameter]
* Character Index: 1

[Primary Camera Point: 6 parameters]
* Position (X): -73.735
* Position (Y): -2.305
* Position (Z): 70.442
* Rotation (Y): 7.163
* Rotation (X): 124.877
* Rotation (Z): 0.0

[Secondary Camera Point]
-> Additional Camera Point: 7 parameters
* Time (s): 5.0
* Position (X): -62.58
* Position (Y): -4.448
* Position (Z): 62.667
* Rotation (Y): 15.502
* Rotation (X): 124.877
* Rotation (Z): 0.0

[Assign Animation: 2 parameters]
* Character Index: 0 (Opp.)
* ANM Name: FLY
-> Enable ANM Loop

[Assign Animation: 2 parameters]
* Character Index: 1
* ANM Name: GROUND_TIRED
-> Enable ANM Loop

[Play Character Voice Line: 2 parameters]
* Character Index: 1
* Voice Line ID: 40
-> Wait until End of Voice Line

[Primary Camera Point: 6 parameters]
* Position (X): -57.344
* Position (Y): -4.143
* Position (Z): 52.274
* Rotation (Y): 22.474
* Rotation (X): 44.191
* Rotation (Z): 0.0

[Play Character Voice Line: 2 parameters]
* Character Index: 0
* Voice Line ID: 41
-> Wait until End of Voice Line

[Primary Camera Point: 6 parameters]
* Position (X): -46.412
* Position (Y): -1.23
* Position (Z): 42.42
* Rotation (Y): 8.319
* Rotation (X): -9.318
* Rotation (Z): 0.0

[Secondary Camera Point]
-> Additional Camera Point: 7 parameters
* Time (s): 5.0
* Position (X): -48.121
* Position (Y): -5.311
* Position (Z): 52.57
* Rotation (Y): 38.139
* Rotation (X): -21.812
* Rotation (Z): 0.0

[Play Character Voice Line: 2 parameters]
* Character Index: 1
* Voice Line ID: 44
-> Wait until End of Voice Line

[Primary Camera Point: 6 parameters]
* Position (X): 53.339
* Position (Y): -66.765
* Position (Z): -82.881
* Rotation (Y): -14.18
* Rotation (X): -22.074
* Rotation (Z): 0.0

[Secondary Camera Point]
-> Additional Camera Point: 7 parameters
* Time (s): 5.0
* Position (X): 51.49
* Position (Y): -80.188
* Position (Z): -78.32
* Rotation (Y): -19.332
* Rotation (X): -22.074
* Rotation (Z): 0.0

[Play Character Voice Line: 2 parameters]
* Character Index: 0
* Voice Line ID: 47
-> Wait until End of Voice Line

[Primary Camera Point: 6 parameters]
* Position (X): -31.455
* Position (Y): -3.109
* Position (Z): 15.989
* Rotation (Y): -2.907
* Rotation (X): -22.568
* Rotation (Z): 0.0

[Secondary Camera Point]
-> Additional Camera Point: 7 parameters
* Time (s): 4.0
* Position (X): -43.823
* Position (Y): -4.581
* Position (Z): 44.206
* Rotation (Y): 9.254
* Rotation (X): -25.406
* Rotation (Z): 0.0

[Assign Animation: 2 parameters]
* Character Index: 1
* ANM Name: CHARGE_IN
-> Wait until End of ANM

[Assign Animation: 2 parameters]
* Character Index: 1
* ANM Name: CHARGE_LOOP
-> Enable ANM Loop

[Enable Ki Charge Aura: 1 parameter]
* Character Index: 1

[Play Character Voice Line: 2 parameters]
* Character Index: 1
* Voice Line ID: 50
-> Wait until End of Voice Line

[Primary Camera Point: 6 parameters]
* Position (X): -75.148
* Position (Y): -7.29
* Position (Z): 64.3
* Rotation (Y): -0.349
* Rotation (X): 115.043
* Rotation (Z): 0.0

[Play Character Voice Line: 2 parameters]
* Character Index: 0
* Voice Line ID: 51
-> Wait until End of Voice Line

[Music Change: 1 parameter]
* Music: DBZ OST - Rebirth Of Fusion

[Store VFX Switches]

[Store Conditional Properties]
-> Scene Link: 2 parameters
* Condition: Win via K.O.
* Scene ID: 10032
-> Scene Link: 2 parameters
* Condition: Win via K.O. (Opp.)
* Scene ID: 10042
-> Audio Link: 2 parameters
* Condition: Immediate
* Voice Line ID: 52
-> Audio Link: 2 parameters
* Condition: Perform Teleport
* Voice Line ID: 53
-> Audio Link: 2 parameters
* Condition: Hit with Ultimate Blast (Opp.)
* Voice Line ID: 54
-> Audio Link: 2 parameters
* Condition: Go in MAX POWER Mode (Opp.)
* Voice Line ID: 55
-> Audio Link: 2 parameters
* Condition: Go in MAX POWER Mode
* Voice Line ID: 56
-> Audio Link: 2 parameters
* Condition: Wait 20 seconds
* Voice Line ID: 57
-> Audio Link: 2 parameters
* Condition: Hit with 1st Blast 2 (Opp.)
* Voice Line ID: 58
-> Audio Link: 2 parameters
* Condition: Hit with 2nd Blast 2 (Opp.)
* Voice Line ID: 58
-> Audio Link: 2 parameters
* Condition: Block 1st Blast 2
* Voice Line ID: 59
-> Audio Link: 2 parameters
* Condition: Block 2nd Blast 2
* Voice Line ID: 59
-> Audio Link: 2 parameters
* Condition: Win Beam Struggle (Opp.)
* Voice Line ID: 55
-> Audio Link: 2 parameters
* Condition: Win Normal Clash (Opp.)
* Voice Line ID: 55
-> Audio Link: 2 parameters
* Condition: Hit with 1st Blast 2
* Voice Line ID: 64
-> Audio Link: 2 parameters
* Condition: Hit with 2nd Blast 2
* Voice Line ID: 64
-> Audio Link: 2 parameters
* Condition: Hit with Ultimate Blast
* Voice Line ID: 64
-> Audio Link: 2 parameters
* Condition: Fall into ground/water
* Voice Line ID: 55
-> Audio Link: 2 parameters
* Condition: UNKNOWN
* Voice Line ID: 55

[Store Player's Character Changes]
-> Add Health: 1 parameter
* Health (%): 100
-> Add Ki: 1 parameter
* Ki (%): 100
-> Replace Z-Item #1: 1 parameter
* Z-Item #1: King Kai's Training
-> Replace Z-Item #2: 1 parameter
* Z-Item #2: Ultimate Warrior 1
-> Replace Z-Item #3: 1 parameter
* Z-Item #3: Attack +10
-> Replace Z-Item #4: 1 parameter
* Z-Item #4: Defense +10

[Store Opponent's Character Changes]
-> PROPERTY 108: 1 parameter
* Parameter 0: 7
-> PROPERTY 97: 1 parameter
* Parameter 0: 137
-> Replace Z-Item #1: 1 parameter
* Z-Item #1: N/A
-> Replace Z-Item #2: 1 parameter
* Z-Item #2: Strength Enhancement
-> Replace Z-Item #3: 1 parameter
* Z-Item #3: Blast Clash Weakened (Small)
-> Replace Z-Item #4: 1 parameter
* Z-Item #4: N/A
-> Replace Z-Item #5: 1 parameter
* Z-Item #5: N/A
-> Replace Z-Item #6: 1 parameter
* Z-Item #6: N/A
-> Replace Z-Item #7: 1 parameter
* Z-Item #7: N/A

[Post-Cutscene Event: 2 parameters]
* Event ID: Assign Fusion
* Character ID: Gogeta - Super Saiyajin

[Scene End & Battle Start]

===== SCENE 10030 =====

[Scene Start]

[Battle End: 1 parameter]
* Battle Outcome ID: 1

[Store Character Positions]

[Assign Character Position & Rotation: 7 parameters]
* Character Index: 0
* Position (X): -22.0
* Position (Y): 0.0
* Position (Z): 0.0
* Rotation (X): 0.0
* Rotation (Y): 90.0
* Rotation (Z): 0.0

[Assign Character Position & Rotation: 7 parameters]
* Character Index: 0 (Opp.)
* Position (X): 55.0
* Position (Y): 0.0
* Position (Z): 0.0
* Rotation (X): 0.0
* Rotation (Y): -90.0
* Rotation (Z): 0.0

[Disable Lingering Aura: 1 parameter]
* Character Index: 0

[Disable Lingering Aura: 1 parameter]
* Character Index: 0 (Opp.)

[Primary Camera Point: 6 parameters]
* Position (X): 4.376
* Position (Y): -16.27
* Position (Z): 5.148
* Rotation (Y): -9.019
* Rotation (X): -103.445
* Rotation (Z): 0.0

[Secondary Camera Point]
-> Additional Camera Point: 7 parameters
* Time (s): 4.0
* Position (X): -10.947
* Position (Y): -13.894
* Position (Z): 0.173
* Rotation (Y): 4.51
* Rotation (X): -101.782
* Rotation (Z): 0.0

[Assign Animation: 2 parameters]
* Character Index: 0 (Opp.)
* ANM Name: LOSE

[Assign Animation: 2 parameters]
* Character Index: 0
* ANM Name: WIN_IN
-> Wait until End of ANM

[Assign Animation: 2 parameters]
* Character Index: 0
* ANM Name: WIN_LOOP
-> Enable ANM Loop

[Play Character Voice Line: 2 parameters]
* Character Index: 0
* Voice Line ID: 9
-> Wait until End of Voice Line

[Store VFX Switches]

[Store Conditional Properties]

[Store Player's Character Changes]

[Store Opponent's Character Changes]

[Post-Cutscene Event: 2 parameters]
* Event ID: Aerial Clash
* Character ID: N/A

[Scene End & Battle Start]

===== SCENE 10031 =====

[Scene Start]

[Battle End: 1 parameter]
* Battle Outcome ID: 1

[Store Character Positions]

[Assign Character Position & Rotation: 7 parameters]
* Character Index: 1
* Position (X): -22.0
* Position (Y): 0.0
* Position (Z): 0.0
* Rotation (X): 0.0
* Rotation (Y): 90.0
* Rotation (Z): 0.0

[Assign Character Position & Rotation: 7 parameters]
* Character Index: 0 (Opp.)
* Position (X): 55.0
* Position (Y): 0.0
* Position (Z): 0.0
* Rotation (X): 0.0
* Rotation (Y): -90.0
* Rotation (Z): 0.0

[Disable Lingering Aura: 1 parameter]
* Character Index: 1

[Disable Lingering Aura: 1 parameter]
* Character Index: 0 (Opp.)

[Primary Camera Point: 6 parameters]
* Position (X): 4.376
* Position (Y): -16.27
* Position (Z): 5.148
* Rotation (Y): -9.019
* Rotation (X): -103.445
* Rotation (Z): 0.0

[Secondary Camera Point]
-> Additional Camera Point: 7 parameters
* Time (s): 4.0
* Position (X): -10.947
* Position (Y): -13.894
* Position (Z): 0.173
* Rotation (Y): 4.51
* Rotation (X): -101.782
* Rotation (Z): 0.0

[Assign Animation: 2 parameters]
* Character Index: 0 (Opp.)
* ANM Name: LOSE

[Assign Animation: 2 parameters]
* Character Index: 1
* ANM Name: WIN_IN
-> Wait until End of ANM

[Assign Animation: 2 parameters]
* Character Index: 1
* ANM Name: WIN_LOOP
-> Enable ANM Loop

[Play Character Voice Line: 2 parameters]
* Character Index: 1
* Voice Line ID: 36
-> Wait until End of Voice Line

[Store VFX Switches]

[Store Conditional Properties]

[Store Player's Character Changes]

[Store Opponent's Character Changes]

[Post-Cutscene Event: 2 parameters]
* Event ID: Aerial Clash
* Character ID: N/A

[Scene End & Battle Start]

===== SCENE 10032 =====

[Scene Start]

[Battle End: 1 parameter]
* Battle Outcome ID: 1

[Store Character Positions]

[Assign Character Position & Rotation: 7 parameters]
* Character Index: 1
* Position (X): -22.0
* Position (Y): 0.0
* Position (Z): 0.0
* Rotation (X): 0.0
* Rotation (Y): 90.0
* Rotation (Z): 0.0

[Assign Character Position & Rotation: 7 parameters]
* Character Index: 0 (Opp.)
* Position (X): 55.0
* Position (Y): 0.0
* Position (Z): 0.0
* Rotation (X): 0.0
* Rotation (Y): -90.0
* Rotation (Z): 0.0

[Disable Lingering Aura: 1 parameter]
* Character Index: 1

[Disable Lingering Aura: 1 parameter]
* Character Index: 0 (Opp.)

[Primary Camera Point: 6 parameters]
* Position (X): -39.68
* Position (Y): -9.077
* Position (Z): -17.208
* Rotation (Y): 3.034
* Rotation (X): 65.781
* Rotation (Z): 0.0

[Assign Animation: 2 parameters]
* Character Index: 0 (Opp.)
* ANM Name: LOSE
-> Wait until End of ANM

[Primary Camera Point: 6 parameters]
* Position (X): 4.376
* Position (Y): -16.27
* Position (Z): 5.148
* Rotation (Y): -9.019
* Rotation (X): -103.445
* Rotation (Z): 0.0

[Secondary Camera Point]
-> Additional Camera Point: 7 parameters
* Time (s): 4.0
* Position (X): -10.947
* Position (Y): -13.894
* Position (Z): 0.173
* Rotation (Y): 4.51
* Rotation (X): -101.782
* Rotation (Z): 0.0

[Assign Animation: 2 parameters]
* Character Index: 1
* ANM Name: WIN_IN
-> Wait until End of ANM

[Assign Animation: 2 parameters]
* Character Index: 1
* ANM Name: WIN_LOOP
-> Enable ANM Loop

[Play Character Voice Line: 2 parameters]
* Character Index: 1
* Voice Line ID: 59
-> Wait until End of Voice Line

[Store VFX Switches]

[Store Conditional Properties]

[Store Player's Character Changes]

[Store Opponent's Character Changes]

[Post-Cutscene Event: 2 parameters]
* Event ID: Aerial Clash
* Character ID: N/A

[Scene End & Battle Start]

===== SCENE 10040 =====

[Scene Start]

[Battle End: 1 parameter]
* Battle Outcome ID: 0

[Store Character Positions]

[Assign Character Position & Rotation: 7 parameters]
* Character Index: 0
* Position (X): -25.9
* Position (Y): 0.0
* Position (Z): 30.9
* Rotation (X): 0.0
* Rotation (Y): 140.0
* Rotation (Z): 0.0

[Assign Character Position & Rotation: 7 parameters]
* Character Index: 0 (Opp.)
* Position (X): 25.9
* Position (Y): -20.0
* Position (Z): -30.9
* Rotation (X): 0.0
* Rotation (Y): -40.0
* Rotation (Z): 0.0

[Disable Lingering Aura: 1 parameter]
* Character Index: 0

[Disable Lingering Aura: 1 parameter]
* Character Index: 0 (Opp.)

[Primary Camera Point: 6 parameters]
* Position (X): -31.079
* Position (Y): -6.66
* Position (Z): 57.392
* Rotation (Y): -2.061
* Rotation (X): 157.156
* Rotation (Z): 0.0

[Secondary Camera Point]
-> Additional Camera Point: 7 parameters
* Time (s): 6.0
* Position (X): 8.864
* Position (Y): -25.051
* Position (Z): -9.164
* Rotation (Y): 11.172
* Rotation (X): 141.098
* Rotation (Z): 0.0

[Assign Animation: 2 parameters]
* Character Index: 0
* ANM Name: LOSE

[Assign Animation: 2 parameters]
* Character Index: 0 (Opp.)
* ANM Name: WIN_IN

[Assign Animation: 2 parameters]
* Character Index: 0 (Opp.)
* ANM Name: WIN_LOOP
-> Enable ANM Loop

[Play Character Voice Line: 2 parameters]
* Character Index: 0 (Opp.)
* Voice Line ID: 60
-> Wait until End of Voice Line

[Store VFX Switches]

[Store Conditional Properties]

[Store Player's Character Changes]

[Store Opponent's Character Changes]

[Post-Cutscene Event: 2 parameters]
* Event ID: Aerial Clash
* Character ID: N/A

[Scene End & Battle Start]

===== SCENE 10041 =====

[Scene Start]

[Battle End: 1 parameter]
* Battle Outcome ID: 0

[Store Character Positions]

[Assign Character Position & Rotation: 7 parameters]
* Character Index: 1
* Position (X): -25.9
* Position (Y): 0.0
* Position (Z): 30.9
* Rotation (X): 0.0
* Rotation (Y): 140.0
* Rotation (Z): 0.0

[Assign Character Position & Rotation: 7 parameters]
* Character Index: 0 (Opp.)
* Position (X): 25.9
* Position (Y): -20.0
* Position (Z): -30.9
* Rotation (X): 0.0
* Rotation (Y): -40.0
* Rotation (Z): 0.0

[Disable Lingering Aura: 1 parameter]
* Character Index: 1

[Disable Lingering Aura: 1 parameter]
* Character Index: 0 (Opp.)

[Primary Camera Point: 6 parameters]
* Position (X): -31.079
* Position (Y): -6.66
* Position (Z): 57.392
* Rotation (Y): -2.061
* Rotation (X): 157.156
* Rotation (Z): 0.0

[Secondary Camera Point]
-> Additional Camera Point: 7 parameters
* Time (s): 6.0
* Position (X): 8.864
* Position (Y): -25.051
* Position (Z): -9.164
* Rotation (Y): 11.172
* Rotation (X): 141.098
* Rotation (Z): 0.0

[Assign Animation: 2 parameters]
* Character Index: 1
* ANM Name: LOSE

[Assign Animation: 2 parameters]
* Character Index: 0 (Opp.)
* ANM Name: WIN_IN

[Assign Animation: 2 parameters]
* Character Index: 0 (Opp.)
* ANM Name: WIN_LOOP
-> Enable ANM Loop

[Play Character Voice Line: 2 parameters]
* Character Index: 0 (Opp.)
* Voice Line ID: 60
-> Wait until End of Voice Line

[Store VFX Switches]

[Store Conditional Properties]

[Store Player's Character Changes]

[Store Opponent's Character Changes]

[Post-Cutscene Event: 2 parameters]
* Event ID: Aerial Clash
* Character ID: N/A

[Scene End & Battle Start]

===== SCENE 10042 =====

[Scene Start]

[Battle End: 1 parameter]
* Battle Outcome ID: 0

[Store Character Positions]

[Assign Character Position & Rotation: 7 parameters]
* Character Index: 1
* Position (X): -25.9
* Position (Y): 0.0
* Position (Z): 30.9
* Rotation (X): 0.0
* Rotation (Y): 140.0
* Rotation (Z): 0.0

[Assign Character Position & Rotation: 7 parameters]
* Character Index: 0 (Opp.)
* Position (X): 25.9
* Position (Y): -20.0
* Position (Z): -30.9
* Rotation (X): 0.0
* Rotation (Y): -40.0
* Rotation (Z): 0.0

[Disable Lingering Aura: 1 parameter]
* Character Index: 1

[Disable Lingering Aura: 1 parameter]
* Character Index: 0 (Opp.)

[Primary Camera Point: 6 parameters]
* Position (X): -31.079
* Position (Y): -6.66
* Position (Z): 57.392
* Rotation (Y): -2.061
* Rotation (X): 157.156
* Rotation (Z): 0.0

[Secondary Camera Point]
-> Additional Camera Point: 7 parameters
* Time (s): 6.0
* Position (X): 8.864
* Position (Y): -25.051
* Position (Z): -9.164
* Rotation (Y): 11.172
* Rotation (X): 141.098
* Rotation (Z): 0.0

[Assign Animation: 2 parameters]
* Character Index: 1
* ANM Name: LOSE

[Assign Animation: 2 parameters]
* Character Index: 0 (Opp.)
* ANM Name: WIN_IN

[Assign Animation: 2 parameters]
* Character Index: 0 (Opp.)
* ANM Name: WIN_LOOP
-> Enable ANM Loop

[Play Character Voice Line: 2 parameters]
* Character Index: 0 (Opp.)
* Voice Line ID: 60
-> Wait until End of Voice Line

[Store VFX Switches]

[Store Conditional Properties]

[Store Player's Character Changes]

[Store Opponent's Character Changes]

[Post-Cutscene Event: 2 parameters]
* Event ID: Aerial Clash
* Character ID: N/A

[Scene End & Battle Start]

===== SCENE 10043 =====

[Scene Start]

[Battle End: 1 parameter]
* Battle Outcome ID: 0

[Store Character Positions]

[Store VFX Switches]

[Store Conditional Properties]

[Store Player's Character Changes]

[Store Opponent's Character Changes]

[Post-Cutscene Event: 2 parameters]
* Event ID: Aerial Clash
* Character ID: N/A

[Scene End & Battle Start]

===== SCENE 10003 =====

[Scene Start]

[Battle End: 1 parameter]
* Battle Outcome ID: -1

[Store Character Positions]

[Store VFX Switches]

[Store Conditional Properties]
-> Scene Link: 2 parameters
* Condition: Wait 20 seconds
* Scene ID: 10004
-> Scene Link: 2 parameters
* Condition: Win via K.O.
* Scene ID: 10030
-> Scene Link: 2 parameters
* Condition: Win via K.O. (Opp.)
* Scene ID: 10040
-> Audio Link: 2 parameters
* Condition: Win Beam Struggle (Opp.)
* Voice Line ID: 2
-> Audio Link: 2 parameters
* Condition: Go in MAX POWER Mode
* Voice Line ID: 5
-> Audio Link: 2 parameters
* Condition: Lose 1 Health Bar
* Voice Line ID: 6
-> Audio Link: 2 parameters
* Condition: Go in MAX POWER Mode
* Voice Line ID: 7
-> Audio Link: 2 parameters
* Condition: Lose 2 Health Bars (Opp.)
* Voice Line ID: 8
-> Audio Link: 2 parameters
* Condition: Win Normal Clash (Opp.)
* Voice Line ID: 2
-> Audio Link: 2 parameters
* Condition: Fall into ground/water
* Voice Line ID: 55

[Store Player's Character Changes]
-> Assign Properties to Character: 1 parameter
* Character Index: 0

[Store Opponent's Character Changes]

[Post-Cutscene Event: 2 parameters]
* Event ID: Switch with Teammate #1
* Character ID: Son-Goku (Super) - Super Saiyajin 3

[Scene End & Battle Start]

===== SCENE 10005 =====

[Scene Start]

[Battle End: 1 parameter]
* Battle Outcome ID: -1

[Store Character Positions]

[Store VFX Switches]

[Store Conditional Properties]
-> Scene Link: 2 parameters
* Condition: Wait 60 seconds
* Scene ID: 10006
-> Scene Link: 2 parameters
* Condition: Win via K.O.
* Scene ID: 10030
-> Scene Link: 2 parameters
* Condition: Win via K.O. (Opp.)
* Scene ID: 10040
-> Audio Link: 2 parameters
* Condition: Immediate
* Voice Line ID: 40
-> Audio Link: 2 parameters
* Condition: Immediate
* Voice Line ID: 41
-> Audio Link: 2 parameters
* Condition: Immediate
* Voice Line ID: 42
-> Audio Link: 2 parameters
* Condition: Immediate
* Voice Line ID: 44
-> Audio Link: 2 parameters
* Condition: Immediate
* Voice Line ID: 45
-> Audio Link: 2 parameters
* Condition: Immediate
* Voice Line ID: 46
-> Audio Link: 2 parameters
* Condition: Immediate
* Voice Line ID: 47
-> Audio Link: 2 parameters
* Condition: Immediate
* Voice Line ID: 50
-> Audio Link: 2 parameters
* Condition: Immediate
* Voice Line ID: 51
-> Audio Link: 2 parameters
* Condition: Win Beam Struggle (Opp.)
* Voice Line ID: 2
-> Audio Link: 2 parameters
* Condition: Go in MAX POWER Mode
* Voice Line ID: 5
-> Audio Link: 2 parameters
* Condition: Lose 2 Health Bars
* Voice Line ID: 6
-> Audio Link: 2 parameters
* Condition: Go in MAX POWER Mode
* Voice Line ID: 7
-> Audio Link: 2 parameters
* Condition: Lose 2 Health Bars (Opp.)
* Voice Line ID: 8
-> Audio Link: 2 parameters
* Condition: Win Normal Clash (Opp.)
* Voice Line ID: 2
-> Audio Link: 2 parameters
* Condition: Fall into ground/water
* Voice Line ID: 55

[Store Player's Character Changes]
-> Assign Health: 1 parameter
* Health (%): 100

[Store Opponent's Character Changes]
-> Assign Health: 1 parameter
* Health (%): 100
-> Add Ki: 1 parameter
* Ki (%): 100

[Post-Cutscene Event: 2 parameters]
* Event ID: Battle Finish
* Character ID: N/A

[Scene End & Battle Start]

===== SCENE 10007 =====

[Scene Start]

[Battle End: 1 parameter]
* Battle Outcome ID: -1

[Store Character Positions]

[Store VFX Switches]

[Store Conditional Properties]
-> Scene Link: 2 parameters
* Condition: Immediate
* Scene ID: 10032

[Store Player's Character Changes]

[Store Opponent's Character Changes]
-> Assign Health: 1 parameter
* Health (%): 100
-> Assign Ki: 1 parameter
* Ki (%): 100

[Post-Cutscene Event: 2 parameters]
* Event ID: Assign Transformation
* Character ID: Goku (Med)

[Scene End & Battle Start]
