GSC Origin: Budokai Tenkaichi 3

===== SCENE -1 =====

===== SCENE 1000 =====

===== SCENE -2 =====

[Load TXT PAK]

[Load LPS PAK]

===== SCENE -3 =====

[Scenario Identifier: 1 parameter]
* GSC Name: Protegere la Tierra!

[Rewards: 15 parameters]
* Z-Points (Easy): 2000
* Z-Points (Normal): 2500
* Z-Points (Hard): 3000
* Z-Item #1: Style of the Strong
* Z-Item #2: N/A
* Z-Item #3: N/A
* Map #1: N/A
* Map #2: N/A
* Map #3: N/A
* Character #1: N/A
* Character #2: N/A
* Character #3: N/A
* Scenario #1: N/A
* Scenario #2: N/A
* Scenario #3: N/A

[Subtitle Settings]
-> Text Region: 1 parameter
* Region ID: 0
-> Text is Grey: 1 parameter
* Enable Grey Text: False
-> Text Position: 2 parameters
* Position (X): 256
* Position (Y): 428
-> Text Size: 2 parameters
* Width: 0.85
* Height: 0.85
-> Text Scale: 1 parameter
* Coefficient: 1.0
-> Text Color: 4 parameters
* Red: 255
* Green: 255
* Blue: 255
* Opacity: 128
-> Text Padding: 2 parameters
* Padding (Vertical): 2
* Padding (Horizontal): 5
-> Text Alignment: 1 parameter
* Alignment ID: 1
-> Symbol: 1 parameter
* Type: 2
-> Text Outline Size: 2 parameters
* Width: 1
* Height: 2
-> Text Outline Color: 4 parameters
* Red: 0
* Green: 0
* Blue: 0
* Opacity: 64

[Subtitle Settings]
-> Text Region: 1 parameter
* Region ID: 1
-> Text is Grey: 1 parameter
* Enable Grey Text: False
-> Text Position: 2 parameters
* Position (X): 256
* Position (Y): 428
-> Text Size: 2 parameters
* Width: 0.85
* Height: 0.85
-> Text Scale: 1 parameter
* Coefficient: 1.0
-> Text Color: 4 parameters
* Red: 255
* Green: 255
* Blue: 255
* Opacity: 128
-> Text Padding: 2 parameters
* Padding (Vertical): 2
* Padding (Horizontal): 5
-> Text Alignment: 1 parameter
* Alignment ID: 1
-> Symbol: 1 parameter
* Type: 2
-> Text Outline Size: 2 parameters
* Width: 1
* Height: 2
-> Text Outline Color: 4 parameters
* Red: 0
* Green: 0
* Blue: 0
* Opacity: 64

[Subtitle Settings]
-> Text Region: 1 parameter
* Region ID: 2
-> Text is Grey: 1 parameter
* Enable Grey Text: False
-> Text Position: 2 parameters
* Position (X): 256
* Position (Y): 428
-> Text Size: 2 parameters
* Width: 0.85
* Height: 0.85
-> Text Scale: 1 parameter
* Coefficient: 1.0
-> Text Color: 4 parameters
* Red: 255
* Green: 255
* Blue: 255
* Opacity: 128
-> Text Padding: 2 parameters
* Padding (Vertical): 2
* Padding (Horizontal): 5
-> Text Alignment: 1 parameter
* Alignment ID: 1
-> Symbol: 1 parameter
* Type: 2
-> Text Outline Size: 2 parameters
* Width: 1
* Height: 2
-> Text Outline Color: 4 parameters
* Red: 0
* Green: 0
* Blue: 0
* Opacity: 64

[Subtitle Settings]
-> Text Region: 1 parameter
* Region ID: 3
-> Text is Grey: 1 parameter
* Enable Grey Text: False
-> Text Position: 2 parameters
* Position (X): 256
* Position (Y): 428
-> Text Size: 2 parameters
* Width: 0.85
* Height: 0.85
-> Text Scale: 1 parameter
* Coefficient: 1.0
-> Text Color: 4 parameters
* Red: 255
* Green: 255
* Blue: 255
* Opacity: 128
-> Text Padding: 2 parameters
* Padding (Vertical): 2
* Padding (Horizontal): 5
-> Text Alignment: 1 parameter
* Alignment ID: 1
-> Symbol: 1 parameter
* Type: 2
-> Text Outline Size: 2 parameters
* Width: 2
* Height: 2
-> Text Outline Color: 4 parameters
* Red: 32
* Green: 32
* Blue: 32
* Opacity: 128

[Subtitle Settings]
-> Text Region: 1 parameter
* Region ID: 0
-> Text is Grey: 1 parameter
* Enable Grey Text: True
-> Text Position: 2 parameters
* Position (X): 256
* Position (Y): 428
-> Text Size: 2 parameters
* Width: 0.85
* Height: 0.85
-> Text Scale: 1 parameter
* Coefficient: 1.0
-> Text Color: 4 parameters
* Red: 140
* Green: 140
* Blue: 140
* Opacity: 128
-> Text Padding: 2 parameters
* Padding (Vertical): 2
* Padding (Horizontal): 5
-> Text Alignment: 1 parameter
* Alignment ID: 1
-> Symbol: 1 parameter
* Type: 2
-> Text Outline Size: 2 parameters
* Width: 1
* Height: 2
-> Text Outline Color: 4 parameters
* Red: 0
* Green: 0
* Blue: 0
* Opacity: 64

[Subtitle Settings]
-> Text Region: 1 parameter
* Region ID: 1
-> Text is Grey: 1 parameter
* Enable Grey Text: True
-> Text Position: 2 parameters
* Position (X): 256
* Position (Y): 428
-> Text Size: 2 parameters
* Width: 0.85
* Height: 0.85
-> Text Scale: 1 parameter
* Coefficient: 1.0
-> Text Color: 4 parameters
* Red: 140
* Green: 140
* Blue: 140
* Opacity: 128
-> Text Padding: 2 parameters
* Padding (Vertical): 2
* Padding (Horizontal): 5
-> Text Alignment: 1 parameter
* Alignment ID: 1
-> Symbol: 1 parameter
* Type: 2
-> Text Outline Size: 2 parameters
* Width: 1
* Height: 2
-> Text Outline Color: 4 parameters
* Red: 0
* Green: 0
* Blue: 0
* Opacity: 64

[Subtitle Settings]
-> Text Region: 1 parameter
* Region ID: 2
-> Text is Grey: 1 parameter
* Enable Grey Text: True
-> Text Position: 2 parameters
* Position (X): 256
* Position (Y): 428
-> Text Size: 2 parameters
* Width: 0.85
* Height: 0.85
-> Text Scale: 1 parameter
* Coefficient: 1.0
-> Text Color: 4 parameters
* Red: 140
* Green: 140
* Blue: 140
* Opacity: 128
-> Text Padding: 2 parameters
* Padding (Vertical): 2
* Padding (Horizontal): 5
-> Text Alignment: 1 parameter
* Alignment ID: 1
-> Symbol: 1 parameter
* Type: 2
-> Text Outline Size: 2 parameters
* Width: 1
* Height: 2
-> Text Outline Color: 4 parameters
* Red: 0
* Green: 0
* Blue: 0
* Opacity: 64

[Subtitle Settings]
-> Text Region: 1 parameter
* Region ID: 3
-> Text is Grey: 1 parameter
* Enable Grey Text: True
-> Text Position: 2 parameters
* Position (X): 256
* Position (Y): 428
-> Text Size: 2 parameters
* Width: 0.85
* Height: 0.85
-> Text Scale: 1 parameter
* Coefficient: 1.0
-> Text Color: 4 parameters
* Red: 140
* Green: 140
* Blue: 140
* Opacity: 128
-> Text Padding: 2 parameters
* Padding (Vertical): 2
* Padding (Horizontal): 5
-> Text Alignment: 1 parameter
* Alignment ID: 1
-> Symbol: 1 parameter
* Type: 2
-> Text Outline Size: 2 parameters
* Width: 2
* Height: 2
-> Text Outline Color: 4 parameters
* Red: 32
* Green: 32
* Blue: 32
* Opacity: 128

===== SCENE -4 =====

[Battle Settings: 5 parameters]
* Map: VOLCAN
* Music: UB OST - Broly's Attack
* Battle Time (s): 0
* Referee: Shenron
* Enable Map Destruction: False

[Team Settings: 2 parameters]
* Team Index: 0
* Number of Teammates: 3

[Team Settings: 2 parameters]
* Team Index: 1
* Number of Teammates: 1

[Character Settings: 14 parameters]
* Character Index: 0
* Character: Goten (Niño) - Super Saiyajin
* Color: 0
* Damaged: False
* COM Level: 0
* Z-Item #8: Goku Type
* Health (%): 100
* Z-Item #1: Master Roshi's Training
* Z-Item #2: N/A
* Z-Item #3: N/A
* Z-Item #4: N/A
* Z-Item #5: N/A
* Z-Item #6: Dragon Crush
* Z-Item #7: Vanishing Rush

[Character Settings: 14 parameters]
* Character Index: 1
* Character: Trunks (Niño) - Super Saiyajin
* Color: 2
* Damaged: False
* COM Level: 0
* Z-Item #8: Goku Type
* Health (%): 100
* Z-Item #1: Master Roshi's Training
* Z-Item #2: N/A
* Z-Item #3: N/A
* Z-Item #4: N/A
* Z-Item #5: N/A
* Z-Item #6: Dragon Crush
* Z-Item #7: Vanishing Rush

[Character Settings: 14 parameters]
* Character Index: 2
* Character: Gohan (Fin) - Super Saiyajin
* Color: 2
* Damaged: False
* COM Level: 0
* Z-Item #8: Goku Type
* Health (%): 100
* Z-Item #1: Master Roshi's Training
* Z-Item #2: N/A
* Z-Item #3: N/A
* Z-Item #4: N/A
* Z-Item #5: N/A
* Z-Item #6: Dragon Crush
* Z-Item #7: Vanishing Rush

[Character Settings: 14 parameters]
* Character Index: 0 (Opp.)
* Character: Broly - SSJ Full Power
* Color: 1
* Damaged: False
* COM Level: 10
* Z-Item #8: Broly Type
* Health (%): 100
* Z-Item #1: Strength Enhancement
* Z-Item #2: Attack +10
* Z-Item #3: Attack +10
* Z-Item #4: N/A
* Z-Item #5: N/A
* Z-Item #6: N/A
* Z-Item #7: N/A

===== SCENE -5 =====

[Store Audio-Related Properties]
-> Audio-Related Property: 2 parameters
* Voice Line ID: 0
* Character Index: 0 (Opp.)
-> Audio-Related Property: 2 parameters
* Voice Line ID: 1
* Character Index: 0
-> Audio-Related Property: 2 parameters
* Voice Line ID: 2
* Character Index: 2
-> Audio-Related Property: 2 parameters
* Voice Line ID: 3
* Character Index: 1
-> Audio-Related Property: 2 parameters
* Voice Line ID: 4
* Character Index: 0
-> Audio-Related Property: 2 parameters
* Voice Line ID: 5
* Character Index: 0
-> Audio-Related Property: 2 parameters
* Voice Line ID: 6
* Character Index: 0
-> Audio-Related Property: 2 parameters
* Voice Line ID: 7
* Character Index: 0
-> Audio-Related Property: 2 parameters
* Voice Line ID: 8
* Character Index: 0
-> Audio-Related Property: 2 parameters
* Voice Line ID: 9
* Character Index: 0
-> Audio-Related Property: 2 parameters
* Voice Line ID: 10
* Character Index: 1
-> Audio-Related Property: 2 parameters
* Voice Line ID: 11
* Character Index: 1
-> Audio-Related Property: 2 parameters
* Voice Line ID: 12
* Character Index: 1
-> Audio-Related Property: 2 parameters
* Voice Line ID: 13
* Character Index: 1
-> Audio-Related Property: 2 parameters
* Voice Line ID: 14
* Character Index: 1
-> Audio-Related Property: 2 parameters
* Voice Line ID: 15
* Character Index: 1
-> Audio-Related Property: 2 parameters
* Voice Line ID: 16
* Character Index: 0 (Opp.)
-> Audio-Related Property: 2 parameters
* Voice Line ID: 17
* Character Index: 0 (Opp.)
-> Audio-Related Property: 2 parameters
* Voice Line ID: 18
* Character Index: 0 (Opp.)
-> Audio-Related Property: 2 parameters
* Voice Line ID: 19
* Character Index: 0 (Opp.)
-> Audio-Related Property: 2 parameters
* Voice Line ID: 20
* Character Index: 0
-> Audio-Related Property: 2 parameters
* Voice Line ID: 21
* Character Index: 1
-> Audio-Related Property: 2 parameters
* Voice Line ID: 22
* Character Index: 1
-> Audio-Related Property: 2 parameters
* Voice Line ID: 23
* Character Index: 1
-> Audio-Related Property: 2 parameters
* Voice Line ID: 24
* Character Index: 1
-> Audio-Related Property: 2 parameters
* Voice Line ID: 25
* Character Index: 1
-> Audio-Related Property: 2 parameters
* Voice Line ID: 26
* Character Index: 1
-> Audio-Related Property: 2 parameters
* Voice Line ID: 27
* Character Index: 1
-> Audio-Related Property: 2 parameters
* Voice Line ID: 28
* Character Index: 1
-> Audio-Related Property: 2 parameters
* Voice Line ID: 29
* Character Index: 1
-> Audio-Related Property: 2 parameters
* Voice Line ID: 30
* Character Index: 1
-> Audio-Related Property: 2 parameters
* Voice Line ID: 31
* Character Index: 1
-> Audio-Related Property: 2 parameters
* Voice Line ID: 32
* Character Index: 1
-> Audio-Related Property: 2 parameters
* Voice Line ID: 33
* Character Index: 1
-> Audio-Related Property: 2 parameters
* Voice Line ID: 34
* Character Index: 1
-> Audio-Related Property: 2 parameters
* Voice Line ID: 35
* Character Index: 1
-> Audio-Related Property: 2 parameters
* Voice Line ID: 36
* Character Index: 1
-> Audio-Related Property: 2 parameters
* Voice Line ID: 37
* Character Index: 1
-> Audio-Related Property: 2 parameters
* Voice Line ID: 38
* Character Index: 0
-> Audio-Related Property: 2 parameters
* Voice Line ID: 39
* Character Index: 0
-> Audio-Related Property: 2 parameters
* Voice Line ID: 40
* Character Index: 0
-> Audio-Related Property: 2 parameters
* Voice Line ID: 41
* Character Index: 0
-> Audio-Related Property: 2 parameters
* Voice Line ID: 42
* Character Index: 0
-> Audio-Related Property: 2 parameters
* Voice Line ID: 43
* Character Index: 0
-> Audio-Related Property: 2 parameters
* Voice Line ID: 44
* Character Index: 0
-> Audio-Related Property: 2 parameters
* Voice Line ID: 45
* Character Index: 1
-> Audio-Related Property: 2 parameters
* Voice Line ID: 46
* Character Index: 1
-> Audio-Related Property: 2 parameters
* Voice Line ID: 47
* Character Index: 0 (Opp.)
-> Audio-Related Property: 2 parameters
* Voice Line ID: 48
* Character Index: 0 (Opp.)
-> Audio-Related Property: 2 parameters
* Voice Line ID: 49
* Character Index: 2
-> Audio-Related Property: 2 parameters
* Voice Line ID: 50
* Character Index: 1
-> Audio-Related Property: 2 parameters
* Voice Line ID: 51
* Character Index: 0
-> Audio-Related Property: 2 parameters
* Voice Line ID: 52
* Character Index: 0
-> Audio-Related Property: 2 parameters
* Voice Line ID: 53
* Character Index: 2
-> Audio-Related Property: 2 parameters
* Voice Line ID: 54
* Character Index: 0
-> Audio-Related Property: 2 parameters
* Voice Line ID: 55
* Character Index: 2
-> Audio-Related Property: 2 parameters
* Voice Line ID: 56
* Character Index: 1
-> Audio-Related Property: 2 parameters
* Voice Line ID: 57
* Character Index: 0 (Opp.)
-> Audio-Related Property: 2 parameters
* Voice Line ID: 58
* Character Index: 2
-> Audio-Related Property: 2 parameters
* Voice Line ID: 59
* Character Index: 2
-> Audio-Related Property: 2 parameters
* Voice Line ID: 60
* Character Index: 1
-> Audio-Related Property: 2 parameters
* Voice Line ID: 61
* Character Index: 2
-> Audio-Related Property: 2 parameters
* Voice Line ID: 62
* Character Index: 2
-> Audio-Related Property: 2 parameters
* Voice Line ID: 63
* Character Index: 0 (Opp.)
-> Audio-Related Property: 2 parameters
* Voice Line ID: 64
* Character Index: 0
-> Audio-Related Property: 2 parameters
* Voice Line ID: 65
* Character Index: 1
-> Audio-Related Property: 2 parameters
* Voice Line ID: 66
* Character Index: 0 (Opp.)
-> Audio-Related Property: 2 parameters
* Voice Line ID: 67
* Character Index: 2
-> Audio-Related Property: 2 parameters
* Voice Line ID: 68
* Character Index: 2
-> Audio-Related Property: 2 parameters
* Voice Line ID: 69
* Character Index: 2
-> Audio-Related Property: 2 parameters
* Voice Line ID: 70
* Character Index: 0
-> Audio-Related Property: 2 parameters
* Voice Line ID: 71
* Character Index: 2
-> Audio-Related Property: 2 parameters
* Voice Line ID: 72
* Character Index: 0 (Opp.)
-> Audio-Related Property: 2 parameters
* Voice Line ID: 73
* Character Index: 0 (Opp.)
-> Audio-Related Property: 2 parameters
* Voice Line ID: 74
* Character Index: 0
-> Audio-Related Property: 2 parameters
* Voice Line ID: 75
* Character Index: 2
-> Audio-Related Property: 2 parameters
* Voice Line ID: 76
* Character Index: 0 (Opp.)
-> Audio-Related Property: 2 parameters
* Voice Line ID: 77
* Character Index: 2
-> Audio-Related Property: 2 parameters
* Voice Line ID: 78
* Character Index: 2
-> Audio-Related Property: 2 parameters
* Voice Line ID: 79
* Character Index: 2
-> Audio-Related Property: 2 parameters
* Voice Line ID: 80
* Character Index: 2
-> Audio-Related Property: 2 parameters
* Voice Line ID: 81
* Character Index: 2
-> Audio-Related Property: 2 parameters
* Voice Line ID: 82
* Character Index: 1
-> Audio-Related Property: 2 parameters
* Voice Line ID: 83
* Character Index: 1
-> Audio-Related Property: 2 parameters
* Voice Line ID: 84
* Character Index: 1
-> Audio-Related Property: 2 parameters
* Voice Line ID: 85
* Character Index: 1
-> Audio-Related Property: 2 parameters
* Voice Line ID: 86
* Character Index: 0
-> Audio-Related Property: 2 parameters
* Voice Line ID: 87
* Character Index: 0 (Opp.)
-> Audio-Related Property: 2 parameters
* Voice Line ID: 88
* Character Index: 0 (Opp.)
-> Audio-Related Property: 2 parameters
* Voice Line ID: 89
* Character Index: 0 (Opp.)
-> Audio-Related Property: 2 parameters
* Voice Line ID: 90
* Character Index: 0
-> Audio-Related Property: 2 parameters
* Voice Line ID: 92
* Character Index: 2
-> Audio-Related Property: 2 parameters
* Voice Line ID: 93
* Character Index: 0
-> Audio-Related Property: 2 parameters
* Voice Line ID: 95
* Character Index: 0 (Opp.)
-> Audio-Related Property: 2 parameters
* Voice Line ID: 97
* Character Index: 2
-> Audio-Related Property: 2 parameters
* Voice Line ID: 100
* Character Index: 0 (Opp.)
-> Audio-Related Property: 2 parameters
* Voice Line ID: 101
* Character Index: 1
-> Audio-Related Property: 2 parameters
* Voice Line ID: 102
* Character Index: 1
-> Audio-Related Property: 2 parameters
* Voice Line ID: 104
* Character Index: 2
-> Audio-Related Property: 2 parameters
* Voice Line ID: 105
* Character Index: 2
-> Audio-Related Property: 2 parameters
* Voice Line ID: 106
* Character Index: 0
-> Audio-Related Property: 2 parameters
* Voice Line ID: 107
* Character Index: 0
-> Audio-Related Property: 2 parameters
* Voice Line ID: 108
* Character Index: 0
-> Audio-Related Property: 2 parameters
* Voice Line ID: 111
* Character Index: 1
-> Audio-Related Property: 2 parameters
* Voice Line ID: 112
* Character Index: 2
-> Audio-Related Property: 2 parameters
* Voice Line ID: 113
* Character Index: 0 (Opp.)
-> Audio-Related Property: 2 parameters
* Voice Line ID: 114
* Character Index: 0 (Opp.)
-> Audio-Related Property: 2 parameters
* Voice Line ID: 115
* Character Index: 0 (Opp.)
-> Audio-Related Property: 2 parameters
* Voice Line ID: 116
* Character Index: 0 (Opp.)
-> Audio-Related Property: 2 parameters
* Voice Line ID: 117
* Character Index: 2
-> Audio-Related Property: 2 parameters
* Voice Line ID: 118
* Character Index: 0
-> Audio-Related Property: 2 parameters
* Voice Line ID: 119
* Character Index: 2
-> Audio-Related Property: 2 parameters
* Voice Line ID: 120
* Character Index: 0 (Opp.)
-> Audio-Related Property: 2 parameters
* Voice Line ID: 121
* Character Index: 0 (Opp.)

===== SCENE 10000 =====

[Scene Start]

[Battle End: 1 parameter]
* Battle Outcome ID: -1

[Store Character Positions]

[Assign Character Position & Rotation: 7 parameters]
* Character Index: 0
* Position (X): 56.9
* Position (Y): 0.0
* Position (Z): -66.2
* Rotation (X): 0.0
* Rotation (Y): -40.8
* Rotation (Z): 0.0

[Assign Character Position & Rotation: 7 parameters]
* Character Index: 0 (Opp.)
* Position (X): -60.8
* Position (Y): -0.7
* Position (Z): 127.5
* Rotation (X): 0.0
* Rotation (Y): 154.6
* Rotation (Z): 0.0

[Primary Camera Point: 6 parameters]
* Position (X): -40.56
* Position (Y): -1.707
* Position (Z): 68.401
* Rotation (Y): 21.366
* Rotation (X): -19.313
* Rotation (Z): 0.0

[Secondary Camera Point]
-> Additional Camera Point: 7 parameters
* Time (s): 2.0
* Position (X): -56.77
* Position (Y): -18.976
* Position (Z): 114.656
* Rotation (Y): 21.366
* Rotation (X): -19.313
* Rotation (Z): 0.0

[Assign Animation: 2 parameters]
* Character Index: 0 (Opp.)
* ANM Name: INTRO_LOOP
-> Enable ANM Loop

[Play Character Voice Line: 2 parameters]
* Character Index: 0 (Opp.)
* Voice Line ID: 0
-> Wait until End of Voice Line

[Primary Camera Point: 6 parameters]
* Position (X): 39.387
* Position (Y): -3.611
* Position (Z): -70.195
* Rotation (Y): 14.342
* Rotation (X): 77.055
* Rotation (Z): 0.0

[Secondary Camera Point]
-> Additional Camera Point: 7 parameters
* Time (s): 3.0
* Position (X): 51.23
* Position (Y): -4.715
* Position (Z): -56.067
* Rotation (Y): 14.342
* Rotation (X): 151.946
* Rotation (Z): 0.0

[Assign Animation: 2 parameters]
* Character Index: 0
* ANM Name: GROUND
-> Enable ANM Loop

[Play Character Voice Line: 2 parameters]
* Character Index: 0
* Voice Line ID: 1
-> Wait until End of Voice Line

[Store VFX Switches]

[Store Conditional Properties]
-> Scene Link: 2 parameters
* Condition: Lose 2 Health Bars
* Scene ID: 10001
-> Scene Link: 2 parameters
* Condition: Win via K.O.
* Scene ID: 10030
-> Scene Link: 2 parameters
* Condition: Win via K.O. (Opp.)
* Scene ID: 10040
-> Audio Link: 2 parameters
* Condition: Immediate
* Voice Line ID: 2
-> Audio Link: 2 parameters
* Condition: Perform Teleport
* Voice Line ID: 3
-> Audio Link: 2 parameters
* Condition: Go in MAX POWER Mode
* Voice Line ID: 4
-> Audio Link: 2 parameters
* Condition: Perform Z-Counter
* Voice Line ID: 5
-> Audio Link: 2 parameters
* Condition: Perform Z-Counter (Opp.)
* Voice Line ID: 6
-> Audio Link: 2 parameters
* Condition: Fall into ground/water (Opp.)
* Voice Line ID: 7
-> Audio Link: 2 parameters
* Condition: Perform Ultimate Blast
* Voice Line ID: 8
-> Audio Link: 2 parameters
* Condition: Hit with 1st Blast 2
* Voice Line ID: 9
-> Audio Link: 2 parameters
* Condition: Lose 1 Health Bar (Opp.)
* Voice Line ID: 10
-> Audio Link: 2 parameters
* Condition: Hit with Ultimate Blast
* Voice Line ID: 11
-> Audio Link: 2 parameters
* Condition: Lose 1 Health Bar
* Voice Line ID: 12
-> Audio Link: 2 parameters
* Condition: Lose 2 Health Bars
* Voice Line ID: 13
-> Audio Link: 2 parameters
* Condition: Perform Throw (Opp.)
* Voice Line ID: 14
-> Audio Link: 2 parameters
* Condition: Hit with 1st Blast 2 (Opp.)
* Voice Line ID: 15
-> Audio Link: 2 parameters
* Condition: Go in MAX POWER Mode (Opp.)
* Voice Line ID: 16
-> Audio Link: 2 parameters
* Condition: Perform Sonic Sway
* Voice Line ID: 3
-> Audio Link: 2 parameters
* Condition: Perform Vanishing Attack
* Voice Line ID: 3
-> Audio Link: 2 parameters
* Condition: Perform Hyper Smash
* Voice Line ID: 14
-> Audio Link: 2 parameters
* Condition: Hit with 2nd Blast 2 (Opp.)
* Voice Line ID: 0
-> Audio Link: 2 parameters
* Condition: Perform Dash Smash (Opp.)
* Voice Line ID: 17
-> Audio Link: 2 parameters
* Condition: Hit with 2nd Blast 2
* Voice Line ID: 9

[Store Player's Character Changes]

[Store Opponent's Character Changes]

[Post-Cutscene Event: 2 parameters]
* Event ID: Battle Finish
* Character ID: N/A

[Scene End & Battle Start]

===== SCENE 10001 =====

[Scene Start]

[Battle End: 1 parameter]
* Battle Outcome ID: -1

[Store Character Positions]

[Store VFX Switches]

[Store Conditional Properties]
-> Scene Link: 2 parameters
* Condition: Immediate
* Scene ID: 10002
-> Scene Link: 2 parameters
* Condition: Win via K.O.
* Scene ID: 10039
-> Scene Link: 2 parameters
* Condition: Win via K.O. (Opp.)
* Scene ID: 10049

[Store Player's Character Changes]
-> Assign Properties to Character: 1 parameter
* Character Index: 1

[Store Opponent's Character Changes]

[Post-Cutscene Event: 2 parameters]
* Event ID: Switch with Teammate #2
* Character ID: Trunks (Niño) - Super Saiyajin

[Scene End & Battle Start]

===== SCENE 10002 =====

[Scene Start]

[Battle End: 1 parameter]
* Battle Outcome ID: -1

[Store Character Positions]

[Trigger Fade-Out: 1 parameter]
* Time (s): 1.2

[Assign Character Position & Rotation: 7 parameters]
* Character Index: 1
* Position (X): 15.4
* Position (Y): 0.0
* Position (Z): 2.1
* Rotation (X): 0.0
* Rotation (Y): -40.8
* Rotation (Z): 0.0

[Assign Character Position & Rotation: 7 parameters]
* Character Index: 0 (Opp.)
* Position (X): -19.2
* Position (Y): -0.7
* Position (Z): 59.1
* Rotation (X): 0.0
* Rotation (Y): 154.6
* Rotation (Z): 0.0

[Assign Animation: 2 parameters]
* Character Index: 0 (Opp.)
* ANM Name: GROUND
-> Enable ANM Loop

[Primary Camera Point: 6 parameters]
* Position (X): 11.145
* Position (Y): -7.891
* Position (Z): 15.004
* Rotation (Y): -5.506
* Rotation (X): 161.496
* Rotation (Z): 0.0

[Assign Animation: 2 parameters]
* Character Index: 1
* ANM Name: GROUND
-> Enable ANM Loop

[Play Character Voice Line: 2 parameters]
* Character Index: 1
* Voice Line ID: 21
-> Wait until End of Voice Line

[Primary Camera Point: 6 parameters]
* Position (X): 4.374
* Position (Y): -9.734
* Position (Z): -23.252
* Rotation (Y): -3.558
* Rotation (X): 2.252
* Rotation (Z): 0.0

[Secondary Camera Point]
-> Additional Camera Point: 7 parameters
* Time (s): 10.0
* Position (X): 12.125
* Position (Y): -9.039
* Position (Z): -11.188
* Rotation (Y): -2.39
* Rotation (X): -7.559
* Rotation (Z): 0.0

[Assign Animation: 2 parameters]
* Character Index: 1
* ANM Name: TAUNT
-> Enable ANM Loop

[Play Character Voice Line: 2 parameters]
* Character Index: 1
* Voice Line ID: 22
-> Wait until End of Voice Line

[Play Character Voice Line: 2 parameters]
* Character Index: 1
* Voice Line ID: 23
-> Wait until End of Voice Line

[Store VFX Switches]

[Store Conditional Properties]
-> Scene Link: 2 parameters
* Condition: Lose 2 Health Bars
* Scene ID: 10003
-> Scene Link: 2 parameters
* Condition: Win via K.O.
* Scene ID: 10031
-> Scene Link: 2 parameters
* Condition: Win via K.O. (Opp.)
* Scene ID: 10041
-> Audio Link: 2 parameters
* Condition: Fall into ground/water
* Voice Line ID: 24
-> Audio Link: 2 parameters
* Condition: Perform Vanishing Attack (Opp.)
* Voice Line ID: 25
-> Audio Link: 2 parameters
* Condition: Immediate
* Voice Line ID: 26
-> Audio Link: 2 parameters
* Condition: Lose 1 Health Bar
* Voice Line ID: 27
-> Audio Link: 2 parameters
* Condition: Go in MAX POWER Mode (Opp.)
* Voice Line ID: 28
-> Audio Link: 2 parameters
* Condition: Lose 2 Health Bars
* Voice Line ID: 29
-> Audio Link: 2 parameters
* Condition: Go in MAX POWER Mode
* Voice Line ID: 30
-> Audio Link: 2 parameters
* Condition: Perform Teleport
* Voice Line ID: 31
-> Audio Link: 2 parameters
* Condition: Win Beam Struggle (Opp.)
* Voice Line ID: 32
-> Audio Link: 2 parameters
* Condition: Perform Vanishing Attack
* Voice Line ID: 33
-> Audio Link: 2 parameters
* Condition: Perform 1st Blast 2
* Voice Line ID: 34
-> Audio Link: 2 parameters
* Condition: Win Normal Clash (Opp.)
* Voice Line ID: 35
-> Audio Link: 2 parameters
* Condition: Fall into ground/water (Opp.)
* Voice Line ID: 36
-> Audio Link: 2 parameters
* Condition: Hit with Ultimate Blast
* Voice Line ID: 37
-> Audio Link: 2 parameters
* Condition: Perform Sonic Sway
* Voice Line ID: 38
-> Audio Link: 2 parameters
* Condition: Perform Dragon Homing (Opp.)
* Voice Line ID: 39
-> Audio Link: 2 parameters
* Condition: Perform Hyper Smash (Opp.)
* Voice Line ID: 40
-> Audio Link: 2 parameters
* Condition: UNKNOWN
* Voice Line ID: 41
-> Audio Link: 2 parameters
* Condition: Perform Aerial Clash
* Voice Line ID: 42
-> Audio Link: 2 parameters
* Condition: Hit with 1st Blast 2 (Opp.)
* Voice Line ID: 43
-> Audio Link: 2 parameters
* Condition: Perform Hyper Smash (Opp.)
* Voice Line ID: 44
-> Audio Link: 2 parameters
* Condition: Perform Z-Counter (Opp.)
* Voice Line ID: 31
-> Audio Link: 2 parameters
* Condition: Perform 2nd Blast 2
* Voice Line ID: 34
-> Audio Link: 2 parameters
* Condition: Hit with 2nd Blast 2 (Opp.)
* Voice Line ID: 43

[Store Player's Character Changes]
-> Add Health: 1 parameter
* Health (%): 100

[Store Opponent's Character Changes]

[Post-Cutscene Event: 2 parameters]
* Event ID: Battle Finish
* Character ID: N/A

[Scene End & Battle Start]

===== SCENE 10003 =====

[Scene Start]

[Battle End: 1 parameter]
* Battle Outcome ID: -1

[Store Character Positions]

[Store VFX Switches]

[Store Conditional Properties]
-> Scene Link: 2 parameters
* Condition: Immediate
* Scene ID: 10004
-> Scene Link: 2 parameters
* Condition: Win via K.O.
* Scene ID: 10039
-> Scene Link: 2 parameters
* Condition: Win via K.O. (Opp.)
* Scene ID: 10049

[Store Player's Character Changes]
-> Assign Properties to Character: 1 parameter
* Character Index: 2

[Store Opponent's Character Changes]

[Post-Cutscene Event: 2 parameters]
* Event ID: Switch with Teammate #3
* Character ID: Gohan (Fin) - Super Saiyajin

[Scene End & Battle Start]

===== SCENE 10004 =====

[Scene Start]

[Battle End: 1 parameter]
* Battle Outcome ID: -1

[Store Character Positions]

[Trigger Fade-Out: 1 parameter]
* Time (s): 1.2

[Assign Character Position & Rotation: 7 parameters]
* Character Index: 2
* Position (X): 23.2
* Position (Y): 0.0
* Position (Z): -10.7
* Rotation (X): 0.0
* Rotation (Y): -40.8
* Rotation (Z): 0.0

[Assign Character Position & Rotation: 7 parameters]
* Character Index: 0 (Opp.)
* Position (X): -27.0
* Position (Y): -0.7
* Position (Z): 72.0
* Rotation (X): 0.0
* Rotation (Y): 154.6
* Rotation (Z): 0.0

[Assign Animation: 2 parameters]
* Character Index: 0 (Opp.)
* ANM Name: GROUND
-> Enable ANM Loop

[Primary Camera Point: 6 parameters]
* Position (X): -26.144
* Position (Y): -32.463
* Position (Z): 90.156
* Rotation (Y): -32.815
* Rotation (X): 162.544
* Rotation (Z): 0.0

[Secondary Camera Point]
-> Additional Camera Point: 7 parameters
* Time (s): 4.0
* Position (X): -23.681
* Position (Y): -27.781
* Position (Z): 82.323
* Rotation (Y): -24.608
* Rotation (X): 162.544
* Rotation (Z): 0.0

[Assign Animation: 2 parameters]
* Character Index: 2
* ANM Name: GROUND
-> Enable ANM Loop

[Play Character Voice Line: 2 parameters]
* Character Index: 2
* Voice Line ID: 49
-> Wait until End of Voice Line

[Primary Camera Point: 6 parameters]
* Position (X): 27.674
* Position (Y): -1.687
* Position (Z): 1.907
* Rotation (Y): 32.244
* Rotation (X): -151.936
* Rotation (Z): 0.0

[Secondary Camera Point]
-> Additional Camera Point: 7 parameters
* Time (s): 7.0
* Position (X): 22.109
* Position (Y): -6.016
* Position (Z): -2.689
* Rotation (Y): 44.314
* Rotation (X): -169.515
* Rotation (Z): 0.0

[Play Character Voice Line: 2 parameters]
* Character Index: 1
* Voice Line ID: 50
-> Wait until End of Voice Line

[Play Character Voice Line: 2 parameters]
* Character Index: 0
* Voice Line ID: 51
-> Wait until End of Voice Line

[Primary Camera Point: 6 parameters]
* Position (X): 45.375
* Position (Y): -10.549
* Position (Z): -26.993
* Rotation (Y): -7.272
* Rotation (X): -36.205
* Rotation (Z): 0.0

[Secondary Camera Point]
-> Additional Camera Point: 7 parameters
* Time (s): 7.0
* Position (X): 32.157
* Position (Y): -12.762
* Position (Z): -13.546
* Rotation (Y): -5.548
* Rotation (X): -39.546
* Rotation (Z): 0.0

[Play Character Voice Line: 2 parameters]
* Character Index: 2
* Voice Line ID: 53
-> Wait until End of Voice Line

[Play Character Voice Line: 2 parameters]
* Character Index: 0
* Voice Line ID: 54
-> Wait until End of Voice Line

[Primary Camera Point: 6 parameters]
* Position (X): -20.786
* Position (Y): -8.388
* Position (Z): 52.462
* Rotation (Y): 77.364
* Rotation (X): -15.867
* Rotation (Z): 0.0

[Secondary Camera Point]
-> Additional Camera Point: 7 parameters
* Time (s): 6.0
* Position (X): -20.786
* Position (Y): -8.388
* Position (Z): 52.462
* Rotation (Y): 32.873
* Rotation (X): -15.867
* Rotation (Z): 0.0

[Play Character Voice Line: 2 parameters]
* Character Index: 2
* Voice Line ID: 55
-> Wait until End of Voice Line

[Primary Camera Point: 6 parameters]
* Position (X): -20.786
* Position (Y): -8.388
* Position (Z): 52.462
* Rotation (Y): 32.873
* Rotation (X): -15.867
* Rotation (Z): 0.0

[Secondary Camera Point]
-> Additional Camera Point: 7 parameters
* Time (s): 0.2
* Position (X): -23.09
* Position (Y): -17.169
* Position (Z): 60.569
* Rotation (Y): 32.873
* Rotation (X): -15.867
* Rotation (Z): 0.0

[Play Character Voice Line: 2 parameters]
* Character Index: 1
* Voice Line ID: 56
-> Wait until End of Voice Line

[Store VFX Switches]

[Store Conditional Properties]
-> Scene Link: 2 parameters
* Condition: Wait 30 seconds
* Scene ID: 10005
-> Scene Link: 2 parameters
* Condition: Win via K.O.
* Scene ID: 10032
-> Scene Link: 2 parameters
* Condition: Win via K.O. (Opp.)
* Scene ID: 10042
-> Audio Link: 2 parameters
* Condition: Immediate
* Voice Line ID: 57
-> Audio Link: 2 parameters
* Condition: Immediate
* Voice Line ID: 58
-> Audio Link: 2 parameters
* Condition: Immediate
* Voice Line ID: 59
-> Audio Link: 2 parameters
* Condition: Fall into ground/water (Opp.)
* Voice Line ID: 60
-> Audio Link: 2 parameters
* Condition: Lose 1 Health Bar
* Voice Line ID: 61
-> Audio Link: 2 parameters
* Condition: Lose 2 Health Bars
* Voice Line ID: 62
-> Audio Link: 2 parameters
* Condition: Go in MAX POWER Mode (Opp.)
* Voice Line ID: 63
-> Audio Link: 2 parameters
* Condition: Hit with Ultimate Blast (Opp.)
* Voice Line ID: 64
-> Audio Link: 2 parameters
* Condition: Win Beam Struggle (Opp.)
* Voice Line ID: 65
-> Audio Link: 2 parameters
* Condition: Win Normal Clash (Opp.)
* Voice Line ID: 66
-> Audio Link: 2 parameters
* Condition: Perform Ultimate Blast
* Voice Line ID: 67
-> Audio Link: 2 parameters
* Condition: Perform 1st Blast 2
* Voice Line ID: 68
-> Audio Link: 2 parameters
* Condition: Perform Hyper Smash
* Voice Line ID: 69
-> Audio Link: 2 parameters
* Condition: Perform 2nd Blast 2
* Voice Line ID: 68
-> Audio Link: 2 parameters
* Condition: UNKNOWN
* Voice Line ID: 71
-> Audio Link: 2 parameters
* Condition: Block 1st Blast 2 (Opp.)
* Voice Line ID: 72
-> Audio Link: 2 parameters
* Condition: Perform Hyper Smash (Opp.)
* Voice Line ID: 73
-> Audio Link: 2 parameters
* Condition: Fall into ground/water
* Voice Line ID: 74
-> Audio Link: 2 parameters
* Condition: Block 2nd Blast 2 (Opp.)
* Voice Line ID: 72
-> Audio Link: 2 parameters
* Condition: Go in MAX POWER Mode (Opp.)
* Voice Line ID: 76
-> Audio Link: 2 parameters
* Condition: Perform Normal Clash
* Voice Line ID: 77
-> Audio Link: 2 parameters
* Condition: Perform Z-Counter (Opp.)
* Voice Line ID: 78
-> Audio Link: 2 parameters
* Condition: Perform Rush Attack (Opp.)
* Voice Line ID: 79
-> Audio Link: 2 parameters
* Condition: Perform Z-Counter
* Voice Line ID: 80
-> Audio Link: 2 parameters
* Condition: Lose 3 Health Bars
* Voice Line ID: 81
-> Audio Link: 2 parameters
* Condition: Lose 2 Health Bars (Opp.)
* Voice Line ID: 82
-> Audio Link: 2 parameters
* Condition: Perform Dragon Smash (Opp.)
* Voice Line ID: 83
-> Audio Link: 2 parameters
* Condition: Perform Sonic Sway
* Voice Line ID: 84
-> Audio Link: 2 parameters
* Condition: Hit with 1st Blast 2 (Opp.)
* Voice Line ID: 85
-> Audio Link: 2 parameters
* Condition: Hit with 2nd Blast 2 (Opp.)
* Voice Line ID: 86

[Store Player's Character Changes]
-> Add Health: 1 parameter
* Health (%): 100

[Store Opponent's Character Changes]

[Post-Cutscene Event: 2 parameters]
* Event ID: Battle Finish
* Character ID: N/A

[Scene End & Battle Start]

===== SCENE 10005 =====

[Scene Start]

[Battle End: 1 parameter]
* Battle Outcome ID: -1

[Store Character Positions]

[Trigger Fade-Out: 1 parameter]
* Time (s): 1.2

[Assign Character Position & Rotation: 7 parameters]
* Character Index: 2
* Position (X): 88.0
* Position (Y): 0.0
* Position (Z): 0.0
* Rotation (X): 0.0
* Rotation (Y): -90.0
* Rotation (Z): 0.0

[Assign Character Position & Rotation: 7 parameters]
* Character Index: 0 (Opp.)
* Position (X): -88.0
* Position (Y): 0.0
* Position (Z): 0.0
* Rotation (X): 0.0
* Rotation (Y): 90.0
* Rotation (Z): 0.0

[Disable Lingering Aura: 1 parameter]
* Character Index: 2

[Assign Animation: 2 parameters]
* Character Index: 2
* ANM Name: GROUND_TIRED
-> Enable ANM Loop

[Assign Animation: 2 parameters]
* Character Index: 0 (Opp.)
* ANM Name: GROUND
-> Enable ANM Loop

[Primary Camera Point: 6 parameters]
* Position (X): 88.328
* Position (Y): -230.015
* Position (Z): 65.224
* Rotation (Y): -68.391
* Rotation (X): -134.661
* Rotation (Z): 0.0

[Secondary Camera Point]
-> Additional Camera Point: 7 parameters
* Time (s): 6.0
* Position (X): 71.469
* Position (Y): -171.475
* Position (Z): 48.563
* Rotation (Y): -66.595
* Rotation (X): -134.661
* Rotation (Z): 0.0

[Play Character Voice Line: 2 parameters]
* Character Index: 32767
* Voice Line ID: 96
-> Wait until End of Voice Line

[Primary Camera Point: 6 parameters]
* Position (X): 81.065
* Position (Y): -3.835
* Position (Z): 6.032
* Rotation (Y): 58.018
* Rotation (X): 156.9
* Rotation (Z): 0.0

[Play Character Voice Line: 2 parameters]
* Character Index: 2
* Voice Line ID: 92
-> Wait until End of Voice Line

[Primary Camera Point: 6 parameters]
* Position (X): 71.469
* Position (Y): -171.475
* Position (Z): 48.563
* Rotation (Y): -66.595
* Rotation (X): -134.661
* Rotation (Z): 0.0

[Secondary Camera Point]
-> Additional Camera Point: 7 parameters
* Time (s): 6.0
* Position (X): 47.538
* Position (Y): -126.445
* Position (Z): 44.186
* Rotation (Y): -65.752
* Rotation (X): -142.349
* Rotation (Z): 0.0

[Play Character Voice Line: 2 parameters]
* Character Index: 32767
* Voice Line ID: 98
-> Wait until End of Voice Line

[Primary Camera Point: 6 parameters]
* Position (X): 102.565
* Position (Y): -4.155
* Position (Z): 8.657
* Rotation (Y): 3.382
* Rotation (X): -100.505
* Rotation (Z): 0.0

[Play Character Voice Line: 2 parameters]
* Character Index: 0
* Voice Line ID: 93
-> Wait until End of Voice Line

[Primary Camera Point: 6 parameters]
* Position (X): -69.67
* Position (Y): -19.449
* Position (Z): 0.773
* Rotation (Y): 8.158
* Rotation (X): -92.676
* Rotation (Z): 0.0

[Assign Animation: 2 parameters]
* Character Index: 0 (Opp.)
* ANM Name: SURPRISED
-> Enable ANM Loop

[Play Character Voice Line: 2 parameters]
* Character Index: 0 (Opp.)
* Voice Line ID: 95
-> Wait until End of Voice Line

[Store VFX Switches]

[Store Conditional Properties]
-> Scene Link: 2 parameters
* Condition: Win via K.O.
* Scene ID: 10033
-> Scene Link: 2 parameters
* Condition: Win via K.O. (Opp.)
* Scene ID: 10043
-> Audio Link: 2 parameters
* Condition: Immediate
* Voice Line ID: 99
-> Audio Link: 2 parameters
* Condition: Fall into ground/water
* Voice Line ID: 97
-> Audio Link: 2 parameters
* Condition: Perform Vanishing Attack (Opp.)
* Voice Line ID: 100
-> Audio Link: 2 parameters
* Condition: Lose 1 Health Bar
* Voice Line ID: 101
-> Audio Link: 2 parameters
* Condition: Lose 2 Health Bars
* Voice Line ID: 102
-> Audio Link: 2 parameters
* Condition: Perform Ultimate Blast
* Voice Line ID: 103
-> Audio Link: 2 parameters
* Condition: Reach Full Ki Bars
* Voice Line ID: 104
-> Audio Link: 2 parameters
* Condition: Lose 3 Health Bars
* Voice Line ID: 105
-> Audio Link: 2 parameters
* Condition: Perform Fully Charged Right Smash Attack
* Voice Line ID: 74
-> Audio Link: 2 parameters
* Condition: Perform Throw (Opp.)
* Voice Line ID: 107
-> Audio Link: 2 parameters
* Condition: Win Beam Struggle
* Voice Line ID: 108
-> Audio Link: 2 parameters
* Condition: Perform Fully Charged Left Smash Attack
* Voice Line ID: 74
-> Audio Link: 2 parameters
* Condition: Perform Dash Smash (Opp.)
* Voice Line ID: 107
-> Audio Link: 2 parameters
* Condition: Perform Dragon Homing (Opp.)
* Voice Line ID: 111
-> Audio Link: 2 parameters
* Condition: Fall into ground/water (Opp.)
* Voice Line ID: 112
-> Audio Link: 2 parameters
* Condition: Go in MAX POWER Mode (Opp.)
* Voice Line ID: 113
-> Audio Link: 2 parameters
* Condition: Hit with 1st Blast 2 (Opp.)
* Voice Line ID: 114
-> Audio Link: 2 parameters
* Condition: Block 1st Blast 2 (Opp.)
* Voice Line ID: 115
-> Audio Link: 2 parameters
* Condition: Hit with 1st Blast 2
* Voice Line ID: 108
-> Audio Link: 2 parameters
* Condition: Hit with 2nd Blast 2
* Voice Line ID: 108
-> Audio Link: 2 parameters
* Condition: Block 2nd Blast 2 (Opp.)
* Voice Line ID: 115
-> Audio Link: 2 parameters
* Condition: Block Ultimate Blast (Opp.)
* Voice Line ID: 115
-> Audio Link: 2 parameters
* Condition: Reach Max Amount of Blast Stocks
* Voice Line ID: 104
-> Audio Link: 2 parameters
* Condition: Perform Z-Counter (Opp.)
* Voice Line ID: 78
-> Audio Link: 2 parameters
* Condition: Perform Rush Attack (Opp.)
* Voice Line ID: 83

[Store Player's Character Changes]
-> Add Health: 1 parameter
* Health (%): 100
-> Add Ki: 1 parameter
* Ki (%): 100
-> Replace Z-Item #1: 1 parameter
* Z-Item #1: Master Roshi's Training
-> Replace Z-Item #2: 1 parameter
* Z-Item #2: Attack +20
-> Replace Z-Item #3: 1 parameter
* Z-Item #3: Defense +10
-> Replace Z-Item #4: 1 parameter
* Z-Item #4: Fighting Spirit!
-> Replace Z-Item #5: 1 parameter
* Z-Item #5: N/A
-> Replace Z-Item #6: 1 parameter
* Z-Item #6: N/A
-> Replace Z-Item #7: 1 parameter
* Z-Item #7: N/A

[Store Opponent's Character Changes]
-> PROPERTY 108: 1 parameter
* Parameter 0: 6
-> Replace Z-Item #1: 1 parameter
* Z-Item #1: Strength Enhancement
-> Replace Z-Item #2: 1 parameter
* Z-Item #2: Defense -20
-> Replace Z-Item #3: 1 parameter
* Z-Item #3: Attack -20
-> Replace Z-Item #4: 1 parameter
* Z-Item #4: N/A
-> Replace Z-Item #5: 1 parameter
* Z-Item #5: N/A
-> Replace Z-Item #6: 1 parameter
* Z-Item #6: N/A
-> Replace Z-Item #7: 1 parameter
* Z-Item #7: N/A

[Post-Cutscene Event: 2 parameters]
* Event ID: Battle Finish
* Character ID: N/A

[Scene End & Battle Start]

===== SCENE 10030 =====

[Scene Start]

[Battle End: 1 parameter]
* Battle Outcome ID: 1

[Store Character Positions]

[Assign Character Position & Rotation: 7 parameters]
* Character Index: 0
* Position (X): -22.0
* Position (Y): 0.0
* Position (Z): 0.0
* Rotation (X): 0.0
* Rotation (Y): 90.0
* Rotation (Z): 0.0

[Assign Character Position & Rotation: 7 parameters]
* Character Index: 0 (Opp.)
* Position (X): 55.0
* Position (Y): 0.0
* Position (Z): 0.0
* Rotation (X): 0.0
* Rotation (Y): -90.0
* Rotation (Z): 0.0

[Disable Lingering Aura: 1 parameter]
* Character Index: 0 (Opp.)

[Disable Lingering Aura: 1 parameter]
* Character Index: 0

[Primary Camera Point: 6 parameters]
* Position (X): -39.68
* Position (Y): -9.077
* Position (Z): -17.208
* Rotation (Y): 3.034
* Rotation (X): 65.781
* Rotation (Z): 0.0

[Assign Animation: 2 parameters]
* Character Index: 0 (Opp.)
* ANM Name: LOSE

[Play Character Voice Line: 2 parameters]
* Character Index: 0 (Opp.)
* Voice Line ID: 19
-> Wait until End of Voice Line

[Primary Camera Point: 6 parameters]
* Position (X): 8.028
* Position (Y): -16.397
* Position (Z): -34.004
* Rotation (Y): -5.979
* Rotation (X): -35.901
* Rotation (Z): 0.0

[Secondary Camera Point]
-> Additional Camera Point: 7 parameters
* Time (s): 3.0
* Position (X): -4.793
* Position (Y): -3.568
* Position (Z): 0.467
* Rotation (Y): 9.23
* Rotation (X): -89.797
* Rotation (Z): 0.0

[Assign Animation: 2 parameters]
* Character Index: 0
* ANM Name: WIN_IN
-> Enable ANM Loop

[Assign Animation: 2 parameters]
* Character Index: 0
* ANM Name: WIN_LOOP
-> Enable ANM Loop

[Play Character Voice Line: 2 parameters]
* Character Index: 0
* Voice Line ID: 20
-> Wait until End of Voice Line

[Store VFX Switches]

[Store Conditional Properties]

[Store Player's Character Changes]

[Store Opponent's Character Changes]

[Post-Cutscene Event: 2 parameters]
* Event ID: Aerial Clash
* Character ID: N/A

[Scene End & Battle Start]

===== SCENE 10031 =====

[Scene Start]

[Battle End: 1 parameter]
* Battle Outcome ID: 1

[Store Character Positions]

[Assign Character Position & Rotation: 7 parameters]
* Character Index: 1
* Position (X): -22.0
* Position (Y): 0.0
* Position (Z): 0.0
* Rotation (X): 0.0
* Rotation (Y): 90.0
* Rotation (Z): 0.0

[Assign Character Position & Rotation: 7 parameters]
* Character Index: 0 (Opp.)
* Position (X): 55.0
* Position (Y): 0.0
* Position (Z): 0.0
* Rotation (X): 0.0
* Rotation (Y): -90.0
* Rotation (Z): 0.0

[Disable Lingering Aura: 1 parameter]
* Character Index: 0 (Opp.)

[Disable Lingering Aura: 1 parameter]
* Character Index: 1

[Primary Camera Point: 6 parameters]
* Position (X): 8.028
* Position (Y): -16.397
* Position (Z): -34.004
* Rotation (Y): -5.979
* Rotation (X): -35.901
* Rotation (Z): 0.0

[Secondary Camera Point]
-> Additional Camera Point: 7 parameters
* Time (s): 3.0
* Position (X): -4.793
* Position (Y): -3.568
* Position (Z): 0.467
* Rotation (Y): 9.23
* Rotation (X): -89.797
* Rotation (Z): 0.0

[Assign Animation: 2 parameters]
* Character Index: 0 (Opp.)
* ANM Name: LOSE

[Assign Animation: 2 parameters]
* Character Index: 1
* ANM Name: WIN_IN
-> Enable ANM Loop

[Assign Animation: 2 parameters]
* Character Index: 1
* ANM Name: WIN_LOOP
-> Enable ANM Loop

[Play Character Voice Line: 2 parameters]
* Character Index: 1
* Voice Line ID: 45
-> Wait until End of Voice Line

[Store VFX Switches]

[Store Conditional Properties]

[Store Player's Character Changes]

[Store Opponent's Character Changes]

[Post-Cutscene Event: 2 parameters]
* Event ID: Aerial Clash
* Character ID: N/A

[Scene End & Battle Start]

===== SCENE 10032 =====

[Scene Start]

[Battle End: 1 parameter]
* Battle Outcome ID: 1

[Store Character Positions]

[Assign Character Position & Rotation: 7 parameters]
* Character Index: 2
* Position (X): -22.0
* Position (Y): 0.0
* Position (Z): 0.0
* Rotation (X): 0.0
* Rotation (Y): 90.0
* Rotation (Z): 0.0

[Assign Character Position & Rotation: 7 parameters]
* Character Index: 0 (Opp.)
* Position (X): 55.0
* Position (Y): 0.0
* Position (Z): 0.0
* Rotation (X): 0.0
* Rotation (Y): -90.0
* Rotation (Z): 0.0

[Disable Lingering Aura: 1 parameter]
* Character Index: 0 (Opp.)

[Disable Lingering Aura: 1 parameter]
* Character Index: 2

[Primary Camera Point: 6 parameters]
* Position (X): -39.68
* Position (Y): -9.077
* Position (Z): -17.208
* Rotation (Y): 3.034
* Rotation (X): 65.781
* Rotation (Z): 0.0

[Assign Animation: 2 parameters]
* Character Index: 2
* ANM Name: WIN_LOOP
-> Enable ANM Loop

[Assign Animation: 2 parameters]
* Character Index: 0 (Opp.)
* ANM Name: LOSE

[Play Character Voice Line: 2 parameters]
* Character Index: 0 (Opp.)
* Voice Line ID: 89
-> Wait until End of Voice Line

[Primary Camera Point: 6 parameters]
* Position (X): 8.028
* Position (Y): -16.397
* Position (Z): -34.004
* Rotation (Y): -5.979
* Rotation (X): -35.901
* Rotation (Z): 0.0

[Secondary Camera Point]
-> Additional Camera Point: 7 parameters
* Time (s): 3.0
* Position (X): -9.184
* Position (Y): -12.967
* Position (Z): 0.159
* Rotation (Y): -5.979
* Rotation (X): -94.342
* Rotation (Z): 0.0

[Assign Animation: 2 parameters]
* Character Index: 2
* ANM Name: WIN_LOOP
-> Enable ANM Loop

[Play Character Voice Line: 2 parameters]
* Character Index: 0
* Voice Line ID: 90
-> Wait until End of Voice Line

[Store VFX Switches]

[Store Conditional Properties]

[Store Player's Character Changes]

[Store Opponent's Character Changes]

[Post-Cutscene Event: 2 parameters]
* Event ID: Aerial Clash
* Character ID: N/A

[Scene End & Battle Start]

===== SCENE 10033 =====

[Scene Start]

[Battle End: 1 parameter]
* Battle Outcome ID: 1

[Store Character Positions]

[Assign Character Position & Rotation: 7 parameters]
* Character Index: 2
* Position (X): -22.0
* Position (Y): 0.0
* Position (Z): 0.0
* Rotation (X): 0.0
* Rotation (Y): 90.0
* Rotation (Z): 0.0

[Assign Character Position & Rotation: 7 parameters]
* Character Index: 0 (Opp.)
* Position (X): 55.0
* Position (Y): 0.0
* Position (Z): 0.0
* Rotation (X): 0.0
* Rotation (Y): -90.0
* Rotation (Z): 0.0

[Disable Lingering Aura: 1 parameter]
* Character Index: 0 (Opp.)

[Disable Lingering Aura: 1 parameter]
* Character Index: 2

[Assign Animation: 2 parameters]
* Character Index: 2
* ANM Name: WIN_LOOP
-> Enable ANM Loop

[Primary Camera Point: 6 parameters]
* Position (X): -33.656
* Position (Y): -17.199
* Position (Z): -11.034
* Rotation (Y): -14.8
* Rotation (X): 63.393
* Rotation (Z): 0.0

[Assign Animation: 2 parameters]
* Character Index: 0 (Opp.)
* ANM Name: LOSE

[Play Character Voice Line: 2 parameters]
* Character Index: 0 (Opp.)
* Voice Line ID: 89
-> Wait until End of Voice Line

[Primary Camera Point: 6 parameters]
* Position (X): 8.028
* Position (Y): -16.397
* Position (Z): -34.004
* Rotation (Y): -5.979
* Rotation (X): -35.901
* Rotation (Z): 0.0

[Secondary Camera Point]
-> Additional Camera Point: 7 parameters
* Time (s): 3.0
* Position (X): -9.184
* Position (Y): -12.967
* Position (Z): 0.159
* Rotation (Y): -5.979
* Rotation (X): -94.342
* Rotation (Z): 0.0

[Assign Animation: 2 parameters]
* Character Index: 2
* ANM Name: WIN_LOOP
-> Enable ANM Loop

[Play Character Voice Line: 2 parameters]
* Character Index: 2
* Voice Line ID: 117
-> Wait until End of Voice Line

[Play Character Voice Line: 2 parameters]
* Character Index: 2
* Voice Line ID: 119
-> Wait until End of Voice Line

[Store VFX Switches]

[Store Conditional Properties]

[Store Player's Character Changes]

[Store Opponent's Character Changes]

[Post-Cutscene Event: 2 parameters]
* Event ID: Aerial Clash
* Character ID: N/A

[Scene End & Battle Start]

===== SCENE 10039 =====

[Scene Start]

[Battle End: 1 parameter]
* Battle Outcome ID: 1

[Store Character Positions]

[Store VFX Switches]

[Store Conditional Properties]

[Store Player's Character Changes]

[Store Opponent's Character Changes]

[Post-Cutscene Event: 2 parameters]
* Event ID: Aerial Clash
* Character ID: N/A

[Scene End & Battle Start]

===== SCENE 10040 =====

[Scene Start]

[Battle End: 1 parameter]
* Battle Outcome ID: 0

[Store Character Positions]

[Assign Character Position & Rotation: 7 parameters]
* Character Index: 0
* Position (X): 24.7
* Position (Y): 0.0
* Position (Z): -13.3
* Rotation (X): 0.0
* Rotation (Y): -40.8
* Rotation (Z): 0.0

[Assign Character Position & Rotation: 7 parameters]
* Character Index: 0 (Opp.)
* Position (X): -28.6
* Position (Y): -0.7
* Position (Z): 74.5
* Rotation (X): 0.0
* Rotation (Y): 154.6
* Rotation (Z): 0.0

[Disable Lingering Aura: 1 parameter]
* Character Index: 0 (Opp.)

[Disable Lingering Aura: 1 parameter]
* Character Index: 0

[Primary Camera Point: 6 parameters]
* Position (X): 19.475
* Position (Y): -5.199
* Position (Z): -26.48
* Rotation (Y): 0.232
* Rotation (X): -13.774
* Rotation (Z): 0.0

[Secondary Camera Point]
-> Additional Camera Point: 7 parameters
* Time (s): 10.0
* Position (X): -19.125
* Position (Y): -19.86
* Position (Z): 57.374
* Rotation (Y): 9.294
* Rotation (X): -24.783
* Rotation (Z): 0.0

[Assign Animation: 2 parameters]
* Character Index: 0
* ANM Name: LOSE

[Assign Animation: 2 parameters]
* Character Index: 0 (Opp.)
* ANM Name: WIN_IN
-> Wait until End of ANM

[Assign Animation: 2 parameters]
* Character Index: 0 (Opp.)
* ANM Name: WIN_LOOP
-> Enable ANM Loop

[Play Character Voice Line: 2 parameters]
* Character Index: 0 (Opp.)
* Voice Line ID: 17
-> Wait until End of Voice Line

[Play Character Voice Line: 2 parameters]
* Character Index: 0 (Opp.)
* Voice Line ID: 18
-> Wait until End of Voice Line

[Store VFX Switches]

[Store Conditional Properties]

[Store Player's Character Changes]

[Store Opponent's Character Changes]

[Post-Cutscene Event: 2 parameters]
* Event ID: Aerial Clash
* Character ID: N/A

[Scene End & Battle Start]

===== SCENE 10041 =====

[Scene Start]

[Battle End: 1 parameter]
* Battle Outcome ID: 0

[Store Character Positions]

[Assign Character Position & Rotation: 7 parameters]
* Character Index: 1
* Position (X): 24.7
* Position (Y): 0.0
* Position (Z): -13.3
* Rotation (X): 0.0
* Rotation (Y): -40.8
* Rotation (Z): 0.0

[Assign Character Position & Rotation: 7 parameters]
* Character Index: 0 (Opp.)
* Position (X): -28.6
* Position (Y): -0.7
* Position (Z): 74.5
* Rotation (X): 0.0
* Rotation (Y): 154.6
* Rotation (Z): 0.0

[Disable Lingering Aura: 1 parameter]
* Character Index: 0 (Opp.)

[Disable Lingering Aura: 1 parameter]
* Character Index: 1

[Primary Camera Point: 6 parameters]
* Position (X): 19.475
* Position (Y): -5.199
* Position (Z): -26.48
* Rotation (Y): 0.232
* Rotation (X): -13.774
* Rotation (Z): 0.0

[Secondary Camera Point]
-> Additional Camera Point: 7 parameters
* Time (s): 10.0
* Position (X): -19.125
* Position (Y): -19.86
* Position (Z): 57.374
* Rotation (Y): 9.294
* Rotation (X): -24.783
* Rotation (Z): 0.0

[Assign Animation: 2 parameters]
* Character Index: 1
* ANM Name: LOSE

[Assign Animation: 2 parameters]
* Character Index: 0 (Opp.)
* ANM Name: WIN_IN
-> Wait until End of ANM

[Assign Animation: 2 parameters]
* Character Index: 0 (Opp.)
* ANM Name: WIN_LOOP
-> Enable ANM Loop

[Play Character Voice Line: 2 parameters]
* Character Index: 0 (Opp.)
* Voice Line ID: 47
-> Wait until End of Voice Line

[Play Character Voice Line: 2 parameters]
* Character Index: 0 (Opp.)
* Voice Line ID: 48
-> Wait until End of Voice Line

[Store VFX Switches]

[Store Conditional Properties]

[Store Player's Character Changes]

[Store Opponent's Character Changes]

[Post-Cutscene Event: 2 parameters]
* Event ID: Aerial Clash
* Character ID: N/A

[Scene End & Battle Start]

===== SCENE 10042 =====

[Scene Start]

[Battle End: 1 parameter]
* Battle Outcome ID: 0

[Store Character Positions]

[Assign Character Position & Rotation: 7 parameters]
* Character Index: 2
* Position (X): 24.7
* Position (Y): 0.0
* Position (Z): -13.3
* Rotation (X): 0.0
* Rotation (Y): -40.8
* Rotation (Z): 0.0

[Assign Character Position & Rotation: 7 parameters]
* Character Index: 0 (Opp.)
* Position (X): -28.6
* Position (Y): -0.7
* Position (Z): 74.5
* Rotation (X): 0.0
* Rotation (Y): 154.6
* Rotation (Z): 0.0

[Disable Lingering Aura: 1 parameter]
* Character Index: 0 (Opp.)

[Disable Lingering Aura: 1 parameter]
* Character Index: 2

[Primary Camera Point: 6 parameters]
* Position (X): 19.475
* Position (Y): -5.199
* Position (Z): -26.48
* Rotation (Y): 0.232
* Rotation (X): -13.774
* Rotation (Z): 0.0

[Secondary Camera Point]
-> Additional Camera Point: 7 parameters
* Time (s): 10.0
* Position (X): -19.125
* Position (Y): -19.86
* Position (Z): 57.374
* Rotation (Y): 9.294
* Rotation (X): -24.783
* Rotation (Z): 0.0

[Assign Animation: 2 parameters]
* Character Index: 2
* ANM Name: LOSE

[Assign Animation: 2 parameters]
* Character Index: 0 (Opp.)
* ANM Name: WIN_IN
-> Wait until End of ANM

[Assign Animation: 2 parameters]
* Character Index: 0 (Opp.)
* ANM Name: WIN_LOOP
-> Enable ANM Loop

[Play Character Voice Line: 2 parameters]
* Character Index: 0 (Opp.)
* Voice Line ID: 47
-> Wait until End of Voice Line

[Play Character Voice Line: 2 parameters]
* Character Index: 0 (Opp.)
* Voice Line ID: 48
-> Wait until End of Voice Line

[Store VFX Switches]

[Store Conditional Properties]

[Store Player's Character Changes]

[Store Opponent's Character Changes]

[Post-Cutscene Event: 2 parameters]
* Event ID: Aerial Clash
* Character ID: N/A

[Scene End & Battle Start]

===== SCENE 10043 =====

[Scene Start]

[Battle End: 1 parameter]
* Battle Outcome ID: 0

[Store Character Positions]

[Assign Character Position & Rotation: 7 parameters]
* Character Index: 2
* Position (X): 24.7
* Position (Y): 0.0
* Position (Z): -13.3
* Rotation (X): 0.0
* Rotation (Y): -40.8
* Rotation (Z): 0.0

[Assign Character Position & Rotation: 7 parameters]
* Character Index: 0 (Opp.)
* Position (X): -28.6
* Position (Y): -0.7
* Position (Z): 74.5
* Rotation (X): 0.0
* Rotation (Y): 154.6
* Rotation (Z): 0.0

[Disable Lingering Aura: 1 parameter]
* Character Index: 0 (Opp.)

[Disable Lingering Aura: 1 parameter]
* Character Index: 2

[Primary Camera Point: 6 parameters]
* Position (X): 19.475
* Position (Y): -5.199
* Position (Z): -26.48
* Rotation (Y): 0.232
* Rotation (X): -13.774
* Rotation (Z): 0.0

[Secondary Camera Point]
-> Additional Camera Point: 7 parameters
* Time (s): 10.0
* Position (X): -19.125
* Position (Y): -19.86
* Position (Z): 57.374
* Rotation (Y): 9.294
* Rotation (X): -24.783
* Rotation (Z): 0.0

[Assign Animation: 2 parameters]
* Character Index: 2
* ANM Name: LOSE

[Assign Animation: 2 parameters]
* Character Index: 0 (Opp.)
* ANM Name: WIN_IN
-> Wait until End of ANM

[Assign Animation: 2 parameters]
* Character Index: 0 (Opp.)
* ANM Name: WIN_LOOP
-> Enable ANM Loop

[Play Character Voice Line: 2 parameters]
* Character Index: 0 (Opp.)
* Voice Line ID: 47
-> Wait until End of Voice Line

[Play Character Voice Line: 2 parameters]
* Character Index: 0 (Opp.)
* Voice Line ID: 48
-> Wait until End of Voice Line

[Store VFX Switches]

[Store Conditional Properties]

[Store Player's Character Changes]

[Store Opponent's Character Changes]

[Post-Cutscene Event: 2 parameters]
* Event ID: Aerial Clash
* Character ID: N/A

[Scene End & Battle Start]

===== SCENE 10049 =====

[Scene Start]

[Battle End: 1 parameter]
* Battle Outcome ID: 0

[Store Character Positions]

[Store VFX Switches]

[Store Conditional Properties]

[Store Player's Character Changes]

[Store Opponent's Character Changes]

[Post-Cutscene Event: 2 parameters]
* Event ID: Aerial Clash
* Character ID: N/A

[Scene End & Battle Start]
