GSC Origin: Budokai Tenkaichi 3

===== SCENE -1 =====

===== SCENE 1000 =====

===== SCENE -2 =====

[Load TXT PAK]

[Load LPS PAK]

===== SCENE -3 =====

[Scenario Identifier: 1 parameter]
* GSC Name: Batalla final decisiva

[Rewards: 15 parameters]
* Z-Points (Easy): 500
* Z-Points (Normal): 1000
* Z-Points (Hard): 1500
* Z-Item #1: N/A
* Z-Item #2: N/A
* Z-Item #3: N/A
* Map #1: N/A
* Map #2: N/A
* Map #3: N/A
* Character #1: Nail
* Character #2: N/A
* Character #3: N/A
* Scenario #1: Invalid (Value: 65537)
* Scenario #2: N/A
* Scenario #3: N/A

[Subtitle Settings]
-> Text Region: 1 parameter
* Region ID: 0
-> Text is Grey: 1 parameter
* Enable Grey Text: False
-> Text Position: 2 parameters
* Position (X): 256
* Position (Y): 428
-> Text Size: 2 parameters
* Width: 0.85
* Height: 0.85
-> Text Scale: 1 parameter
* Coefficient: 1.0
-> Text Color: 4 parameters
* Red: 255
* Green: 255
* Blue: 255
* Opacity: 128
-> Text Padding: 2 parameters
* Padding (Vertical): 2
* Padding (Horizontal): 5
-> Text Alignment: 1 parameter
* Alignment ID: 1
-> Symbol: 1 parameter
* Type: 2
-> Text Outline Size: 2 parameters
* Width: 1
* Height: 2
-> Text Outline Color: 4 parameters
* Red: 0
* Green: 0
* Blue: 0
* Opacity: 64

[Subtitle Settings]
-> Text Region: 1 parameter
* Region ID: 1
-> Text is Grey: 1 parameter
* Enable Grey Text: False
-> Text Position: 2 parameters
* Position (X): 256
* Position (Y): 428
-> Text Size: 2 parameters
* Width: 0.85
* Height: 0.85
-> Text Scale: 1 parameter
* Coefficient: 1.0
-> Text Color: 4 parameters
* Red: 255
* Green: 255
* Blue: 255
* Opacity: 128
-> Text Padding: 2 parameters
* Padding (Vertical): 2
* Padding (Horizontal): 5
-> Text Alignment: 1 parameter
* Alignment ID: 1
-> Symbol: 1 parameter
* Type: 2
-> Text Outline Size: 2 parameters
* Width: 1
* Height: 2
-> Text Outline Color: 4 parameters
* Red: 0
* Green: 0
* Blue: 0
* Opacity: 64

[Subtitle Settings]
-> Text Region: 1 parameter
* Region ID: 2
-> Text is Grey: 1 parameter
* Enable Grey Text: False
-> Text Position: 2 parameters
* Position (X): 256
* Position (Y): 428
-> Text Size: 2 parameters
* Width: 0.85
* Height: 0.85
-> Text Scale: 1 parameter
* Coefficient: 1.0
-> Text Color: 4 parameters
* Red: 255
* Green: 255
* Blue: 255
* Opacity: 128
-> Text Padding: 2 parameters
* Padding (Vertical): 2
* Padding (Horizontal): 5
-> Text Alignment: 1 parameter
* Alignment ID: 1
-> Symbol: 1 parameter
* Type: 2
-> Text Outline Size: 2 parameters
* Width: 1
* Height: 2
-> Text Outline Color: 4 parameters
* Red: 0
* Green: 0
* Blue: 0
* Opacity: 64

[Subtitle Settings]
-> Text Region: 1 parameter
* Region ID: 3
-> Text is Grey: 1 parameter
* Enable Grey Text: False
-> Text Position: 2 parameters
* Position (X): 256
* Position (Y): 428
-> Text Size: 2 parameters
* Width: 0.85
* Height: 0.85
-> Text Scale: 1 parameter
* Coefficient: 1.0
-> Text Color: 4 parameters
* Red: 255
* Green: 255
* Blue: 255
* Opacity: 128
-> Text Padding: 2 parameters
* Padding (Vertical): 2
* Padding (Horizontal): 5
-> Text Alignment: 1 parameter
* Alignment ID: 1
-> Symbol: 1 parameter
* Type: 2
-> Text Outline Size: 2 parameters
* Width: 2
* Height: 2
-> Text Outline Color: 4 parameters
* Red: 32
* Green: 32
* Blue: 32
* Opacity: 128

[Subtitle Settings]
-> Text Region: 1 parameter
* Region ID: 0
-> Text is Grey: 1 parameter
* Enable Grey Text: True
-> Text Position: 2 parameters
* Position (X): 256
* Position (Y): 428
-> Text Size: 2 parameters
* Width: 0.85
* Height: 0.85
-> Text Scale: 1 parameter
* Coefficient: 1.0
-> Text Color: 4 parameters
* Red: 140
* Green: 140
* Blue: 140
* Opacity: 128
-> Text Padding: 2 parameters
* Padding (Vertical): 2
* Padding (Horizontal): 5
-> Text Alignment: 1 parameter
* Alignment ID: 1
-> Symbol: 1 parameter
* Type: 2
-> Text Outline Size: 2 parameters
* Width: 1
* Height: 2
-> Text Outline Color: 4 parameters
* Red: 0
* Green: 0
* Blue: 0
* Opacity: 64

[Subtitle Settings]
-> Text Region: 1 parameter
* Region ID: 1
-> Text is Grey: 1 parameter
* Enable Grey Text: True
-> Text Position: 2 parameters
* Position (X): 256
* Position (Y): 428
-> Text Size: 2 parameters
* Width: 0.85
* Height: 0.85
-> Text Scale: 1 parameter
* Coefficient: 1.0
-> Text Color: 4 parameters
* Red: 140
* Green: 140
* Blue: 140
* Opacity: 128
-> Text Padding: 2 parameters
* Padding (Vertical): 2
* Padding (Horizontal): 5
-> Text Alignment: 1 parameter
* Alignment ID: 1
-> Symbol: 1 parameter
* Type: 2
-> Text Outline Size: 2 parameters
* Width: 1
* Height: 2
-> Text Outline Color: 4 parameters
* Red: 0
* Green: 0
* Blue: 0
* Opacity: 64

[Subtitle Settings]
-> Text Region: 1 parameter
* Region ID: 2
-> Text is Grey: 1 parameter
* Enable Grey Text: True
-> Text Position: 2 parameters
* Position (X): 256
* Position (Y): 428
-> Text Size: 2 parameters
* Width: 0.85
* Height: 0.85
-> Text Scale: 1 parameter
* Coefficient: 1.0
-> Text Color: 4 parameters
* Red: 140
* Green: 140
* Blue: 140
* Opacity: 128
-> Text Padding: 2 parameters
* Padding (Vertical): 2
* Padding (Horizontal): 5
-> Text Alignment: 1 parameter
* Alignment ID: 1
-> Symbol: 1 parameter
* Type: 2
-> Text Outline Size: 2 parameters
* Width: 1
* Height: 2
-> Text Outline Color: 4 parameters
* Red: 0
* Green: 0
* Blue: 0
* Opacity: 64

[Subtitle Settings]
-> Text Region: 1 parameter
* Region ID: 3
-> Text is Grey: 1 parameter
* Enable Grey Text: True
-> Text Position: 2 parameters
* Position (X): 256
* Position (Y): 428
-> Text Size: 2 parameters
* Width: 0.85
* Height: 0.85
-> Text Scale: 1 parameter
* Coefficient: 1.0
-> Text Color: 4 parameters
* Red: 140
* Green: 140
* Blue: 140
* Opacity: 128
-> Text Padding: 2 parameters
* Padding (Vertical): 2
* Padding (Horizontal): 5
-> Text Alignment: 1 parameter
* Alignment ID: 1
-> Symbol: 1 parameter
* Type: 2
-> Text Outline Size: 2 parameters
* Width: 2
* Height: 2
-> Text Outline Color: 4 parameters
* Red: 32
* Green: 32
* Blue: 32
* Opacity: 128

===== SCENE -4 =====

[Battle Settings: 5 parameters]
* Map: NAMEK - BT2
* Music: DBZ - Fearsome Ginyu Force
* Battle Time (s): 0
* Referee: Shenron
* Enable Map Destruction: False

[Team Settings: 2 parameters]
* Team Index: 0
* Number of Teammates: 5

[Team Settings: 2 parameters]
* Team Index: 1
* Number of Teammates: 5

[Character Settings: 14 parameters]
* Character Index: 0
* Character: Goku (Inicio)
* Color: 2
* Damaged: False
* COM Level: 0
* Z-Item #8: Goku Type
* Health (%): 120
* Z-Item #1: King Kai's Training
* Z-Item #2: Attack +20
* Z-Item #3: Defense +15
* Z-Item #4: N/A
* Z-Item #5: N/A
* Z-Item #6: Dragon Crush
* Z-Item #7: Vanishing Rush

[Character Settings: 14 parameters]
* Character Index: 1
* Character: Krilin
* Color: 1
* Damaged: False
* COM Level: 0
* Z-Item #8: Goku Type
* Health (%): 100
* Z-Item #1: Master Roshi's Training
* Z-Item #2: N/A
* Z-Item #3: N/A
* Z-Item #4: N/A
* Z-Item #5: N/A
* Z-Item #6: Dragon Break
* Z-Item #7: Vanishing Break

[Character Settings: 14 parameters]
* Character Index: 2
* Character: Vegeta (Explorador)
* Color: 2
* Damaged: True
* COM Level: 0
* Z-Item #8: Goku Type
* Health (%): 100
* Z-Item #1: N/A
* Z-Item #2: N/A
* Z-Item #3: N/A
* Z-Item #4: N/A
* Z-Item #5: N/A
* Z-Item #6: N/A
* Z-Item #7: N/A

[Character Settings: 14 parameters]
* Character Index: 3
* Character: Gohan (Niño)
* Color: 0
* Damaged: False
* COM Level: 0
* Z-Item #8: Goku Type
* Health (%): 100
* Z-Item #1: N/A
* Z-Item #2: N/A
* Z-Item #3: N/A
* Z-Item #4: N/A
* Z-Item #5: N/A
* Z-Item #6: N/A
* Z-Item #7: N/A

[Character Settings: 14 parameters]
* Character Index: 4
* Character: Vegeta (Explorador)
* Color: 4
* Damaged: False
* COM Level: 0
* Z-Item #8: Goku Type
* Health (%): 130
* Z-Item #1: N/A
* Z-Item #2: N/A
* Z-Item #3: N/A
* Z-Item #4: N/A
* Z-Item #5: N/A
* Z-Item #6: N/A
* Z-Item #7: N/A

[Character Settings: 14 parameters]
* Character Index: 0 (Opp.)
* Character: Recoome
* Color: 0
* Damaged: True
* COM Level: 5
* Z-Item #8: Recoome Type
* Health (%): 100
* Z-Item #1: N/A
* Z-Item #2: Master Roshi's Training
* Z-Item #3: N/A
* Z-Item #4: N/A
* Z-Item #5: N/A
* Z-Item #6: Dragon Break
* Z-Item #7: Vanishing Break

[Character Settings: 14 parameters]
* Character Index: 1 (Opp.)
* Character: Jeice
* Color: 0
* Damaged: False
* COM Level: 3
* Z-Item #8: Goku Type
* Health (%): 100
* Z-Item #1: Master Roshi's Training
* Z-Item #2: N/A
* Z-Item #3: N/A
* Z-Item #4: N/A
* Z-Item #5: N/A
* Z-Item #6: N/A
* Z-Item #7: N/A

[Character Settings: 14 parameters]
* Character Index: 2 (Opp.)
* Character: Buter
* Color: 0
* Damaged: False
* COM Level: 3
* Z-Item #8: Trunks Type
* Health (%): 100
* Z-Item #1: Master Roshi's Training
* Z-Item #2: N/A
* Z-Item #3: N/A
* Z-Item #4: N/A
* Z-Item #5: N/A
* Z-Item #6: N/A
* Z-Item #7: N/A

[Character Settings: 14 parameters]
* Character Index: 3 (Opp.)
* Character: Capitán Ginyu
* Color: 0
* Damaged: False
* COM Level: 0
* Z-Item #8: Goku Type
* Health (%): 200
* Z-Item #1: King Kai's Training
* Z-Item #2: Attack +20
* Z-Item #3: Defense +15
* Z-Item #4: Defense +9
* Z-Item #5: N/A
* Z-Item #6: Dragon Crush
* Z-Item #7: Vanishing Rush

===== SCENE -5 =====

[Store Audio-Related Properties]
-> Audio-Related Property: 2 parameters
* Voice Line ID: 0
* Character Index: 0
-> Audio-Related Property: 2 parameters
* Voice Line ID: 1
* Character Index: 0 (Opp.)
-> Audio-Related Property: 2 parameters
* Voice Line ID: 2
* Character Index: 0 (Opp.)
-> Audio-Related Property: 2 parameters
* Voice Line ID: 5
* Character Index: 1 (Opp.)
-> Audio-Related Property: 2 parameters
* Voice Line ID: 6
* Character Index: 0 (Opp.)
-> Audio-Related Property: 2 parameters
* Voice Line ID: 7
* Character Index: 0 (Opp.)
-> Audio-Related Property: 2 parameters
* Voice Line ID: 16
* Character Index: 0 (Opp.)
-> Audio-Related Property: 2 parameters
* Voice Line ID: 17
* Character Index: 0 (Opp.)
-> Audio-Related Property: 2 parameters
* Voice Line ID: 18
* Character Index: 0 (Opp.)
-> Audio-Related Property: 2 parameters
* Voice Line ID: 20
* Character Index: 0 (Opp.)
-> Audio-Related Property: 2 parameters
* Voice Line ID: 21
* Character Index: 0 (Opp.)
-> Audio-Related Property: 2 parameters
* Voice Line ID: 22
* Character Index: 0 (Opp.)
-> Audio-Related Property: 2 parameters
* Voice Line ID: 23
* Character Index: 0 (Opp.)
-> Audio-Related Property: 2 parameters
* Voice Line ID: 24
* Character Index: 0 (Opp.)
-> Audio-Related Property: 2 parameters
* Voice Line ID: 25
* Character Index: 0
-> Audio-Related Property: 2 parameters
* Voice Line ID: 26
* Character Index: 0 (Opp.)
-> Audio-Related Property: 2 parameters
* Voice Line ID: 27
* Character Index: 1
-> Audio-Related Property: 2 parameters
* Voice Line ID: 28
* Character Index: 0
-> Audio-Related Property: 2 parameters
* Voice Line ID: 29
* Character Index: 1
-> Audio-Related Property: 2 parameters
* Voice Line ID: 30
* Character Index: 0
-> Audio-Related Property: 2 parameters
* Voice Line ID: 31
* Character Index: 1
-> Audio-Related Property: 2 parameters
* Voice Line ID: 32
* Character Index: 1 (Opp.)
-> Audio-Related Property: 2 parameters
* Voice Line ID: 33
* Character Index: 1
-> Audio-Related Property: 2 parameters
* Voice Line ID: 34
* Character Index: 1
-> Audio-Related Property: 2 parameters
* Voice Line ID: 35
* Character Index: 1 (Opp.)
-> Audio-Related Property: 2 parameters
* Voice Line ID: 36
* Character Index: 1 (Opp.)
-> Audio-Related Property: 2 parameters
* Voice Line ID: 37
* Character Index: 1
-> Audio-Related Property: 2 parameters
* Voice Line ID: 38
* Character Index: 1
-> Audio-Related Property: 2 parameters
* Voice Line ID: 39
* Character Index: 1
-> Audio-Related Property: 2 parameters
* Voice Line ID: 40
* Character Index: 0
-> Audio-Related Property: 2 parameters
* Voice Line ID: 41
* Character Index: 1
-> Audio-Related Property: 2 parameters
* Voice Line ID: 42
* Character Index: 0
-> Audio-Related Property: 2 parameters
* Voice Line ID: 43
* Character Index: 0
-> Audio-Related Property: 2 parameters
* Voice Line ID: 44
* Character Index: 1
-> Audio-Related Property: 2 parameters
* Voice Line ID: 45
* Character Index: 0
-> Audio-Related Property: 2 parameters
* Voice Line ID: 46
* Character Index: 2 (Opp.)
-> Audio-Related Property: 2 parameters
* Voice Line ID: 48
* Character Index: 1 (Opp.)
-> Audio-Related Property: 2 parameters
* Voice Line ID: 49
* Character Index: 1 (Opp.)
-> Audio-Related Property: 2 parameters
* Voice Line ID: 50
* Character Index: 0
-> Audio-Related Property: 2 parameters
* Voice Line ID: 52
* Character Index: 1 (Opp.)
-> Audio-Related Property: 2 parameters
* Voice Line ID: 53
* Character Index: 1 (Opp.)
-> Audio-Related Property: 2 parameters
* Voice Line ID: 54
* Character Index: 2 (Opp.)
-> Audio-Related Property: 2 parameters
* Voice Line ID: 55
* Character Index: 1 (Opp.)
-> Audio-Related Property: 2 parameters
* Voice Line ID: 56
* Character Index: 2 (Opp.)
-> Audio-Related Property: 2 parameters
* Voice Line ID: 57
* Character Index: 2 (Opp.)
-> Audio-Related Property: 2 parameters
* Voice Line ID: 58
* Character Index: 1 (Opp.)
-> Audio-Related Property: 2 parameters
* Voice Line ID: 59
* Character Index: 0
-> Audio-Related Property: 2 parameters
* Voice Line ID: 60
* Character Index: 2 (Opp.)
-> Audio-Related Property: 2 parameters
* Voice Line ID: 61
* Character Index: 2 (Opp.)
-> Audio-Related Property: 2 parameters
* Voice Line ID: 62
* Character Index: 1 (Opp.)
-> Audio-Related Property: 2 parameters
* Voice Line ID: 63
* Character Index: 0
-> Audio-Related Property: 2 parameters
* Voice Line ID: 64
* Character Index: 1 (Opp.)
-> Audio-Related Property: 2 parameters
* Voice Line ID: 65
* Character Index: 2 (Opp.)
-> Audio-Related Property: 2 parameters
* Voice Line ID: 66
* Character Index: 0
-> Audio-Related Property: 2 parameters
* Voice Line ID: 67
* Character Index: 1 (Opp.)
-> Audio-Related Property: 2 parameters
* Voice Line ID: 68
* Character Index: 1 (Opp.)
-> Audio-Related Property: 2 parameters
* Voice Line ID: 69
* Character Index: 2 (Opp.)
-> Audio-Related Property: 2 parameters
* Voice Line ID: 70
* Character Index: 0
-> Audio-Related Property: 2 parameters
* Voice Line ID: 71
* Character Index: 0
-> Audio-Related Property: 2 parameters
* Voice Line ID: 72
* Character Index: 2 (Opp.)
-> Audio-Related Property: 2 parameters
* Voice Line ID: 73
* Character Index: 0
-> Audio-Related Property: 2 parameters
* Voice Line ID: 74
* Character Index: 0
-> Audio-Related Property: 2 parameters
* Voice Line ID: 75
* Character Index: 2 (Opp.)
-> Audio-Related Property: 2 parameters
* Voice Line ID: 76
* Character Index: 2 (Opp.)
-> Audio-Related Property: 2 parameters
* Voice Line ID: 77
* Character Index: 2 (Opp.)
-> Audio-Related Property: 2 parameters
* Voice Line ID: 78
* Character Index: 2 (Opp.)
-> Audio-Related Property: 2 parameters
* Voice Line ID: 79
* Character Index: 1 (Opp.)
-> Audio-Related Property: 2 parameters
* Voice Line ID: 80
* Character Index: 1 (Opp.)
-> Audio-Related Property: 2 parameters
* Voice Line ID: 81
* Character Index: 0
-> Audio-Related Property: 2 parameters
* Voice Line ID: 82
* Character Index: 0
-> Audio-Related Property: 2 parameters
* Voice Line ID: 83
* Character Index: 1 (Opp.)
-> Audio-Related Property: 2 parameters
* Voice Line ID: 84
* Character Index: 1 (Opp.)
-> Audio-Related Property: 2 parameters
* Voice Line ID: 85
* Character Index: 1 (Opp.)
-> Audio-Related Property: 2 parameters
* Voice Line ID: 86
* Character Index: 0
-> Audio-Related Property: 2 parameters
* Voice Line ID: 87
* Character Index: 0
-> Audio-Related Property: 2 parameters
* Voice Line ID: 88
* Character Index: 2 (Opp.)
-> Audio-Related Property: 2 parameters
* Voice Line ID: 89
* Character Index: 1
-> Audio-Related Property: 2 parameters
* Voice Line ID: 90
* Character Index: 1
-> Audio-Related Property: 2 parameters
* Voice Line ID: 91
* Character Index: 1
-> Audio-Related Property: 2 parameters
* Voice Line ID: 92
* Character Index: 1
-> Audio-Related Property: 2 parameters
* Voice Line ID: 93
* Character Index: 1
-> Audio-Related Property: 2 parameters
* Voice Line ID: 94
* Character Index: 1
-> Audio-Related Property: 2 parameters
* Voice Line ID: 95
* Character Index: 1
-> Audio-Related Property: 2 parameters
* Voice Line ID: 96
* Character Index: 1
-> Audio-Related Property: 2 parameters
* Voice Line ID: 97
* Character Index: 1
-> Audio-Related Property: 2 parameters
* Voice Line ID: 98
* Character Index: 1
-> Audio-Related Property: 2 parameters
* Voice Line ID: 99
* Character Index: 0 (Opp.)
-> Audio-Related Property: 2 parameters
* Voice Line ID: 100
* Character Index: 0 (Opp.)
-> Audio-Related Property: 2 parameters
* Voice Line ID: 101
* Character Index: 0 (Opp.)
-> Audio-Related Property: 2 parameters
* Voice Line ID: 102
* Character Index: 0 (Opp.)
-> Audio-Related Property: 2 parameters
* Voice Line ID: 103
* Character Index: 0 (Opp.)
-> Audio-Related Property: 2 parameters
* Voice Line ID: 104
* Character Index: 0 (Opp.)
-> Audio-Related Property: 2 parameters
* Voice Line ID: 105
* Character Index: 0 (Opp.)
-> Audio-Related Property: 2 parameters
* Voice Line ID: 106
* Character Index: 0 (Opp.)
-> Audio-Related Property: 2 parameters
* Voice Line ID: 107
* Character Index: 0 (Opp.)
-> Audio-Related Property: 2 parameters
* Voice Line ID: 108
* Character Index: 0 (Opp.)
-> Audio-Related Property: 2 parameters
* Voice Line ID: 109
* Character Index: 2 (Opp.)
-> Audio-Related Property: 2 parameters
* Voice Line ID: 110
* Character Index: 2 (Opp.)
-> Audio-Related Property: 2 parameters
* Voice Line ID: 111
* Character Index: 2 (Opp.)
-> Audio-Related Property: 2 parameters
* Voice Line ID: 112
* Character Index: 2 (Opp.)
-> Audio-Related Property: 2 parameters
* Voice Line ID: 113
* Character Index: 2 (Opp.)
-> Audio-Related Property: 2 parameters
* Voice Line ID: 114
* Character Index: 2 (Opp.)
-> Audio-Related Property: 2 parameters
* Voice Line ID: 115
* Character Index: 2 (Opp.)
-> Audio-Related Property: 2 parameters
* Voice Line ID: 116
* Character Index: 2 (Opp.)
-> Audio-Related Property: 2 parameters
* Voice Line ID: 117
* Character Index: 2 (Opp.)
-> Audio-Related Property: 2 parameters
* Voice Line ID: 118
* Character Index: 2 (Opp.)
-> Audio-Related Property: 2 parameters
* Voice Line ID: 232
* Character Index: 3 (Opp.)
-> Audio-Related Property: 2 parameters
* Voice Line ID: 119
* Character Index: 1 (Opp.)
-> Audio-Related Property: 2 parameters
* Voice Line ID: 120
* Character Index: 1 (Opp.)
-> Audio-Related Property: 2 parameters
* Voice Line ID: 121
* Character Index: 1 (Opp.)
-> Audio-Related Property: 2 parameters
* Voice Line ID: 122
* Character Index: 1 (Opp.)
-> Audio-Related Property: 2 parameters
* Voice Line ID: 123
* Character Index: 1 (Opp.)
-> Audio-Related Property: 2 parameters
* Voice Line ID: 124
* Character Index: 1 (Opp.)
-> Audio-Related Property: 2 parameters
* Voice Line ID: 125
* Character Index: 1 (Opp.)
-> Audio-Related Property: 2 parameters
* Voice Line ID: 126
* Character Index: 1 (Opp.)
-> Audio-Related Property: 2 parameters
* Voice Line ID: 127
* Character Index: 1 (Opp.)
-> Audio-Related Property: 2 parameters
* Voice Line ID: 128
* Character Index: 1 (Opp.)
-> Audio-Related Property: 2 parameters
* Voice Line ID: 164
* Character Index: 2
-> Audio-Related Property: 2 parameters
* Voice Line ID: 165
* Character Index: 0
-> Audio-Related Property: 2 parameters
* Voice Line ID: 166
* Character Index: 3 (Opp.)
-> Audio-Related Property: 2 parameters
* Voice Line ID: 184
* Character Index: 3 (Opp.)
-> Audio-Related Property: 2 parameters
* Voice Line ID: 220
* Character Index: 3 (Opp.)
-> Audio-Related Property: 2 parameters
* Voice Line ID: 221
* Character Index: 3 (Opp.)
-> Audio-Related Property: 2 parameters
* Voice Line ID: 222
* Character Index: 0
-> Audio-Related Property: 2 parameters
* Voice Line ID: 223
* Character Index: 3 (Opp.)
-> Audio-Related Property: 2 parameters
* Voice Line ID: 224
* Character Index: 3 (Opp.)
-> Audio-Related Property: 2 parameters
* Voice Line ID: 225
* Character Index: 3 (Opp.)
-> Audio-Related Property: 2 parameters
* Voice Line ID: 226
* Character Index: 3 (Opp.)
-> Audio-Related Property: 2 parameters
* Voice Line ID: 247
* Character Index: 3 (Opp.)
-> Audio-Related Property: 2 parameters
* Voice Line ID: 250
* Character Index: 3
-> Audio-Related Property: 2 parameters
* Voice Line ID: 252
* Character Index: 3 (Opp.)
-> Audio-Related Property: 2 parameters
* Voice Line ID: 256
* Character Index: 3 (Opp.)
-> Audio-Related Property: 2 parameters
* Voice Line ID: 259
* Character Index: 1
-> Audio-Related Property: 2 parameters
* Voice Line ID: 260
* Character Index: 3 (Opp.)
-> Audio-Related Property: 2 parameters
* Voice Line ID: 261
* Character Index: 1 (Opp.)
-> Audio-Related Property: 2 parameters
* Voice Line ID: 262
* Character Index: 1 (Opp.)
-> Audio-Related Property: 2 parameters
* Voice Line ID: 263
* Character Index: 4
-> Audio-Related Property: 2 parameters
* Voice Line ID: 264
* Character Index: 1 (Opp.)
-> Audio-Related Property: 2 parameters
* Voice Line ID: 271
* Character Index: 4

===== SCENE 10000 =====

[Scene Start]

[Battle End: 1 parameter]
* Battle Outcome ID: -1

[Store Character Positions]

[Assign Character Position & Rotation: 7 parameters]
* Character Index: 0
* Position (X): -40.0
* Position (Y): 0.0
* Position (Z): -35.0
* Rotation (X): 0.0
* Rotation (Y): 48.8
* Rotation (Z): 0.0

[Assign Character Position & Rotation: 7 parameters]
* Character Index: 0 (Opp.)
* Position (X): 40.0
* Position (Y): 0.0
* Position (Z): 35.0
* Rotation (X): 0.0
* Rotation (Y): -131.2
* Rotation (Z): 0.0

[Primary Camera Point: 6 parameters]
* Position (X): -34.021
* Position (Y): -10.382
* Position (Z): -12.431
* Rotation (Y): 0.375
* Rotation (X): -169.602
* Rotation (Z): 0.0

[Secondary Camera Point]
-> Additional Camera Point: 7 parameters
* Time (s): 7.0
* Position (X): -35.228
* Position (Y): -13.492
* Position (Z): -22.598
* Rotation (Y): -5.132
* Rotation (X): -165.951
* Rotation (Z): 0.0

[Assign Animation: 2 parameters]
* Character Index: 0
* ANM Name: INTRO_IN
-> Wait until End of ANM

[Assign Animation: 2 parameters]
* Character Index: 0
* ANM Name: INTRO_LOOP
-> Enable ANM Loop

[Play Character Voice Line: 2 parameters]
* Character Index: 0
* Voice Line ID: 0
-> Wait until End of Voice Line

[Primary Camera Point: 6 parameters]
* Position (X): 13.226
* Position (Y): -2.628
* Position (Z): 20.14
* Rotation (Y): 18.584
* Rotation (X): 59.401
* Rotation (Z): 0.0

[Secondary Camera Point]
-> Additional Camera Point: 7 parameters
* Time (s): 7.0
* Position (X): 25.009
* Position (Y): -13.783
* Position (Z): 25.537
* Rotation (Y): -4.852
* Rotation (X): 57.137
* Rotation (Z): 0.0

[Assign Animation: 2 parameters]
* Character Index: 0 (Opp.)
* ANM Name: INTRO_IN
-> Wait until End of ANM

[Assign Animation: 2 parameters]
* Character Index: 0 (Opp.)
* ANM Name: INTRO_LOOP
-> Enable ANM Loop

[Play Character Voice Line: 2 parameters]
* Character Index: 0 (Opp.)
* Voice Line ID: 1
-> Wait until End of Voice Line

[Store VFX Switches]

[Store Conditional Properties]
-> Scene Link: 2 parameters
* Condition: Win via K.O.
* Scene ID: 10001
-> Scene Link: 2 parameters
* Condition: Win via K.O. (Opp.)
* Scene ID: 10040
-> Audio Link: 2 parameters
* Condition: Immediate
* Voice Line ID: 11
-> Audio Link: 2 parameters
* Condition: Immediate
* Voice Line ID: 14
-> Audio Link: 2 parameters
* Condition: Immediate
* Voice Line ID: 15
-> Audio Link: 2 parameters
* Condition: Perform Vanishing Attack
* Voice Line ID: 9
-> Audio Link: 2 parameters
* Condition: Hit with 1st Blast 2
* Voice Line ID: 12
-> Audio Link: 2 parameters
* Condition: Hit with 2nd Blast 2
* Voice Line ID: 13
-> Audio Link: 2 parameters
* Condition: Perform Fully Charged Left Smash Attack (Opp.)
* Voice Line ID: 125
-> Audio Link: 2 parameters
* Condition: Perform Fully Charged Neutral Smash Attack
* Voice Line ID: 126
-> Audio Link: 2 parameters
* Condition: Perform Throw
* Voice Line ID: 127
-> Audio Link: 2 parameters
* Condition: Perform Dragon Homing (Opp.)
* Voice Line ID: 105
-> Audio Link: 2 parameters
* Condition: Perform Ultimate Blast (Opp.)
* Voice Line ID: 16
-> Audio Link: 2 parameters
* Condition: Perform 1st Blast 2 (Opp.)
* Voice Line ID: 17
-> Audio Link: 2 parameters
* Condition: Perform Dash Smash (Opp.)
* Voice Line ID: 2
-> Audio Link: 2 parameters
* Condition: Lose 1 Health Bar (Opp.)
* Voice Line ID: 19
-> Audio Link: 2 parameters
* Condition: Perform Vanishing Attack (Opp.)
* Voice Line ID: 20
-> Audio Link: 2 parameters
* Condition: Fall into ground/water (Opp.)
* Voice Line ID: 24
-> Audio Link: 2 parameters
* Condition: Perform 2nd Blast 2 (Opp.)
* Voice Line ID: 99
-> Audio Link: 2 parameters
* Condition: Perform Dragon Homing
* Voice Line ID: 26
-> Audio Link: 2 parameters
* Condition: Wait 20 seconds
* Voice Line ID: 101
-> Audio Link: 2 parameters
* Condition: Lose 2 Health Bars (Opp.)
* Voice Line ID: 102
-> Audio Link: 2 parameters
* Condition: Go in MAX POWER Mode (Opp.)
* Voice Line ID: 103
-> Audio Link: 2 parameters
* Condition: Perform Teleport
* Voice Line ID: 3
-> Audio Link: 2 parameters
* Condition: Perform Throw (Opp.)
* Voice Line ID: 105
-> Audio Link: 2 parameters
* Condition: Perform Teleport (Opp.)
* Voice Line ID: 4
-> Audio Link: 2 parameters
* Condition: Perform Sonic Sway
* Voice Line ID: 6
-> Audio Link: 2 parameters
* Condition: Fall into ground/water
* Voice Line ID: 108

[Store Player's Character Changes]

[Store Opponent's Character Changes]

[Post-Cutscene Event: 2 parameters]
* Event ID: Battle Finish
* Character ID: N/A

[Scene End & Battle Start]

===== SCENE 10001 =====

[Scene Start]

[Battle End: 1 parameter]
* Battle Outcome ID: -1

[Store Character Positions]

[Trigger Fade-Out: 1 parameter]
* Time (s): 1.2

[Assign Character Position & Rotation: 7 parameters]
* Character Index: 0
* Position (X): -22.6
* Position (Y): 0.0
* Position (Z): -19.8
* Rotation (X): 0.0
* Rotation (Y): 48.8
* Rotation (Z): 0.0

[Assign Character Position & Rotation: 7 parameters]
* Character Index: 0 (Opp.)
* Position (X): 22.6
* Position (Y): 0.0
* Position (Z): 19.8
* Rotation (X): 0.0
* Rotation (Y): -131.2
* Rotation (Z): 0.0

[Primary Camera Point: 6 parameters]
* Position (X): 26.273
* Position (Y): -13.054
* Position (Z): 7.739
* Rotation (Y): -11.767
* Rotation (X): -102.06
* Rotation (Z): 0.0

[Secondary Camera Point]
-> Additional Camera Point: 7 parameters
* Time (s): 4.0
* Position (X): 46.497
* Position (Y): -19.121
* Position (Z): 8.124
* Rotation (Y): -13.781
* Rotation (X): -99.054
* Rotation (Z): 0.0

[Assign Animation: 2 parameters]
* Character Index: 0 (Opp.)
* ANM Name: STAND_LOOP

[Assign Animation: 2 parameters]
* Character Index: 0
* ANM Name: STAND_LOOP
-> Enable ANM Loop

[Play Character Voice Line: 2 parameters]
* Character Index: 0 (Opp.)
* Voice Line ID: 6
-> Wait until End of Voice Line

[Primary Camera Point: 6 parameters]
* Position (X): 5.223001
* Position (Y): -6.364
* Position (Z): -20.949
* Rotation (Y): 7.237
* Rotation (X): 20.429998
* Rotation (Z): 0.0

[Secondary Camera Point]
-> Additional Camera Point: 7 parameters
* Time (s): 6.0
* Position (X): 17.847002
* Position (Y): -14.791
* Position (Z): 10.394
* Rotation (Y): 13.461
* Rotation (X): 20.424002
* Rotation (Z): 0.0

[Play Character Voice Line: 2 parameters]
* Character Index: 0 (Opp.)
* Voice Line ID: 7
-> Wait until End of Voice Line

[Play Character Voice Line: 2 parameters]
* Character Index: 0 (Opp.)
* Voice Line ID: 16
-> Wait until End of Voice Line

[Primary Camera Point: 6 parameters]
* Position (X): -5.183001
* Position (Y): -16.024
* Position (Z): 0.739
* Rotation (Y): -3.367
* Rotation (X): 53.26
* Rotation (Z): 0.0

[Play Character Voice Line: 2 parameters]
* Character Index: 0 (Opp.)
* Voice Line ID: 17
-> Wait until End of Voice Line

[Enable Ki Charge Aura: 1 parameter]
* Character Index: 0 (Opp.)

[Assign Animation: 2 parameters]
* Character Index: 0 (Opp.)
* ANM Name: TAUNT

[Play Character Voice Line: 2 parameters]
* Character Index: 0 (Opp.)
* Voice Line ID: 18
-> Wait until End of Voice Line

[Primary Camera Point: 6 parameters]
* Position (X): 9.073001
* Position (Y): -11.224
* Position (Z): -16.249
* Rotation (Y): 3.007
* Rotation (X): -97.32
* Rotation (Z): 0.0

[Secondary Camera Point]
-> Additional Camera Point: 7 parameters
* Time (s): 5.0
* Position (X): -10.867002
* Position (Y): -12.281
* Position (Z): -18.804
* Rotation (Y): 3.001
* Rotation (X): -97.314
* Rotation (Z): 0.0

[Play Character Voice Line: 2 parameters]
* Character Index: 3
* Voice Line ID: 19
-> Wait until End of Voice Line

[Primary Camera Point: 6 parameters]
* Position (X): 21.913
* Position (Y): -17.734
* Position (Z): 8.169
* Rotation (Y): -1.707
* Rotation (X): 6.569998
* Rotation (Z): 0.0

[Assign Animation: 2 parameters]
* Character Index: 0 (Opp.)
* ANM Name: STAND_LOOP

[Play Character Voice Line: 2 parameters]
* Character Index: 0 (Opp.)
* Voice Line ID: 20
-> Wait until End of Voice Line

[Primary Camera Point: 6 parameters]
* Position (X): -26.603
* Position (Y): -16.414
* Position (Z): -22.679
* Rotation (Y): -19.387
* Rotation (X): 48.55
* Rotation (Z): 0.0

[Secondary Camera Point]
-> Additional Camera Point: 7 parameters
* Time (s): 0.5
* Position (X): 2.787002
* Position (Y): -9.271
* Position (Z): 1.074
* Rotation (Y): -2.221
* Rotation (X): 45.114002
* Rotation (Z): 0.0

[Assign Animation: 2 parameters]
* Character Index: 0 (Opp.)
* ANM Name: SKILL_005_IN
-> Wait until End of ANM

[Assign Animation: 2 parameters]
* Character Index: 0 (Opp.)
* ANM Name: SKILL_005_IN_U
-> Wait until End of ANM

[Play Character Voice Line: 2 parameters]
* Character Index: 0 (Opp.)
* Voice Line ID: 21
-> Wait until End of Voice Line

[Play Character Voice Line: 2 parameters]
* Character Index: 0 (Opp.)
* Voice Line ID: 22
-> Wait until End of Voice Line

[Play Character Voice Line: 2 parameters]
* Character Index: 0
* Voice Line ID: 23
-> Wait until End of Voice Line

[Assign Character Position & Rotation: 7 parameters]
* Character Index: 0
* Position (X): 22.6
* Position (Y): 0.0
* Position (Z): 19.8
* Rotation (X): 0.0
* Rotation (Y): -131.2
* Rotation (Z): 0.0

[Assign Character Position & Rotation: 7 parameters]
* Character Index: 0 (Opp.)
* Position (X): 22.6
* Position (Y): -5.0
* Position (Z): 19.8
* Rotation (X): 0.0
* Rotation (Y): -131.2
* Rotation (Z): 0.0

[Primary Camera Point: 6 parameters]
* Position (X): 5.323001
* Position (Y): -16.954
* Position (Z): 9.099
* Rotation (Y): -1.487
* Rotation (X): 48.079998
* Rotation (Z): 0.0

[Disable Ki Charge Aura: 1 parameter]
* Character Index: 0 (Opp.)

[Assign Animation: 2 parameters]
* Character Index: 0 (Opp.)
* ANM Name: SKILL_003_EVENT_1

[Assign Animation: 2 parameters]
* Character Index: 0
* ANM Name: SKILL_003_EVENT_1
-> Wait until End of ANM

[Wait for Period of Time: 1 parameter]
* Time (s): 1.0
-> PROPERTY 119

[Play Character Voice Line: 2 parameters]
* Character Index: 0 (Opp.)
* Voice Line ID: 24
-> Wait until End of Voice Line

[Primary Camera Point: 6 parameters]
* Position (X): 5.323001
* Position (Y): -16.954
* Position (Z): 9.099
* Rotation (Y): -1.487
* Rotation (X): 48.079998
* Rotation (Z): 0.0

[Secondary Camera Point]
-> Additional Camera Point: 7 parameters
* Time (s): 6.0
* Position (X): 0.537002
* Position (Y): -13.361
* Position (Z): 3.174
* Rotation (Y): 2.471
* Rotation (X): 48.074
* Rotation (Z): 0.0

[Play Character Voice Line: 2 parameters]
* Character Index: 0 (Opp.)
* Voice Line ID: 130
-> Wait until End of Voice Line

[Wait for Period of Time: 1 parameter]
* Time (s): 1.0
-> PROPERTY 119

[Assign Character Position & Rotation: 7 parameters]
* Character Index: 0 (Opp.)
* Position (X): 22.6
* Position (Y): 0.0
* Position (Z): 19.8
* Rotation (X): 0.0
* Rotation (Y): -131.2
* Rotation (Z): 0.0

[Assign Character Position & Rotation: 7 parameters]
* Character Index: 0
* Position (X): 22.6
* Position (Y): 2.0
* Position (Z): 19.8
* Rotation (X): 0.0
* Rotation (Y): -131.2
* Rotation (Z): 0.0

[Primary Camera Point: 6 parameters]
* Position (X): 26.273
* Position (Y): -13.054
* Position (Z): 7.739
* Rotation (Y): -11.767
* Rotation (X): -102.06
* Rotation (Z): 0.0

[Secondary Camera Point]
-> Additional Camera Point: 7 parameters
* Time (s): 6.0
* Position (X): 46.497
* Position (Y): -19.121
* Position (Z): 8.124
* Rotation (Y): -13.781
* Rotation (X): -99.054
* Rotation (Z): 0.0

[Assign Animation: 2 parameters]
* Character Index: 0 (Opp.)
* ANM Name: SKILL_003_EVENT_2
-> Wait until End of ANM

[Assign Animation: 2 parameters]
* Character Index: 0
* ANM Name: SKILL_003_EVENT_2
-> Wait until End of ANM

[Assign Character Position & Rotation: 7 parameters]
* Character Index: 0
* Position (X): 3.9
* Position (Y): 0.0
* Position (Z): 3.859999
* Rotation (X): 0.0
* Rotation (Y): 45.26
* Rotation (Z): 0.0

[Assign Animation: 2 parameters]
* Character Index: 0
* ANM Name: STAND_LOOP
-> Wait until End of ANM

[Play Character Voice Line: 2 parameters]
* Character Index: 0
* Voice Line ID: 25
-> Wait until End of Voice Line

[Primary Camera Point: 6 parameters]
* Position (X): 7.273001
* Position (Y): -23.284
* Position (Z): -9.239
* Rotation (Y): -38.887
* Rotation (X): -7.039998
* Rotation (Z): 0.0

[Play Character Voice Line: 2 parameters]
* Character Index: 3
* Voice Line ID: 131
-> Wait until End of Voice Line

[Primary Camera Point: 6 parameters]
* Position (X): 9.353001
* Position (Y): -27.644
* Position (Z): -30.499
* Rotation (Y): -27.537
* Rotation (X): -15.029998
* Rotation (Z): 0.0

[Secondary Camera Point]
-> Additional Camera Point: 7 parameters
* Time (s): 6.0
* Position (X): 38.727
* Position (Y): -27.641
* Position (Z): -6.314
* Rotation (Y): -27.531
* Rotation (X): -63.634003
* Rotation (Z): 0.0

[Play Character Voice Line: 2 parameters]
* Character Index: 3 (Opp.)
* Voice Line ID: 132
-> Wait until End of Voice Line

[Play Character Voice Line: 2 parameters]
* Character Index: 3 (Opp.)
* Voice Line ID: 133
-> Wait until End of Voice Line

[Primary Camera Point: 6 parameters]
* Position (X): 14.623001
* Position (Y): -5.964
* Position (Z): 5.209
* Rotation (Y): 44.417
* Rotation (X): -102.18
* Rotation (Z): 0.0

[Secondary Camera Point]
-> Additional Camera Point: 7 parameters
* Time (s): 12.0
* Position (X): 9.927002
* Position (Y): -11.691
* Position (Z): 4.194
* Rotation (Y): 31.761
* Rotation (X): -102.174
* Rotation (Z): 0.0

[Play Character Voice Line: 2 parameters]
* Character Index: 3
* Voice Line ID: 134
-> Wait until End of Voice Line

[Play Character Voice Line: 2 parameters]
* Character Index: 3
* Voice Line ID: 135
-> Wait until End of Voice Line

[Store VFX Switches]

[Store Conditional Properties]
-> Scene Link: 2 parameters
* Condition: Win via K.O.
* Scene ID: 10002
-> Scene Link: 2 parameters
* Condition: Win via K.O. (Opp.)
* Scene ID: 10041
-> Audio Link: 2 parameters
* Condition: Immediate
* Voice Line ID: 49
-> Audio Link: 2 parameters
* Condition: Immediate
* Voice Line ID: 50
-> Audio Link: 2 parameters
* Condition: Immediate
* Voice Line ID: 47
-> Audio Link: 2 parameters
* Condition: Perform Rush Attack
* Voice Line ID: 51
-> Audio Link: 2 parameters
* Condition: Go in MAX POWER Mode (Opp.)
* Voice Line ID: 52
-> Audio Link: 2 parameters
* Condition: Perform Teleport
* Voice Line ID: 53
-> Audio Link: 2 parameters
* Condition: Perform Burst Meteo Finisher (Opp.)
* Voice Line ID: 54
-> Audio Link: 2 parameters
* Condition: Perform 1st Blast 1
* Voice Line ID: 55
-> Audio Link: 2 parameters
* Condition: Perform Throw (Opp.)
* Voice Line ID: 123
-> Audio Link: 2 parameters
* Condition: Lose 2 Health Bars (Opp.)
* Voice Line ID: 57
-> Audio Link: 2 parameters
* Condition: Perform Ultimate Blast (Opp.)
* Voice Line ID: 119
-> Audio Link: 2 parameters
* Condition: Perform Hyper Smash
* Voice Line ID: 121
-> Audio Link: 2 parameters
* Condition: Perform Dash Smash
* Voice Line ID: 122
-> Audio Link: 2 parameters
* Condition: Perform Vanishing Attack (Opp.)
* Voice Line ID: 123
-> Audio Link: 2 parameters
* Condition: Taunt
* Voice Line ID: 124
-> Audio Link: 2 parameters
* Condition: Perform Fully Charged Left Smash Attack
* Voice Line ID: 51
-> Audio Link: 2 parameters
* Condition: Perform Fully Charged Left Smash Attack (Opp.)
* Voice Line ID: 123
-> Audio Link: 2 parameters
* Condition: Perform Dragon Smash
* Voice Line ID: 121
-> Audio Link: 2 parameters
* Condition: Hit with 1st Blast 2 (Opp.)
* Voice Line ID: 128
-> Audio Link: 2 parameters
* Condition: Block Ultimate Blast
* Voice Line ID: 67
-> Audio Link: 2 parameters
* Condition: Perform Vanishing Attack
* Voice Line ID: 79
-> Audio Link: 2 parameters
* Condition: Perform Dragon Homing (Opp.)
* Voice Line ID: 115
-> Audio Link: 2 parameters
* Condition: Perform Fully Charged Down Smash Attack
* Voice Line ID: 116
-> Audio Link: 2 parameters
* Condition: Perform Throw
* Voice Line ID: 117
-> Audio Link: 2 parameters
* Condition: Perform Fully Charged Neutral Smash Attack
* Voice Line ID: 116

[Store Player's Character Changes]
-> Add Health: 1 parameter
* Health (%): 20

[Store Opponent's Character Changes]
-> Assign Properties to Character: 1 parameter
* Parameter 0: 1

[Post-Cutscene Event: 2 parameters]
* Event ID: Switch with Teammate #2 (Opp.)
* Character ID: Jeice

[Scene End & Battle Start]

===== SCENE 10002 =====

[Scene Start]

[Battle End: 1 parameter]
* Battle Outcome ID: -1

[Store Character Positions]

[Trigger Fade-Out: 1 parameter]
* Time (s): 1.2

[Assign Character Position & Rotation: 7 parameters]
* Character Index: 0
* Position (X): 14.95
* Position (Y): 0.0
* Position (Z): 12.579999
* Rotation (X): 0.0
* Rotation (Y): 50.53
* Rotation (Z): 0.0

[Assign Character Position & Rotation: 7 parameters]
* Character Index: 1 (Opp.)
* Position (X): 22.6
* Position (Y): 0.0
* Position (Z): 19.8
* Rotation (X): 0.0
* Rotation (Y): -131.2
* Rotation (Z): 0.0

[Primary Camera Point: 6 parameters]
* Position (X): 30.990002
* Position (Y): -13.292001
* Position (Z): -0.092
* Rotation (Y): -6.753002
* Rotation (X): -35.763
* Rotation (Z): 0.0

[Assign Animation: 2 parameters]
* Character Index: 1 (Opp.)
* ANM Name: STAND_LOOP

[Assign Animation: 2 parameters]
* Character Index: 0
* ANM Name: STAND_LOOP

[Play Character Voice Line: 2 parameters]
* Character Index: 1 (Opp.)
* Voice Line ID: 136
-> Wait until End of Voice Line

[Assign Character Position & Rotation: 7 parameters]
* Character Index: 0
* Position (X): 22.6
* Position (Y): 0.0
* Position (Z): 19.8
* Rotation (X): 0.0
* Rotation (Y): -131.2
* Rotation (Z): 0.0

[Assign Animation: 2 parameters]
* Character Index: 1 (Opp.)
* ANM Name: SKILL_003_EVENT_1

[Assign Animation: 2 parameters]
* Character Index: 0
* ANM Name: SKILL_003_EVENT_3
-> Wait until End of ANM

[Play Character Voice Line: 2 parameters]
* Character Index: 1 (Opp.)
* Voice Line ID: 147
-> Wait until End of Voice Line

[Primary Camera Point: 6 parameters]
* Position (X): 18.830002
* Position (Y): -12.192001
* Position (Z): 16.552
* Rotation (Y): 0.643002
* Rotation (X): 44.473
* Rotation (Z): 0.0

[Assign Animation: 2 parameters]
* Character Index: 1 (Opp.)
* ANM Name: SKILL_003_EVENT_2

[Play Character Voice Line: 2 parameters]
* Character Index: 1 (Opp.)
* Voice Line ID: 137
-> Wait until End of Voice Line

[Primary Camera Point: 6 parameters]
* Position (X): 43.3
* Position (Y): -19.572
* Position (Z): 25.832
* Rotation (Y): -21.023003
* Rotation (X): -117.353
* Rotation (Z): 0.0

[Secondary Camera Point]
-> Additional Camera Point: 7 parameters
* Time (s): 7.0
* Position (X): 30.196
* Position (Y): -19.577
* Position (Z): 41.719
* Rotation (Y): -21.023998
* Rotation (X): -156.507
* Rotation (Z): 0.0

[Play Character Voice Line: 2 parameters]
* Character Index: 0
* Voice Line ID: 59
-> Wait until End of Voice Line

[Primary Camera Point: 6 parameters]
* Position (X): 19.2
* Position (Y): -12.132001
* Position (Z): 20.502
* Rotation (Y): -15.883002
* Rotation (X): 75.293
* Rotation (Z): 0.0

[Secondary Camera Point]
-> Additional Camera Point: 7 parameters
* Time (s): 1.0
* Position (X): 19.2
* Position (Y): -12.132001
* Position (Z): 20.502
* Rotation (Y): 2.693002
* Rotation (X): 75.293
* Rotation (Z): 0.0

[Play Character Voice Line: 2 parameters]
* Character Index: 2 (Opp.)
* Voice Line ID: 138
-> Wait until End of Voice Line

[Play Character Voice Line: 2 parameters]
* Character Index: 1 (Opp.)
* Voice Line ID: 139
-> Wait until End of Voice Line

[Play Character Voice Line: 2 parameters]
* Character Index: 2 (Opp.)
* Voice Line ID: 140
-> Wait until End of Voice Line

[Play Character Voice Line: 2 parameters]
* Character Index: 1 (Opp.)
* Voice Line ID: 141
-> Wait until End of Voice Line

[Play Character Voice Line: 2 parameters]
* Character Index: 2 (Opp.)
* Voice Line ID: 142
-> Wait until End of Voice Line

[Play Character Voice Line: 2 parameters]
* Character Index: 1 (Opp.)
* Voice Line ID: 149
-> Wait until End of Voice Line

[Enable MAX POWER Mode Explosion: 1 parameter]
* Character Index: 1 (Opp.)
-> PROPERTY 119

[Store VFX Switches]

[Store Conditional Properties]
-> Scene Link: 2 parameters
* Condition: Hit with Ultimate Blast (Opp.)
* Scene ID: 10006
-> Scene Link: 2 parameters
* Condition: Win via K.O. (Opp.)
* Scene ID: 10042

[Store Player's Character Changes]
-> Add Health: 1 parameter
* Health (%): 20
-> Replace Z-Item #7: 1 parameter
* Z-Item #7: Absolutely Invincible Body

[Store Opponent's Character Changes]
-> Add Health: 1 parameter
* Health (%): 20

[Post-Cutscene Event: 2 parameters]
* Event ID: Trigger Ultimate Blast (Opp.)
* Character ID: Buter

[Scene End & Battle Start]

===== SCENE 10006 =====

[Scene Start]

[Battle End: 1 parameter]
* Battle Outcome ID: -1

[Store Character Positions]

[Trigger Fade-Out: 1 parameter]
* Time (s): 1.2

[Assign Character Position & Rotation: 7 parameters]
* Character Index: 0
* Position (X): 22.6
* Position (Y): 0.0
* Position (Z): 19.8
* Rotation (X): 0.0
* Rotation (Y): -131.2
* Rotation (Z): 0.0

[Assign Character Position & Rotation: 7 parameters]
* Character Index: 1 (Opp.)
* Position (X): 294.61
* Position (Y): -85.75
* Position (Z): 99.61
* Rotation (X): -12.15
* Rotation (Y): -100.95
* Rotation (Z): 0.0

[Primary Camera Point: 6 parameters]
* Position (X): 285.83
* Position (Y): -97.172005
* Position (Z): 97.842
* Rotation (Y): -10.803002
* Rotation (X): 76.703
* Rotation (Z): 0.0

[Assign Animation: 2 parameters]
* Character Index: 1 (Opp.)
* ANM Name: SURPRISED
-> Enable ANM Loop

[Assign Animation: 2 parameters]
* Character Index: 0
* ANM Name: STAND_LOOP
-> Enable ANM Loop

[Play Character Voice Line: 2 parameters]
* Character Index: 1 (Opp.)
* Voice Line ID: 144
-> Wait until End of Voice Line

[Store VFX Switches]

[Store Conditional Properties]
-> Scene Link: 2 parameters
* Condition: Immediate
* Scene ID: 10007
-> Scene Link: 2 parameters
* Condition: Win via K.O. (Opp.)
* Scene ID: 10042
-> Audio Link: 2 parameters
* Condition: Immediate
* Voice Line ID: 60

[Store Player's Character Changes]
-> Add Health: 1 parameter
* Health (%): 20
-> Replace Z-Item #7: 1 parameter
* Z-Item #7: N/A

[Store Opponent's Character Changes]
-> Assign Properties to Character: 1 parameter
* Parameter 0: 2

[Post-Cutscene Event: 2 parameters]
* Event ID: Switch with Teammate #3 (Opp.)
* Character ID: Buter

[Scene End & Battle Start]

===== SCENE 10007 =====

[Scene Start]

[Battle End: 1 parameter]
* Battle Outcome ID: -1

[Store Character Positions]

[Trigger Fade-Out: 1 parameter]
* Time (s): 1.2

[Assign Character Position & Rotation: 7 parameters]
* Character Index: 0
* Position (X): -449.24
* Position (Y): -155.66
* Position (Z): 40.82
* Rotation (X): 0.0
* Rotation (Y): 81.009995
* Rotation (Z): 0.0

[Assign Character Position & Rotation: 7 parameters]
* Character Index: 2 (Opp.)
* Position (X): -420.24
* Position (Y): -155.66
* Position (Z): 40.82
* Rotation (X): 0.0
* Rotation (Y): 81.009995
* Rotation (Z): 0.0

[Primary Camera Point: 6 parameters]
* Position (X): -394.4
* Position (Y): -169.282
* Position (Z): 40.482
* Rotation (Y): -1.873002
* Rotation (X): -87.063
* Rotation (Z): 0.0

[Secondary Camera Point]
-> Additional Camera Point: 7 parameters
* Time (s): 4.0
* Position (X): -399.86002
* Position (Y): -169.282
* Position (Z): 22.792
* Rotation (Y): -1.873002
* Rotation (X): -55.703
* Rotation (Z): 0.0

[Assign Animation: 2 parameters]
* Character Index: 2 (Opp.)
* ANM Name: SKILL_003_EVENT_1
-> Wait until End of ANM

[Assign Animation: 2 parameters]
* Character Index: 0
* ANM Name: STAND_LOOP
-> Enable ANM Loop

[Play Character Voice Line: 2 parameters]
* Character Index: 2 (Opp.)
* Voice Line ID: 145
-> Wait until End of Voice Line

[Play Character Voice Line: 2 parameters]
* Character Index: 1 (Opp.)
* Voice Line ID: 146
-> Wait until End of Voice Line

[Primary Camera Point: 6 parameters]
* Position (X): -443.85
* Position (Y): -169.512
* Position (Z): 46.842
* Rotation (Y): 5.513002
* Rotation (X): -141.653
* Rotation (Z): 0.0

[Play Character Voice Line: 2 parameters]
* Character Index: 0
* Voice Line ID: 63
-> Wait until End of Voice Line

[Store VFX Switches]

[Store Conditional Properties]
-> Scene Link: 2 parameters
* Condition: Win via K.O.
* Scene ID: 10008
-> Scene Link: 2 parameters
* Condition: Win via K.O. (Opp.)
* Scene ID: 10042
-> Audio Link: 2 parameters
* Condition: Immediate
* Voice Line ID: 64
-> Audio Link: 2 parameters
* Condition: Immediate
* Voice Line ID: 65
-> Audio Link: 2 parameters
* Condition: Immediate
* Voice Line ID: 66
-> Audio Link: 2 parameters
* Condition: Immediate
* Voice Line ID: 67
-> Audio Link: 2 parameters
* Condition: Immediate
* Voice Line ID: 68
-> Audio Link: 2 parameters
* Condition: Immediate
* Voice Line ID: 69
-> Audio Link: 2 parameters
* Condition: Immediate
* Voice Line ID: 70
-> Audio Link: 2 parameters
* Condition: Immediate
* Voice Line ID: 71
-> Audio Link: 2 parameters
* Condition: Immediate
* Voice Line ID: 72
-> Audio Link: 2 parameters
* Condition: Immediate
* Voice Line ID: 73
-> Audio Link: 2 parameters
* Condition: Immediate
* Voice Line ID: 74
-> Audio Link: 2 parameters
* Condition: Immediate
* Voice Line ID: 75
-> Audio Link: 2 parameters
* Condition: Immediate
* Voice Line ID: 76
-> Audio Link: 2 parameters
* Condition: Wait 10 seconds
* Voice Line ID: 111
-> Audio Link: 2 parameters
* Condition: Perform Vanishing Attack
* Voice Line ID: 65
-> Audio Link: 2 parameters
* Condition: Hit with Charged Ki Blast
* Voice Line ID: 56
-> Audio Link: 2 parameters
* Condition: Perform Hyper Smash
* Voice Line ID: 69
-> Audio Link: 2 parameters
* Condition: Perform Vanishing Attack (Opp.)
* Voice Line ID: 54
-> Audio Link: 2 parameters
* Condition: Perform Sonic Sway
* Voice Line ID: 60
-> Audio Link: 2 parameters
* Condition: Wait 20 seconds
* Voice Line ID: 76
-> Audio Link: 2 parameters
* Condition: Perform Throw
* Voice Line ID: 82
-> Audio Link: 2 parameters
* Condition: Perform Dragon Homing
* Voice Line ID: 82
-> Audio Link: 2 parameters
* Condition: Hit with 1st Blast 2
* Voice Line ID: 83
-> Audio Link: 2 parameters
* Condition: Perform Dash Smash
* Voice Line ID: 84
-> Audio Link: 2 parameters
* Condition: Lose 3 Health Bars (Opp.)
* Voice Line ID: 85
-> Audio Link: 2 parameters
* Condition: Go in MAX POWER Mode (Opp.)
* Voice Line ID: 109
-> Audio Link: 2 parameters
* Condition: Hit with 1st Blast 2 (Opp.)
* Voice Line ID: 110
-> Audio Link: 2 parameters
* Condition: Hit with 2nd Blast 2
* Voice Line ID: 112
-> Audio Link: 2 parameters
* Condition: Hit with 2nd Blast 2 (Opp.)
* Voice Line ID: 110
-> Audio Link: 2 parameters
* Condition: Taunt
* Voice Line ID: 114
-> Audio Link: 2 parameters
* Condition: Perform Throw (Opp.)
* Voice Line ID: 125
-> Audio Link: 2 parameters
* Condition: Perform Guard Crush
* Voice Line ID: 126
-> Audio Link: 2 parameters
* Condition: Perform Rush Attack
* Voice Line ID: 127
-> Audio Link: 2 parameters
* Condition: Perform Hyper Smash (Opp.)
* Voice Line ID: 118
-> Audio Link: 2 parameters
* Condition: Perform Teleport
* Voice Line ID: 61
-> Audio Link: 2 parameters
* Condition: Fall into ground/water
* Voice Line ID: 113

[Store Player's Character Changes]
-> Add Health: 1 parameter
* Health (%): 20

[Store Opponent's Character Changes]
-> Add Health: 1 parameter
* Health (%): 100

[Post-Cutscene Event: 2 parameters]
* Event ID: Battle Finish (Opp.)
* Character ID: Buter

[Scene End & Battle Start]

===== SCENE 10008 =====

[Scene Start]

[Battle End: 1 parameter]
* Battle Outcome ID: -1

[Store Character Positions]

[Trigger Fade-Out: 1 parameter]
* Time (s): 1.2

[Assign Character Position & Rotation: 7 parameters]
* Character Index: 0
* Position (X): -21.8
* Position (Y): 0.0
* Position (Z): -19.1
* Rotation (X): 0.0
* Rotation (Y): 48.8
* Rotation (Z): 0.0

[Assign Character Position & Rotation: 7 parameters]
* Character Index: 2 (Opp.)
* Position (X): -21.8
* Position (Y): -18.0
* Position (Z): -19.1
* Rotation (X): 0.0
* Rotation (Y): 48.8
* Rotation (Z): 0.0

[Primary Camera Point: 6 parameters]
* Position (X): 8.992
* Position (Y): -6.915
* Position (Z): 21.196
* Rotation (Y): -5.773
* Rotation (X): -154.864
* Rotation (Z): 0.0

[Assign Animation: 2 parameters]
* Character Index: 0
* ANM Name: SKILL_003_EVENT_4

[Assign Animation: 2 parameters]
* Character Index: 2 (Opp.)
* ANM Name: SKILL_003_EVENT_2
-> Wait until End of ANM

[Play Character Voice Line: 2 parameters]
* Character Index: 0
* Voice Line ID: 82
-> Wait until End of Voice Line

[Assign Character Position & Rotation: 7 parameters]
* Character Index: 0
* Position (X): -40.0
* Position (Y): 0.0
* Position (Z): -35.0
* Rotation (X): 0.0
* Rotation (Y): 48.8
* Rotation (Z): 0.0
-> PROPERTY 119

[Store VFX Switches]

[Store Conditional Properties]
-> Scene Link: 2 parameters
* Condition: Immediate
* Scene ID: 10030
-> Scene Link: 2 parameters
* Condition: Win via K.O. (Opp.)
* Scene ID: 10044

[Store Player's Character Changes]

[Store Opponent's Character Changes]
-> Assign Properties to Character: 1 parameter
* Parameter 0: 1

[Post-Cutscene Event: 2 parameters]
* Event ID: Switch with Teammate #2 (Opp.)
* Character ID: Jeice

[Scene End & Battle Start]

===== SCENE 10030 =====

[Scene Start]

[Battle End: 1 parameter]
* Battle Outcome ID: 1

[Store Character Positions]

[Primary Camera Point: 6 parameters]
* Position (X): 10.827
* Position (Y): -8.799
* Position (Z): 28.162
* Rotation (Y): -8.173
* Rotation (X): -158.672
* Rotation (Z): 0.0

[Assign Character Position & Rotation: 7 parameters]
* Character Index: 0
* Position (X): -21.8
* Position (Y): 0.0
* Position (Z): -19.1
* Rotation (X): 0.0
* Rotation (Y): 48.8
* Rotation (Z): 0.0

[Assign Character Position & Rotation: 7 parameters]
* Character Index: 1 (Opp.)
* Position (X): 359.28
* Position (Y): -46.88
* Position (Z): 218.5
* Rotation (X): -1.48
* Rotation (Y): -123.09
* Rotation (Z): 0.0

[Primary Camera Point: 6 parameters]
* Position (X): 37.54
* Position (Y): -31.412
* Position (Z): 10.322
* Rotation (Y): -34.143
* Rotation (X): -104.473
* Rotation (Z): 0.0

[Secondary Camera Point]
-> Additional Camera Point: 7 parameters
* Time (s): 9.0
* Position (X): -9.373
* Position (Y): -15.274
* Position (Z): -12.676
* Rotation (Y): -2.149
* Rotation (X): -118.215
* Rotation (Z): 0.0

[Assign Animation: 2 parameters]
* Character Index: 1 (Opp.)
* ANM Name: SURPRISED

[Assign Animation: 2 parameters]
* Character Index: 0
* ANM Name: WIN_LOOP
-> Enable ANM Loop

[Play Character Voice Line: 2 parameters]
* Character Index: 0
* Voice Line ID: 87
-> Wait until End of Voice Line

[Primary Camera Point: 6 parameters]
* Position (X): 365.62
* Position (Y): -62.842003
* Position (Z): 227.992
* Rotation (Y): -21.693003
* Rotation (X): -133.873
* Rotation (Z): 0.0

[Secondary Camera Point]
-> Additional Camera Point: 7 parameters
* Time (s): 7.0
* Position (X): 371.613
* Position (Y): -66.154
* Position (Z): 233.746
* Rotation (Y): -21.699
* Rotation (X): -133.875
* Rotation (Z): 0.0

[Play Character Voice Line: 2 parameters]
* Character Index: 1 (Opp.)
* Voice Line ID: 83
-> Wait until End of Voice Line

[Play Character Voice Line: 2 parameters]
* Character Index: 1 (Opp.)
* Voice Line ID: 84
-> Wait until End of Voice Line

[Primary Camera Point: 6 parameters]
* Position (X): 347.43
* Position (Y): -51.642002
* Position (Z): 212.592
* Rotation (Y): 21.793001
* Rotation (X): 65.513
* Rotation (Z): 0.0

[Play Character Voice Line: 2 parameters]
* Character Index: 1 (Opp.)
* Voice Line ID: 85
-> Wait until End of Voice Line

[Primary Camera Point: 6 parameters]
* Position (X): 347.43
* Position (Y): -51.642002
* Position (Z): 212.592
* Rotation (Y): 21.793001
* Rotation (X): 65.513
* Rotation (Z): 0.0

[Assign Animation: 2 parameters]
* Character Index: 1 (Opp.)
* ANM Name: SKILL_003_EVENT_3
-> Wait until End of ANM

[Wait for Period of Time: 1 parameter]
* Time (s): 1.5
-> PROPERTY 119

[Assign Character Position & Rotation: 7 parameters]
* Character Index: 1 (Opp.)
* Position (X): -240.61
* Position (Y): -12.37
* Position (Z): -82.59
* Rotation (X): -7.07
* Rotation (Y): 81.259995
* Rotation (Z): 0.0

[Primary Camera Point: 6 parameters]
* Position (X): -21.730001
* Position (Y): -13.822001
* Position (Z): -62.512
* Rotation (Y): 0.843002
* Rotation (X): 30.643
* Rotation (Z): 0.0

[Play Character Voice Line: 2 parameters]
* Character Index: 0
* Voice Line ID: 86
-> Wait until End of Voice Line

[Store VFX Switches]

[Store Conditional Properties]

[Store Player's Character Changes]

[Store Opponent's Character Changes]

[Post-Cutscene Event: 2 parameters]
* Event ID: Aerial Clash
* Character ID: N/A

[Scene End & Battle Start]

===== SCENE 10031 =====

[Scene Start]

[Battle End: 1 parameter]
* Battle Outcome ID: 1

[Store Character Positions]

[Assign Character Position & Rotation: 7 parameters]
* Character Index: 1
* Position (X): -21.8
* Position (Y): 0.0
* Position (Z): -19.1
* Rotation (X): 0.0
* Rotation (Y): 48.8
* Rotation (Z): 0.0

[Assign Character Position & Rotation: 7 parameters]
* Character Index: 1 (Opp.)
* Position (X): 21.8
* Position (Y): 0.0
* Position (Z): 19.1
* Rotation (X): 0.0
* Rotation (Y): -131.2
* Rotation (Z): 0.0

[Primary Camera Point: 6 parameters]
* Position (X): 35.673
* Position (Y): -17.444
* Position (Z): 9.456
* Rotation (Y): -21.78
* Rotation (X): -98.343
* Rotation (Z): 0.0

[Secondary Camera Point]
-> Additional Camera Point: 7 parameters
* Time (s): 10.0
* Position (X): -7.545
* Position (Y): -12.319
* Position (Z): -14.517
* Rotation (Y): -10.253
* Rotation (X): -97.126
* Rotation (Z): 0.0

[Assign Animation: 2 parameters]
* Character Index: 1 (Opp.)
* ANM Name: LOSE

[Assign Animation: 2 parameters]
* Character Index: 1
* ANM Name: WIN_IN
-> Wait until End of ANM

[Assign Animation: 2 parameters]
* Character Index: 1
* ANM Name: WIN_LOOP
-> Enable ANM Loop

[Play Character Voice Line: 2 parameters]
* Character Index: 0
* Voice Line ID: 43
-> Wait until End of Voice Line

[Play Character Voice Line: 2 parameters]
* Character Index: 1
* Voice Line ID: 44
-> Wait until End of Voice Line

[Primary Camera Point: 6 parameters]
* Position (X): -25.852
* Position (Y): -14.838
* Position (Z): -41.883
* Rotation (Y): -15.096
* Rotation (X): 28.041
* Rotation (Z): 0.0

[Secondary Camera Point]
-> Additional Camera Point: 7 parameters
* Time (s): 8.0
* Position (X): -21.586
* Position (Y): -48.474
* Position (Z): -33.874
* Rotation (Y): -58.634
* Rotation (X): 28.041
* Rotation (Z): 0.0

[Play Character Voice Line: 2 parameters]
* Character Index: 0
* Voice Line ID: 45
-> Wait until End of Voice Line

[Store VFX Switches]

[Store Conditional Properties]

[Store Player's Character Changes]

[Store Opponent's Character Changes]

[Post-Cutscene Event: 2 parameters]
* Event ID: Aerial Clash
* Character ID: N/A

[Scene End & Battle Start]

===== SCENE 10040 =====

[Scene Start]

[Battle End: 1 parameter]
* Battle Outcome ID: 0

[Store Character Positions]

[Assign Character Position & Rotation: 7 parameters]
* Character Index: 0
* Position (X): -21.8
* Position (Y): 0.0
* Position (Z): -19.1
* Rotation (X): 0.0
* Rotation (Y): 48.8
* Rotation (Z): 0.0

[Assign Character Position & Rotation: 7 parameters]
* Character Index: 0 (Opp.)
* Position (X): 21.8
* Position (Y): 0.0
* Position (Z): 19.1
* Rotation (X): 0.0
* Rotation (Y): -131.2
* Rotation (Z): 0.0

[Primary Camera Point: 6 parameters]
* Position (X): -29.622
* Position (Y): -5.163
* Position (Z): -14.868
* Rotation (Y): 3.074
* Rotation (X): 61.694
* Rotation (Z): 0.0

[Secondary Camera Point]
-> Additional Camera Point: 7 parameters
* Time (s): 5.0
* Position (X): 4.042
* Position (Y): -11.431
* Position (Z): 14.467
* Rotation (Y): 18.967
* Rotation (X): 73.746
* Rotation (Z): 0.0

[Assign Animation: 2 parameters]
* Character Index: 0
* ANM Name: LOSE

[Assign Animation: 2 parameters]
* Character Index: 0 (Opp.)
* ANM Name: WIN_IN
-> Wait until End of ANM

[Assign Animation: 2 parameters]
* Character Index: 0 (Opp.)
* ANM Name: WIN_LOOP
-> Enable ANM Loop

[Play Character Voice Line: 2 parameters]
* Character Index: 0 (Opp.)
* Voice Line ID: 100
-> Wait until End of Voice Line

[Store VFX Switches]

[Store Conditional Properties]

[Store Player's Character Changes]

[Store Opponent's Character Changes]

[Post-Cutscene Event: 2 parameters]
* Event ID: Aerial Clash
* Character ID: N/A

[Scene End & Battle Start]

===== SCENE 10041 =====

[Scene Start]

[Battle End: 1 parameter]
* Battle Outcome ID: 0

[Store Character Positions]

[Assign Character Position & Rotation: 7 parameters]
* Character Index: 0
* Position (X): -21.8
* Position (Y): 0.0
* Position (Z): -19.1
* Rotation (X): 0.0
* Rotation (Y): 48.8
* Rotation (Z): 0.0

[Assign Character Position & Rotation: 7 parameters]
* Character Index: 1 (Opp.)
* Position (X): 21.8
* Position (Y): 0.0
* Position (Z): 19.1
* Rotation (X): 0.0
* Rotation (Y): -131.2
* Rotation (Z): 0.0

[Primary Camera Point: 6 parameters]
* Position (X): -18.889
* Position (Y): -10.827
* Position (Z): -34.655
* Rotation (Y): -9.048
* Rotation (X): 26.924
* Rotation (Z): 0.0

[Secondary Camera Point]
-> Additional Camera Point: 7 parameters
* Time (s): 5.0
* Position (X): 5.517
* Position (Y): -23.997
* Position (Z): -8.602
* Rotation (Y): -20.166
* Rotation (X): 30.762
* Rotation (Z): 0.0

[Assign Animation: 2 parameters]
* Character Index: 0
* ANM Name: LOSE

[Assign Animation: 2 parameters]
* Character Index: 1 (Opp.)
* ANM Name: WIN_IN
-> Wait until End of ANM

[Assign Animation: 2 parameters]
* Character Index: 1 (Opp.)
* ANM Name: WIN_LOOP
-> Enable ANM Loop

[Play Character Voice Line: 2 parameters]
* Character Index: 1 (Opp.)
* Voice Line ID: 58
-> Wait until End of Voice Line

[Store VFX Switches]

[Store Conditional Properties]

[Store Player's Character Changes]

[Store Opponent's Character Changes]

[Post-Cutscene Event: 2 parameters]
* Event ID: Aerial Clash
* Character ID: N/A

[Scene End & Battle Start]

===== SCENE 10042 =====

[Scene Start]

[Battle End: 1 parameter]
* Battle Outcome ID: 0

[Store Character Positions]

[Assign Character Position & Rotation: 7 parameters]
* Character Index: 0
* Position (X): -21.8
* Position (Y): 0.0
* Position (Z): -19.1
* Rotation (X): 0.0
* Rotation (Y): 48.8
* Rotation (Z): 0.0

[Assign Character Position & Rotation: 7 parameters]
* Character Index: 2 (Opp.)
* Position (X): 21.8
* Position (Y): 0.0
* Position (Z): 19.1
* Rotation (X): 0.0
* Rotation (Y): -131.2
* Rotation (Z): 0.0

[Primary Camera Point: 6 parameters]
* Position (X): -18.889
* Position (Y): -10.827
* Position (Z): -34.655
* Rotation (Y): -9.048
* Rotation (X): 26.924
* Rotation (Z): 0.0

[Secondary Camera Point]
-> Additional Camera Point: 7 parameters
* Time (s): 5.0
* Position (X): 9.34
* Position (Y): -21.036
* Position (Z): -2.18
* Rotation (Y): -21.267
* Rotation (X): 30.762
* Rotation (Z): 0.0

[Assign Animation: 2 parameters]
* Character Index: 0
* ANM Name: LOSE

[Assign Animation: 2 parameters]
* Character Index: 2 (Opp.)
* ANM Name: WIN_IN
-> Wait until End of ANM

[Assign Animation: 2 parameters]
* Character Index: 2 (Opp.)
* ANM Name: WIN_LOOP
-> Enable ANM Loop

[Play Character Voice Line: 2 parameters]
* Character Index: 2 (Opp.)
* Voice Line ID: 88
-> Wait until End of Voice Line

[Store VFX Switches]

[Store Conditional Properties]

[Store Player's Character Changes]

[Store Opponent's Character Changes]

[Post-Cutscene Event: 2 parameters]
* Event ID: Aerial Clash
* Character ID: N/A

[Scene End & Battle Start]

===== SCENE 10043 =====

[Scene Start]

[Battle End: 1 parameter]
* Battle Outcome ID: 0

[Store Character Positions]

[Assign Character Position & Rotation: 7 parameters]
* Character Index: 1
* Position (X): -21.8
* Position (Y): 0.0
* Position (Z): -19.1
* Rotation (X): 0.0
* Rotation (Y): 48.8
* Rotation (Z): 0.0

[Assign Character Position & Rotation: 7 parameters]
* Character Index: 0 (Opp.)
* Position (X): 21.8
* Position (Y): 0.0
* Position (Z): 19.1
* Rotation (X): 0.0
* Rotation (Y): -131.2
* Rotation (Z): 0.0

[Primary Camera Point: 6 parameters]
* Position (X): -29.622
* Position (Y): -5.163
* Position (Z): -14.868
* Rotation (Y): 3.074
* Rotation (X): 61.694
* Rotation (Z): 0.0

[Secondary Camera Point]
-> Additional Camera Point: 7 parameters
* Time (s): 5.0
* Position (X): 4.042
* Position (Y): -11.431
* Position (Z): 14.467
* Rotation (Y): 18.967
* Rotation (X): 73.746
* Rotation (Z): 0.0

[Assign Animation: 2 parameters]
* Character Index: 1
* ANM Name: LOSE

[Assign Animation: 2 parameters]
* Character Index: 0 (Opp.)
* ANM Name: WIN_IN
-> Wait until End of ANM

[Assign Animation: 2 parameters]
* Character Index: 0 (Opp.)
* ANM Name: WIN_LOOP
-> Enable ANM Loop

[Play Character Voice Line: 2 parameters]
* Character Index: 0 (Opp.)
* Voice Line ID: 100
-> Wait until End of Voice Line

[Store VFX Switches]

[Store Conditional Properties]

[Store Player's Character Changes]

[Store Opponent's Character Changes]

[Post-Cutscene Event: 2 parameters]
* Event ID: Aerial Clash
* Character ID: N/A

[Scene End & Battle Start]

===== SCENE 10044 =====

[Scene Start]

[Battle End: 1 parameter]
* Battle Outcome ID: 0

[Store Character Positions]

[Assign Character Position & Rotation: 7 parameters]
* Character Index: 1
* Position (X): -21.8
* Position (Y): 0.0
* Position (Z): -19.1
* Rotation (X): 0.0
* Rotation (Y): 48.8
* Rotation (Z): 0.0

[Assign Character Position & Rotation: 7 parameters]
* Character Index: 1 (Opp.)
* Position (X): 21.8
* Position (Y): 0.0
* Position (Z): 19.1
* Rotation (X): 0.0
* Rotation (Y): -131.2
* Rotation (Z): 0.0

[Primary Camera Point: 6 parameters]
* Position (X): -18.889
* Position (Y): -10.827
* Position (Z): -34.655
* Rotation (Y): -9.048
* Rotation (X): 26.924
* Rotation (Z): 0.0

[Secondary Camera Point]
-> Additional Camera Point: 7 parameters
* Time (s): 5.0
* Position (X): 9.34
* Position (Y): -21.036
* Position (Z): -2.18
* Rotation (Y): -21.267
* Rotation (X): 30.762
* Rotation (Z): 0.0

[Assign Animation: 2 parameters]
* Character Index: 1
* ANM Name: LOSE

[Assign Animation: 2 parameters]
* Character Index: 1 (Opp.)
* ANM Name: WIN_IN
-> Wait until End of ANM

[Assign Animation: 2 parameters]
* Character Index: 1 (Opp.)
* ANM Name: WIN_LOOP
-> Enable ANM Loop

[Play Character Voice Line: 2 parameters]
* Character Index: 1 (Opp.)
* Voice Line ID: 58
-> Wait until End of Voice Line

[Store VFX Switches]

[Store Conditional Properties]

[Store Player's Character Changes]

[Store Opponent's Character Changes]

[Post-Cutscene Event: 2 parameters]
* Event ID: Aerial Clash
* Character ID: N/A

[Scene End & Battle Start]

===== SCENE 10049 =====

[Scene Start]

[Battle End: 1 parameter]
* Battle Outcome ID: 0

[Store Character Positions]

[Store VFX Switches]

[Store Conditional Properties]

[Store Player's Character Changes]

[Store Opponent's Character Changes]

[Post-Cutscene Event: 2 parameters]
* Event ID: Aerial Clash
* Character ID: N/A

[Scene End & Battle Start]

===== SCENE 10039 =====

[Scene Start]

[Battle End: 1 parameter]
* Battle Outcome ID: 1

[Store Character Positions]

[Store VFX Switches]

[Store Conditional Properties]

[Store Player's Character Changes]

[Store Opponent's Character Changes]

[Post-Cutscene Event: 2 parameters]
* Event ID: Aerial Clash
* Character ID: N/A

[Scene End & Battle Start]
