GSC Origin: Budokai Tenkaichi 3

===== SCENE -1 =====

===== SCENE 1000 =====

===== SCENE -2 =====

[Load TXT PAK]

[Load LPS PAK]

===== SCENE -3 =====

[Scenario Identifier: 1 parameter]
* GSC Name: Derrotar a Freezer!

[Rewards: 15 parameters]
* Z-Points (Easy): 2000
* Z-Points (Normal): 2500
* Z-Points (Hard): 3000
* Z-Item #1: N/A
* Z-Item #2: N/A
* Z-Item #3: N/A
* Map #1: N/A
* Map #2: N/A
* Map #3: N/A
* Character #1: N/A
* Character #2: N/A
* Character #3: N/A
* Scenario #1: Invalid (Value: 131072)
* Scenario #2: Invalid (Value: 262146)
* Scenario #3: Invalid (Value: 262148)

[Subtitle Settings]
-> Text Region: 1 parameter
* Region ID: 0
-> Text is Grey: 1 parameter
* Enable Grey Text: False
-> Text Position: 2 parameters
* Position (X): 256
* Position (Y): 428
-> Text Size: 2 parameters
* Width: 0.85
* Height: 0.85
-> Text Scale: 1 parameter
* Coefficient: 1.0
-> Text Color: 4 parameters
* Red: 255
* Green: 255
* Blue: 255
* Opacity: 128
-> Text Padding: 2 parameters
* Padding (Vertical): 2
* Padding (Horizontal): 5
-> Text Alignment: 1 parameter
* Alignment ID: 1
-> Symbol: 1 parameter
* Type: 2
-> Text Outline Size: 2 parameters
* Width: 1
* Height: 2
-> Text Outline Color: 4 parameters
* Red: 0
* Green: 0
* Blue: 0
* Opacity: 64

[Subtitle Settings]
-> Text Region: 1 parameter
* Region ID: 1
-> Text is Grey: 1 parameter
* Enable Grey Text: False
-> Text Position: 2 parameters
* Position (X): 256
* Position (Y): 428
-> Text Size: 2 parameters
* Width: 0.85
* Height: 0.85
-> Text Scale: 1 parameter
* Coefficient: 1.0
-> Text Color: 4 parameters
* Red: 255
* Green: 255
* Blue: 255
* Opacity: 128
-> Text Padding: 2 parameters
* Padding (Vertical): 2
* Padding (Horizontal): 5
-> Text Alignment: 1 parameter
* Alignment ID: 1
-> Symbol: 1 parameter
* Type: 2
-> Text Outline Size: 2 parameters
* Width: 1
* Height: 2
-> Text Outline Color: 4 parameters
* Red: 0
* Green: 0
* Blue: 0
* Opacity: 64

[Subtitle Settings]
-> Text Region: 1 parameter
* Region ID: 2
-> Text is Grey: 1 parameter
* Enable Grey Text: False
-> Text Position: 2 parameters
* Position (X): 256
* Position (Y): 428
-> Text Size: 2 parameters
* Width: 0.85
* Height: 0.85
-> Text Scale: 1 parameter
* Coefficient: 1.0
-> Text Color: 4 parameters
* Red: 255
* Green: 255
* Blue: 255
* Opacity: 128
-> Text Padding: 2 parameters
* Padding (Vertical): 2
* Padding (Horizontal): 5
-> Text Alignment: 1 parameter
* Alignment ID: 1
-> Symbol: 1 parameter
* Type: 2
-> Text Outline Size: 2 parameters
* Width: 1
* Height: 2
-> Text Outline Color: 4 parameters
* Red: 0
* Green: 0
* Blue: 0
* Opacity: 64

[Subtitle Settings]
-> Text Region: 1 parameter
* Region ID: 3
-> Text is Grey: 1 parameter
* Enable Grey Text: False
-> Text Position: 2 parameters
* Position (X): 256
* Position (Y): 428
-> Text Size: 2 parameters
* Width: 0.85
* Height: 0.85
-> Text Scale: 1 parameter
* Coefficient: 1.0
-> Text Color: 4 parameters
* Red: 255
* Green: 255
* Blue: 255
* Opacity: 128
-> Text Padding: 2 parameters
* Padding (Vertical): 2
* Padding (Horizontal): 5
-> Text Alignment: 1 parameter
* Alignment ID: 1
-> Symbol: 1 parameter
* Type: 2
-> Text Outline Size: 2 parameters
* Width: 2
* Height: 2
-> Text Outline Color: 4 parameters
* Red: 32
* Green: 32
* Blue: 32
* Opacity: 128

[Subtitle Settings]
-> Text Region: 1 parameter
* Region ID: 0
-> Text is Grey: 1 parameter
* Enable Grey Text: True
-> Text Position: 2 parameters
* Position (X): 256
* Position (Y): 428
-> Text Size: 2 parameters
* Width: 0.85
* Height: 0.85
-> Text Scale: 1 parameter
* Coefficient: 1.0
-> Text Color: 4 parameters
* Red: 140
* Green: 140
* Blue: 140
* Opacity: 128
-> Text Padding: 2 parameters
* Padding (Vertical): 2
* Padding (Horizontal): 5
-> Text Alignment: 1 parameter
* Alignment ID: 1
-> Symbol: 1 parameter
* Type: 2
-> Text Outline Size: 2 parameters
* Width: 1
* Height: 2
-> Text Outline Color: 4 parameters
* Red: 0
* Green: 0
* Blue: 0
* Opacity: 64

[Subtitle Settings]
-> Text Region: 1 parameter
* Region ID: 1
-> Text is Grey: 1 parameter
* Enable Grey Text: True
-> Text Position: 2 parameters
* Position (X): 256
* Position (Y): 428
-> Text Size: 2 parameters
* Width: 0.85
* Height: 0.85
-> Text Scale: 1 parameter
* Coefficient: 1.0
-> Text Color: 4 parameters
* Red: 140
* Green: 140
* Blue: 140
* Opacity: 128
-> Text Padding: 2 parameters
* Padding (Vertical): 2
* Padding (Horizontal): 5
-> Text Alignment: 1 parameter
* Alignment ID: 1
-> Symbol: 1 parameter
* Type: 2
-> Text Outline Size: 2 parameters
* Width: 1
* Height: 2
-> Text Outline Color: 4 parameters
* Red: 0
* Green: 0
* Blue: 0
* Opacity: 64

[Subtitle Settings]
-> Text Region: 1 parameter
* Region ID: 2
-> Text is Grey: 1 parameter
* Enable Grey Text: True
-> Text Position: 2 parameters
* Position (X): 256
* Position (Y): 428
-> Text Size: 2 parameters
* Width: 0.85
* Height: 0.85
-> Text Scale: 1 parameter
* Coefficient: 1.0
-> Text Color: 4 parameters
* Red: 140
* Green: 140
* Blue: 140
* Opacity: 128
-> Text Padding: 2 parameters
* Padding (Vertical): 2
* Padding (Horizontal): 5
-> Text Alignment: 1 parameter
* Alignment ID: 1
-> Symbol: 1 parameter
* Type: 2
-> Text Outline Size: 2 parameters
* Width: 1
* Height: 2
-> Text Outline Color: 4 parameters
* Red: 0
* Green: 0
* Blue: 0
* Opacity: 64

[Subtitle Settings]
-> Text Region: 1 parameter
* Region ID: 3
-> Text is Grey: 1 parameter
* Enable Grey Text: True
-> Text Position: 2 parameters
* Position (X): 256
* Position (Y): 428
-> Text Size: 2 parameters
* Width: 0.85
* Height: 0.85
-> Text Scale: 1 parameter
* Coefficient: 1.0
-> Text Color: 4 parameters
* Red: 140
* Green: 140
* Blue: 140
* Opacity: 128
-> Text Padding: 2 parameters
* Padding (Vertical): 2
* Padding (Horizontal): 5
-> Text Alignment: 1 parameter
* Alignment ID: 1
-> Symbol: 1 parameter
* Type: 2
-> Text Outline Size: 2 parameters
* Width: 2
* Height: 2
-> Text Outline Color: 4 parameters
* Red: 32
* Green: 32
* Blue: 32
* Opacity: 128

===== SCENE -4 =====

[Battle Settings: 5 parameters]
* Map: NAMEK AGON. BT3
* Music: SGokuden - Battle VS Frieza
* Battle Time (s): 0
* Referee: Shenron
* Enable Map Destruction: False

[Team Settings: 2 parameters]
* Team Index: 0
* Number of Teammates: 1

[Team Settings: 2 parameters]
* Team Index: 1
* Number of Teammates: 1

[Character Settings: 14 parameters]
* Character Index: 0
* Character: Goku (Med)
* Color: 1
* Damaged: False
* COM Level: 0
* Z-Item #8: Goku Type
* Health (%): 100
* Z-Item #1: Master Roshi's Training
* Z-Item #2: Attack -20
* Z-Item #3: N/A
* Z-Item #4: N/A
* Z-Item #5: N/A
* Z-Item #6: Dragon Crush
* Z-Item #7: Vanishing Rush

[Character Settings: 14 parameters]
* Character Index: 1
* Character: Goku (Med) - Super Saiyajin
* Color: 1
* Damaged: True
* COM Level: 0
* Z-Item #8: Goku Type
* Health (%): 100
* Z-Item #1: N/A
* Z-Item #2: N/A
* Z-Item #3: N/A
* Z-Item #4: N/A
* Z-Item #5: N/A
* Z-Item #6: N/A
* Z-Item #7: N/A

[Character Settings: 14 parameters]
* Character Index: 0 (Opp.)
* Character: Freezer - Forma Final
* Color: 0
* Damaged: True
* COM Level: 9
* Z-Item #8: Majin Buu Type
* Health (%): 100
* Z-Item #1: Attack +10
* Z-Item #2: Defense +20
* Z-Item #3: King Kai's Training
* Z-Item #4: N/A
* Z-Item #5: N/A
* Z-Item #6: N/A
* Z-Item #7: N/A

===== SCENE -5 =====

[Store Audio-Related Properties]
-> Audio-Related Property: 2 parameters
* Voice Line ID: 0
* Character Index: 0 (Opp.)
-> Audio-Related Property: 2 parameters
* Voice Line ID: 1
* Character Index: 0
-> Audio-Related Property: 2 parameters
* Voice Line ID: 2
* Character Index: 0
-> Audio-Related Property: 2 parameters
* Voice Line ID: 3
* Character Index: 0
-> Audio-Related Property: 2 parameters
* Voice Line ID: 5
* Character Index: 0 (Opp.)
-> Audio-Related Property: 2 parameters
* Voice Line ID: 6
* Character Index: 0
-> Audio-Related Property: 2 parameters
* Voice Line ID: 7
* Character Index: 0
-> Audio-Related Property: 2 parameters
* Voice Line ID: 8
* Character Index: 0
-> Audio-Related Property: 2 parameters
* Voice Line ID: 9
* Character Index: 0 (Opp.)
-> Audio-Related Property: 2 parameters
* Voice Line ID: 13
* Character Index: 0
-> Audio-Related Property: 2 parameters
* Voice Line ID: 14
* Character Index: 0 (Opp.)
-> Audio-Related Property: 2 parameters
* Voice Line ID: 15
* Character Index: 0 (Opp.)
-> Audio-Related Property: 2 parameters
* Voice Line ID: 16
* Character Index: 0
-> Audio-Related Property: 2 parameters
* Voice Line ID: 17
* Character Index: 0 (Opp.)
-> Audio-Related Property: 2 parameters
* Voice Line ID: 18
* Character Index: 0
-> Audio-Related Property: 2 parameters
* Voice Line ID: 19
* Character Index: 0
-> Audio-Related Property: 2 parameters
* Voice Line ID: 20
* Character Index: 0
-> Audio-Related Property: 2 parameters
* Voice Line ID: 21
* Character Index: 0
-> Audio-Related Property: 2 parameters
* Voice Line ID: 22
* Character Index: 0 (Opp.)
-> Audio-Related Property: 2 parameters
* Voice Line ID: 23
* Character Index: 0 (Opp.)
-> Audio-Related Property: 2 parameters
* Voice Line ID: 24
* Character Index: 0 (Opp.)
-> Audio-Related Property: 2 parameters
* Voice Line ID: 25
* Character Index: 0 (Opp.)
-> Audio-Related Property: 2 parameters
* Voice Line ID: 26
* Character Index: 0 (Opp.)
-> Audio-Related Property: 2 parameters
* Voice Line ID: 27
* Character Index: 0
-> Audio-Related Property: 2 parameters
* Voice Line ID: 28
* Character Index: 0
-> Audio-Related Property: 2 parameters
* Voice Line ID: 29
* Character Index: 0
-> Audio-Related Property: 2 parameters
* Voice Line ID: 30
* Character Index: 0
-> Audio-Related Property: 2 parameters
* Voice Line ID: 31
* Character Index: 0 (Opp.)
-> Audio-Related Property: 2 parameters
* Voice Line ID: 32
* Character Index: 0
-> Audio-Related Property: 2 parameters
* Voice Line ID: 33
* Character Index: 0 (Opp.)
-> Audio-Related Property: 2 parameters
* Voice Line ID: 34
* Character Index: 0 (Opp.)
-> Audio-Related Property: 2 parameters
* Voice Line ID: 35
* Character Index: 0
-> Audio-Related Property: 2 parameters
* Voice Line ID: 36
* Character Index: 0 (Opp.)
-> Audio-Related Property: 2 parameters
* Voice Line ID: 37
* Character Index: 0 (Opp.)
-> Audio-Related Property: 2 parameters
* Voice Line ID: 38
* Character Index: 0
-> Audio-Related Property: 2 parameters
* Voice Line ID: 39
* Character Index: 0
-> Audio-Related Property: 2 parameters
* Voice Line ID: 40
* Character Index: 0
-> Audio-Related Property: 2 parameters
* Voice Line ID: 41
* Character Index: 0 (Opp.)
-> Audio-Related Property: 2 parameters
* Voice Line ID: 42
* Character Index: 0 (Opp.)
-> Audio-Related Property: 2 parameters
* Voice Line ID: 43
* Character Index: 0 (Opp.)
-> Audio-Related Property: 2 parameters
* Voice Line ID: 44
* Character Index: 0 (Opp.)
-> Audio-Related Property: 2 parameters
* Voice Line ID: 45
* Character Index: 0
-> Audio-Related Property: 2 parameters
* Voice Line ID: 46
* Character Index: 0
-> Audio-Related Property: 2 parameters
* Voice Line ID: 47
* Character Index: 0
-> Audio-Related Property: 2 parameters
* Voice Line ID: 48
* Character Index: 0 (Opp.)
-> Audio-Related Property: 2 parameters
* Voice Line ID: 49
* Character Index: 0
-> Audio-Related Property: 2 parameters
* Voice Line ID: 50
* Character Index: 0 (Opp.)
-> Audio-Related Property: 2 parameters
* Voice Line ID: 51
* Character Index: 0
-> Audio-Related Property: 2 parameters
* Voice Line ID: 52
* Character Index: 0
-> Audio-Related Property: 2 parameters
* Voice Line ID: 53
* Character Index: 0
-> Audio-Related Property: 2 parameters
* Voice Line ID: 54
* Character Index: 0
-> Audio-Related Property: 2 parameters
* Voice Line ID: 55
* Character Index: 0
-> Audio-Related Property: 2 parameters
* Voice Line ID: 56
* Character Index: 0
-> Audio-Related Property: 2 parameters
* Voice Line ID: 57
* Character Index: 0
-> Audio-Related Property: 2 parameters
* Voice Line ID: 58
* Character Index: 0 (Opp.)
-> Audio-Related Property: 2 parameters
* Voice Line ID: 59
* Character Index: 0 (Opp.)
-> Audio-Related Property: 2 parameters
* Voice Line ID: 60
* Character Index: 0
-> Audio-Related Property: 2 parameters
* Voice Line ID: 61
* Character Index: 0
-> Audio-Related Property: 2 parameters
* Voice Line ID: 62
* Character Index: 0
-> Audio-Related Property: 2 parameters
* Voice Line ID: 63
* Character Index: 0 (Opp.)
-> Audio-Related Property: 2 parameters
* Voice Line ID: 64
* Character Index: 0 (Opp.)
-> Audio-Related Property: 2 parameters
* Voice Line ID: 65
* Character Index: 0 (Opp.)
-> Audio-Related Property: 2 parameters
* Voice Line ID: 66
* Character Index: 0 (Opp.)
-> Audio-Related Property: 2 parameters
* Voice Line ID: 67
* Character Index: 0
-> Audio-Related Property: 2 parameters
* Voice Line ID: 68
* Character Index: 0 (Opp.)
-> Audio-Related Property: 2 parameters
* Voice Line ID: 69
* Character Index: 0 (Opp.)
-> Audio-Related Property: 2 parameters
* Voice Line ID: 70
* Character Index: 0 (Opp.)
-> Audio-Related Property: 2 parameters
* Voice Line ID: 71
* Character Index: 0
-> Audio-Related Property: 2 parameters
* Voice Line ID: 72
* Character Index: 0 (Opp.)
-> Audio-Related Property: 2 parameters
* Voice Line ID: 73
* Character Index: 0 (Opp.)
-> Audio-Related Property: 2 parameters
* Voice Line ID: 74
* Character Index: 0
-> Audio-Related Property: 2 parameters
* Voice Line ID: 75
* Character Index: 0
-> Audio-Related Property: 2 parameters
* Voice Line ID: 76
* Character Index: 0
-> Audio-Related Property: 2 parameters
* Voice Line ID: 77
* Character Index: 0 (Opp.)
-> Audio-Related Property: 2 parameters
* Voice Line ID: 78
* Character Index: 0
-> Audio-Related Property: 2 parameters
* Voice Line ID: 79
* Character Index: 0 (Opp.)

===== SCENE 10000 =====

[Scene Start]

[Battle End: 1 parameter]
* Battle Outcome ID: -1

[Store Character Positions]

[Assign Character Position & Rotation: 7 parameters]
* Character Index: 0
* Position (X): 50.0
* Position (Y): -0.0
* Position (Z): 60.0
* Rotation (X): -0.0
* Rotation (Y): -140.2
* Rotation (Z): -0.0

[Assign Character Position & Rotation: 7 parameters]
* Character Index: 0 (Opp.)
* Position (X): -40.0
* Position (Y): -0.0
* Position (Z): -60.0
* Rotation (X): -0.0
* Rotation (Y): 33.6
* Rotation (Z): -0.0

[Assign Animation: 2 parameters]
* Character Index: 0
* ANM Name: GROUND
-> Enable ANM Loop

[Assign Animation: 2 parameters]
* Character Index: 0 (Opp.)
* ANM Name: GROUND
-> Enable ANM Loop

[Primary Camera Point: 6 parameters]
* Position (X): -1.666
* Position (Y): -21.514
* Position (Z): -1.89
* Rotation (Y): -6.863
* Rotation (X): -148.451
* Rotation (Z): -0.0

[Secondary Camera Point]
-> Additional Camera Point: 7 parameters
* Time (s): 6.0
* Position (X): -35.673
* Position (Y): -12.719
* Position (Z): -49.898
* Rotation (Y): -10.782
* Rotation (X): -161.196
* Rotation (Z): -0.0

[Play Character Voice Line: 2 parameters]
* Character Index: 0 (Opp.)
* Voice Line ID: 0
-> Wait until End of Voice Line

[Primary Camera Point: 6 parameters]
* Position (X): 18.456
* Position (Y): -16.867
* Position (Z): 42.64
* Rotation (Y): -10.085
* Rotation (X): 60.235
* Rotation (Z): -0.0

[Secondary Camera Point]
-> Additional Camera Point: 7 parameters
* Time (s): 6.0
* Position (X): 40.486
* Position (Y): -12.594
* Position (Z): 55.239
* Rotation (Y): -7.645
* Rotation (X): 62.616
* Rotation (Z): -0.0

[Play Character Voice Line: 2 parameters]
* Character Index: 0
* Voice Line ID: 1
-> Wait until End of Voice Line

[Store VFX Switches]

[Store Conditional Properties]
-> Scene Link: 2 parameters
* Condition: Wait 30 seconds
* Scene ID: 10001
-> Scene Link: 2 parameters
* Condition: Win via K.O. (Opp.)
* Scene ID: 10040
-> Scene Link: 2 parameters
* Condition: Win via K.O.
* Scene ID: 10031
-> Audio Link: 2 parameters
* Condition: Immediate
* Voice Line ID: 6
-> Audio Link: 2 parameters
* Condition: Immediate
* Voice Line ID: 7
-> Audio Link: 2 parameters
* Condition: Immediate
* Voice Line ID: 8
-> Audio Link: 2 parameters
* Condition: Lose 1 Health Bar (Opp.)
* Voice Line ID: 9
-> Audio Link: 2 parameters
* Condition: Go in MAX POWER Mode (Opp.)
* Voice Line ID: 23
-> Audio Link: 2 parameters
* Condition: Hit with 1st Blast 2 (Opp.)
* Voice Line ID: 41
-> Audio Link: 2 parameters
* Condition: Hit with 2nd Blast 2 (Opp.)
* Voice Line ID: 41
-> Audio Link: 2 parameters
* Condition: Perform Dragon Homing
* Voice Line ID: 26
-> Audio Link: 2 parameters
* Condition: Perform Vanishing Attack
* Voice Line ID: 26
-> Audio Link: 2 parameters
* Condition: Perform Vanishing Attack (Opp.)
* Voice Line ID: 41

[Store Player's Character Changes]

[Store Opponent's Character Changes]

[Post-Cutscene Event: 2 parameters]
* Event ID: Battle Finish
* Character ID: N/A

[Scene End & Battle Start]

===== SCENE 10001 =====

[Scene Start]

[Battle End: 1 parameter]
* Battle Outcome ID: -1

[Store Character Positions]

[Assign Character Position & Rotation: 7 parameters]
* Character Index: 0
* Position (X): 50.0
* Position (Y): -0.0
* Position (Z): 60.0
* Rotation (X): -0.0
* Rotation (Y): -140.2
* Rotation (Z): -0.0

[Assign Character Position & Rotation: 7 parameters]
* Character Index: 0 (Opp.)
* Position (X): -40.0
* Position (Y): -0.0
* Position (Z): -60.0
* Rotation (X): -0.0
* Rotation (Y): 33.6
* Rotation (Z): -0.0

[Disable Lingering Aura: 1 parameter]
* Character Index: 0

[Primary Camera Point: 6 parameters]
* Position (X): 22.492
* Position (Y): -30.094
* Position (Z): 28.292
* Rotation (Y): -29.881
* Rotation (X): 38.175
* Rotation (Z): -0.0

[Secondary Camera Point]
-> Additional Camera Point: 7 parameters
* Time (s): 6.0
* Position (X): 38.428
* Position (Y): -13.412
* Position (Z): 48.562
* Rotation (Y): -24.467
* Rotation (X): 41.837
* Rotation (Z): -0.0

[Assign Animation: 2 parameters]
* Character Index: 0 (Opp.)
* ANM Name: GROUND
-> Enable ANM Loop

[Assign Animation: 2 parameters]
* Character Index: 0
* ANM Name: CHARGE_IN
-> Wait until End of ANM

[Enable Ki Charge Aura: 1 parameter]
* Character Index: 0

[Assign Animation: 2 parameters]
* Character Index: 0
* ANM Name: CHARGE_LOOP
-> Enable ANM Loop

[Play Character Voice Line: 2 parameters]
* Character Index: 0
* Voice Line ID: 13
-> Wait until End of Voice Line

[Enable MAX POWER Mode Explosion: 1 parameter]
* Character Index: 0

[Trigger Camera Shake: 1 parameter]
* Force/Intensity: 0.5

[Wait for Period of Time: 1 parameter]
* Time (s): 0.5

[Turn Down/Off Previous Music Volume]

[Music Change: 1 parameter]
* Music: BT3 - Doragon Boru Zetto

[Store VFX Switches]

[Store Conditional Properties]
-> Scene Link: 2 parameters
* Condition: Lose 4 Health Bars (Opp.)
* Scene ID: 10002
-> Scene Link: 2 parameters
* Condition: Win via K.O. (Opp.)
* Scene ID: 10040
-> Scene Link: 2 parameters
* Condition: Win via K.O.
* Scene ID: 10039
-> Audio Link: 2 parameters
* Condition: Immediate
* Voice Line ID: 10
-> Audio Link: 2 parameters
* Condition: Immediate
* Voice Line ID: 11
-> Audio Link: 2 parameters
* Condition: Immediate
* Voice Line ID: 12
-> Audio Link: 2 parameters
* Condition: Immediate
* Voice Line ID: 14
-> Audio Link: 2 parameters
* Condition: Immediate
* Voice Line ID: 15
-> Audio Link: 2 parameters
* Condition: Immediate
* Voice Line ID: 16
-> Audio Link: 2 parameters
* Condition: Immediate
* Voice Line ID: 17
-> Audio Link: 2 parameters
* Condition: Immediate
* Voice Line ID: 18
-> Audio Link: 2 parameters
* Condition: Immediate
* Voice Line ID: 19
-> Audio Link: 2 parameters
* Condition: Immediate
* Voice Line ID: 20
-> Audio Link: 2 parameters
* Condition: Immediate
* Voice Line ID: 21
-> Audio Link: 2 parameters
* Condition: Fall into ground/water (Opp.)
* Voice Line ID: 22
-> Audio Link: 2 parameters
* Condition: Go in MAX POWER Mode (Opp.)
* Voice Line ID: 23
-> Audio Link: 2 parameters
* Condition: Perform Hyper Smash
* Voice Line ID: 27
-> Audio Link: 2 parameters
* Condition: UNKNOWN
* Voice Line ID: 27
-> Audio Link: 2 parameters
* Condition: Perform Fully Charged Left Smash Attack
* Voice Line ID: 27
-> Audio Link: 2 parameters
* Condition: Perform Dragon Homing
* Voice Line ID: 26
-> Audio Link: 2 parameters
* Condition: Perform Vanishing Attack
* Voice Line ID: 25
-> Audio Link: 2 parameters
* Condition: Lose 2 Health Bars
* Voice Line ID: 28

[Store Player's Character Changes]
-> Add Health: 1 parameter
* Health (%): 100
-> Replace Z-Item #1: 1 parameter
* Z-Item #1: King Kai's Training
-> Replace Z-Item #2: 1 parameter
* Z-Item #2: N/A
-> Replace Z-Item #3: 1 parameter
* Z-Item #3: N/A
-> Replace Z-Item #4: 1 parameter
* Z-Item #4: N/A
-> Replace Z-Item #5: 1 parameter
* Z-Item #5: N/A

[Store Opponent's Character Changes]
-> PROPERTY 108: 1 parameter
* Parameter 0: 3
-> PROPERTY 97: 1 parameter
* Parameter 0: 137
-> Replace Z-Item #1: 1 parameter
* Z-Item #1: King Kai's Training
-> Replace Z-Item #2: 1 parameter
* Z-Item #2: Attack -20
-> Replace Z-Item #3: 1 parameter
* Z-Item #3: Defense -5
-> Replace Z-Item #4: 1 parameter
* Z-Item #4: N/A
-> Replace Z-Item #5: 1 parameter
* Z-Item #5: N/A
-> Replace Z-Item #6: 1 parameter
* Z-Item #6: N/A
-> Replace Z-Item #7: 1 parameter
* Z-Item #7: N/A

[Post-Cutscene Event: 2 parameters]
* Event ID: Assign Transformation
* Character ID: Goku (Med) - Super Saiyajin

[Scene End & Battle Start]

===== SCENE 10002 =====

[Scene Start]

[Battle End: 1 parameter]
* Battle Outcome ID: -1

[Store Character Positions]

[Trigger Fade-Out: 1 parameter]
* Time (s): 1.2

[Assign Character Position & Rotation: 7 parameters]
* Character Index: 0
* Position (X): 50.0
* Position (Y): -0.0
* Position (Z): 60.0
* Rotation (X): -0.0
* Rotation (Y): -140.2
* Rotation (Z): -0.0

[Assign Character Position & Rotation: 7 parameters]
* Character Index: 0 (Opp.)
* Position (X): -40.0
* Position (Y): -0.0
* Position (Z): -60.0
* Rotation (X): -0.0
* Rotation (Y): 33.6
* Rotation (Z): -0.0

[Primary Camera Point: 6 parameters]
* Position (X): 28.236
* Position (Y): -3.36
* Position (Z): 48.327
* Rotation (Y): 15.94
* Rotation (X): 61.248
* Rotation (Z): -0.0

[Secondary Camera Point]
-> Additional Camera Point: 7 parameters
* Time (s): 5.0
* Position (X): 38.901
* Position (Y): -12.263
* Position (Z): 54.179
* Rotation (Y): -4.353
* Rotation (X): 61.248
* Rotation (Z): -0.0

[Play Character Voice Line: 2 parameters]
* Character Index: 0
* Voice Line ID: 30
-> Wait until End of Voice Line

[Primary Camera Point: 6 parameters]
* Position (X): -15.878
* Position (Y): -1.389
* Position (Z): -9.726
* Rotation (Y): 8.316
* Rotation (X): -156.186
* Rotation (Z): -0.0

[Secondary Camera Point]
-> Additional Camera Point: 7 parameters
* Time (s): 9.0
* Position (X): -36.996
* Position (Y): -6.333
* Position (Z): -53.665
* Rotation (Y): 36.192
* Rotation (X): -153.525
* Rotation (Z): -0.0

[Play Character Voice Line: 2 parameters]
* Character Index: 0 (Opp.)
* Voice Line ID: 31
-> Wait until End of Voice Line

[Primary Camera Point: 6 parameters]
* Position (X): -36.799
* Position (Y): -16.459
* Position (Z): -53.877
* Rotation (Y): -22.899
* Rotation (X): -153.611
* Rotation (Z): -0.0

[Secondary Camera Point]
-> Additional Camera Point: 7 parameters
* Time (s): 8.0
* Position (X): -29.524
* Position (Y): -30.152
* Position (Z): -39.213
* Rotation (Y): -39.74
* Rotation (X): -153.611
* Rotation (Z): -0.0

[Assign Animation: 2 parameters]
* Character Index: 0 (Opp.)
* ANM Name: CHARGE_IN
-> Wait until End of ANM

[Enable Ki Charge Aura: 1 parameter]
* Character Index: 0 (Opp.)

[Trigger Camera Shake: 1 parameter]
* Force/Intensity: 1.0

[Assign Animation: 2 parameters]
* Character Index: 0 (Opp.)
* ANM Name: CHARGE_LOOP
-> Enable ANM Loop

[Play Character Voice Line: 2 parameters]
* Character Index: 0
* Voice Line ID: 32
-> Wait until End of Voice Line

[Store VFX Switches]

[Store Conditional Properties]
-> Scene Link: 2 parameters
* Condition: Immediate
* Scene ID: 10003

[Store Player's Character Changes]

[Store Opponent's Character Changes]
-> PROPERTY 108: 1 parameter
* Parameter 0: 8
-> PROPERTY 97: 1 parameter
* Parameter 0: 148
-> Add Health: 1 parameter
* Health (%): 100
-> Replace Z-Item #2: 1 parameter
* Z-Item #2: Defense +5
-> Replace Z-Item #3: 1 parameter
* Z-Item #3: Strength Enhancement
-> Replace Z-Item #4: 1 parameter
* Z-Item #4: N/A
-> Replace Z-Item #5: 1 parameter
* Z-Item #5: N/A
-> Replace Z-Item #6: 1 parameter
* Z-Item #6: N/A
-> Replace Z-Item #7: 1 parameter
* Z-Item #7: N/A

[Post-Cutscene Event: 2 parameters]
* Event ID: Assign Transformation (Opp.)
* Character ID: Freezer - Full Power

[Scene End & Battle Start]

===== SCENE 10003 =====

[Scene Start]

[Battle End: 1 parameter]
* Battle Outcome ID: -1

[Store Character Positions]

[Trigger Fade-Out: 1 parameter]
* Time (s): 1.2

[Assign Character Position & Rotation: 7 parameters]
* Character Index: 0
* Position (X): 50.0
* Position (Y): -0.0
* Position (Z): 60.0
* Rotation (X): -0.0
* Rotation (Y): -140.2
* Rotation (Z): -0.0

[Assign Character Position & Rotation: 7 parameters]
* Character Index: 0 (Opp.)
* Position (X): -40.0
* Position (Y): -0.0
* Position (Z): -60.0
* Rotation (X): -0.0
* Rotation (Y): 33.6
* Rotation (Z): -0.0

[Primary Camera Point: 6 parameters]
* Position (X): -38.07
* Position (Y): -2.581
* Position (Z): -45.958
* Rotation (Y): 19.041
* Rotation (X): -175.133
* Rotation (Z): -0.0

[Secondary Camera Point]
-> Additional Camera Point: 7 parameters
* Time (s): 7.0
* Position (X): -34.451
* Position (Y): -6.892
* Position (Z): -49.533
* Rotation (Y): 22.707
* Rotation (X): -155.409
* Rotation (Z): -0.0

[Assign Animation: 2 parameters]
* Character Index: 0
* ANM Name: GROUND
-> Enable ANM Loop

[Assign Animation: 2 parameters]
* Character Index: 0 (Opp.)
* ANM Name: INTRO_IN
-> Wait until End of ANM

[Assign Animation: 2 parameters]
* Character Index: 0 (Opp.)
* ANM Name: INTRO_LOOP
-> Enable ANM Loop

[Play Character Voice Line: 2 parameters]
* Character Index: 0 (Opp.)
* Voice Line ID: 34
-> Wait until End of Voice Line

[Primary Camera Point: 6 parameters]
* Position (X): 29.633
* Position (Y): -11.091
* Position (Z): 66.03
* Rotation (Y): -7.999
* Rotation (X): 117.293
* Rotation (Z): -0.0

[Secondary Camera Point]
-> Additional Camera Point: 7 parameters
* Time (s): 5.0
* Position (X): 39.802
* Position (Y): -10.998
* Position (Z): 56.457
* Rotation (Y): 7.393
* Rotation (X): 81.76
* Rotation (Z): -0.0

[Play Character Voice Line: 2 parameters]
* Character Index: 0
* Voice Line ID: 35
-> Wait until End of Voice Line

[Primary Camera Point: 6 parameters]
* Position (X): -34.203
* Position (Y): -11.175
* Position (Z): -47.694
* Rotation (Y): 1.374
* Rotation (X): -156.266
* Rotation (Z): -0.0

[Secondary Camera Point]
-> Additional Camera Point: 7 parameters
* Time (s): 4.0
* Position (X): -36.491
* Position (Y): -12.553
* Position (Z): -52.896
* Rotation (Y): -1.798
* Rotation (X): -156.266
* Rotation (Z): -0.0

[Play Character Voice Line: 2 parameters]
* Character Index: 0 (Opp.)
* Voice Line ID: 36
-> Wait until End of Voice Line

[Primary Camera Point: 6 parameters]
* Position (X): -38.084
* Position (Y): -4.106
* Position (Z): -51.202
* Rotation (Y): 45.212
* Rotation (X): 178.953
* Rotation (Z): -0.0

[Play Character Voice Line: 2 parameters]
* Character Index: 0 (Opp.)
* Voice Line ID: 37
-> Wait until End of Voice Line

[Primary Camera Point: 6 parameters]
* Position (X): 33.227
* Position (Y): -10.385
* Position (Z): 58.166
* Rotation (Y): 3.9
* Rotation (X): 91.379
* Rotation (Z): -0.0

[Secondary Camera Point]
-> Additional Camera Point: 7 parameters
* Time (s): 4.0
* Position (X): 33.227
* Position (Y): -10.385
* Position (Z): 58.166
* Rotation (Y): 3.9
* Rotation (X): 91.379
* Rotation (Z): -0.0
-> Additional Camera Point: 7 parameters
* Time (s): 0.2
* Position (X): 40.861
* Position (Y): -10.743
* Position (Z): 57.982
* Rotation (Y): 7.153
* Rotation (X): 91.379
* Rotation (Z): -0.0

[Play Character Voice Line: 2 parameters]
* Character Index: 0
* Voice Line ID: 38
-> Wait until End of Voice Line

[Primary Camera Point: 6 parameters]
* Position (X): -24.446
* Position (Y): -12.562
* Position (Z): 0.8
* Rotation (Y): -8.407
* Rotation (X): 53.845
* Rotation (Z): -0.0

[Secondary Camera Point]
-> Additional Camera Point: 7 parameters
* Time (s): 3.0
* Position (X): 40.634
* Position (Y): -8.792
* Position (Z): 51.982
* Rotation (Y): 12.212
* Rotation (X): 50.089
* Rotation (Z): -0.0

[Assign Animation: 2 parameters]
* Character Index: 0
* ANM Name: CHARGE_IN
-> Wait until End of ANM

[Enable Ki Charge Aura: 1 parameter]
* Character Index: 0

[Trigger Camera Shake: 1 parameter]
* Force/Intensity: 1.0

[Assign Animation: 2 parameters]
* Character Index: 0
* ANM Name: CHARGE_LOOP
-> Enable ANM Loop

[Play Character Voice Line: 2 parameters]
* Character Index: 0
* Voice Line ID: 39
-> Wait until End of Voice Line

[Store VFX Switches]

[Store Conditional Properties]
-> Scene Link: 2 parameters
* Condition: Lose 2 Health Bars (Opp.)
* Scene ID: 10004
-> Scene Link: 2 parameters
* Condition: Win via K.O. (Opp.)
* Scene ID: 10041
-> Scene Link: 2 parameters
* Condition: Win via K.O.
* Scene ID: 10039
-> Audio Link: 2 parameters
* Condition: Fall into ground/water (Opp.)
* Voice Line ID: 43
-> Audio Link: 2 parameters
* Condition: Perform Z-Counter
* Voice Line ID: 45
-> Audio Link: 2 parameters
* Condition: Perform 1st Blast 2 (Opp.)
* Voice Line ID: 15
-> Audio Link: 2 parameters
* Condition: Perform Dragon Homing
* Voice Line ID: 26
-> Audio Link: 2 parameters
* Condition: Perform Hyper Smash
* Voice Line ID: 40
-> Audio Link: 2 parameters
* Condition: UNKNOWN
* Voice Line ID: 40
-> Audio Link: 2 parameters
* Condition: Perform Rush Attack
* Voice Line ID: 40
-> Audio Link: 2 parameters
* Condition: Perform Vanishing Attack
* Voice Line ID: 26
-> Audio Link: 2 parameters
* Condition: Perform Dragon Homing (Opp.)
* Voice Line ID: 41
-> Audio Link: 2 parameters
* Condition: Perform Vanishing Attack
* Voice Line ID: 6
-> Audio Link: 2 parameters
* Condition: Perform Vanishing Attack (Opp.)
* Voice Line ID: 41
-> Audio Link: 2 parameters
* Condition: Lose 2 Health Bars
* Voice Line ID: 28
-> Audio Link: 2 parameters
* Condition: Go in MAX POWER Mode (Opp.)
* Voice Line ID: 44

[Store Player's Character Changes]

[Store Opponent's Character Changes]
-> PROPERTY 108: 1 parameter
* Parameter 0: 8

[Post-Cutscene Event: 2 parameters]
* Event ID: Normal Clash
* Character ID: N/A

[Scene End & Battle Start]

===== SCENE 10004 =====

[Scene Start]

[Battle End: 1 parameter]
* Battle Outcome ID: -1

[Store Character Positions]

[Trigger Fade-Out: 1 parameter]
* Time (s): 1.2

[Assign Character Position & Rotation: 7 parameters]
* Character Index: 0
* Position (X): 50.0
* Position (Y): -0.0
* Position (Z): 60.0
* Rotation (X): -0.0
* Rotation (Y): -140.2
* Rotation (Z): -0.0

[Assign Character Position & Rotation: 7 parameters]
* Character Index: 0 (Opp.)
* Position (X): -40.0
* Position (Y): -0.0
* Position (Z): -60.0
* Rotation (X): -0.0
* Rotation (Y): 33.6
* Rotation (Z): -0.0

[Primary Camera Point: 6 parameters]
* Position (X): 48.014
* Position (Y): -5.451
* Position (Z): 43.071
* Rotation (Y): 2.955
* Rotation (X): 16.363
* Rotation (Z): -0.0

[Secondary Camera Point]
-> Additional Camera Point: 7 parameters
* Time (s): 6.0
* Position (X): 50.223
* Position (Y): -6.046
* Position (Z): 50.595
* Rotation (Y): 9.52
* Rotation (X): 16.363
* Rotation (Z): -0.0

[Assign Animation: 2 parameters]
* Character Index: 0
* ANM Name: WIN_IN
-> Wait until End of ANM

[Assign Animation: 2 parameters]
* Character Index: 0
* ANM Name: WIN_LOOP
-> Enable ANM Loop

[Play Character Voice Line: 2 parameters]
* Character Index: 0
* Voice Line ID: 49
-> Wait until End of Voice Line

[Primary Camera Point: 6 parameters]
* Position (X): -28.006
* Position (Y): -8.401
* Position (Z): -57.442
* Rotation (Y): 9.128
* Rotation (X): -101.776
* Rotation (Z): -0.0

[Secondary Camera Point]
-> Additional Camera Point: 7 parameters
* Time (s): 6.0
* Position (X): -31.811
* Position (Y): -13.92
* Position (Z): -58.235
* Rotation (Y): -11.772
* Rotation (X): -101.776
* Rotation (Z): -0.0

[Play Character Voice Line: 2 parameters]
* Character Index: 0 (Opp.)
* Voice Line ID: 50
-> Wait until End of Voice Line

[Primary Camera Point: 6 parameters]
* Position (X): 47.019
* Position (Y): -9.669
* Position (Z): 38.123
* Rotation (Y): -3.954
* Rotation (X): 16.613
* Rotation (Z): -0.0

[Secondary Camera Point]
-> Additional Camera Point: 7 parameters
* Time (s): 13.5
* Position (X): 53.001
* Position (Y): -9.455
* Position (Z): 59.899
* Rotation (Y): 24.596
* Rotation (X): 11.139
* Rotation (Z): -0.0

[Play Character Voice Line: 2 parameters]
* Character Index: 0
* Voice Line ID: 51
-> Wait until End of Voice Line

[Play Character Voice Line: 2 parameters]
* Character Index: 0
* Voice Line ID: 52
-> Wait until End of Voice Line

[Primary Camera Point: 6 parameters]
* Position (X): 71.863
* Position (Y): -16.442
* Position (Z): 82.901
* Rotation (Y): -5.333
* Rotation (X): -140.7
* Rotation (Z): -0.0

[Secondary Camera Point]
-> Additional Camera Point: 7 parameters
* Time (s): 6.5
* Position (X): 64.268
* Position (Y): -15.37
* Position (Z): 74.28
* Rotation (Y): -5.333
* Rotation (X): -135.155
* Rotation (Z): -0.0

[Play Character Voice Line: 2 parameters]
* Character Index: 0
* Voice Line ID: 53
-> Wait until End of Voice Line

[Primary Camera Point: 6 parameters]
* Position (X): 54.089
* Position (Y): -19.467
* Position (Z): 62.355
* Rotation (Y): -34.277
* Rotation (X): -5.765
* Rotation (Z): -0.0

[Secondary Camera Point]
-> Additional Camera Point: 7 parameters
* Time (s): 14.5
* Position (X): 56.755
* Position (Y): -10.742
* Position (Z): 60.816
* Rotation (Y): 21.672
* Rotation (X): -3.771
* Rotation (Z): -0.0

[Play Character Voice Line: 2 parameters]
* Character Index: 0
* Voice Line ID: 54
-> Wait until End of Voice Line

[Play Character Voice Line: 2 parameters]
* Character Index: 0
* Voice Line ID: 55
-> Wait until End of Voice Line

[Primary Camera Point: 6 parameters]
* Position (X): -32.268
* Position (Y): -15.109
* Position (Z): -54.9
* Rotation (Y): -28.006
* Rotation (X): -124.919
* Rotation (Z): -0.0

[Play Character Voice Line: 2 parameters]
* Character Index: 0
* Voice Line ID: 56
-> Wait until End of Voice Line

[Primary Camera Point: 6 parameters]
* Position (X): 41.065
* Position (Y): -15.544
* Position (Z): 58.38
* Rotation (Y): -5.231
* Rotation (X): 54.922
* Rotation (Z): -0.0

[Secondary Camera Point]
-> Additional Camera Point: 7 parameters
* Time (s): 4.5
* Position (X): 51.684
* Position (Y): -14.911
* Position (Z): 64.943
* Rotation (Y): 7.509
* Rotation (X): 44.149
* Rotation (Z): -0.0

[Play Character Voice Line: 2 parameters]
* Character Index: 0
* Voice Line ID: 57
-> Wait until End of Voice Line

[Primary Camera Point: 6 parameters]
* Position (X): -22.764
* Position (Y): -16.773
* Position (Z): -50.16
* Rotation (Y): -26.338
* Rotation (X): -118.532
* Rotation (Z): -0.0

[Secondary Camera Point]
-> Additional Camera Point: 7 parameters
* Time (s): 4.0
* Position (X): -33.154
* Position (Y): -13.7
* Position (Z): -55.809
* Rotation (Y): -6.584
* Rotation (X): -118.532
* Rotation (Z): -0.0

[Play Character Voice Line: 2 parameters]
* Character Index: 0 (Opp.)
* Voice Line ID: 58
-> Wait until End of Voice Line

[Primary Camera Point: 6 parameters]
* Position (X): 87.101
* Position (Y): -18.14
* Position (Z): 86.517
* Rotation (Y): -8.284
* Rotation (X): -135.213
* Rotation (Z): -0.0

[Secondary Camera Point]
-> Additional Camera Point: 7 parameters
* Time (s): 1.5
* Position (X): 87.101
* Position (Y): -18.14
* Position (Z): 86.517
* Rotation (Y): -8.284
* Rotation (X): -135.213
* Rotation (Z): -0.0
-> Additional Camera Point: 7 parameters
* Time (s): 1.5
* Position (X): -30.132
* Position (Y): -10.589
* Position (Z): -50.725
* Rotation (Y): -7.811
* Rotation (X): -125.084
* Rotation (Z): -0.0

[Assign Animation: 2 parameters]
* Character Index: 0 (Opp.)
* ANM Name: CHARGE_IN
-> Wait until End of ANM

[Enable Ki Charge Aura: 1 parameter]
* Character Index: 0 (Opp.)

[Assign Animation: 2 parameters]
* Character Index: 0 (Opp.)
* ANM Name: CHARGE_LOOP
-> Enable ANM Loop

[Play Character Voice Line: 2 parameters]
* Character Index: 0 (Opp.)
* Voice Line ID: 59
-> Wait until End of Voice Line

[Enable MAX POWER Mode Explosion: 1 parameter]
* Character Index: 0 (Opp.)

[Primary Camera Point: 6 parameters]
* Position (X): -34.124
* Position (Y): -3.039
* Position (Z): -50.7
* Rotation (Y): 36.452
* Rotation (X): -142.64
* Rotation (Z): -0.0

[Assign Animation: 2 parameters]
* Character Index: 0 (Opp.)
* ANM Name: CHARGE_MAX
-> Wait until End of ANM

[Wait for Period of Time: 1 parameter]
* Time (s): 1.0

[Primary Camera Point: 6 parameters]
* Position (X): 72.887
* Position (Y): -3.921
* Position (Z): 80.742
* Rotation (Y): -10.386
* Rotation (X): -141.679
* Rotation (Z): -0.0

[Secondary Camera Point]
-> Additional Camera Point: 7 parameters
* Time (s): 6.0
* Position (X): 67.199
* Position (Y): -17.705
* Position (Z): 71.308
* Rotation (Y): -10.386
* Rotation (X): -120.431
* Rotation (Z): -0.0

[Play Character Voice Line: 2 parameters]
* Character Index: 0
* Voice Line ID: 60
-> Wait until End of Voice Line

[Store VFX Switches]

[Store Conditional Properties]
-> Scene Link: 2 parameters
* Condition: Win via K.O.
* Scene ID: 10030
-> Scene Link: 2 parameters
* Condition: Win via K.O. (Opp.)
* Scene ID: 10042
-> Scene Link: 2 parameters
* Condition: Lose 5 Health Bars (Opp.)
* Scene ID: 10005
-> Audio Link: 2 parameters
* Condition: Immediate
* Voice Line ID: 61
-> Audio Link: 2 parameters
* Condition: Immediate
* Voice Line ID: 62
-> Audio Link: 2 parameters
* Condition: Immediate
* Voice Line ID: 63
-> Audio Link: 2 parameters
* Condition: Immediate
* Voice Line ID: 64
-> Audio Link: 2 parameters
* Condition: Immediate
* Voice Line ID: 65
-> Audio Link: 2 parameters
* Condition: Immediate
* Voice Line ID: 66
-> Audio Link: 2 parameters
* Condition: Immediate
* Voice Line ID: 67
-> Audio Link: 2 parameters
* Condition: Immediate
* Voice Line ID: 68
-> Audio Link: 2 parameters
* Condition: Immediate
* Voice Line ID: 69
-> Audio Link: 2 parameters
* Condition: Go in MAX POWER Mode
* Voice Line ID: 71
-> Audio Link: 2 parameters
* Condition: Perform 1st Blast 2 (Opp.)
* Voice Line ID: 23
-> Audio Link: 2 parameters
* Condition: Perform 2nd Blast 2 (Opp.)
* Voice Line ID: 70
-> Audio Link: 2 parameters
* Condition: Perform Ultimate Blast (Opp.)
* Voice Line ID: 70
-> Audio Link: 2 parameters
* Condition: Perform Vanishing Attack
* Voice Line ID: 6
-> Audio Link: 2 parameters
* Condition: Fall into ground/water (Opp.)
* Voice Line ID: 72
-> Audio Link: 2 parameters
* Condition: Perform Dragon Homing
* Voice Line ID: 26
-> Audio Link: 2 parameters
* Condition: Perform Vanishing Attack
* Voice Line ID: 26
-> Audio Link: 2 parameters
* Condition: Go in MAX POWER Mode (Opp.)
* Voice Line ID: 73
-> Audio Link: 2 parameters
* Condition: Perform Hyper Smash
* Voice Line ID: 74
-> Audio Link: 2 parameters
* Condition: UNKNOWN
* Voice Line ID: 74

[Store Player's Character Changes]

[Store Opponent's Character Changes]

[Post-Cutscene Event: 2 parameters]
* Event ID: Battle Finish
* Character ID: N/A

[Scene End & Battle Start]

===== SCENE 10005 =====

[Scene Start]

[Battle End: 1 parameter]
* Battle Outcome ID: -1

[Store Character Positions]

[Trigger Fade-Out: 1 parameter]
* Time (s): 1.0

[Assign Character Position & Rotation: 7 parameters]
* Character Index: 0
* Position (X): 206.3
* Position (Y): -60.0
* Position (Z): 268.4
* Rotation (X): -0.0
* Rotation (Y): -143.1
* Rotation (Z): -0.0

[Assign Character Position & Rotation: 7 parameters]
* Character Index: 0 (Opp.)
* Position (X): -196.3
* Position (Y): -60.5
* Position (Z): -268.4
* Rotation (X): -0.0
* Rotation (Y): 36.9
* Rotation (Z): -0.0

[Primary Camera Point: 6 parameters]
* Position (X): -95.197
* Position (Y): -56.25
* Position (Z): -263.217
* Rotation (Y): 0.337
* Rotation (X): -89.559
* Rotation (Z): -0.0

[Secondary Camera Point]
-> Additional Camera Point: 7 parameters
* Time (s): 2.3
* Position (X): -95.197
* Position (Y): -56.25
* Position (Z): -263.217
* Rotation (Y): 0.337
* Rotation (X): -89.559
* Rotation (Z): -0.0
-> Additional Camera Point: 7 parameters
* Time (s): 3.2
* Position (X): -182.958
* Position (Y): -66.233
* Position (Z): -271.089
* Rotation (Y): 9.627
* Rotation (X): -66.21
* Rotation (Z): -0.0

[Assign Animation: 2 parameters]
* Character Index: 0 (Opp.)
* ANM Name: SKILL_005_IN
-> Wait until End of ANM

[Enable Ki Charge Aura: 1 parameter]
* Character Index: 0 (Opp.)

[Assign Animation: 2 parameters]
* Character Index: 0 (Opp.)
* ANM Name: SKILL_005_CHARGE
-> Enable ANM Loop

[Trigger Camera Shake: 1 parameter]
* Force/Intensity: 1.0

[Play Character Voice Line: 2 parameters]
* Character Index: 0 (Opp.)
* Voice Line ID: 70
-> Wait until End of Voice Line

[Primary Camera Point: 6 parameters]
* Position (X): 120.025
* Position (Y): -61.867
* Position (Z): 229.458
* Rotation (Y): 2.804
* Rotation (X): 67.961
* Rotation (Z): -0.0

[Secondary Camera Point]
-> Additional Camera Point: 7 parameters
* Time (s): 2.5
* Position (X): 195.566
* Position (Y): -74.872
* Position (Z): 260.508
* Rotation (Y): -0.292
* Rotation (X): 53.861
* Rotation (Z): -0.0

[Assign Animation: 2 parameters]
* Character Index: 0
* ANM Name: SKILL_005_IN
-> Wait until End of ANM

[Enable Ki Charge Aura: 1 parameter]
* Character Index: 0

[Assign Animation: 2 parameters]
* Character Index: 0
* ANM Name: SKILL_005_CHARGE
-> Enable ANM Loop

[Enable Ki Charge Aura: 1 parameter]
* Character Index: 0

[Trigger Camera Shake: 1 parameter]
* Force/Intensity: 1.0

[Play Character Voice Line: 2 parameters]
* Character Index: 0
* Voice Line ID: 71
-> Wait until End of Voice Line

[Store VFX Switches]

[Store Conditional Properties]
-> Scene Link: 2 parameters
* Condition: Win via K.O.
* Scene ID: 10030
-> Scene Link: 2 parameters
* Condition: Win via K.O. (Opp.)
* Scene ID: 10042

[Store Player's Character Changes]
-> Replace Z-Item #7: 1 parameter
* Z-Item #7: Go To Hell

[Store Opponent's Character Changes]
-> Replace Z-Item #3: 1 parameter
* Z-Item #3: King Kai's Training
-> Replace Z-Item #4: 1 parameter
* Z-Item #4: N/A
-> Replace Z-Item #5: 1 parameter
* Z-Item #5: N/A
-> Replace Z-Item #6: 1 parameter
* Z-Item #6: N/A
-> Replace Z-Item #7: 1 parameter
* Z-Item #7: Go To Hell

[Post-Cutscene Event: 2 parameters]
* Event ID: Beam Struggle between Player 1 and the COM's Ultimate Blasts
* Character ID: N/A

[Scene End & Battle Start]

===== SCENE 10030 =====

[Scene Start]

[Battle End: 1 parameter]
* Battle Outcome ID: 1

[Store Character Positions]

[Assign Character Position & Rotation: 7 parameters]
* Character Index: 0
* Position (X): 26.0
* Position (Y): -0.0
* Position (Z): 28.0
* Rotation (X): -0.0
* Rotation (Y): -140.2
* Rotation (Z): -0.0

[Assign Character Position & Rotation: 7 parameters]
* Character Index: 0 (Opp.)
* Position (X): -16.0
* Position (Y): -0.0
* Position (Z): -28.0
* Rotation (X): -0.0
* Rotation (Y): 33.6
* Rotation (Z): -0.0

[Disable Lingering Aura: 1 parameter]
* Character Index: 0

[Disable Lingering Aura: 1 parameter]
* Character Index: 0 (Opp.)

[Assign Animation: 2 parameters]
* Character Index: 0
* ANM Name: WIN_LOOP
-> Enable ANM Loop

[Primary Camera Point: 6 parameters]
* Position (X): -10.85
* Position (Y): -14.583
* Position (Z): -55.391
* Rotation (Y): -14.781
* Rotation (X): 8.413
* Rotation (Z): -0.0

[Secondary Camera Point]
-> Additional Camera Point: 7 parameters
* Time (s): 7.0
* Position (X): -13.12
* Position (Y): -33.998
* Position (Z): -70.739
* Rotation (Y): -26.248
* Rotation (X): 8.413
* Rotation (Z): -0.0

[Assign Animation: 2 parameters]
* Character Index: 0 (Opp.)
* ANM Name: GROUND_TIRED
-> Enable ANM Loop

[Play Character Voice Line: 2 parameters]
* Character Index: 0 (Opp.)
* Voice Line ID: 77
-> Wait until End of Voice Line

[Primary Camera Point: 6 parameters]
* Position (X): 5.353
* Position (Y): -3.283
* Position (Z): -4.304
* Rotation (Y): 13.727
* Rotation (X): -125.019
* Rotation (Z): -0.0

[Secondary Camera Point]
-> Additional Camera Point: 7 parameters
* Time (s): 2.0
* Position (X): 7.924
* Position (Y): -2.516
* Position (Z): -2.502
* Rotation (Y): 13.727
* Rotation (X): -125.019
* Rotation (Z): -0.0

[Assign Animation: 2 parameters]
* Character Index: 0 (Opp.)
* ANM Name: LOSE
-> Wait until End of ANM

[Assign Animation: 2 parameters]
* Character Index: 0
* ANM Name: WIN_LOOP
-> Enable ANM Loop

[Primary Camera Point: 6 parameters]
* Position (X): 24.132
* Position (Y): -19.666
* Position (Z): 13.853
* Rotation (Y): -21.426
* Rotation (X): 14.647
* Rotation (Z): -0.0

[Secondary Camera Point]
-> Additional Camera Point: 7 parameters
* Time (s): 5.0
* Position (X): 28.726
* Position (Y): -14.749
* Position (Z): 28.718
* Rotation (Y): 3.466
* Rotation (X): 17.175
* Rotation (Z): -0.0

[Play Character Voice Line: 2 parameters]
* Character Index: 0
* Voice Line ID: 78
-> Wait until End of Voice Line

[Store VFX Switches]

[Store Conditional Properties]

[Store Player's Character Changes]

[Store Opponent's Character Changes]

[Post-Cutscene Event: 2 parameters]
* Event ID: Aerial Clash
* Character ID: N/A

[Scene End & Battle Start]

===== SCENE 10031 =====

[Scene Start]

[Battle End: 1 parameter]
* Battle Outcome ID: 1

[Store Character Positions]

[Assign Character Position & Rotation: 7 parameters]
* Character Index: 0
* Position (X): 26.0
* Position (Y): -0.0
* Position (Z): 28.0
* Rotation (X): -0.0
* Rotation (Y): -140.2
* Rotation (Z): -0.0

[Assign Character Position & Rotation: 7 parameters]
* Character Index: 0 (Opp.)
* Position (X): -16.0
* Position (Y): -0.0
* Position (Z): -28.0
* Rotation (X): -0.0
* Rotation (Y): 33.6
* Rotation (Z): -0.0

[Disable Lingering Aura: 1 parameter]
* Character Index: 0

[Disable Lingering Aura: 1 parameter]
* Character Index: 0 (Opp.)

[Assign Animation: 2 parameters]
* Character Index: 0
* ANM Name: WIN_LOOP
-> Enable ANM Loop

[Primary Camera Point: 6 parameters]
* Position (X): -10.85
* Position (Y): -14.583
* Position (Z): -55.391
* Rotation (Y): -14.781
* Rotation (X): 8.413
* Rotation (Z): -0.0

[Secondary Camera Point]
-> Additional Camera Point: 7 parameters
* Time (s): 7.0
* Position (X): -13.12
* Position (Y): -33.998
* Position (Z): -70.739
* Rotation (Y): -26.248
* Rotation (X): 8.413
* Rotation (Z): -0.0

[Assign Animation: 2 parameters]
* Character Index: 0 (Opp.)
* ANM Name: GROUND_TIRED
-> Enable ANM Loop

[Play Character Voice Line: 2 parameters]
* Character Index: 0 (Opp.)
* Voice Line ID: 77
-> Wait until End of Voice Line

[Primary Camera Point: 6 parameters]
* Position (X): 23.102
* Position (Y): -18.226
* Position (Z): 15.053
* Rotation (Y): -20.867
* Rotation (X): 6.191
* Rotation (Z): -0.0

[Assign Animation: 2 parameters]
* Character Index: 0 (Opp.)
* ANM Name: LOSE
-> Wait until End of ANM

[Assign Animation: 2 parameters]
* Character Index: 0
* ANM Name: WIN_LOOP
-> Enable ANM Loop

[Primary Camera Point: 6 parameters]
* Position (X): 9.889
* Position (Y): -21.229
* Position (Z): 1.324
* Rotation (Y): -15.806
* Rotation (X): 27.457
* Rotation (Z): -0.0

[Secondary Camera Point]
-> Additional Camera Point: 7 parameters
* Time (s): 5.0
* Position (X): 22.819
* Position (Y): -16.096
* Position (Z): 19.061
* Rotation (Y): -7.23
* Rotation (X): 6.336
* Rotation (Z): -0.0

[Play Character Voice Line: 2 parameters]
* Character Index: 0
* Voice Line ID: 78
-> Wait until End of Voice Line

[Store VFX Switches]

[Store Conditional Properties]

[Store Player's Character Changes]

[Store Opponent's Character Changes]

[Post-Cutscene Event: 2 parameters]
* Event ID: Aerial Clash
* Character ID: N/A

[Scene End & Battle Start]

===== SCENE 10040 =====

[Scene Start]

[Battle End: 1 parameter]
* Battle Outcome ID: 0

[Store Character Positions]

[Assign Character Position & Rotation: 7 parameters]
* Character Index: 0
* Position (X): 19.9
* Position (Y): -0.0
* Position (Z): 19.9
* Rotation (X): -0.0
* Rotation (Y): -140.2
* Rotation (Z): -0.0

[Assign Character Position & Rotation: 7 parameters]
* Character Index: 0 (Opp.)
* Position (X): -9.9
* Position (Y): -0.0
* Position (Z): -19.9
* Rotation (X): -0.0
* Rotation (Y): 33.6
* Rotation (Z): -0.0

[Disable Lingering Aura: 1 parameter]
* Character Index: 0

[Disable Lingering Aura: 1 parameter]
* Character Index: 0 (Opp.)

[Primary Camera Point: 6 parameters]
* Position (X): 31.123
* Position (Y): -9.746
* Position (Z): 19.166
* Rotation (Y): -6.658
* Rotation (X): -127.978
* Rotation (Z): -0.0

[Secondary Camera Point]
-> Additional Camera Point: 7 parameters
* Time (s): 6.0
* Position (X): -1.375
* Position (Y): -12.125
* Position (Z): -11.898
* Rotation (Y): -8.713
* Rotation (X): -133.76
* Rotation (Z): -0.0

[Assign Animation: 2 parameters]
* Character Index: 0
* ANM Name: LOSE

[Assign Animation: 2 parameters]
* Character Index: 0 (Opp.)
* ANM Name: WIN_IN
-> Wait until End of ANM

[Assign Animation: 2 parameters]
* Character Index: 0 (Opp.)
* ANM Name: WIN_LOOP
-> Enable ANM Loop

[Play Character Voice Line: 2 parameters]
* Character Index: 0 (Opp.)
* Voice Line ID: 33
-> Wait until End of Voice Line

[Store VFX Switches]

[Store Conditional Properties]

[Store Player's Character Changes]

[Store Opponent's Character Changes]

[Post-Cutscene Event: 2 parameters]
* Event ID: Aerial Clash
* Character ID: N/A

[Scene End & Battle Start]

===== SCENE 10041 =====

[Scene Start]

[Battle End: 1 parameter]
* Battle Outcome ID: 0

[Store Character Positions]

[Assign Character Position & Rotation: 7 parameters]
* Character Index: 0
* Position (X): 19.9
* Position (Y): -0.0
* Position (Z): 19.9
* Rotation (X): -0.0
* Rotation (Y): -140.2
* Rotation (Z): -0.0

[Assign Character Position & Rotation: 7 parameters]
* Character Index: 0 (Opp.)
* Position (X): -9.9
* Position (Y): -0.0
* Position (Z): -19.9
* Rotation (X): -0.0
* Rotation (Y): 33.6
* Rotation (Z): -0.0

[Disable Lingering Aura: 1 parameter]
* Character Index: 0

[Disable Lingering Aura: 1 parameter]
* Character Index: 0 (Opp.)

[Primary Camera Point: 6 parameters]
* Position (X): 31.123
* Position (Y): -9.746
* Position (Z): 19.166
* Rotation (Y): -6.658
* Rotation (X): -127.978
* Rotation (Z): -0.0

[Secondary Camera Point]
-> Additional Camera Point: 7 parameters
* Time (s): 6.0
* Position (X): 2.454
* Position (Y): -13.6
* Position (Z): -14.124
* Rotation (Y): -2.106
* Rotation (X): -116.505
* Rotation (Z): -0.0

[Assign Animation: 2 parameters]
* Character Index: 0
* ANM Name: LOSE

[Assign Animation: 2 parameters]
* Character Index: 0 (Opp.)
* ANM Name: WIN_IN
-> Wait until End of ANM

[Assign Animation: 2 parameters]
* Character Index: 0 (Opp.)
* ANM Name: WIN_LOOP
-> Enable ANM Loop

[Play Character Voice Line: 2 parameters]
* Character Index: 0 (Opp.)
* Voice Line ID: 48
-> Wait until End of Voice Line

[Store VFX Switches]

[Store Conditional Properties]

[Store Player's Character Changes]

[Store Opponent's Character Changes]

[Post-Cutscene Event: 2 parameters]
* Event ID: Aerial Clash
* Character ID: N/A

[Scene End & Battle Start]

===== SCENE 10042 =====

[Scene Start]

[Battle End: 1 parameter]
* Battle Outcome ID: 0

[Store Character Positions]

[Assign Character Position & Rotation: 7 parameters]
* Character Index: 0
* Position (X): 19.9
* Position (Y): -0.0
* Position (Z): 19.9
* Rotation (X): -0.0
* Rotation (Y): -140.2
* Rotation (Z): -0.0

[Assign Character Position & Rotation: 7 parameters]
* Character Index: 0 (Opp.)
* Position (X): -9.9
* Position (Y): -0.0
* Position (Z): -19.9
* Rotation (X): -0.0
* Rotation (Y): 33.6
* Rotation (Z): -0.0

[Disable Lingering Aura: 1 parameter]
* Character Index: 0

[Disable Lingering Aura: 1 parameter]
* Character Index: 0 (Opp.)

[Primary Camera Point: 6 parameters]
* Position (X): 31.123
* Position (Y): -9.746
* Position (Z): 19.166
* Rotation (Y): -6.658
* Rotation (X): -127.978
* Rotation (Z): -0.0

[Secondary Camera Point]
-> Additional Camera Point: 7 parameters
* Time (s): 6.0
* Position (X): 2.454
* Position (Y): -13.6
* Position (Z): -14.124
* Rotation (Y): -2.106
* Rotation (X): -116.505
* Rotation (Z): -0.0

[Assign Animation: 2 parameters]
* Character Index: 0
* ANM Name: LOSE

[Assign Animation: 2 parameters]
* Character Index: 0 (Opp.)
* ANM Name: WIN_IN
-> Wait until End of ANM

[Assign Animation: 2 parameters]
* Character Index: 0 (Opp.)
* ANM Name: WIN_LOOP
-> Enable ANM Loop

[Play Character Voice Line: 2 parameters]
* Character Index: 0 (Opp.)
* Voice Line ID: 48
-> Wait until End of Voice Line

[Store VFX Switches]

[Store Conditional Properties]

[Store Player's Character Changes]

[Store Opponent's Character Changes]

[Post-Cutscene Event: 2 parameters]
* Event ID: Aerial Clash
* Character ID: N/A

[Scene End & Battle Start]

===== SCENE 10049 =====

[Scene Start]

[Battle End: 1 parameter]
* Battle Outcome ID: 0

[Store Character Positions]

[Store VFX Switches]

[Store Conditional Properties]

[Store Player's Character Changes]

[Store Opponent's Character Changes]

[Post-Cutscene Event: 2 parameters]
* Event ID: Aerial Clash
* Character ID: N/A

[Scene End & Battle Start]

===== SCENE 10039 =====

[Scene Start]

[Battle End: 1 parameter]
* Battle Outcome ID: 1

[Store Character Positions]

[Store VFX Switches]

[Store Conditional Properties]

[Store Player's Character Changes]

[Store Opponent's Character Changes]

[Post-Cutscene Event: 2 parameters]
* Event ID: Aerial Clash
* Character ID: N/A

[Scene End & Battle Start]
